#
# There is insufficient memory for the Java Runtime Environment to continue.
# Native memory allocation (mmap) failed to map 281018368 bytes for G1 virtual space
# Possible reasons:
#   The system is out of physical RAM or swap space
#   The process is running with CompressedOops enabled, and the Java Heap may be blocking the growth of the native heap
# Possible solutions:
#   Reduce memory load on the system
#   Increase physical memory or swap space
#   Check if swap backing store is full
#   Decrease Java heap size (-Xmx/-Xms)
#   Decrease number of Java threads
#   Decrease Java thread stack sizes (-Xss)
#   Set larger code cache with -XX:ReservedCodeCacheSize=
#   JVM is running with Unscaled Compressed Oops mode in which the Java heap is
#     placed in the first 4GB address space. The Java Heap base address is the
#     maximum limit for the native heap growth. Please use -XX:HeapBaseMinAddress
#     to set the Java Heap base and to place the Java Heap above 4GB virtual address.
# This output file may be truncated or incomplete.
#
#  Out of Memory Error (os_windows.cpp:3527), pid=10956, tid=9604
#
# JRE version: Java(TM) SE Runtime Environment (19.0.1+10) (build 19.0.1+10-21)
# Java VM: Java HotSpot(TM) 64-Bit Server VM (19.0.1+10-21, mixed mode, sharing, tiered, compressed oops, compressed class ptrs, g1 gc, windows-amd64)
# No core dump will be written. Minidumps are not enabled by default on client versions of Windows
#

---------------  S U M M A R Y ------------

Command Line: --module-path=C:\Program Files\Java\javafx-sdk-19\lib --add-modules=javafx.controls,javafx.fxml -javaagent:C:\Program Files\JetBrains\IntelliJ IDEA 2022.3\lib\idea_rt.jar=62870:C:\Program Files\JetBrains\IntelliJ IDEA 2022.3\bin -Dfile.encoding=UTF-8 -Dsun.stdout.encoding=UTF-8 -Dsun.stderr.encoding=UTF-8 com.example.projectfx.HelloApplication

Host: Intel(R) Core(TM) i7-9750H CPU @ 2.60GHz, 2 cores, 3G,  Windows 10 , 64 bit Build 19041 (10.0.19041.2251)
Time: Thu Dec 15 22:47:20 2022 West Bank Gaza Standard Time elapsed time: 68.718560 seconds (0d 0h 1m 8s)

---------------  T H R E A D  ---------------

Current thread (0x00000207716ccbf0):  VMThread "VM Thread" [stack: 0x000000a02d200000,0x000000a02d300000] [id=9604]

Stack: [0x000000a02d200000,0x000000a02d300000]
Native frames: (J=compiled Java code, j=interpreted, Vv=VM code, C=native code)
V  [jvm.dll+0x6ee8fa]
V  [jvm.dll+0x857a1e]
V  [jvm.dll+0x85940e]
V  [jvm.dll+0x859ac3]
V  [jvm.dll+0x28291f]
V  [jvm.dll+0x6eb6e9]
V  [jvm.dll+0x6e028a]
V  [jvm.dll+0x357136]
V  [jvm.dll+0x35eb96]
V  [jvm.dll+0x3b555e]
V  [jvm.dll+0x3b578f]
V  [jvm.dll+0x32c6ea]
V  [jvm.dll+0x32c797]
V  [jvm.dll+0x374b52]
V  [jvm.dll+0x37328f]
V  [jvm.dll+0x32bf10]
V  [jvm.dll+0x37282b]
V  [jvm.dll+0x85ef83]
V  [jvm.dll+0x85fd49]
V  [jvm.dll+0x86027d]
V  [jvm.dll+0x86070b]
V  [jvm.dll+0x8607c7]
V  [jvm.dll+0x8015fa]
V  [jvm.dll+0x6ed5eb]
C  [ucrtbase.dll+0x21bb2]
C  [KERNEL32.DLL+0x174b4]
C  [ntdll.dll+0x526a1]

VM_Operation (0x000000a02e1fd9d0): G1CollectForAllocation, mode: safepoint, requested by thread 0x000002077e3000a0


---------------  P R O C E S S  ---------------

Threads class SMR info:
_java_thread_list=0x000002077e878390, length=23, elements={
0x0000020771614ed0, 0x000002077dac89f0, 0x000002077dac9980, 0x000002077dad0070,
0x000002077dad19b0, 0x000002077dad22e0, 0x000002077dad2c10, 0x000002077dad4360,
0x000002077dad6760, 0x000002077dadb850, 0x000002077db95880, 0x000002077de036e0,
0x000002077de7af80, 0x000002077e3000a0, 0x000002077e3404e0, 0x000002077e37b510,
0x000002077e447f80, 0x000002077e4579a0, 0x000002077e690a10, 0x000002077e6929f0,
0x000002077e6904c0, 0x000002077e6914b0, 0x000002077e691a00
}

Java Threads: ( => current thread )
  0x0000020771614ed0 JavaThread "main" [_thread_blocked, id=4808, stack(0x000000a02cc00000,0x000000a02cd00000)]
  0x000002077dac89f0 JavaThread "Reference Handler" daemon [_thread_blocked, id=724, stack(0x000000a02d300000,0x000000a02d400000)]
  0x000002077dac9980 JavaThread "Finalizer" daemon [_thread_blocked, id=11344, stack(0x000000a02d400000,0x000000a02d500000)]
  0x000002077dad0070 JavaThread "Signal Dispatcher" daemon [_thread_blocked, id=9324, stack(0x000000a02d500000,0x000000a02d600000)]
  0x000002077dad19b0 JavaThread "Attach Listener" daemon [_thread_blocked, id=9916, stack(0x000000a02d600000,0x000000a02d700000)]
  0x000002077dad22e0 JavaThread "Service Thread" daemon [_thread_blocked, id=10880, stack(0x000000a02d700000,0x000000a02d800000)]
  0x000002077dad2c10 JavaThread "Monitor Deflation Thread" daemon [_thread_blocked, id=9256, stack(0x000000a02d800000,0x000000a02d900000)]
  0x000002077dad4360 JavaThread "C2 CompilerThread0" daemon [_thread_blocked, id=4116, stack(0x000000a02d900000,0x000000a02da00000)]
  0x000002077dad6760 JavaThread "C1 CompilerThread0" daemon [_thread_blocked, id=7276, stack(0x000000a02da00000,0x000000a02db00000)]
  0x000002077dadb850 JavaThread "Sweeper thread" daemon [_thread_blocked, id=3784, stack(0x000000a02db00000,0x000000a02dc00000)]
  0x000002077db95880 JavaThread "Common-Cleaner" daemon [_thread_blocked, id=9896, stack(0x000000a02dc00000,0x000000a02dd00000)]
  0x000002077de036e0 JavaThread "Monitor Ctrl-Break" daemon [_thread_in_native, id=11736, stack(0x000000a02de00000,0x000000a02df00000)]
  0x000002077de7af80 JavaThread "Notification Thread" daemon [_thread_blocked, id=2428, stack(0x000000a02df00000,0x000000a02e000000)]
  0x000002077e3000a0 JavaThread "QuantumRenderer-0" daemon [_thread_blocked, id=6580, stack(0x000000a02e100000,0x000000a02e200000)]
  0x000002077e3404e0 JavaThread "InvokeLaterDispatcher" daemon [_thread_blocked, id=5608, stack(0x000000a02e200000,0x000000a02e300000)]
  0x000002077e37b510 JavaThread "JavaFX Application Thread" [_thread_blocked, id=8260, stack(0x000000a02e300000,0x000000a02e400000)]
  0x000002077e447f80 JavaThread "JavaFX-Launcher" [_thread_blocked, id=6784, stack(0x000000a02e600000,0x000000a02e700000)]
  0x000002077e4579a0 JavaThread "Thread-2" daemon [_thread_blocked, id=3776, stack(0x000000a02e400000,0x000000a02e500000)]
  0x000002077e690a10 JavaThread "Prism Font Disposer" daemon [_thread_blocked, id=11960, stack(0x000000a02e900000,0x000000a02ea00000)]
  0x000002077e6929f0 JavaThread "Cleaner-0" daemon [_thread_blocked, id=9748, stack(0x000000a02ea00000,0x000000a02eb00000)]
  0x000002077e6904c0 JavaThread "oracle.jdbc.driver.BlockSource.ThreadedCachingBlockSource.BlockReleaser" daemon [_thread_blocked, id=6728, stack(0x000000a02eb00000,0x000000a02ec00000)]
  0x000002077e6914b0 JavaThread "InterruptTimer" daemon [_thread_blocked, id=12224, stack(0x000000a02ec00000,0x000000a02ed00000)]
  0x000002077e691a00 JavaThread "OJDBC-WORKER-THREAD-1" daemon [_thread_blocked, id=6356, stack(0x000000a02ed00000,0x000000a02ee00000)]

Other Threads:
=>0x00000207716ccbf0 VMThread "VM Thread" [stack: 0x000000a02d200000,0x000000a02d300000] [id=9604]
  0x000002077de8ce90 WatcherThread "VM Periodic Task Thread" [stack: 0x000000a02e000000,0x000000a02e100000] [id=5064]
  0x0000020771655aa0 WorkerThread "GC Thread#0" [stack: 0x000000a02cd00000,0x000000a02ce00000] [id=5488]
  0x000002077de07050 WorkerThread "GC Thread#1" [stack: 0x000000a02dd00000,0x000000a02de00000] [id=800]
  0x0000020771660930 ConcurrentGCThread "G1 Main Marker" [stack: 0x000000a02ce00000,0x000000a02cf00000] [id=8172]
  0x0000020771662420 WorkerThread "G1 Conc#0" [stack: 0x000000a02cf00000,0x000000a02d000000] [id=8804]
  0x00000207716aae70 ConcurrentGCThread "G1 Refine#0" [stack: 0x000000a02d000000,0x000000a02d100000] [id=7540]
  0x00000207716aba60 ConcurrentGCThread "G1 Service" [stack: 0x000000a02d100000,0x000000a02d200000] [id=6112]

Threads with active compile tasks:
C2 CompilerThread0    68767 7106       4       com.sun.javafx.geom.RectBounds::unionWith (82 bytes)

VM state: at safepoint (normal execution)

VM Mutex/Monitor currently owned by a thread:  ([mutex/lock_event])
[0x0000020771610680] Threads_lock - owner thread: 0x00000207716ccbf0
[0x0000020771610710] Heap_lock - owner thread: 0x000002077e3000a0

Heap address: 0x00000000c0000000, size: 1024 MB, Compressed Oops mode: 32-bit

CDS archive(s) mapped at: [0x0000000800000000-0x0000000800c40000-0x0000000800c40000), size 12845056, SharedBaseAddress: 0x0000000800000000, ArchiveRelocationMode: 0.
Compressed class space mapped at: 0x0000000801000000-0x0000000841000000, reserved size: 1073741824
Narrow klass base: 0x0000000800000000, Narrow klass shift: 0, Narrow klass range: 0x100000000

GC Precious Log:
 CardTable entry size: 512
 Card Set container configuration: InlinePtr #cards 5 size 8 Array Of Cards #cards 12 size 40 Howl #buckets 4 coarsen threshold 1843 Howl Bitmap #cards 512 size 80 coarsen threshold 460 Card regions per heap region 1 cards per card region 2048
 CPUs: 2 total, 2 available
 Memory: 4095M
 Large Page Support: Disabled
 NUMA Support: Disabled
 Compressed Oops: Enabled (32-bit)
 Heap Region Size: 1M
 Heap Min Capacity: 8M
 Heap Initial Capacity: 64M
 Heap Max Capacity: 1G
 Pre-touch: Disabled
 Parallel Workers: 2
 Concurrent Workers: 1
 Concurrent Refinement Workers: 2
 Periodic GC: Disabled

Heap:
 garbage-first heap   total 168960K, used 107520K [0x00000000c0000000, 0x0000000100000000)
  region size 1024K, 4 young (4096K), 4 survivors (4096K)
 Metaspace       used 33431K, committed 33856K, reserved 1114112K
  class space    used 4286K, committed 4480K, reserved 1048576K

Heap Regions: E=young(eden), S=young(survivor), O=old, HS=humongous(starts), HC=humongous(continues), CS=collection set, F=free, OA=open archive, CA=closed archive, TAMS=top-at-mark-start (previous, next)
|   0|0x00000000c0000000, 0x00000000c0100000, 0x00000000c0100000|100%|HS|  |TAMS 0x00000000c0100000, 0x00000000c0000000| Complete 
|   1|0x00000000c0100000, 0x00000000c0200000, 0x00000000c0200000|100%| O|  |TAMS 0x00000000c0200000, 0x00000000c0100000| Untracked 
|   2|0x00000000c0200000, 0x00000000c0300000, 0x00000000c0300000|100%| O|  |TAMS 0x00000000c0300000, 0x00000000c0200000| Untracked 
|   3|0x00000000c0300000, 0x00000000c0400000, 0x00000000c0400000|100%| O|  |TAMS 0x00000000c0400000, 0x00000000c0300000| Untracked 
|   4|0x00000000c0400000, 0x00000000c0500000, 0x00000000c0500000|100%| O|  |TAMS 0x00000000c0500000, 0x00000000c0400000| Untracked 
|   5|0x00000000c0500000, 0x00000000c0600000, 0x00000000c0600000|100%| O|  |TAMS 0x00000000c0600000, 0x00000000c0500000| Untracked 
|   6|0x00000000c0600000, 0x00000000c0700000, 0x00000000c0700000|100%| O|  |TAMS 0x00000000c0700000, 0x00000000c0600000| Untracked 
|   7|0x00000000c0700000, 0x00000000c0800000, 0x00000000c0800000|100%| O|  |TAMS 0x00000000c0800000, 0x00000000c0700000| Untracked 
|   8|0x00000000c0800000, 0x00000000c0900000, 0x00000000c0900000|100%| O|  |TAMS 0x00000000c0900000, 0x00000000c0800000| Untracked 
|   9|0x00000000c0900000, 0x00000000c0a00000, 0x00000000c0a00000|100%|HS|  |TAMS 0x00000000c0a00000, 0x00000000c0900000| Complete 
|  10|0x00000000c0a00000, 0x00000000c0b00000, 0x00000000c0b00000|100%|HC|  |TAMS 0x00000000c0b00000, 0x00000000c0a00000| Complete 
|  11|0x00000000c0b00000, 0x00000000c0c00000, 0x00000000c0c00000|100%|HC|  |TAMS 0x00000000c0c00000, 0x00000000c0b00000| Complete 
|  12|0x00000000c0c00000, 0x00000000c0d00000, 0x00000000c0d00000|100%|HC|  |TAMS 0x00000000c0d00000, 0x00000000c0c00000| Complete 
|  13|0x00000000c0d00000, 0x00000000c0e00000, 0x00000000c0e00000|100%|HC|  |TAMS 0x00000000c0e00000, 0x00000000c0d00000| Complete 
|  14|0x00000000c0e00000, 0x00000000c0f00000, 0x00000000c0f00000|100%|HS|  |TAMS 0x00000000c0f00000, 0x00000000c0e00000| Complete 
|  15|0x00000000c0f00000, 0x00000000c1000000, 0x00000000c1000000|100%|HC|  |TAMS 0x00000000c1000000, 0x00000000c0f00000| Complete 
|  16|0x00000000c1000000, 0x00000000c1100000, 0x00000000c1100000|100%| O|  |TAMS 0x00000000c1100000, 0x00000000c1000000| Untracked 
|  17|0x00000000c1100000, 0x00000000c1200000, 0x00000000c1200000|100%| O|  |TAMS 0x00000000c1200000, 0x00000000c1100000| Untracked 
|  18|0x00000000c1200000, 0x00000000c1300000, 0x00000000c1300000|100%| O|  |TAMS 0x00000000c1300000, 0x00000000c1200000| Untracked 
|  19|0x00000000c1300000, 0x00000000c1400000, 0x00000000c1400000|100%| O|  |TAMS 0x00000000c1400000, 0x00000000c1300000| Untracked 
|  20|0x00000000c1400000, 0x00000000c1500000, 0x00000000c1500000|100%| O|  |TAMS 0x00000000c1500000, 0x00000000c1400000| Untracked 
|  21|0x00000000c1500000, 0x00000000c1600000, 0x00000000c1600000|100%| O|  |TAMS 0x00000000c1600000, 0x00000000c1500000| Untracked 
|  22|0x00000000c1600000, 0x00000000c1700000, 0x00000000c1700000|100%| O|  |TAMS 0x00000000c1700000, 0x00000000c1600000| Untracked 
|  23|0x00000000c1700000, 0x00000000c1800000, 0x00000000c1800000|100%| O|  |TAMS 0x00000000c1800000, 0x00000000c1700000| Untracked 
|  24|0x00000000c1800000, 0x00000000c1900000, 0x00000000c1900000|100%| O|  |TAMS 0x00000000c1900000, 0x00000000c1800000| Untracked 
|  25|0x00000000c1900000, 0x00000000c1a00000, 0x00000000c1a00000|100%| O|  |TAMS 0x00000000c1900000, 0x00000000c1900000| Untracked 
|  26|0x00000000c1a00000, 0x00000000c1b00000, 0x00000000c1b00000|100%| O|  |TAMS 0x00000000c1b00000, 0x00000000c1a00000| Untracked 
|  27|0x00000000c1b00000, 0x00000000c1c00000, 0x00000000c1c00000|100%| O|  |TAMS 0x00000000c1c00000, 0x00000000c1b00000| Untracked 
|  28|0x00000000c1c00000, 0x00000000c1d00000, 0x00000000c1d00000|100%| O|  |TAMS 0x00000000c1d00000, 0x00000000c1c00000| Untracked 
|  29|0x00000000c1d00000, 0x00000000c1e00000, 0x00000000c1e00000|100%|HS|  |TAMS 0x00000000c1e00000, 0x00000000c1d00000| Complete 
|  30|0x00000000c1e00000, 0x00000000c1f00000, 0x00000000c1f00000|100%|HC|  |TAMS 0x00000000c1f00000, 0x00000000c1e00000| Complete 
|  31|0x00000000c1f00000, 0x00000000c2000000, 0x00000000c2000000|100%| O|  |TAMS 0x00000000c2000000, 0x00000000c1f00000| Untracked 
|  32|0x00000000c2000000, 0x00000000c2100000, 0x00000000c2100000|100%| O|  |TAMS 0x00000000c2100000, 0x00000000c2000000| Untracked 
|  33|0x00000000c2100000, 0x00000000c2200000, 0x00000000c2200000|100%| O|  |TAMS 0x00000000c2200000, 0x00000000c2100000| Untracked 
|  34|0x00000000c2200000, 0x00000000c2300000, 0x00000000c2300000|100%| O|  |TAMS 0x00000000c2300000, 0x00000000c2200000| Untracked 
|  35|0x00000000c2300000, 0x00000000c2400000, 0x00000000c2400000|100%| O|  |TAMS 0x00000000c2400000, 0x00000000c2300000| Untracked 
|  36|0x00000000c2400000, 0x00000000c2500000, 0x00000000c2500000|100%| O|  |TAMS 0x00000000c2500000, 0x00000000c2400000| Untracked 
|  37|0x00000000c2500000, 0x00000000c2600000, 0x00000000c2600000|100%| O|  |TAMS 0x00000000c2600000, 0x00000000c2500000| Untracked 
|  38|0x00000000c2600000, 0x00000000c2700000, 0x00000000c2700000|100%| O|  |TAMS 0x00000000c2700000, 0x00000000c2600000| Untracked 
|  39|0x00000000c2700000, 0x00000000c2800000, 0x00000000c2800000|100%| O|  |TAMS 0x00000000c2800000, 0x00000000c2700000| Untracked 
|  40|0x00000000c2800000, 0x00000000c2900000, 0x00000000c2900000|100%| O|  |TAMS 0x00000000c2900000, 0x00000000c2800000| Untracked 
|  41|0x00000000c2900000, 0x00000000c2a00000, 0x00000000c2a00000|100%| O|  |TAMS 0x00000000c2a00000, 0x00000000c2900000| Untracked 
|  42|0x00000000c2a00000, 0x00000000c2b00000, 0x00000000c2b00000|100%| O|  |TAMS 0x00000000c2b00000, 0x00000000c2a00000| Untracked 
|  43|0x00000000c2b00000, 0x00000000c2b00000, 0x00000000c2c00000|  0%| F|  |TAMS 0x00000000c2b00000, 0x00000000c2b00000| Untracked 
|  44|0x00000000c2c00000, 0x00000000c2d00000, 0x00000000c2d00000|100%| O|  |TAMS 0x00000000c2d00000, 0x00000000c2c00000| Untracked 
|  45|0x00000000c2d00000, 0x00000000c2e00000, 0x00000000c2e00000|100%| O|  |TAMS 0x00000000c2e00000, 0x00000000c2d00000| Untracked 
|  46|0x00000000c2e00000, 0x00000000c2f00000, 0x00000000c2f00000|100%| O|  |TAMS 0x00000000c2f00000, 0x00000000c2e00000| Untracked 
|  47|0x00000000c2f00000, 0x00000000c3000000, 0x00000000c3000000|100%| O|  |TAMS 0x00000000c2fa9400, 0x00000000c2f00000| Untracked 
|  48|0x00000000c3000000, 0x00000000c3100000, 0x00000000c3100000|100%| O|  |TAMS 0x00000000c3000000, 0x00000000c3000000| Untracked 
|  49|0x00000000c3100000, 0x00000000c3200000, 0x00000000c3200000|100%| O|  |TAMS 0x00000000c3100000, 0x00000000c3100000| Untracked 
|  50|0x00000000c3200000, 0x00000000c3300000, 0x00000000c3300000|100%| O|  |TAMS 0x00000000c3200000, 0x00000000c3200000| Untracked 
|  51|0x00000000c3300000, 0x00000000c3400000, 0x00000000c3400000|100%| O|  |TAMS 0x00000000c3300000, 0x00000000c3300000| Untracked 
|  52|0x00000000c3400000, 0x00000000c3500000, 0x00000000c3500000|100%| O|  |TAMS 0x00000000c3400000, 0x00000000c3400000| Untracked 
|  53|0x00000000c3500000, 0x00000000c3600000, 0x00000000c3600000|100%| O|  |TAMS 0x00000000c3500000, 0x00000000c3500000| Untracked 
|  54|0x00000000c3600000, 0x00000000c3700000, 0x00000000c3700000|100%| O|  |TAMS 0x00000000c3600000, 0x00000000c3600000| Untracked 
|  55|0x00000000c3700000, 0x00000000c3800000, 0x00000000c3800000|100%| O|  |TAMS 0x00000000c3700000, 0x00000000c3700000| Untracked 
|  56|0x00000000c3800000, 0x00000000c3900000, 0x00000000c3900000|100%| O|  |TAMS 0x00000000c3800000, 0x00000000c3800000| Untracked 
|  57|0x00000000c3900000, 0x00000000c3a00000, 0x00000000c3a00000|100%| O|  |TAMS 0x00000000c3900000, 0x00000000c3900000| Untracked 
|  58|0x00000000c3a00000, 0x00000000c3b00000, 0x00000000c3b00000|100%| O|  |TAMS 0x00000000c3a00000, 0x00000000c3a00000| Untracked 
|  59|0x00000000c3b00000, 0x00000000c3c00000, 0x00000000c3c00000|100%| O|  |TAMS 0x00000000c3b00000, 0x00000000c3b00000| Untracked 
|  60|0x00000000c3c00000, 0x00000000c3d00000, 0x00000000c3d00000|100%| O|  |TAMS 0x00000000c3c00000, 0x00000000c3c00000| Untracked 
|  61|0x00000000c3d00000, 0x00000000c3e00000, 0x00000000c3e00000|100%| O|  |TAMS 0x00000000c3d00000, 0x00000000c3d00000| Untracked 
|  62|0x00000000c3e00000, 0x00000000c3f00000, 0x00000000c3f00000|100%| O|  |TAMS 0x00000000c3e00000, 0x00000000c3e00000| Untracked 
|  63|0x00000000c3f00000, 0x00000000c3f00000, 0x00000000c4000000|  0%| F|  |TAMS 0x00000000c3f00000, 0x00000000c3f00000| Untracked 
|  64|0x00000000c4000000, 0x00000000c4100000, 0x00000000c4100000|100%|HS|  |TAMS 0x00000000c4100000, 0x00000000c4000000| Complete 
|  65|0x00000000c4100000, 0x00000000c4200000, 0x00000000c4200000|100%|HC|  |TAMS 0x00000000c4200000, 0x00000000c4100000| Complete 
|  66|0x00000000c4200000, 0x00000000c4300000, 0x00000000c4300000|100%|HC|  |TAMS 0x00000000c4300000, 0x00000000c4200000| Complete 
|  67|0x00000000c4300000, 0x00000000c4400000, 0x00000000c4400000|100%|HC|  |TAMS 0x00000000c4400000, 0x00000000c4300000| Complete 
|  68|0x00000000c4400000, 0x00000000c4500000, 0x00000000c4500000|100%|HC|  |TAMS 0x00000000c4500000, 0x00000000c4400000| Complete 
|  69|0x00000000c4500000, 0x00000000c4600000, 0x00000000c4600000|100%|HC|  |TAMS 0x00000000c4600000, 0x00000000c4500000| Complete 
|  70|0x00000000c4600000, 0x00000000c4700000, 0x00000000c4700000|100%|HC|  |TAMS 0x00000000c4700000, 0x00000000c4600000| Complete 
|  71|0x00000000c4700000, 0x00000000c4800000, 0x00000000c4800000|100%|HC|  |TAMS 0x00000000c4800000, 0x00000000c4700000| Complete 
|  72|0x00000000c4800000, 0x00000000c4900000, 0x00000000c4900000|100%|HC|  |TAMS 0x00000000c4900000, 0x00000000c4800000| Complete 
|  73|0x00000000c4900000, 0x00000000c4a00000, 0x00000000c4a00000|100%|HC|  |TAMS 0x00000000c4a00000, 0x00000000c4900000| Complete 
|  74|0x00000000c4a00000, 0x00000000c4b00000, 0x00000000c4b00000|100%|HC|  |TAMS 0x00000000c4b00000, 0x00000000c4a00000| Complete 
|  75|0x00000000c4b00000, 0x00000000c4c00000, 0x00000000c4c00000|100%|HC|  |TAMS 0x00000000c4c00000, 0x00000000c4b00000| Complete 
|  76|0x00000000c4c00000, 0x00000000c4d00000, 0x00000000c4d00000|100%|HC|  |TAMS 0x00000000c4d00000, 0x00000000c4c00000| Complete 
|  77|0x00000000c4d00000, 0x00000000c4e00000, 0x00000000c4e00000|100%|HC|  |TAMS 0x00000000c4e00000, 0x00000000c4d00000| Complete 
|  78|0x00000000c4e00000, 0x00000000c4f00000, 0x00000000c4f00000|100%|HC|  |TAMS 0x00000000c4f00000, 0x00000000c4e00000| Complete 
|  79|0x00000000c4f00000, 0x00000000c5000000, 0x00000000c5000000|100%|HC|  |TAMS 0x00000000c5000000, 0x00000000c4f00000| Complete 
|  80|0x00000000c5000000, 0x00000000c5100000, 0x00000000c5100000|100%|HC|  |TAMS 0x00000000c5100000, 0x00000000c5000000| Complete 
|  81|0x00000000c5100000, 0x00000000c5200000, 0x00000000c5200000|100%|HC|  |TAMS 0x00000000c5200000, 0x00000000c5100000| Complete 
|  82|0x00000000c5200000, 0x00000000c5300000, 0x00000000c5300000|100%|HC|  |TAMS 0x00000000c5300000, 0x00000000c5200000| Complete 
|  83|0x00000000c5300000, 0x00000000c5400000, 0x00000000c5400000|100%|HC|  |TAMS 0x00000000c5400000, 0x00000000c5300000| Complete 
|  84|0x00000000c5400000, 0x00000000c5500000, 0x00000000c5500000|100%|HC|  |TAMS 0x00000000c5500000, 0x00000000c5400000| Complete 
|  85|0x00000000c5500000, 0x00000000c5600000, 0x00000000c5600000|100%|HC|  |TAMS 0x00000000c5600000, 0x00000000c5500000| Complete 
|  86|0x00000000c5600000, 0x00000000c5700000, 0x00000000c5700000|100%|HC|  |TAMS 0x00000000c5700000, 0x00000000c5600000| Complete 
|  87|0x00000000c5700000, 0x00000000c5800000, 0x00000000c5800000|100%|HC|  |TAMS 0x00000000c5800000, 0x00000000c5700000| Complete 
|  88|0x00000000c5800000, 0x00000000c5900000, 0x00000000c5900000|100%|HC|  |TAMS 0x00000000c5900000, 0x00000000c5800000| Complete 
|  89|0x00000000c5900000, 0x00000000c5a00000, 0x00000000c5a00000|100%|HC|  |TAMS 0x00000000c5a00000, 0x00000000c5900000| Complete 
|  90|0x00000000c5a00000, 0x00000000c5b00000, 0x00000000c5b00000|100%|HC|  |TAMS 0x00000000c5b00000, 0x00000000c5a00000| Complete 
|  91|0x00000000c5b00000, 0x00000000c5c00000, 0x00000000c5c00000|100%|HC|  |TAMS 0x00000000c5c00000, 0x00000000c5b00000| Complete 
|  92|0x00000000c5c00000, 0x00000000c5d00000, 0x00000000c5d00000|100%|HC|  |TAMS 0x00000000c5d00000, 0x00000000c5c00000| Complete 
|  93|0x00000000c5d00000, 0x00000000c5e00000, 0x00000000c5e00000|100%|HC|  |TAMS 0x00000000c5e00000, 0x00000000c5d00000| Complete 
|  94|0x00000000c5e00000, 0x00000000c5f00000, 0x00000000c5f00000|100%|HC|  |TAMS 0x00000000c5f00000, 0x00000000c5e00000| Complete 
|  95|0x00000000c5f00000, 0x00000000c6000000, 0x00000000c6000000|100%|HC|  |TAMS 0x00000000c6000000, 0x00000000c5f00000| Complete 
|  96|0x00000000c6000000, 0x00000000c6100000, 0x00000000c6100000|100%|HC|  |TAMS 0x00000000c6100000, 0x00000000c6000000| Complete 
|  97|0x00000000c6100000, 0x00000000c6200000, 0x00000000c6200000|100%|HC|  |TAMS 0x00000000c6200000, 0x00000000c6100000| Complete 
|  98|0x00000000c6200000, 0x00000000c6300000, 0x00000000c6300000|100%|HC|  |TAMS 0x00000000c6300000, 0x00000000c6200000| Complete 
|  99|0x00000000c6300000, 0x00000000c6400000, 0x00000000c6400000|100%|HC|  |TAMS 0x00000000c6400000, 0x00000000c6300000| Complete 
| 100|0x00000000c6400000, 0x00000000c6500000, 0x00000000c6500000|100%|HC|  |TAMS 0x00000000c6500000, 0x00000000c6400000| Complete 
| 101|0x00000000c6500000, 0x00000000c6600000, 0x00000000c6600000|100%|HC|  |TAMS 0x00000000c6600000, 0x00000000c6500000| Complete 
| 102|0x00000000c6600000, 0x00000000c6700000, 0x00000000c6700000|100%|HC|  |TAMS 0x00000000c6700000, 0x00000000c6600000| Complete 
| 103|0x00000000c6700000, 0x00000000c6700000, 0x00000000c6800000|  0%| F|  |TAMS 0x00000000c6700000, 0x00000000c6700000| Untracked 
| 104|0x00000000c6800000, 0x00000000c6800000, 0x00000000c6900000|  0%| F|  |TAMS 0x00000000c6800000, 0x00000000c6800000| Untracked 
| 105|0x00000000c6900000, 0x00000000c6900000, 0x00000000c6a00000|  0%| F|  |TAMS 0x00000000c6900000, 0x00000000c6900000| Untracked 
| 106|0x00000000c6a00000, 0x00000000c6a00000, 0x00000000c6b00000|  0%| F|  |TAMS 0x00000000c6a00000, 0x00000000c6a00000| Untracked 
| 107|0x00000000c6b00000, 0x00000000c6b00000, 0x00000000c6c00000|  0%| F|  |TAMS 0x00000000c6b00000, 0x00000000c6b00000| Untracked 
| 108|0x00000000c6c00000, 0x00000000c6c00000, 0x00000000c6d00000|  0%| F|  |TAMS 0x00000000c6c00000, 0x00000000c6c00000| Untracked 
| 109|0x00000000c6d00000, 0x00000000c6d00000, 0x00000000c6e00000|  0%| F|  |TAMS 0x00000000c6d00000, 0x00000000c6d00000| Untracked 
| 110|0x00000000c6e00000, 0x00000000c6e00000, 0x00000000c6f00000|  0%| F|  |TAMS 0x00000000c6e00000, 0x00000000c6e00000| Untracked 
| 111|0x00000000c6f00000, 0x00000000c6f00000, 0x00000000c7000000|  0%| F|  |TAMS 0x00000000c6f00000, 0x00000000c6f00000| Untracked 
| 112|0x00000000c7000000, 0x00000000c7000000, 0x00000000c7100000|  0%| F|  |TAMS 0x00000000c7000000, 0x00000000c7000000| Untracked 
| 113|0x00000000c7100000, 0x00000000c7100000, 0x00000000c7200000|  0%| F|  |TAMS 0x00000000c7100000, 0x00000000c7100000| Untracked 
| 114|0x00000000c7200000, 0x00000000c7200000, 0x00000000c7300000|  0%| F|  |TAMS 0x00000000c7200000, 0x00000000c7200000| Untracked 
| 115|0x00000000c7300000, 0x00000000c7300000, 0x00000000c7400000|  0%| F|  |TAMS 0x00000000c7300000, 0x00000000c7300000| Untracked 
| 116|0x00000000c7400000, 0x00000000c7400000, 0x00000000c7500000|  0%| F|  |TAMS 0x00000000c7400000, 0x00000000c7400000| Untracked 
| 117|0x00000000c7500000, 0x00000000c7500000, 0x00000000c7600000|  0%| F|  |TAMS 0x00000000c7500000, 0x00000000c7500000| Untracked 
| 118|0x00000000c7600000, 0x00000000c7600000, 0x00000000c7700000|  0%| F|  |TAMS 0x00000000c7600000, 0x00000000c7600000| Untracked 
| 119|0x00000000c7700000, 0x00000000c7700000, 0x00000000c7800000|  0%| F|  |TAMS 0x00000000c7700000, 0x00000000c7700000| Untracked 
| 120|0x00000000c7800000, 0x00000000c7800000, 0x00000000c7900000|  0%| F|  |TAMS 0x00000000c7800000, 0x00000000c7800000| Untracked 
| 121|0x00000000c7900000, 0x00000000c7900000, 0x00000000c7a00000|  0%| F|  |TAMS 0x00000000c7900000, 0x00000000c7900000| Untracked 
| 122|0x00000000c7a00000, 0x00000000c7a00000, 0x00000000c7b00000|  0%| F|  |TAMS 0x00000000c7a00000, 0x00000000c7a00000| Untracked 
| 123|0x00000000c7b00000, 0x00000000c7b00000, 0x00000000c7c00000|  0%| F|  |TAMS 0x00000000c7b00000, 0x00000000c7b00000| Untracked 
| 124|0x00000000c7c00000, 0x00000000c7c00000, 0x00000000c7d00000|  0%| F|  |TAMS 0x00000000c7c00000, 0x00000000c7c00000| Untracked 
| 125|0x00000000c7d00000, 0x00000000c7d00000, 0x00000000c7e00000|  0%| F|  |TAMS 0x00000000c7d00000, 0x00000000c7d00000| Untracked 
| 126|0x00000000c7e00000, 0x00000000c7e00000, 0x00000000c7f00000|  0%| F|  |TAMS 0x00000000c7e00000, 0x00000000c7e00000| Untracked 
| 127|0x00000000c7f00000, 0x00000000c7f00000, 0x00000000c8000000|  0%| F|  |TAMS 0x00000000c7f00000, 0x00000000c7f00000| Untracked 
| 128|0x00000000c8000000, 0x00000000c8000000, 0x00000000c8100000|  0%| F|  |TAMS 0x00000000c8000000, 0x00000000c8000000| Untracked 
| 129|0x00000000c8100000, 0x00000000c8100000, 0x00000000c8200000|  0%| F|  |TAMS 0x00000000c8100000, 0x00000000c8100000| Untracked 
| 130|0x00000000c8200000, 0x00000000c8200000, 0x00000000c8300000|  0%| F|  |TAMS 0x00000000c8200000, 0x00000000c8200000| Untracked 
| 131|0x00000000c8300000, 0x00000000c8300000, 0x00000000c8400000|  0%| F|  |TAMS 0x00000000c8300000, 0x00000000c8300000| Untracked 
| 132|0x00000000c8400000, 0x00000000c8400000, 0x00000000c8500000|  0%| F|  |TAMS 0x00000000c8400000, 0x00000000c8400000| Untracked 
| 133|0x00000000c8500000, 0x00000000c8500000, 0x00000000c8600000|  0%| F|  |TAMS 0x00000000c8500000, 0x00000000c8500000| Untracked 
| 134|0x00000000c8600000, 0x00000000c8600000, 0x00000000c8700000|  0%| F|  |TAMS 0x00000000c8600000, 0x00000000c8600000| Untracked 
| 135|0x00000000c8700000, 0x00000000c8700000, 0x00000000c8800000|  0%| F|  |TAMS 0x00000000c8700000, 0x00000000c8700000| Untracked 
| 136|0x00000000c8800000, 0x00000000c8900000, 0x00000000c8900000|100%| S|CS|TAMS 0x00000000c8800000, 0x00000000c8800000| Complete 
| 137|0x00000000c8900000, 0x00000000c8a00000, 0x00000000c8a00000|100%| S|CS|TAMS 0x00000000c8900000, 0x00000000c8900000| Complete 
| 138|0x00000000c8a00000, 0x00000000c8b00000, 0x00000000c8b00000|100%| S|CS|TAMS 0x00000000c8a00000, 0x00000000c8a00000| Complete 
| 139|0x00000000c8b00000, 0x00000000c8c00000, 0x00000000c8c00000|100%| S|CS|TAMS 0x00000000c8b00000, 0x00000000c8b00000| Complete 
| 140|0x00000000c8c00000, 0x00000000c8c00000, 0x00000000c8d00000|  0%| F|  |TAMS 0x00000000c8c00000, 0x00000000c8c00000| Untracked 
| 141|0x00000000c8d00000, 0x00000000c8d00000, 0x00000000c8e00000|  0%| F|  |TAMS 0x00000000c8d00000, 0x00000000c8d00000| Untracked 
| 142|0x00000000c8e00000, 0x00000000c8e00000, 0x00000000c8f00000|  0%| F|  |TAMS 0x00000000c8e00000, 0x00000000c8e00000| Untracked 
| 143|0x00000000c8f00000, 0x00000000c8f00000, 0x00000000c9000000|  0%| F|  |TAMS 0x00000000c8f00000, 0x00000000c8f00000| Untracked 
| 144|0x00000000c9000000, 0x00000000c9000000, 0x00000000c9100000|  0%| F|  |TAMS 0x00000000c9000000, 0x00000000c9000000| Untracked 
| 145|0x00000000c9100000, 0x00000000c9100000, 0x00000000c9200000|  0%| F|  |TAMS 0x00000000c9100000, 0x00000000c9100000| Untracked 
| 146|0x00000000c9200000, 0x00000000c9200000, 0x00000000c9300000|  0%| F|  |TAMS 0x00000000c9200000, 0x00000000c9200000| Untracked 
| 147|0x00000000c9300000, 0x00000000c9300000, 0x00000000c9400000|  0%| F|  |TAMS 0x00000000c9300000, 0x00000000c9300000| Untracked 
| 148|0x00000000c9400000, 0x00000000c9400000, 0x00000000c9500000|  0%| F|  |TAMS 0x00000000c9400000, 0x00000000c9400000| Untracked 
| 149|0x00000000c9500000, 0x00000000c9500000, 0x00000000c9600000|  0%| F|  |TAMS 0x00000000c9500000, 0x00000000c9500000| Untracked 
| 150|0x00000000c9600000, 0x00000000c9600000, 0x00000000c9700000|  0%| F|  |TAMS 0x00000000c9600000, 0x00000000c9600000| Untracked 
| 151|0x00000000c9700000, 0x00000000c9700000, 0x00000000c9800000|  0%| F|  |TAMS 0x00000000c9700000, 0x00000000c9700000| Untracked 
| 152|0x00000000c9800000, 0x00000000c9800000, 0x00000000c9900000|  0%| F|  |TAMS 0x00000000c9800000, 0x00000000c9800000| Untracked 
| 153|0x00000000c9900000, 0x00000000c9900000, 0x00000000c9a00000|  0%| F|  |TAMS 0x00000000c9900000, 0x00000000c9900000| Untracked 
| 154|0x00000000c9a00000, 0x00000000c9a00000, 0x00000000c9b00000|  0%| F|  |TAMS 0x00000000c9a00000, 0x00000000c9a00000| Untracked 
| 155|0x00000000c9b00000, 0x00000000c9b00000, 0x00000000c9c00000|  0%| F|  |TAMS 0x00000000c9b00000, 0x00000000c9b00000| Untracked 
| 156|0x00000000c9c00000, 0x00000000c9c00000, 0x00000000c9d00000|  0%| F|  |TAMS 0x00000000c9c00000, 0x00000000c9c00000| Untracked 
| 157|0x00000000c9d00000, 0x00000000c9d00000, 0x00000000c9e00000|  0%| F|  |TAMS 0x00000000c9d00000, 0x00000000c9d00000| Untracked 
| 158|0x00000000c9e00000, 0x00000000c9e00000, 0x00000000c9f00000|  0%| F|  |TAMS 0x00000000c9e00000, 0x00000000c9e00000| Untracked 
| 159|0x00000000c9f00000, 0x00000000c9f00000, 0x00000000ca000000|  0%| F|  |TAMS 0x00000000c9f00000, 0x00000000c9f00000| Untracked 
| 160|0x00000000ca000000, 0x00000000ca000000, 0x00000000ca100000|  0%| F|  |TAMS 0x00000000ca000000, 0x00000000ca000000| Untracked 
| 161|0x00000000ca100000, 0x00000000ca100000, 0x00000000ca200000|  0%| F|  |TAMS 0x00000000ca100000, 0x00000000ca100000| Untracked 
| 162|0x00000000ca200000, 0x00000000ca200000, 0x00000000ca300000|  0%| F|  |TAMS 0x00000000ca200000, 0x00000000ca200000| Untracked 
| 163|0x00000000ca300000, 0x00000000ca300000, 0x00000000ca400000|  0%| F|  |TAMS 0x00000000ca300000, 0x00000000ca300000| Untracked 
| 164|0x00000000ca400000, 0x00000000ca400000, 0x00000000ca500000|  0%| F|  |TAMS 0x00000000ca400000, 0x00000000ca400000| Untracked 

Card table byte_map: [0x00000207713e0000,0x00000207715e0000] _byte_map_base: 0x0000020770de0000

Marking Bits (Prev, Next): (CMBitMap*) 0x0000020771658000, (CMBitMap*) 0x0000020771658040
 Prev Bits: [0x0000020779780000, 0x000002077a780000)
 Next Bits: [0x000002077a780000, 0x000002077b780000)

Polling page: 0x000002076f550000

Metaspace:

Usage:
  Non-class:     28.46 MB used.
      Class:      4.19 MB used.
       Both:     32.65 MB used.

Virtual space:
  Non-class space:       64.00 MB reserved,      28.69 MB ( 45%) committed,  1 nodes.
      Class space:        1.00 GB reserved,       4.38 MB ( <1%) committed,  1 nodes.
             Both:        1.06 GB reserved,      33.06 MB (  3%) committed. 

Chunk freelists:
   Non-Class:  2.91 MB
       Class:  3.57 MB
        Both:  6.48 MB

MaxMetaspaceSize: unlimited
CompressedClassSpaceSize: 1.00 GB
Initial GC threshold: 21.00 MB
Current GC threshold: 52.81 MB
CDS: on
MetaspaceReclaimPolicy: balanced
 - commit_granule_bytes: 65536.
 - commit_granule_words: 8192.
 - virtual_space_node_default_size: 8388608.
 - enlarge_chunks_in_place: 1.
 - new_chunks_are_fully_committed: 0.
 - uncommit_free_chunks: 1.
 - use_allocation_guard: 0.


Internal statistics:

num_allocs_failed_limit: 3.
num_arena_births: 458.
num_arena_deaths: 0.
num_vsnodes_births: 2.
num_vsnodes_deaths: 0.
num_space_committed: 529.
num_space_uncommitted: 0.
num_chunks_returned_to_freelist: 3.
num_chunks_taken_from_freelist: 1509.
num_chunk_merges: 3.
num_chunk_splits: 1069.
num_chunks_enlarged: 834.
num_inconsistent_stats: 0.

CodeHeap 'non-profiled nmethods': size=120064Kb used=3010Kb max_used=3010Kb free=117053Kb
 bounds [0x0000020707ac0000, 0x0000020707dc0000, 0x000002070f000000]
CodeHeap 'profiled nmethods': size=120000Kb used=13008Kb max_used=14526Kb free=106991Kb
 bounds [0x0000020700000000, 0x0000020700e30000, 0x0000020707530000]
CodeHeap 'non-nmethods': size=5696Kb used=1641Kb max_used=1716Kb free=4055Kb
 bounds [0x0000020707530000, 0x00000207077a0000, 0x0000020707ac0000]
 total_blobs=7084 nmethods=6132 adapters=860
 compilation: enabled
              stopped_count=0, restarted_count=0
 full_count=0

Compilation events (20 events):
Event: 67.956 Thread 0x000002077dad6760 nmethod 7096 0x00000207005ca790 code [0x00000207005ca940, 0x00000207005cacc8]
Event: 67.956 Thread 0x000002077dad6760 7097       1       javafx.geometry.Bounds::getMaxY (5 bytes)
Event: 67.956 Thread 0x000002077dad6760 nmethod 7097 0x0000020707db0090 code [0x0000020707db0220, 0x0000020707db02f8]
Event: 68.139 Thread 0x000002077dad6760 7098       3       javafx.scene.shape.Shape::getStrokeType (21 bytes)
Event: 68.139 Thread 0x000002077dad6760 nmethod 7098 0x0000020700a81010 code [0x0000020700a811e0, 0x0000020700a81708]
Event: 68.139 Thread 0x000002077dad6760 7099       3       javafx.scene.shape.Shape$StrokeAttributes::getType (24 bytes)
Event: 68.139 Thread 0x000002077dad6760 nmethod 7099 0x0000020700b21b10 code [0x0000020700b21ce0, 0x0000020700b22168]
Event: 68.145 Thread 0x000002077dad4360 7102       4       javafx.scene.layout.Region::snapSizeY (10 bytes)
Event: 68.146 Thread 0x000002077dad6760 7101       3       javafx.scene.control.skin.LabeledSkinBase::computeMaxWidth (12 bytes)
Event: 68.146 Thread 0x000002077dad6760 nmethod 7101 0x0000020700995a10 code [0x0000020700995bc0, 0x0000020700995e08]
Event: 68.146 Thread 0x000002077dad6760 7100       3       javafx.scene.layout.Priority::max (40 bytes)
Event: 68.146 Thread 0x000002077dad6760 nmethod 7100 0x0000020700b2a910 code [0x0000020700b2aac0, 0x0000020700b2ad38]
Event: 68.146 Thread 0x000002077dad6760 7103       3       javafx.scene.layout.GridPane$CompositeSize::setPresetSize (38 bytes)
Event: 68.146 Thread 0x000002077dad6760 nmethod 7103 0x0000020700a57290 code [0x0000020700a57460, 0x0000020700a57798]
Event: 68.148 Thread 0x000002077dad4360 nmethod 7102 0x0000020707db0390 code [0x0000020707db0560, 0x0000020707db07d8]
Event: 68.586 Thread 0x000002077dad6760 7104       3       java.util.TaskQueue::isEmpty (13 bytes)
Event: 68.587 Thread 0x000002077dad6760 nmethod 7104 0x0000020700907110 code [0x00000207009072a0, 0x0000020700907418]
Event: 68.689 Thread 0x000002077dad6760 7105       3       javafx.scene.Parent::minWidth (89 bytes)
Event: 68.689 Thread 0x000002077dad6760 nmethod 7105 0x000002070021ea90 code [0x000002070021eca0, 0x000002070021f358]
Event: 68.691 Thread 0x000002077dad4360 7106       4       com.sun.javafx.geom.RectBounds::unionWith (82 bytes)

GC Heap History (20 events):
Event: 7.651 GC heap after
{Heap after GC invocations=9 (full 0):
 garbage-first heap   total 105472K, used 68834K [0x00000000c0000000, 0x0000000100000000)
  region size 1024K, 1 young (1024K), 1 survivors (1024K)
 Metaspace       used 28761K, committed 29120K, reserved 1114112K
  class space    used 3780K, committed 3968K, reserved 1048576K
}
Event: 7.701 GC heap before
{Heap before GC invocations=9 (full 0):
 garbage-first heap   total 105472K, used 69858K [0x00000000c0000000, 0x0000000100000000)
  region size 1024K, 3 young (3072K), 1 survivors (1024K)
 Metaspace       used 28847K, committed 29248K, reserved 1114112K
  class space    used 3789K, committed 3968K, reserved 1048576K
}
Event: 7.702 GC heap after
{Heap after GC invocations=10 (full 0):
 garbage-first heap   total 105472K, used 68965K [0x00000000c0000000, 0x0000000100000000)
  region size 1024K, 1 young (1024K), 1 survivors (1024K)
 Metaspace       used 28847K, committed 29248K, reserved 1114112K
  class space    used 3789K, committed 3968K, reserved 1048576K
}
Event: 9.221 GC heap before
{Heap before GC invocations=11 (full 0):
 garbage-first heap   total 121856K, used 86373K [0x00000000c0000000, 0x0000000100000000)
  region size 1024K, 16 young (16384K), 1 survivors (1024K)
 Metaspace       used 31129K, committed 31488K, reserved 1114112K
  class space    used 4177K, committed 4352K, reserved 1048576K
}
Event: 9.226 GC heap after
{Heap after GC invocations=12 (full 0):
 garbage-first heap   total 121856K, used 73168K [0x00000000c0000000, 0x0000000100000000)
  region size 1024K, 2 young (2048K), 2 survivors (2048K)
 Metaspace       used 31129K, committed 31488K, reserved 1114112K
  class space    used 4177K, committed 4352K, reserved 1048576K
}
Event: 9.323 GC heap before
{Heap before GC invocations=12 (full 0):
 garbage-first heap   total 121856K, used 76240K [0x00000000c0000000, 0x0000000100000000)
  region size 1024K, 5 young (5120K), 2 survivors (2048K)
 Metaspace       used 31212K, committed 31552K, reserved 1114112K
  class space    used 4180K, committed 4352K, reserved 1048576K
}
Event: 9.328 GC heap after
{Heap after GC invocations=13 (full 0):
 garbage-first heap   total 121856K, used 74105K [0x00000000c0000000, 0x0000000100000000)
  region size 1024K, 1 young (1024K), 1 survivors (1024K)
 Metaspace       used 31212K, committed 31552K, reserved 1114112K
  class space    used 4180K, committed 4352K, reserved 1048576K
}
Event: 10.000 GC heap before
{Heap before GC invocations=13 (full 0):
 garbage-first heap   total 121856K, used 96633K [0x00000000c0000000, 0x0000000100000000)
  region size 1024K, 24 young (24576K), 1 survivors (1024K)
 Metaspace       used 31877K, committed 32256K, reserved 1114112K
  class space    used 4220K, committed 4416K, reserved 1048576K
}
Event: 10.012 GC heap after
{Heap after GC invocations=14 (full 0):
 garbage-first heap   total 121856K, used 81414K [0x00000000c0000000, 0x0000000100000000)
  region size 1024K, 3 young (3072K), 3 survivors (3072K)
 Metaspace       used 31877K, committed 32256K, reserved 1114112K
  class space    used 4220K, committed 4416K, reserved 1048576K
}
Event: 10.638 GC heap before
{Heap before GC invocations=15 (full 0):
 garbage-first heap   total 138240K, used 96774K [0x00000000c0000000, 0x0000000100000000)
  region size 1024K, 18 young (18432K), 3 survivors (3072K)
 Metaspace       used 32004K, committed 32384K, reserved 1114112K
  class space    used 4220K, committed 4416K, reserved 1048576K
}
Event: 10.652 GC heap after
{Heap after GC invocations=16 (full 0):
 garbage-first heap   total 138240K, used 87880K [0x00000000c0000000, 0x0000000100000000)
  region size 1024K, 3 young (3072K), 3 survivors (3072K)
 Metaspace       used 32004K, committed 32384K, reserved 1114112K
  class space    used 4220K, committed 4416K, reserved 1048576K
}
Event: 10.681 GC heap before
{Heap before GC invocations=16 (full 0):
 garbage-first heap   total 138240K, used 90952K [0x00000000c0000000, 0x0000000100000000)
  region size 1024K, 6 young (6144K), 3 survivors (3072K)
 Metaspace       used 32005K, committed 32384K, reserved 1114112K
  class space    used 4220K, committed 4416K, reserved 1048576K
}
Event: 10.698 GC heap after
{Heap after GC invocations=17 (full 0):
 garbage-first heap   total 138240K, used 88741K [0x00000000c0000000, 0x0000000100000000)
  region size 1024K, 1 young (1024K), 1 survivors (1024K)
 Metaspace       used 32005K, committed 32384K, reserved 1114112K
  class space    used 4220K, committed 4416K, reserved 1048576K
}
Event: 10.917 GC heap before
{Heap before GC invocations=17 (full 0):
 garbage-first heap   total 138240K, used 108197K [0x00000000c0000000, 0x0000000100000000)
  region size 1024K, 20 young (20480K), 1 survivors (1024K)
 Metaspace       used 32066K, committed 32448K, reserved 1114112K
  class space    used 4220K, committed 4416K, reserved 1048576K
}
Event: 10.932 GC heap after
{Heap after GC invocations=18 (full 0):
 garbage-first heap   total 138240K, used 96665K [0x00000000c0000000, 0x0000000100000000)
  region size 1024K, 3 young (3072K), 3 survivors (3072K)
 Metaspace       used 32066K, committed 32448K, reserved 1114112K
  class space    used 4220K, committed 4416K, reserved 1048576K
}
Event: 11.305 GC heap before
{Heap before GC invocations=19 (full 0):
 garbage-first heap   total 168960K, used 108953K [0x00000000c0000000, 0x0000000100000000)
  region size 1024K, 15 young (15360K), 3 survivors (3072K)
 Metaspace       used 32092K, committed 32448K, reserved 1114112K
  class space    used 4220K, committed 4416K, reserved 1048576K
}
Event: 11.331 GC heap after
{Heap after GC invocations=20 (full 0):
 garbage-first heap   total 168960K, used 101888K [0x00000000c0000000, 0x0000000100000000)
  region size 1024K, 2 young (2048K), 2 survivors (2048K)
 Metaspace       used 32092K, committed 32448K, reserved 1114112K
  class space    used 4220K, committed 4416K, reserved 1048576K
}
Event: 11.420 GC heap before
{Heap before GC invocations=20 (full 0):
 garbage-first heap   total 168960K, used 108032K [0x00000000c0000000, 0x0000000100000000)
  region size 1024K, 8 young (8192K), 2 survivors (2048K)
 Metaspace       used 32095K, committed 32448K, reserved 1114112K
  class space    used 4220K, committed 4416K, reserved 1048576K
}
Event: 11.457 GC heap after
{Heap after GC invocations=21 (full 0):
 garbage-first heap   total 168960K, used 103936K [0x00000000c0000000, 0x0000000100000000)
  region size 1024K, 1 young (1024K), 1 survivors (1024K)
 Metaspace       used 32095K, committed 32448K, reserved 1114112K
  class space    used 4220K, committed 4416K, reserved 1048576K
}
Event: 68.692 GC heap before
{Heap before GC invocations=21 (full 0):
 garbage-first heap   total 168960K, used 128512K [0x00000000c0000000, 0x0000000100000000)
  region size 1024K, 25 young (25600K), 1 survivors (1024K)
 Metaspace       used 33431K, committed 33856K, reserved 1114112K
  class space    used 4286K, committed 4480K, reserved 1048576K
}

Dll operation events (20 events):
Event: 0.610 Loaded shared library C:\Program Files\Java\javafx-sdk-19\bin\api-ms-win-crt-process-l1-1-0.dll
Event: 0.612 Loaded shared library C:\Program Files\Java\javafx-sdk-19\bin\api-ms-win-crt-runtime-l1-1-0.dll
Event: 0.615 Loaded shared library C:\Program Files\Java\javafx-sdk-19\bin\api-ms-win-crt-stdio-l1-1-0.dll
Event: 0.617 Loaded shared library C:\Program Files\Java\javafx-sdk-19\bin\api-ms-win-crt-string-l1-1-0.dll
Event: 0.619 Loaded shared library C:\Program Files\Java\javafx-sdk-19\bin\api-ms-win-crt-time-l1-1-0.dll
Event: 0.622 Loaded shared library C:\Program Files\Java\javafx-sdk-19\bin\api-ms-win-crt-utility-l1-1-0.dll
Event: 0.634 Loaded shared library C:\Program Files\Java\javafx-sdk-19\bin\ucrtbase.dll
Event: 0.640 Loaded shared library C:\Program Files\Java\javafx-sdk-19\bin\vcruntime140.dll
Event: 0.643 Loaded shared library C:\Program Files\Java\javafx-sdk-19\bin\vcruntime140_1.dll
Event: 0.653 Loaded shared library C:\Program Files\Java\javafx-sdk-19\bin\msvcp140.dll
Event: 0.657 Loaded shared library C:\Program Files\Java\javafx-sdk-19\bin\msvcp140_1.dll
Event: 0.662 Loaded shared library C:\Program Files\Java\javafx-sdk-19\bin\msvcp140_2.dll
Event: 0.740 Loaded shared library C:\Program Files\Java\javafx-sdk-19\bin\prism_d3d.dll
Event: 0.811 Loaded shared library C:\Program Files\Java\javafx-sdk-19\bin\glass.dll
Event: 0.942 Loaded shared library C:\Program Files\Java\jdk-19\bin\jimage.dll
Event: 1.439 Loaded shared library C:\Program Files\Java\javafx-sdk-19\bin\javafx_font.dll
Event: 4.815 Loaded shared library C:\Program Files\Java\jdk-19\bin\management.dll
Event: 4.844 Loaded shared library C:\Program Files\Java\jdk-19\bin\management_ext.dll
Event: 5.188 Loaded shared library C:\Program Files\Java\jdk-19\bin\verify.dll
Event: 7.351 Loaded shared library C:\Program Files\Java\javafx-sdk-19\bin\javafx_iio.dll

Deoptimization events (20 events):
Event: 44.678 Thread 0x000002077e3000a0 Uncommon trap: trap_request=0xffffffbe fr.pc=0x0000020707d736e4 relative=0x0000000000001684
Event: 44.678 Thread 0x000002077e3000a0 Uncommon trap: reason=profile_predicate action=maybe_recompile pc=0x0000020707d736e4 method=com.sun.prism.impl.GlyphCache.render(Lcom/sun/prism/impl/BaseContext;Lcom/sun/javafx/scene/text/GlyphList;FFIILcom/sun/prism/paint/Color;Lcom/sun/prism/paint/Color
Event: 44.678 Thread 0x000002077e3000a0 DEOPT PACKING pc=0x0000020707d736e4 sp=0x000000a02e1fddb0
Event: 44.679 Thread 0x000002077e3000a0 DEOPT UNPACKING pc=0x0000020707596da3 sp=0x000000a02e1fdd20 mode 2
Event: 44.691 Thread 0x000002077e3000a0 Uncommon trap: trap_request=0xffffffbe fr.pc=0x0000020707d736e4 relative=0x0000000000001684
Event: 44.691 Thread 0x000002077e3000a0 Uncommon trap: reason=profile_predicate action=maybe_recompile pc=0x0000020707d736e4 method=com.sun.prism.impl.GlyphCache.render(Lcom/sun/prism/impl/BaseContext;Lcom/sun/javafx/scene/text/GlyphList;FFIILcom/sun/prism/paint/Color;Lcom/sun/prism/paint/Color
Event: 44.691 Thread 0x000002077e3000a0 DEOPT PACKING pc=0x0000020707d736e4 sp=0x000000a02e1fddb0
Event: 44.691 Thread 0x000002077e3000a0 DEOPT UNPACKING pc=0x0000020707596da3 sp=0x000000a02e1fdd20 mode 2
Event: 45.050 Thread 0x000002077e37b510 Uncommon trap: trap_request=0xffffffde fr.pc=0x0000020707d60c78 relative=0x0000000000000d58
Event: 45.050 Thread 0x000002077e37b510 Uncommon trap: reason=class_check action=maybe_recompile pc=0x0000020707d60c78 method=com.sun.javafx.scene.NodeHelper.computeContains(Ljavafx/scene/Node;DD)Z @ 7 c2
Event: 45.050 Thread 0x000002077e37b510 DEOPT PACKING pc=0x0000020707d60c78 sp=0x000000a02e3fd410
Event: 45.050 Thread 0x000002077e37b510 DEOPT UNPACKING pc=0x0000020707596da3 sp=0x000000a02e3fd0c0 mode 2
Event: 47.094 Thread 0x000002077e37b510 Uncommon trap: trap_request=0xffffffde fr.pc=0x0000020707d60c78 relative=0x0000000000000d58
Event: 47.094 Thread 0x000002077e37b510 Uncommon trap: reason=class_check action=maybe_recompile pc=0x0000020707d60c78 method=com.sun.javafx.scene.NodeHelper.computeContains(Ljavafx/scene/Node;DD)Z @ 7 c2
Event: 47.094 Thread 0x000002077e37b510 DEOPT PACKING pc=0x0000020707d60c78 sp=0x000000a02e3fd410
Event: 47.094 Thread 0x000002077e37b510 DEOPT UNPACKING pc=0x0000020707596da3 sp=0x000000a02e3fd0c0 mode 2
Event: 48.502 Thread 0x000002077e37b510 Uncommon trap: trap_request=0xffffff45 fr.pc=0x0000020707d0514c relative=0x000000000000012c
Event: 48.502 Thread 0x000002077e37b510 Uncommon trap: reason=unstable_if action=reinterpret pc=0x0000020707d0514c method=com.sun.javafx.text.TextRun.getPosX(I)F @ 75 c2
Event: 48.502 Thread 0x000002077e37b510 DEOPT PACKING pc=0x0000020707d0514c sp=0x000000a02e3fcaa0
Event: 48.502 Thread 0x000002077e37b510 DEOPT UNPACKING pc=0x0000020707596da3 sp=0x000000a02e3fca38 mode 2

Classes loaded (20 events):
Event: 39.066 Loading class sun/text/resources/BreakIteratorInfo
Event: 39.067 Loading class sun/text/resources/BreakIteratorInfo done
Event: 39.068 Loading class sun/text/resources/BreakIteratorResources
Event: 39.068 Loading class sun/util/resources/BreakIteratorResourceBundle
Event: 39.068 Loading class sun/util/resources/BreakIteratorResourceBundle done
Event: 39.068 Loading class sun/text/resources/BreakIteratorResources done
Event: 39.068 Loading class sun/text/resources/BreakIteratorResources_en
Event: 39.068 Loading class sun/text/resources/BreakIteratorResources_en done
Event: 39.068 Loading class sun/text/resources/BreakIteratorResources_en_US
Event: 39.068 Loading class sun/text/resources/BreakIteratorResources_en_US done
Event: 39.069 Loading class sun/text/RuleBasedBreakIterator
Event: 39.070 Loading class sun/text/RuleBasedBreakIterator done
Event: 39.070 Loading class sun/text/CompactByteArray
Event: 39.071 Loading class sun/text/CompactByteArray done
Event: 39.072 Loading class sun/text/SupplementaryCharacterData
Event: 39.072 Loading class sun/text/SupplementaryCharacterData done
Event: 39.072 Loading class java/text/BreakIterator$BreakIteratorCache
Event: 39.072 Loading class java/text/BreakIterator$BreakIteratorCache done
Event: 44.358 Loading class java/text/StringCharacterIterator
Event: 44.360 Loading class java/text/StringCharacterIterator done

Classes unloaded (0 events):
No events

Classes redefined (0 events):
No events

Internal exceptions (20 events):
Event: 6.785 Thread 0x000002077e37b510 Exception <a 'java/lang/NoSuchMethodError'{0x00000000c360fab0}: 'void java.lang.invoke.DirectMethodHandle$Holder.invokeVirtual(java.lang.Object, java.lang.Object)'> (0x00000000c360fab0) 
thrown [s\open\src\hotspot\share\interpreter\linkResolver.cpp, line 774]
Event: 7.069 Thread 0x000002077e37b510 Exception <a 'java/lang/NoSuchMethodError'{0x00000000c3367000}: 'long java.lang.invoke.DirectMethodHandle$Holder.invokeSpecial(java.lang.Object, java.lang.Object)'> (0x00000000c3367000) 
thrown [s\open\src\hotspot\share\interpreter\linkResolver.cpp, line 774]
Event: 7.070 Thread 0x000002077e37b510 Exception <a 'java/lang/NoSuchMethodError'{0x00000000c336ac08}: 'long java.lang.invoke.Invokers$Holder.invokeExact_MT(java.lang.Object, java.lang.Object)'> (0x00000000c336ac08) 
thrown [s\open\src\hotspot\share\interpreter\linkResolver.cpp, line 774]
Event: 7.271 Thread 0x000002077e37b510 Exception <a 'java/lang/NoSuchMethodError'{0x00000000c2e998f0}: 'java.lang.Object java.lang.invoke.DirectMethodHandle$Holder.newInvokeSpecial(java.lang.Object, double)'> (0x00000000c2e998f0) 
thrown [s\open\src\hotspot\share\interpreter\linkResolver.cpp, line 774]
Event: 8.432 Thread 0x000002077e37b510 Implicit null exception at 0x0000020707beb000 to 0x0000020707beb95c
Event: 8.487 Thread 0x000002077e37b510 Exception <a 'java/lang/NoSuchMethodError'{0x00000000c74c97e0}: 'java.lang.Object java.lang.invoke.DirectMethodHandle$Holder.newInvokeSpecial(java.lang.Object, java.lang.Object, java.lang.Object, int)'> (0x00000000c74c97e0) 
thrown [s\open\src\hotspot\share\interpreter\linkResolver.cpp, line 774]
Event: 8.487 Thread 0x000002077e37b510 Exception <a 'java/lang/NoSuchMethodError'{0x00000000c74cdbb0}: 'java.lang.Object java.lang.invoke.DirectMethodHandle$Holder.invokeSpecial(java.lang.Object, java.lang.Object, java.lang.Object, java.lang.Object, int)'> (0x00000000c74cdbb0) 
thrown [s\open\src\hotspot\share\interpreter\linkResolver.cpp, line 774]
Event: 8.487 Thread 0x000002077e37b510 Exception <a 'java/lang/NoSuchMethodError'{0x00000000c74d1578}: 'java.lang.Object java.lang.invoke.Invokers$Holder.linkToTargetMethod(java.lang.Object, java.lang.Object, int, java.lang.Object)'> (0x00000000c74d1578) 
thrown [s\open\src\hotspot\share\interpreter\linkResolver.cpp, line 774]
Event: 8.849 Thread 0x000002077e37b510 Exception <a 'java/io/FileNotFoundException'{0x00000000c7131e40}> (0x00000000c7131e40) 
thrown [s\open\src\hotspot\share\prims\jni.cpp, line 517]
Event: 8.897 Thread 0x000002077e37b510 Exception <a 'java/io/FileNotFoundException'{0x00000000c7156508}> (0x00000000c7156508) 
thrown [s\open\src\hotspot\share\prims\jni.cpp, line 517]
Event: 9.012 Thread 0x000002077e37b510 Exception <a 'java/lang/NoSuchMethodError'{0x00000000c6e59648}: 'void java.lang.invoke.DirectMethodHandle$Holder.invokeSpecialIFC(java.lang.Object, java.lang.Object, java.lang.Object, java.lang.Object)'> (0x00000000c6e59648) 
thrown [s\open\src\hotspot\share\interpreter\linkResolver.cpp, line 774]
Event: 9.985 Thread 0x000002077e37b510 Exception <a 'java/io/FileNotFoundException'{0x00000000c38a2860}> (0x00000000c38a2860) 
thrown [s\open\src\hotspot\share\prims\jni.cpp, line 517]
Event: 9.985 Thread 0x000002077e37b510 Exception <a 'java/io/FileNotFoundException'{0x00000000c38c8bd8}> (0x00000000c38c8bd8) 
thrown [s\open\src\hotspot\share\prims\jni.cpp, line 517]
Event: 9.992 Thread 0x000002077e37b510 Exception <a 'java/io/FileNotFoundException'{0x00000000c38cd128}> (0x00000000c38cd128) 
thrown [s\open\src\hotspot\share\prims\jni.cpp, line 517]
Event: 9.992 Thread 0x000002077e37b510 Exception <a 'java/io/FileNotFoundException'{0x00000000c38cea08}> (0x00000000c38cea08) 
thrown [s\open\src\hotspot\share\prims\jni.cpp, line 517]
Event: 11.820 Thread 0x000002077e3000a0 Exception <a 'java/lang/NoSuchMethodError'{0x00000000c9fbdd48}: 'java.lang.Object java.lang.invoke.DirectMethodHandle$Holder.invokeStaticInit(java.lang.Object, int)'> (0x00000000c9fbdd48) 
thrown [s\open\src\hotspot\share\interpreter\linkResolver.cpp, line 774]
Event: 29.588 Thread 0x000002077e37b510 Implicit null exception at 0x0000020707cb9371 to 0x0000020707cc027c
Event: 44.416 Thread 0x000002077e37b510 Exception <a 'java/lang/NoSuchMethodError'{0x00000000c9004d18}: 'java.lang.Object java.lang.invoke.DirectMethodHandle$Holder.newInvokeSpecial(java.lang.Object, java.lang.Object, int, int, int, int, int, java.lang.Object)'> (0x00000000c9004d18) 
thrown [s\open\src\hotspot\share\interpreter\linkResolver.cpp, line 774]
Event: 44.418 Thread 0x000002077e37b510 Exception <a 'java/lang/NoSuchMethodError'{0x00000000c9017d00}: 'java.lang.Object java.lang.invoke.DirectMethodHandle$Holder.newInvokeSpecial(java.lang.Object, java.lang.Object, java.lang.Object, int, int, int, int, int)'> (0x00000000c9017d00) 
thrown [s\open\src\hotspot\share\interpreter\linkResolver.cpp, line 774]
Event: 44.418 Thread 0x000002077e37b510 Exception <a 'java/lang/NoSuchMethodError'{0x00000000c901f570}: 'java.lang.Object java.lang.invoke.Invokers$Holder.linkToTargetMethod(java.lang.Object, java.lang.Object, int, int, int, int, int, java.lang.Object)'> (0x00000000c901f570) 
thrown [s\open\src\hotspot\share\interpreter\linkResolver.cpp, line 774]

VM Operations (20 events):
Event: 46.767 Executing VM operation: Cleanup done
Event: 48.768 Executing VM operation: Cleanup
Event: 48.768 Executing VM operation: Cleanup done
Event: 49.768 Executing VM operation: Cleanup
Event: 49.768 Executing VM operation: Cleanup done
Event: 51.770 Executing VM operation: Cleanup
Event: 51.770 Executing VM operation: Cleanup done
Event: 52.770 Executing VM operation: Cleanup
Event: 52.770 Executing VM operation: Cleanup done
Event: 56.773 Executing VM operation: Cleanup
Event: 56.773 Executing VM operation: Cleanup done
Event: 58.774 Executing VM operation: Cleanup
Event: 58.774 Executing VM operation: Cleanup done
Event: 60.775 Executing VM operation: Cleanup
Event: 60.775 Executing VM operation: Cleanup done
Event: 63.777 Executing VM operation: Cleanup
Event: 63.778 Executing VM operation: Cleanup done
Event: 67.779 Executing VM operation: Cleanup
Event: 67.779 Executing VM operation: Cleanup done
Event: 68.691 Executing VM operation: G1CollectForAllocation

Events (20 events):
Event: 24.760 Thread 0x000002077dadb850 flushing nmethod 0x0000020700ca7210
Event: 24.760 Thread 0x000002077dadb850 flushing nmethod 0x0000020700cadb10
Event: 24.760 Thread 0x000002077dadb850 flushing nmethod 0x0000020700cb3790
Event: 24.760 Thread 0x000002077dadb850 flushing nmethod 0x0000020700cb4f10
Event: 24.760 Thread 0x000002077dadb850 flushing nmethod 0x0000020700cb5290
Event: 24.760 Thread 0x000002077dadb850 flushing nmethod 0x0000020700cb7510
Event: 24.760 Thread 0x000002077dadb850 flushing nmethod 0x0000020700cb8b90
Event: 24.760 Thread 0x000002077dadb850 flushing nmethod 0x0000020700cba710
Event: 24.760 Thread 0x000002077dadb850 flushing nmethod 0x0000020700cbab90
Event: 24.760 Thread 0x000002077dadb850 flushing nmethod 0x0000020700cc2d90
Event: 24.760 Thread 0x000002077dadb850 flushing nmethod 0x0000020700ce0090
Event: 24.760 Thread 0x000002077dadb850 flushing nmethod 0x0000020700ce2310
Event: 24.760 Thread 0x000002077dadb850 flushing nmethod 0x0000020700ceb010
Event: 24.760 Thread 0x000002077dadb850 flushing nmethod 0x0000020700ceb910
Event: 24.760 Thread 0x000002077dadb850 flushing nmethod 0x0000020700cef390
Event: 24.760 Thread 0x000002077dadb850 flushing nmethod 0x0000020700d02c10
Event: 24.760 Thread 0x000002077dadb850 flushing nmethod 0x0000020700d04990
Event: 24.760 Thread 0x000002077dadb850 flushing nmethod 0x0000020700d05d90
Event: 24.760 Thread 0x000002077dadb850 flushing nmethod 0x0000020700d06490
Event: 24.760 Thread 0x000002077dadb850 flushing nmethod 0x0000020700d08010


Dynamic libraries:
0x00007ff77a8e0000 - 0x00007ff77a8f0000 	C:\Program Files\Java\jdk-19\bin\java.exe
0x00007ffe51210000 - 0x00007ffe51408000 	C:\Windows\SYSTEM32\ntdll.dll
0x00007ffe505e0000 - 0x00007ffe5069f000 	C:\Windows\System32\KERNEL32.DLL
0x00007ffe4eb10000 - 0x00007ffe4ede2000 	C:\Windows\System32\KERNELBASE.dll
0x00007ffe4edf0000 - 0x00007ffe4eef0000 	C:\Windows\System32\ucrtbase.dll
0x00007ffe492c0000 - 0x00007ffe492d8000 	C:\Program Files\Java\jdk-19\bin\jli.dll
0x00007ffe50ff0000 - 0x00007ffe5109e000 	C:\Windows\System32\ADVAPI32.dll
0x00007ffe504b0000 - 0x00007ffe5054e000 	C:\Windows\System32\msvcrt.dll
0x00007ffe4f260000 - 0x00007ffe4f2fc000 	C:\Windows\System32\sechost.dll
0x00007ffe4fe90000 - 0x00007ffe4ffb5000 	C:\Windows\System32\RPCRT4.dll
0x00007ffe4f7c0000 - 0x00007ffe4f95d000 	C:\Windows\System32\USER32.dll
0x00007ffe4e940000 - 0x00007ffe4e962000 	C:\Windows\System32\win32u.dll
0x00007ffe4f5a0000 - 0x00007ffe4f5cb000 	C:\Windows\System32\GDI32.dll
0x00007ffe4eef0000 - 0x00007ffe4efff000 	C:\Windows\System32\gdi32full.dll
0x00007ffe4e970000 - 0x00007ffe4ea0d000 	C:\Windows\System32\msvcp_win.dll
0x00007ffe492a0000 - 0x00007ffe492bb000 	C:\Program Files\Java\jdk-19\bin\VCRUNTIME140.dll
0x00007ffe344f0000 - 0x00007ffe3478a000 	C:\Windows\WinSxS\amd64_microsoft.windows.common-controls_6595b64144ccf1df_6.0.19041.1110_none_60b5254171f9507e\COMCTL32.dll
0x00007ffe479e0000 - 0x00007ffe479ea000 	C:\Windows\SYSTEM32\VERSION.dll
0x00007ffe4f780000 - 0x00007ffe4f7b2000 	C:\Windows\System32\IMM32.DLL
0x00007ffe49a10000 - 0x00007ffe49a1c000 	C:\Program Files\Java\jdk-19\bin\vcruntime140_1.dll
0x00007ffe31c50000 - 0x00007ffe31cde000 	C:\Program Files\Java\jdk-19\bin\msvcp140.dll
0x00007ffde87b0000 - 0x00007ffde9470000 	C:\Program Files\Java\jdk-19\bin\server\jvm.dll
0x00007ffe40780000 - 0x00007ffe40789000 	C:\Windows\SYSTEM32\WSOCK32.dll
0x00007ffe506a0000 - 0x00007ffe5070b000 	C:\Windows\System32\WS2_32.dll
0x00007ffe479f0000 - 0x00007ffe47a17000 	C:\Windows\SYSTEM32\WINMM.dll
0x00007ffe4c710000 - 0x00007ffe4c722000 	C:\Windows\SYSTEM32\kernel.appcore.dll
0x00007ffe49290000 - 0x00007ffe4929a000 	C:\Program Files\Java\jdk-19\bin\jimage.dll
0x00007ffe475b0000 - 0x00007ffe47794000 	C:\Windows\SYSTEM32\DBGHELP.DLL
0x00007ffe479b0000 - 0x00007ffe479dc000 	C:\Windows\SYSTEM32\dbgcore.DLL
0x00007ffe4ea10000 - 0x00007ffe4ea92000 	C:\Windows\System32\bcryptPrimitives.dll
0x00007ffe4a360000 - 0x00007ffe4a36e000 	C:\Program Files\Java\jdk-19\bin\instrument.dll
0x00007ffe48680000 - 0x00007ffe486a6000 	C:\Program Files\Java\jdk-19\bin\java.dll
0x00007ffe31790000 - 0x00007ffe31867000 	C:\Program Files\Java\jdk-19\bin\jsvml.dll
0x00007ffe50710000 - 0x00007ffe50e53000 	C:\Windows\System32\SHELL32.dll
0x00007ffe4c9f0000 - 0x00007ffe4d182000 	C:\Windows\SYSTEM32\windows.storage.dll
0x00007ffe50030000 - 0x00007ffe50384000 	C:\Windows\System32\combase.dll
0x00007ffe4e290000 - 0x00007ffe4e2c0000 	C:\Windows\SYSTEM32\Wldp.dll
0x00007ffe4fde0000 - 0x00007ffe4fe8d000 	C:\Windows\System32\SHCORE.dll
0x00007ffe4ffd0000 - 0x00007ffe50025000 	C:\Windows\System32\shlwapi.dll
0x00007ffe4e850000 - 0x00007ffe4e86f000 	C:\Windows\SYSTEM32\profapi.dll
0x00007ffe49270000 - 0x00007ffe49283000 	C:\Program Files\Java\jdk-19\bin\net.dll
0x00007ffe44b10000 - 0x00007ffe44c1c000 	C:\Windows\SYSTEM32\WINHTTP.dll
0x00007ffe4dff0000 - 0x00007ffe4e05a000 	C:\Windows\system32\mswsock.dll
0x00007ffe48660000 - 0x00007ffe48676000 	C:\Program Files\Java\jdk-19\bin\nio.dll
0x00007ffe464e0000 - 0x00007ffe464f8000 	C:\Program Files\Java\jdk-19\bin\zip.dll
0x00007ffe41bd0000 - 0x00007ffe41bea000 	C:\Program Files\JetBrains\IntelliJ IDEA 2022.3\bin\breakgen64.dll
0x00007ffe48650000 - 0x00007ffe48658000 	C:\Program Files\Java\jdk-19\bin\extnet.dll
0x000002076f5d0000 - 0x000002076f5d3000 	C:\Program Files\Java\javafx-sdk-19\bin\api-ms-win-core-console-l1-1-0.dll
0x000002076f5e0000 - 0x000002076f5e3000 	C:\Program Files\Java\javafx-sdk-19\bin\api-ms-win-core-console-l1-2-0.dll
0x000002076f5f0000 - 0x000002076f5f3000 	C:\Program Files\Java\javafx-sdk-19\bin\api-ms-win-core-datetime-l1-1-0.dll
0x000002076f600000 - 0x000002076f603000 	C:\Program Files\Java\javafx-sdk-19\bin\api-ms-win-core-debug-l1-1-0.dll
0x000002076f610000 - 0x000002076f613000 	C:\Program Files\Java\javafx-sdk-19\bin\api-ms-win-core-errorhandling-l1-1-0.dll
0x000002076f620000 - 0x000002076f624000 	C:\Program Files\Java\javafx-sdk-19\bin\api-ms-win-core-file-l1-1-0.dll
0x000002077e8a0000 - 0x000002077e8a3000 	C:\Program Files\Java\javafx-sdk-19\bin\api-ms-win-core-file-l1-2-0.dll
0x000002077e8b0000 - 0x000002077e8b3000 	C:\Program Files\Java\javafx-sdk-19\bin\api-ms-win-core-file-l2-1-0.dll
0x000002077e8c0000 - 0x000002077e8c3000 	C:\Program Files\Java\javafx-sdk-19\bin\api-ms-win-core-handle-l1-1-0.dll
0x000002077e8d0000 - 0x000002077e8d3000 	C:\Program Files\Java\javafx-sdk-19\bin\api-ms-win-core-heap-l1-1-0.dll
0x000002077e8e0000 - 0x000002077e8e3000 	C:\Program Files\Java\javafx-sdk-19\bin\api-ms-win-core-interlocked-l1-1-0.dll
0x000002077e8f0000 - 0x000002077e8f3000 	C:\Program Files\Java\javafx-sdk-19\bin\api-ms-win-core-libraryloader-l1-1-0.dll
0x000002077e900000 - 0x000002077e903000 	C:\Program Files\Java\javafx-sdk-19\bin\api-ms-win-core-localization-l1-2-0.dll
0x000002077e910000 - 0x000002077e913000 	C:\Program Files\Java\javafx-sdk-19\bin\api-ms-win-core-memory-l1-1-0.dll
0x000002077e920000 - 0x000002077e923000 	C:\Program Files\Java\javafx-sdk-19\bin\api-ms-win-core-namedpipe-l1-1-0.dll
0x000002077e930000 - 0x000002077e933000 	C:\Program Files\Java\javafx-sdk-19\bin\api-ms-win-core-processenvironment-l1-1-0.dll
0x000002077e940000 - 0x000002077e943000 	C:\Program Files\Java\javafx-sdk-19\bin\api-ms-win-core-processthreads-l1-1-0.dll
0x000002077e950000 - 0x000002077e953000 	C:\Program Files\Java\javafx-sdk-19\bin\api-ms-win-core-processthreads-l1-1-1.dll
0x000002077e960000 - 0x000002077e963000 	C:\Program Files\Java\javafx-sdk-19\bin\api-ms-win-core-profile-l1-1-0.dll
0x000002077e970000 - 0x000002077e973000 	C:\Program Files\Java\javafx-sdk-19\bin\api-ms-win-core-rtlsupport-l1-1-0.dll
0x000002077e980000 - 0x000002077e983000 	C:\Program Files\Java\javafx-sdk-19\bin\api-ms-win-core-string-l1-1-0.dll
0x000002077e990000 - 0x000002077e993000 	C:\Program Files\Java\javafx-sdk-19\bin\api-ms-win-core-synch-l1-1-0.dll
0x000002077e9a0000 - 0x000002077e9a3000 	C:\Program Files\Java\javafx-sdk-19\bin\api-ms-win-core-synch-l1-2-0.dll
0x000002077e9b0000 - 0x000002077e9b3000 	C:\Program Files\Java\javafx-sdk-19\bin\api-ms-win-core-sysinfo-l1-1-0.dll
0x000002077e9c0000 - 0x000002077e9c3000 	C:\Program Files\Java\javafx-sdk-19\bin\api-ms-win-core-timezone-l1-1-0.dll
0x000002077e9d0000 - 0x000002077e9d3000 	C:\Program Files\Java\javafx-sdk-19\bin\api-ms-win-core-util-l1-1-0.dll
0x000002077e9e0000 - 0x000002077e9e3000 	C:\Program Files\Java\javafx-sdk-19\bin\api-ms-win-crt-conio-l1-1-0.dll
0x000002077e9f0000 - 0x000002077e9f4000 	C:\Program Files\Java\javafx-sdk-19\bin\api-ms-win-crt-convert-l1-1-0.dll
0x000002077ea00000 - 0x000002077ea03000 	C:\Program Files\Java\javafx-sdk-19\bin\api-ms-win-crt-environment-l1-1-0.dll
0x000002077ea10000 - 0x000002077ea13000 	C:\Program Files\Java\javafx-sdk-19\bin\api-ms-win-crt-filesystem-l1-1-0.dll
0x000002077ea20000 - 0x000002077ea23000 	C:\Program Files\Java\javafx-sdk-19\bin\api-ms-win-crt-heap-l1-1-0.dll
0x000002077ea30000 - 0x000002077ea33000 	C:\Program Files\Java\javafx-sdk-19\bin\api-ms-win-crt-locale-l1-1-0.dll
0x000002077ea40000 - 0x000002077ea45000 	C:\Program Files\Java\javafx-sdk-19\bin\api-ms-win-crt-math-l1-1-0.dll
0x000002077ea50000 - 0x000002077ea55000 	C:\Program Files\Java\javafx-sdk-19\bin\api-ms-win-crt-multibyte-l1-1-0.dll
0x000002077ea60000 - 0x000002077ea70000 	C:\Program Files\Java\javafx-sdk-19\bin\api-ms-win-crt-private-l1-1-0.dll
0x000002077ea70000 - 0x000002077ea73000 	C:\Program Files\Java\javafx-sdk-19\bin\api-ms-win-crt-process-l1-1-0.dll
0x000002077ea80000 - 0x000002077ea84000 	C:\Program Files\Java\javafx-sdk-19\bin\api-ms-win-crt-runtime-l1-1-0.dll
0x000002077ea90000 - 0x000002077ea94000 	C:\Program Files\Java\javafx-sdk-19\bin\api-ms-win-crt-stdio-l1-1-0.dll
0x000002077eaa0000 - 0x000002077eaa4000 	C:\Program Files\Java\javafx-sdk-19\bin\api-ms-win-crt-string-l1-1-0.dll
0x000002077eab0000 - 0x000002077eab3000 	C:\Program Files\Java\javafx-sdk-19\bin\api-ms-win-crt-time-l1-1-0.dll
0x000002077eac0000 - 0x000002077eac3000 	C:\Program Files\Java\javafx-sdk-19\bin\api-ms-win-crt-utility-l1-1-0.dll
0x00007ffe226e0000 - 0x00007ffe227dc000 	C:\Program Files\Java\javafx-sdk-19\bin\ucrtbase.dll
0x00007ffe41ba0000 - 0x00007ffe41bbb000 	C:\Program Files\Java\javafx-sdk-19\bin\vcruntime140.dll
0x00007ffe413a0000 - 0x00007ffe413ac000 	C:\Program Files\Java\javafx-sdk-19\bin\vcruntime140_1.dll
0x00007ffe250e0000 - 0x00007ffe2516e000 	C:\Program Files\Java\javafx-sdk-19\bin\msvcp140.dll
0x00007ffe41230000 - 0x00007ffe41239000 	C:\Program Files\Java\javafx-sdk-19\bin\msvcp140_1.dll
0x00007ffe37cf0000 - 0x00007ffe37d20000 	C:\Program Files\Java\javafx-sdk-19\bin\msvcp140_2.dll
0x00007ffe35aa0000 - 0x00007ffe35acc000 	C:\Program Files\Java\javafx-sdk-19\bin\prism_d3d.dll
0x00007ffe31e90000 - 0x00007ffe3205f000 	C:\Windows\system32\d3d9.dll
0x00007ffe4c6e0000 - 0x00007ffe4c70f000 	C:\Windows\SYSTEM32\dwmapi.dll
0x00007ffe4c320000 - 0x00007ffe4c3be000 	C:\Windows\system32\uxtheme.dll
0x00007ffe47c90000 - 0x00007ffe47ca9000 	C:\Windows\SYSTEM32\vm3dum64_loader.dll
0x00007ffe510a0000 - 0x00007ffe511ca000 	C:\Windows\System32\ole32.dll
0x00007ffe4e200000 - 0x00007ffe4e20c000 	C:\Windows\SYSTEM32\CRYPTBASE.DLL
0x00007ffe325b0000 - 0x00007ffe32620000 	C:\Windows\system32\vm3dum64.dll
0x00007ffe31680000 - 0x00007ffe316c2000 	C:\Program Files\Java\javafx-sdk-19\bin\glass.dll
0x00007ffe4f360000 - 0x00007ffe4f43a000 	C:\Windows\System32\COMDLG32.dll
0x00007ffe50e60000 - 0x00007ffe50f2d000 	C:\Windows\System32\OLEAUT32.dll
0x00007ffe50390000 - 0x00007ffe504a5000 	C:\Windows\System32\MSCTF.dll
0x00007ffe35bb0000 - 0x00007ffe35bc4000 	C:\Program Files\Java\javafx-sdk-19\bin\javafx_font.dll
0x00007ffe439e0000 - 0x00007ffe43c5f000 	C:\Windows\SYSTEM32\dwrite.dll
0x00007ffe4f440000 - 0x00007ffe4f4ef000 	C:\Windows\System32\clbcatq.dll
0x00007ffe49850000 - 0x00007ffe49a04000 	C:\Windows\SYSTEM32\WindowsCodecs.dll
0x00007ffe4e910000 - 0x00007ffe4e937000 	C:\Windows\System32\bcrypt.dll
0x00007ffe29150000 - 0x00007ffe2918e000 	C:\Windows\system32\dataexchange.dll
0x00007ffe4b4c0000 - 0x00007ffe4b6a3000 	C:\Windows\system32\dcomp.dll
0x00007ffe4ac90000 - 0x00007ffe4aef3000 	C:\Windows\system32\d3d11.dll
0x00007ffe4d1d0000 - 0x00007ffe4d2c3000 	C:\Windows\system32\dxgi.dll
0x00007ffe49ad0000 - 0x00007ffe49cd0000 	C:\Windows\system32\twinapi.appcore.dll
0x00007ffe322e0000 - 0x00007ffe32314000 	C:\Program Files\Common Files\Microsoft Shared\Ink\rtscom.dll
0x00007ffe45f10000 - 0x00007ffe46009000 	C:\Windows\SYSTEM32\textinputframework.dll
0x00007ffe4b800000 - 0x00007ffe4bb5e000 	C:\Windows\System32\CoreUIComponents.dll
0x00007ffe4bb60000 - 0x00007ffe4bc52000 	C:\Windows\System32\CoreMessaging.dll
0x00007ffe4da30000 - 0x00007ffe4da63000 	C:\Windows\SYSTEM32\ntmarta.dll
0x00007ffe4a680000 - 0x00007ffe4a7d4000 	C:\Windows\SYSTEM32\wintypes.dll
0x00007ffe35270000 - 0x00007ffe352d6000 	C:\Windows\system32\Oleacc.dll
0x00007ffe411e0000 - 0x00007ffe411ea000 	C:\Program Files\Java\jdk-19\bin\management.dll
0x00007ffe37e70000 - 0x00007ffe37e7b000 	C:\Program Files\Java\jdk-19\bin\management_ext.dll
0x00007ffe50550000 - 0x00007ffe50558000 	C:\Windows\System32\PSAPI.DLL
0x00007ffe41bf0000 - 0x00007ffe41c00000 	C:\Program Files\Java\jdk-19\bin\verify.dll
0x00007ffe4e1e0000 - 0x00007ffe4e1f8000 	C:\Windows\SYSTEM32\CRYPTSP.dll

dbghelp: loaded successfully - version: 4.0.5 - missing functions: none
symbol engine: initialized successfully - sym options: 0x614 - pdb path: .;C:\Program Files\Java\jdk-19\bin;C:\Windows\SYSTEM32;C:\Windows\WinSxS\amd64_microsoft.windows.common-controls_6595b64144ccf1df_6.0.19041.1110_none_60b5254171f9507e;C:\Program Files\Java\jdk-19\bin\server;C:\Program Files\JetBrains\IntelliJ IDEA 2022.3\bin;C:\Program Files\Java\javafx-sdk-19\bin;C:\Program Files\Common Files\Microsoft Shared\Ink

VM Arguments:
jvm_args: --module-path=C:\Program Files\Java\javafx-sdk-19\lib --add-modules=javafx.controls,javafx.fxml -javaagent:C:\Program Files\JetBrains\IntelliJ IDEA 2022.3\lib\idea_rt.jar=62870:C:\Program Files\JetBrains\IntelliJ IDEA 2022.3\bin -Dfile.encoding=UTF-8 -Dsun.stdout.encoding=UTF-8 -Dsun.stderr.encoding=UTF-8 
java_command: com.example.projectfx.HelloApplication
java_class_path (initial): C:\Users\MohammadRehan\IdeaProjects\ProjectFX\target\classes;C:\Program Files\Java\javafx-sdk-19\lib\javafx-swt.jar;C:\Program Files\Java\javafx-sdk-19\lib\javafx.web.jar;C:\Program Files\Java\javafx-sdk-19\lib\javafx.base.jar;C:\Program Files\Java\javafx-sdk-19\lib\javafx.fxml.jar;C:\Program Files\Java\javafx-sdk-19\lib\javafx.media.jar;C:\Program Files\Java\javafx-sdk-19\lib\javafx.swing.jar;C:\Program Files\Java\javafx-sdk-19\lib\javafx.controls.jar;C:\Program Files\Java\javafx-sdk-19\lib\javafx.graphics.jar;C:\Users\MohammadRehan\IdeaProjects\ProjectFX\lib\ojdbc11-21.7.0.0.jar;C:\Users\MohammadRehan\IdeaProjects\ProjectFX\lib\spring-jdbc-5.3.24.jar;C:\Users\MohammadRehan\IdeaProjects\ProjectFX\lib\spring-beans-5.3.24.jar;C:\Users\MohammadRehan\IdeaProjects\ProjectFX\lib\spring-core-5.3.24.jar;C:\Users\MohammadRehan\IdeaProjects\ProjectFX\lib\spring-jcl-5.3.24.jar;C:\Users\MohammadRehan\IdeaProjects\ProjectFX\lib\spring-tx-5.3.24.jar;C:\Users\MohammadRehan\IdeaProjects\ProjectFX\lib\AnimateFX-1.2.3.jar;C:\Users\MohammadRehan\Desktop\jasperreports-6.7.1\dist\jasperreports-6.7.1.jar;C:\Users\MohammadRehan\Desktop\jasperreports-6.7.1\dist\jasperreports-javaflow-6.7.1.jar;C:\Users\MohammadRehan\Desktop\jasperreports-6.2.0\lib\ant-1.7.1.jar;C:\Users\MohammadRehan\Desktop\jasperreports-6.2.0\lib\antlr-2.7.5.jar;C:\Users\MohammadRehan\Desktop\jasperreports-6.2.0\lib\barbecue-1.5-beta1.jar;C:\Users\MohammadRehan\Desktop\jasperreports-6.2.0\lib\barcode4j-2.1.jar;C:\Users\MohammadRehan\Desktop\jasperreports-6.2.0\lib\batik-anim.jar;C:\Users\MohammadRehan\Desktop\jasperreports-6.2.0\lib\batik-awt-util.jar;C:\Users\MohammadRehan\Desktop\jasperreports-6.2.0\lib\batik-bridge.jar;C:\Users\MohammadRehan\Desktop\jasperreports-6.2.0\lib\batik-css.jar;C:\Users\MohammadRehan\Desktop\jasperreports-6.2.0\lib\batik-dom.jar;C:\Users\MohammadRehan\Desktop\jasperreports-6.2.0\lib\batik-ext.jar;C:\Users\MohammadRehan\Desktop\jasperreports-6.2.0\lib\batik-gvt.jar;C:\Users\MohammadRehan\Desktop\jasperreports-6.2.0\lib\batik-parser.jar;C:\Users\MohammadRehan\Desktop\jasperreports-6.2.0\lib\batik-script.jar;C:\Users\MohammadRehan\Desktop\jasperreports-6.2.0\lib\batik-svg-dom.jar;C:\Users\MohammadRehan\Desktop\jasperreports-6.2.0\lib\batik-svggen.jar;C:\Users\MohammadRehan\Desktop\jasperreports-6.2.0\lib\batik-util.jar;C:\Users\MohammadRehan\Desktop\jasperreports-6.2.0\lib\batik-xml.jar;C:\Users\MohammadRehan\Desktop\jasperreports-6.2.0\lib\bcel-5.2.jar;C:\Users\MohammadRehan\Desktop\jasperreports-6.2.0\lib\bsh-2.0b4.jar;C:\Users\MohammadRehan\Desktop\jasperreports-6.2.0\lib\castor-core-1.3.3.jar;C:\Users\MohammadRehan\Desktop\jasperreports-6.2.0\lib\castor-xml-1.3.3.jar;C:\Users\MohammadRehan\Desktop\jasperreports-6.2.0\lib\commons-beanutils-1.9.0.jar;C:\Users\MohammadRehan\Desktop\jasperreports-6.2.0\lib\commons-codec-1.5.jar;C:\Users\MohammadRehan\Desktop\jasperreports-6.2.0\lib\commons-collections-3.2.1.jar;C:\Users\MohammadRehan\Desktop\jasperreports-6.2.0\lib\commons-digester-2.1.jar;C:\Users\MohammadRehan\Desktop\jasperreports-6.2.0\lib\commons-javaflow-20060411.jar;C:\Users\MohammadRehan\Desktop\jasperreports-6.2.0\lib\commons-logging-1.1.1.jar;C:\Users\MohammadRehan\Desktop\jasperreports-6.2.0\lib\core-2.3.0.jar;C:\Users\MohammadRehan\Desktop\jasperreports-6.2.0\lib\dom4j-1.6.1.jar;C:\Users\MohammadRehan\Desktop\jasperreports-6.2.0\lib\ecj-4.3.1.jar;C:\Users\MohammadRehan\Desktop\jasperreports-6.2.0\lib\groovy-all-2.4.3.jar;C:\Users\MohammadRehan\Desktop\jasperreports-6.2.0\lib\hibernate-core-3.3.2.GA.jar;C:\Users\MohammadRehan\Desktop\jasperreports-6.2.0\lib\hsqldb-1.8.0-10.jar;C:\Users\MohammadRehan\Desktop\jasperreports-6.2.0\lib\httpclient-4.3.4.jar;C:\Users\MohammadRehan\Desktop\jasperreports-6.2.0\lib\httpcore-4.3.2.jar;C:\Users\MohammadRehan\Desktop\jasperreports-6.2.0\lib\itext-2.1.7.js4.jar;C:\Users\MohammadRehan\Desktop\jasperreports-6.2.0\lib\jackson-annotations-2.1.4.jar;C:\Users\MohammadRehan\Desktop\jasperreports-6.2.0\lib\jackson-core-2.1.4.jar;C:\Users\MohammadRehan\Desktop\jasperreports-6.2.0\lib\jackson-databind-2.1.4.jar;C:\Users\MohammadRehan\Desktop\jasperreports-6.2.0\lib\jaxen-1.1.1.jar;C:\Users\MohammadRehan\Desktop\jasperreports-6.2.0\lib\jcommon-1.0.23.jar;C:\Users\MohammadRehan\Desktop\jasperreports-6.2.0\lib\jfreechart-1.0.19.jar;C:\Users\MohammadRehan\Desktop\jasperreports-6.2.0\lib\jpa.jar;C:\Users\MohammadRehan\Desktop\jasperreports-6.2.0\lib\jxl-2.6.10.jar;C:\Users\MohammadRehan\Desktop\jasperreports-6.2.0\lib\log4j-1.2.15.jar;C:\Users\MohammadRehan\Desktop\jasperreports-6.2.0\lib\lucene-analyzers-common-4.5.1.jar;C:\Users\MohammadRehan\Desktop\jasperreports-6.2.0\lib\lucene-core-4.5.1.jar;C:\Users\MohammadRehan\Desktop\jasperreports-6.2.0\lib\lucene-queryparser-4.5.1.jar;C:\Users\MohammadRehan\Desktop\jasperreports-6.2.0\lib\mondrian-3.1.1.12687.jar;C:\Users\MohammadRehan\Desktop\jasperreports-6.2.0\lib\olap4j-0.9.7.309-JS-3.jar;C:\Users\MohammadRehan\Desktop\jasperreports-6.2.0\lib\png-encoder-1.5.jar;C:\Users\MohammadRehan\Desktop\jasperreports-6.2.0\lib\poi-3.10.1.jar;C:\Users\MohammadRehan\Desktop\jasperreports-6.2.0\lib\poi-ooxml-3.10.1.jar;C:\Users\MohammadRehan\Desktop\jasperreports-6.2.0\lib\poi-ooxml-schemas-3.10.1.jar;C:\Users\MohammadRehan\Desktop\jasperreports-6.2.0\lib\rhino-1.7.6.jar;C:\Users\MohammadRehan\Desktop\jasperreports-6.2.0\lib\saaj-api-1.3.jar;C:\Users\MohammadRehan\Desktop\jasperreports-6.2.0\lib\serializer.jar;C:\Users\MohammadRehan\Desktop\jasperreports-6.2.0\lib\servlet-api-2.4.jar;C:\Users\MohammadRehan\Desktop\jasperreports-6.2.0\lib\spring-beans-2.5.5.jar;C:\Users\MohammadRehan\Desktop\jasperreports-6.2.0\lib\spring-core-2.5.5.jar;C:\Users\MohammadRehan\Desktop\jasperreports-6.2.0\lib\velocity-1.7-dep.jar;C:\Users\MohammadRehan\Desktop\jasperreports-6.2.0\lib\xalan-2.7.1.jar;C:\Users\MohammadRehan\Desktop\jasperreports-6.2.0\lib\xercesImpl-2.10.0.jar;C:\Users\MohammadRehan\Desktop\jasperreports-6.2.0\lib\xml-apis-ext.jar;C:\Users\MohammadRehan\Desktop\jasperreports-6.2.0\lib\xml-apis.jar;C:\Users\MohammadRehan\Desktop\jasperreports-6.2.0\lib\xmlbeans-2.5.0.jar;C:\Users\MohammadRehan\Desktop\jasperreports-6.2.0\lib\xmpcore-5.1.1.jar
Launcher Type: SUN_STANDARD

[Global flags]
     intx CICompilerCount                          = 2                                         {product} {ergonomic}
     uint ConcGCThreads                            = 1                                         {product} {ergonomic}
     uint G1ConcRefinementThreads                  = 2                                         {product} {ergonomic}
   size_t G1HeapRegionSize                         = 1048576                                   {product} {ergonomic}
    uintx GCDrainStackTargetSize                   = 64                                        {product} {ergonomic}
   size_t InitialHeapSize                          = 67108864                                  {product} {ergonomic}
   size_t MarkStackSize                            = 4194304                                   {product} {ergonomic}
   size_t MaxHeapSize                              = 1073741824                                {product} {ergonomic}
   size_t MaxNewSize                               = 643825664                                 {product} {ergonomic}
   size_t MinHeapDeltaBytes                        = 1048576                                   {product} {ergonomic}
   size_t MinHeapSize                              = 8388608                                   {product} {ergonomic}
    uintx NonNMethodCodeHeapSize                   = 5826188                                {pd product} {ergonomic}
    uintx NonProfiledCodeHeapSize                  = 122916026                              {pd product} {ergonomic}
    uintx ProfiledCodeHeapSize                     = 122916026                              {pd product} {ergonomic}
    uintx ReservedCodeCacheSize                    = 251658240                              {pd product} {ergonomic}
     bool SegmentedCodeCache                       = true                                      {product} {ergonomic}
   size_t SoftMaxHeapSize                          = 1073741824                             {manageable} {ergonomic}
     bool UseCompressedClassPointers               = true                           {product lp64_product} {ergonomic}
     bool UseCompressedOops                        = true                           {product lp64_product} {ergonomic}
     bool UseG1GC                                  = true                                      {product} {ergonomic}
     bool UseLargePagesIndividualAllocation        = false                                  {pd product} {ergonomic}

Logging:
Log output configuration:
 #0: stdout all=warning uptime,level,tags foldmultilines=false
 #1: stderr all=off uptime,level,tags foldmultilines=false

Environment Variables:
PATH=C:\app\MohammadRehan\product\21c\dbhomeXE\bin;C:\Program Files\Common Files\Oracle\Java\javapath;C:\Windows\system32;C:\Windows;C:\Windows\System32\Wbem;C:\Windows\System32\WindowsPowerShell\v1.0\;C:\Windows\System32\OpenSSH\;C:\app\MohammadRehan\product\21c\dbhomeXE\jdbc\lib\ojdbc11.jar;C:\Program Files\Git\cmd;C:\Users\MohammadRehan\AppData\Local\Microsoft\WindowsApps;
USERNAME=MohammadRehan
OS=Windows_NT
PROCESSOR_IDENTIFIER=Intel64 Family 6 Model 158 Stepping 10, GenuineIntel
TMP=C:\Users\MOHAMM~1\AppData\Local\Temp
TEMP=C:\Users\MOHAMM~1\AppData\Local\Temp



---------------  S Y S T E M  ---------------

OS:
 Windows 10 , 64 bit Build 19041 (10.0.19041.2251)
OS uptime: 1 days 20:54 hours
VMWare virtualization detected

CPU: total 2 (initial active 2) (2 cores per cpu, 1 threads per core) family 6 model 158 stepping 10 microcode 0xb4, cx8, cmov, fxsr, mmx, 3dnowpref, sse, sse2, sse3, ssse3, sse4.1, sse4.2, popcnt, lzcnt, tsc, tscinvbit, avx, avx2, aes, erms, clmul, bmi1, bmi2, adx, fma, vzeroupper, clflush, clflushopt, hv, rdtscp

Memory: 4k page, system-wide physical 4095M (543M free)
TotalPageFile size 11704M (AvailPageFile size 90M)
current process WorkingSet (physical memory assigned to process): 248M, peak: 295M
current process commit charge ("private bytes"): 538M, peak: 806M

vm_info: Java HotSpot(TM) 64-Bit Server VM (19.0.1+10-21) for windows-amd64 JRE (19.0.1+10-21), built on 2022-09-14T12:45:06Z by "mach5one" with MS VC++ 17.1 (VS2022)

END.
