#
# There is insufficient memory for the Java Runtime Environment to continue.
# Native memory allocation (malloc) failed to allocate 768432 bytes for Chunk::new
# Possible reasons:
#   The system is out of physical RAM or swap space
#   The process is running with CompressedOops enabled, and the Java Heap may be blocking the growth of the native heap
# Possible solutions:
#   Reduce memory load on the system
#   Increase physical memory or swap space
#   Check if swap backing store is full
#   Decrease Java heap size (-Xmx/-Xms)
#   Decrease number of Java threads
#   Decrease Java thread stack sizes (-Xss)
#   Set larger code cache with -XX:ReservedCodeCacheSize=
#   JVM is running with Unscaled Compressed Oops mode in which the Java heap is
#     placed in the first 4GB address space. The Java Heap base address is the
#     maximum limit for the native heap growth. Please use -XX:HeapBaseMinAddress
#     to set the Java Heap base and to place the Java Heap above 4GB virtual address.
# This output file may be truncated or incomplete.
#
#  Out of Memory Error (arena.cpp:184), pid=2472, tid=8968
#
# JRE version: Java(TM) SE Runtime Environment (19.0.1+10) (build 19.0.1+10-21)
# Java VM: Java HotSpot(TM) 64-Bit Server VM (19.0.1+10-21, mixed mode, sharing, tiered, compressed oops, compressed class ptrs, g1 gc, windows-amd64)
# No core dump will be written. Minidumps are not enabled by default on client versions of Windows
#

---------------  S U M M A R Y ------------

Command Line: --module-path=C:\Program Files\Java\javafx-sdk-19\lib --add-modules=javafx.controls,javafx.fxml -javaagent:C:\Program Files\JetBrains\IntelliJ IDEA 2022.3\lib\idea_rt.jar=55947:C:\Program Files\JetBrains\IntelliJ IDEA 2022.3\bin -Dfile.encoding=UTF-8 -Dsun.stdout.encoding=UTF-8 -Dsun.stderr.encoding=UTF-8 com.example.projectfx.HelloApplication

Host: Intel(R) Core(TM) i7-9750H CPU @ 2.60GHz, 2 cores, 3G,  Windows 10 , 64 bit Build 19041 (10.0.19041.2251)
Time: Wed Dec 14 23:36:14 2022 West Bank Gaza Standard Time elapsed time: 17.767405 seconds (0d 0h 0m 17s)

---------------  T H R E A D  ---------------

Current thread (0x0000019ba29a8ab0):  JavaThread "C2 CompilerThread0" daemon [_thread_in_native, id=8968, stack(0x0000001251500000,0x0000001251600000)]


Current CompileTask:
C2:  17767 6376       4       com.sun.prism.impl.ps.BaseShaderGraphics::renderGeneralRoundedPgram (1199 bytes)

Stack: [0x0000001251500000,0x0000001251600000]
Native frames: (J=compiled Java code, j=interpreted, Vv=VM code, C=native code)
V  [jvm.dll+0x6ee8fa]
V  [jvm.dll+0x857a1e]
V  [jvm.dll+0x85940e]
V  [jvm.dll+0x859ac3]
V  [jvm.dll+0x28291f]
V  [jvm.dll+0xc9b5f]
V  [jvm.dll+0xc9ee5]
V  [jvm.dll+0x3bcbac]
V  [jvm.dll+0x1ee12a]
V  [jvm.dll+0x24c41b]
V  [jvm.dll+0x24b671]
V  [jvm.dll+0x1d6d61]
V  [jvm.dll+0x25b0fa]
V  [jvm.dll+0x259588]
V  [jvm.dll+0x807928]
V  [jvm.dll+0x8015fa]
V  [jvm.dll+0x6ed5eb]
C  [ucrtbase.dll+0x21bb2]
C  [KERNEL32.DLL+0x174b4]
C  [ntdll.dll+0x526a1]


---------------  P R O C E S S  ---------------

Threads class SMR info:
_java_thread_list=0x0000019ba9ce5db0, length=23, elements={
0x0000019b874e6050, 0x0000019ba299f4a0, 0x0000019ba29a0290, 0x0000019ba29a2600,
0x0000019ba29a6310, 0x0000019ba29a6c40, 0x0000019ba29a7570, 0x0000019ba29a8ab0,
0x0000019ba29b16a0, 0x0000019ba29d37c0, 0x0000019ba298cb20, 0x0000019ba70280f0,
0x0000019ba7028630, 0x0000019ba73a23e0, 0x0000019ba7407dc0, 0x0000019ba740ced0,
0x0000019ba7527050, 0x0000019ba7542c60, 0x0000019ba75431b0, 0x0000019ba75421c0,
0x0000019ba7541720, 0x0000019ba7544c40, 0x0000019ba7541c70
}

Java Threads: ( => current thread )
  0x0000019b874e6050 JavaThread "main" [_thread_blocked, id=9636, stack(0x0000001250800000,0x0000001250900000)]
  0x0000019ba299f4a0 JavaThread "Reference Handler" daemon [_thread_blocked, id=5036, stack(0x0000001250f00000,0x0000001251000000)]
  0x0000019ba29a0290 JavaThread "Finalizer" daemon [_thread_blocked, id=1708, stack(0x0000001251000000,0x0000001251100000)]
  0x0000019ba29a2600 JavaThread "Signal Dispatcher" daemon [_thread_blocked, id=7388, stack(0x0000001251100000,0x0000001251200000)]
  0x0000019ba29a6310 JavaThread "Attach Listener" daemon [_thread_blocked, id=10648, stack(0x0000001251200000,0x0000001251300000)]
  0x0000019ba29a6c40 JavaThread "Service Thread" daemon [_thread_blocked, id=8452, stack(0x0000001251300000,0x0000001251400000)]
  0x0000019ba29a7570 JavaThread "Monitor Deflation Thread" daemon [_thread_blocked, id=9452, stack(0x0000001251400000,0x0000001251500000)]
=>0x0000019ba29a8ab0 JavaThread "C2 CompilerThread0" daemon [_thread_in_native, id=8968, stack(0x0000001251500000,0x0000001251600000)]
  0x0000019ba29b16a0 JavaThread "C1 CompilerThread0" daemon [_thread_blocked, id=768, stack(0x0000001251600000,0x0000001251700000)]
  0x0000019ba29d37c0 JavaThread "Sweeper thread" daemon [_thread_blocked, id=1364, stack(0x0000001251700000,0x0000001251800000)]
  0x0000019ba298cb20 JavaThread "Common-Cleaner" daemon [_thread_blocked, id=8548, stack(0x0000001251800000,0x0000001251900000)]
  0x0000019ba70280f0 JavaThread "Monitor Ctrl-Break" daemon [_thread_in_native, id=10496, stack(0x0000001251a00000,0x0000001251b00000)]
  0x0000019ba7028630 JavaThread "Notification Thread" daemon [_thread_blocked, id=6328, stack(0x0000001251b00000,0x0000001251c00000)]
  0x0000019ba73a23e0 JavaThread "QuantumRenderer-0" daemon [_thread_in_native, id=11300, stack(0x0000001251d00000,0x0000001251e00000)]
  0x0000019ba7407dc0 JavaThread "InvokeLaterDispatcher" daemon [_thread_blocked, id=5292, stack(0x0000001251f00000,0x0000001252000000)]
  0x0000019ba740ced0 JavaThread "JavaFX Application Thread" [_thread_blocked, id=9888, stack(0x0000001252000000,0x0000001252100000)]
  0x0000019ba7527050 JavaThread "Thread-1" daemon [_thread_in_native, id=4888, stack(0x0000001251e00000,0x0000001251f00000)]
  0x0000019ba7542c60 JavaThread "JavaFX-Launcher" [_thread_blocked, id=8500, stack(0x0000001252100000,0x0000001252200000)]
  0x0000019ba75431b0 JavaThread "Prism Font Disposer" daemon [_thread_blocked, id=11240, stack(0x0000001252500000,0x0000001252600000)]
  0x0000019ba75421c0 JavaThread "Cleaner-0" daemon [_thread_blocked, id=10380, stack(0x0000001252600000,0x0000001252700000)]
  0x0000019ba7541720 JavaThread "oracle.jdbc.driver.BlockSource.ThreadedCachingBlockSource.BlockReleaser" daemon [_thread_blocked, id=5092, stack(0x0000001252700000,0x0000001252800000)]
  0x0000019ba7544c40 JavaThread "InterruptTimer" daemon [_thread_blocked, id=7820, stack(0x0000001252800000,0x0000001252900000)]
  0x0000019ba7541c70 JavaThread "OJDBC-WORKER-THREAD-1" daemon [_thread_blocked, id=1908, stack(0x0000001252900000,0x0000001252a00000)]

Other Threads:
  0x0000019b875a38e0 VMThread "VM Thread" [stack: 0x0000001250e00000,0x0000001250f00000] [id=12068]
  0x0000019ba7029790 WatcherThread "VM Periodic Task Thread" [stack: 0x0000001251c00000,0x0000001251d00000] [id=3572]
  0x0000019b87526e40 WorkerThread "GC Thread#0" [stack: 0x0000001250900000,0x0000001250a00000] [id=5776]
  0x0000019ba6d2beb0 WorkerThread "GC Thread#1" [stack: 0x0000001251900000,0x0000001251a00000] [id=9496]
  0x0000019b87532e80 ConcurrentGCThread "G1 Main Marker" [stack: 0x0000001250a00000,0x0000001250b00000] [id=3060]
  0x0000019b87533f60 WorkerThread "G1 Conc#0" [stack: 0x0000001250b00000,0x0000001250c00000] [id=4064]
  0x0000019b87580ab0 ConcurrentGCThread "G1 Refine#0" [stack: 0x0000001250c00000,0x0000001250d00000] [id=4376]
  0x0000019b87581500 ConcurrentGCThread "G1 Service" [stack: 0x0000001250d00000,0x0000001250e00000] [id=11912]

Threads with active compile tasks:
C2 CompilerThread0    17834 6376       4       com.sun.prism.impl.ps.BaseShaderGraphics::renderGeneralRoundedPgram (1199 bytes)

VM state: not at safepoint (normal execution)

VM Mutex/Monitor currently owned by a thread: None

Heap address: 0x00000000c0000000, size: 1024 MB, Compressed Oops mode: 32-bit

CDS archive(s) mapped at: [0x0000000800000000-0x0000000800c40000-0x0000000800c40000), size 12845056, SharedBaseAddress: 0x0000000800000000, ArchiveRelocationMode: 0.
Compressed class space mapped at: 0x0000000801000000-0x0000000841000000, reserved size: 1073741824
Narrow klass base: 0x0000000800000000, Narrow klass shift: 0, Narrow klass range: 0x100000000

GC Precious Log:
 CardTable entry size: 512
 Card Set container configuration: InlinePtr #cards 5 size 8 Array Of Cards #cards 12 size 40 Howl #buckets 4 coarsen threshold 1843 Howl Bitmap #cards 512 size 80 coarsen threshold 460 Card regions per heap region 1 cards per card region 2048
 CPUs: 2 total, 2 available
 Memory: 4095M
 Large Page Support: Disabled
 NUMA Support: Disabled
 Compressed Oops: Enabled (32-bit)
 Heap Region Size: 1M
 Heap Min Capacity: 8M
 Heap Initial Capacity: 64M
 Heap Max Capacity: 1G
 Pre-touch: Disabled
 Parallel Workers: 2
 Concurrent Workers: 1
 Concurrent Refinement Workers: 2
 Periodic GC: Disabled

Heap:
 garbage-first heap   total 162816K, used 100797K [0x00000000c0000000, 0x0000000100000000)
  region size 1024K, 9 young (9216K), 3 survivors (3072K)
 Metaspace       used 33020K, committed 33408K, reserved 1114112K
  class space    used 4278K, committed 4480K, reserved 1048576K

Heap Regions: E=young(eden), S=young(survivor), O=old, HS=humongous(starts), HC=humongous(continues), CS=collection set, F=free, OA=open archive, CA=closed archive, TAMS=top-at-mark-start (previous, next)
|   0|0x00000000c0000000, 0x00000000c0100000, 0x00000000c0100000|100%|HS|  |TAMS 0x00000000c0100000, 0x00000000c0000000| Complete 
|   1|0x00000000c0100000, 0x00000000c0200000, 0x00000000c0200000|100%| O|  |TAMS 0x00000000c0200000, 0x00000000c0100000| Untracked 
|   2|0x00000000c0200000, 0x00000000c0300000, 0x00000000c0300000|100%| O|  |TAMS 0x00000000c0300000, 0x00000000c0200000| Untracked 
|   3|0x00000000c0300000, 0x00000000c0400000, 0x00000000c0400000|100%| O|  |TAMS 0x00000000c0400000, 0x00000000c0300000| Untracked 
|   4|0x00000000c0400000, 0x00000000c0500000, 0x00000000c0500000|100%| O|  |TAMS 0x00000000c0500000, 0x00000000c0400000| Untracked 
|   5|0x00000000c0500000, 0x00000000c0600000, 0x00000000c0600000|100%| O|  |TAMS 0x00000000c0600000, 0x00000000c0500000| Untracked 
|   6|0x00000000c0600000, 0x00000000c0700000, 0x00000000c0700000|100%| O|  |TAMS 0x00000000c0700000, 0x00000000c0600000| Untracked 
|   7|0x00000000c0700000, 0x00000000c0800000, 0x00000000c0800000|100%| O|  |TAMS 0x00000000c0800000, 0x00000000c0700000| Untracked 
|   8|0x00000000c0800000, 0x00000000c0800000, 0x00000000c0900000|  0%| F|  |TAMS 0x00000000c0800000, 0x00000000c0800000| Untracked 
|   9|0x00000000c0900000, 0x00000000c0900000, 0x00000000c0a00000|  0%| F|  |TAMS 0x00000000c0900000, 0x00000000c0900000| Untracked 
|  10|0x00000000c0a00000, 0x00000000c0a00000, 0x00000000c0b00000|  0%| F|  |TAMS 0x00000000c0a00000, 0x00000000c0a00000| Untracked 
|  11|0x00000000c0b00000, 0x00000000c0b00000, 0x00000000c0c00000|  0%| F|  |TAMS 0x00000000c0b00000, 0x00000000c0b00000| Untracked 
|  12|0x00000000c0c00000, 0x00000000c0c00000, 0x00000000c0d00000|  0%| F|  |TAMS 0x00000000c0c00000, 0x00000000c0c00000| Untracked 
|  13|0x00000000c0d00000, 0x00000000c0e00000, 0x00000000c0e00000|100%| O|  |TAMS 0x00000000c0e00000, 0x00000000c0d00000| Untracked 
|  14|0x00000000c0e00000, 0x00000000c0f00000, 0x00000000c0f00000|100%|HS|  |TAMS 0x00000000c0f00000, 0x00000000c0e00000| Complete 
|  15|0x00000000c0f00000, 0x00000000c1000000, 0x00000000c1000000|100%|HC|  |TAMS 0x00000000c1000000, 0x00000000c0f00000| Complete 
|  16|0x00000000c1000000, 0x00000000c1100000, 0x00000000c1100000|100%| O|  |TAMS 0x00000000c1100000, 0x00000000c1000000| Untracked 
|  17|0x00000000c1100000, 0x00000000c1200000, 0x00000000c1200000|100%| O|  |TAMS 0x00000000c1200000, 0x00000000c1100000| Untracked 
|  18|0x00000000c1200000, 0x00000000c1300000, 0x00000000c1300000|100%| O|  |TAMS 0x00000000c1300000, 0x00000000c1200000| Untracked 
|  19|0x00000000c1300000, 0x00000000c1400000, 0x00000000c1400000|100%| O|  |TAMS 0x00000000c1400000, 0x00000000c1300000| Untracked 
|  20|0x00000000c1400000, 0x00000000c1500000, 0x00000000c1500000|100%| O|  |TAMS 0x00000000c1500000, 0x00000000c1400000| Untracked 
|  21|0x00000000c1500000, 0x00000000c1600000, 0x00000000c1600000|100%| O|  |TAMS 0x00000000c1600000, 0x00000000c1500000| Untracked 
|  22|0x00000000c1600000, 0x00000000c1700000, 0x00000000c1700000|100%| O|  |TAMS 0x00000000c1600000, 0x00000000c1600000| Untracked 
|  23|0x00000000c1700000, 0x00000000c1800000, 0x00000000c1800000|100%| O|  |TAMS 0x00000000c1800000, 0x00000000c1700000| Untracked 
|  24|0x00000000c1800000, 0x00000000c1900000, 0x00000000c1900000|100%| O|  |TAMS 0x00000000c1900000, 0x00000000c1800000| Untracked 
|  25|0x00000000c1900000, 0x00000000c1a00000, 0x00000000c1a00000|100%| O|  |TAMS 0x00000000c1a00000, 0x00000000c1900000| Untracked 
|  26|0x00000000c1a00000, 0x00000000c1b00000, 0x00000000c1b00000|100%| O|  |TAMS 0x00000000c1b00000, 0x00000000c1a00000| Untracked 
|  27|0x00000000c1b00000, 0x00000000c1c00000, 0x00000000c1c00000|100%| O|  |TAMS 0x00000000c1c00000, 0x00000000c1b00000| Untracked 
|  28|0x00000000c1c00000, 0x00000000c1d00000, 0x00000000c1d00000|100%| O|  |TAMS 0x00000000c1d00000, 0x00000000c1c00000| Untracked 
|  29|0x00000000c1d00000, 0x00000000c1e00000, 0x00000000c1e00000|100%| O|  |TAMS 0x00000000c1e00000, 0x00000000c1d00000| Untracked 
|  30|0x00000000c1e00000, 0x00000000c1f00000, 0x00000000c1f00000|100%|HS|  |TAMS 0x00000000c1f00000, 0x00000000c1e00000| Complete 
|  31|0x00000000c1f00000, 0x00000000c2000000, 0x00000000c2000000|100%|HC|  |TAMS 0x00000000c2000000, 0x00000000c1f00000| Complete 
|  32|0x00000000c2000000, 0x00000000c2100000, 0x00000000c2100000|100%| O|  |TAMS 0x00000000c2100000, 0x00000000c2000000| Untracked 
|  33|0x00000000c2100000, 0x00000000c2200000, 0x00000000c2200000|100%| O|  |TAMS 0x00000000c2200000, 0x00000000c2100000| Untracked 
|  34|0x00000000c2200000, 0x00000000c2300000, 0x00000000c2300000|100%| O|  |TAMS 0x00000000c2300000, 0x00000000c2200000| Untracked 
|  35|0x00000000c2300000, 0x00000000c2400000, 0x00000000c2400000|100%| O|  |TAMS 0x00000000c2400000, 0x00000000c2300000| Untracked 
|  36|0x00000000c2400000, 0x00000000c2500000, 0x00000000c2500000|100%| O|  |TAMS 0x00000000c2500000, 0x00000000c2400000| Untracked 
|  37|0x00000000c2500000, 0x00000000c2600000, 0x00000000c2600000|100%| O|  |TAMS 0x00000000c2600000, 0x00000000c2500000| Untracked 
|  38|0x00000000c2600000, 0x00000000c2700000, 0x00000000c2700000|100%| O|  |TAMS 0x00000000c2700000, 0x00000000c2600000| Untracked 
|  39|0x00000000c2700000, 0x00000000c2800000, 0x00000000c2800000|100%| O|  |TAMS 0x00000000c2800000, 0x00000000c2700000| Untracked 
|  40|0x00000000c2800000, 0x00000000c2900000, 0x00000000c2900000|100%| O|  |TAMS 0x00000000c2900000, 0x00000000c2800000| Untracked 
|  41|0x00000000c2900000, 0x00000000c2a00000, 0x00000000c2a00000|100%| O|  |TAMS 0x00000000c2a00000, 0x00000000c2900000| Complete 
|  42|0x00000000c2a00000, 0x00000000c2b00000, 0x00000000c2b00000|100%| O|  |TAMS 0x00000000c2b00000, 0x00000000c2a00000| Untracked 
|  43|0x00000000c2b00000, 0x00000000c2c00000, 0x00000000c2c00000|100%| O|  |TAMS 0x00000000c2c00000, 0x00000000c2b00000| Untracked 
|  44|0x00000000c2c00000, 0x00000000c2d00000, 0x00000000c2d00000|100%| O|  |TAMS 0x00000000c2d00000, 0x00000000c2c00000| Untracked 
|  45|0x00000000c2d00000, 0x00000000c2e00000, 0x00000000c2e00000|100%| O|  |TAMS 0x00000000c2e00000, 0x00000000c2d00000| Untracked 
|  46|0x00000000c2e00000, 0x00000000c2f00000, 0x00000000c2f00000|100%| O|  |TAMS 0x00000000c2f00000, 0x00000000c2e00000| Untracked 
|  47|0x00000000c2f00000, 0x00000000c3000000, 0x00000000c3000000|100%| O|  |TAMS 0x00000000c3000000, 0x00000000c2f00000| Untracked 
|  48|0x00000000c3000000, 0x00000000c3100000, 0x00000000c3100000|100%| O|  |TAMS 0x00000000c3100000, 0x00000000c3000000| Untracked 
|  49|0x00000000c3100000, 0x00000000c3200000, 0x00000000c3200000|100%| O|  |TAMS 0x00000000c3200000, 0x00000000c3100000| Untracked 
|  50|0x00000000c3200000, 0x00000000c3300000, 0x00000000c3300000|100%| O|  |TAMS 0x00000000c3300000, 0x00000000c3200000| Untracked 
|  51|0x00000000c3300000, 0x00000000c3400000, 0x00000000c3400000|100%| O|  |TAMS 0x00000000c33ff200, 0x00000000c3300000| Complete 
|  52|0x00000000c3400000, 0x00000000c3500000, 0x00000000c3500000|100%| O|  |TAMS 0x00000000c3400000, 0x00000000c3400000| Untracked 
|  53|0x00000000c3500000, 0x00000000c3600000, 0x00000000c3600000|100%| O|  |TAMS 0x00000000c3500000, 0x00000000c3500000| Untracked 
|  54|0x00000000c3600000, 0x00000000c3700000, 0x00000000c3700000|100%| O|  |TAMS 0x00000000c3600000, 0x00000000c3600000| Untracked 
|  55|0x00000000c3700000, 0x00000000c3800000, 0x00000000c3800000|100%| O|  |TAMS 0x00000000c3700000, 0x00000000c3700000| Untracked 
|  56|0x00000000c3800000, 0x00000000c386f600, 0x00000000c3900000| 43%| O|  |TAMS 0x00000000c3800000, 0x00000000c3800000| Untracked 
|  57|0x00000000c3900000, 0x00000000c3900000, 0x00000000c3a00000|  0%| F|  |TAMS 0x00000000c3900000, 0x00000000c3900000| Untracked 
|  58|0x00000000c3a00000, 0x00000000c3a00000, 0x00000000c3b00000|  0%| F|  |TAMS 0x00000000c3a00000, 0x00000000c3a00000| Untracked 
|  59|0x00000000c3b00000, 0x00000000c3b00000, 0x00000000c3c00000|  0%| F|  |TAMS 0x00000000c3b00000, 0x00000000c3b00000| Untracked 
|  60|0x00000000c3c00000, 0x00000000c3c00000, 0x00000000c3d00000|  0%| F|  |TAMS 0x00000000c3c00000, 0x00000000c3c00000| Untracked 
|  61|0x00000000c3d00000, 0x00000000c3d00000, 0x00000000c3e00000|  0%| F|  |TAMS 0x00000000c3d00000, 0x00000000c3d00000| Untracked 
|  62|0x00000000c3e00000, 0x00000000c3e00000, 0x00000000c3f00000|  0%| F|  |TAMS 0x00000000c3e00000, 0x00000000c3e00000| Untracked 
|  63|0x00000000c3f00000, 0x00000000c3f00000, 0x00000000c4000000|  0%| F|  |TAMS 0x00000000c3f00000, 0x00000000c3f00000| Untracked 
|  64|0x00000000c4000000, 0x00000000c4100000, 0x00000000c4100000|100%|HS|  |TAMS 0x00000000c4100000, 0x00000000c4000000| Complete 
|  65|0x00000000c4100000, 0x00000000c4200000, 0x00000000c4200000|100%|HC|  |TAMS 0x00000000c4200000, 0x00000000c4100000| Complete 
|  66|0x00000000c4200000, 0x00000000c4300000, 0x00000000c4300000|100%|HC|  |TAMS 0x00000000c4300000, 0x00000000c4200000| Complete 
|  67|0x00000000c4300000, 0x00000000c4400000, 0x00000000c4400000|100%|HC|  |TAMS 0x00000000c4400000, 0x00000000c4300000| Complete 
|  68|0x00000000c4400000, 0x00000000c4500000, 0x00000000c4500000|100%|HC|  |TAMS 0x00000000c4500000, 0x00000000c4400000| Complete 
|  69|0x00000000c4500000, 0x00000000c4600000, 0x00000000c4600000|100%|HC|  |TAMS 0x00000000c4600000, 0x00000000c4500000| Complete 
|  70|0x00000000c4600000, 0x00000000c4700000, 0x00000000c4700000|100%|HC|  |TAMS 0x00000000c4700000, 0x00000000c4600000| Complete 
|  71|0x00000000c4700000, 0x00000000c4800000, 0x00000000c4800000|100%|HC|  |TAMS 0x00000000c4800000, 0x00000000c4700000| Complete 
|  72|0x00000000c4800000, 0x00000000c4900000, 0x00000000c4900000|100%|HC|  |TAMS 0x00000000c4900000, 0x00000000c4800000| Complete 
|  73|0x00000000c4900000, 0x00000000c4a00000, 0x00000000c4a00000|100%|HC|  |TAMS 0x00000000c4a00000, 0x00000000c4900000| Complete 
|  74|0x00000000c4a00000, 0x00000000c4b00000, 0x00000000c4b00000|100%|HC|  |TAMS 0x00000000c4b00000, 0x00000000c4a00000| Complete 
|  75|0x00000000c4b00000, 0x00000000c4c00000, 0x00000000c4c00000|100%|HC|  |TAMS 0x00000000c4c00000, 0x00000000c4b00000| Complete 
|  76|0x00000000c4c00000, 0x00000000c4d00000, 0x00000000c4d00000|100%|HC|  |TAMS 0x00000000c4d00000, 0x00000000c4c00000| Complete 
|  77|0x00000000c4d00000, 0x00000000c4e00000, 0x00000000c4e00000|100%|HC|  |TAMS 0x00000000c4e00000, 0x00000000c4d00000| Complete 
|  78|0x00000000c4e00000, 0x00000000c4f00000, 0x00000000c4f00000|100%|HC|  |TAMS 0x00000000c4f00000, 0x00000000c4e00000| Complete 
|  79|0x00000000c4f00000, 0x00000000c5000000, 0x00000000c5000000|100%|HC|  |TAMS 0x00000000c5000000, 0x00000000c4f00000| Complete 
|  80|0x00000000c5000000, 0x00000000c5100000, 0x00000000c5100000|100%|HC|  |TAMS 0x00000000c5100000, 0x00000000c5000000| Complete 
|  81|0x00000000c5100000, 0x00000000c5200000, 0x00000000c5200000|100%|HC|  |TAMS 0x00000000c5200000, 0x00000000c5100000| Complete 
|  82|0x00000000c5200000, 0x00000000c5300000, 0x00000000c5300000|100%|HC|  |TAMS 0x00000000c5300000, 0x00000000c5200000| Complete 
|  83|0x00000000c5300000, 0x00000000c5400000, 0x00000000c5400000|100%|HC|  |TAMS 0x00000000c5400000, 0x00000000c5300000| Complete 
|  84|0x00000000c5400000, 0x00000000c5500000, 0x00000000c5500000|100%|HC|  |TAMS 0x00000000c5500000, 0x00000000c5400000| Complete 
|  85|0x00000000c5500000, 0x00000000c5600000, 0x00000000c5600000|100%|HC|  |TAMS 0x00000000c5600000, 0x00000000c5500000| Complete 
|  86|0x00000000c5600000, 0x00000000c5700000, 0x00000000c5700000|100%|HC|  |TAMS 0x00000000c5700000, 0x00000000c5600000| Complete 
|  87|0x00000000c5700000, 0x00000000c5800000, 0x00000000c5800000|100%|HC|  |TAMS 0x00000000c5800000, 0x00000000c5700000| Complete 
|  88|0x00000000c5800000, 0x00000000c5900000, 0x00000000c5900000|100%|HC|  |TAMS 0x00000000c5900000, 0x00000000c5800000| Complete 
|  89|0x00000000c5900000, 0x00000000c5a00000, 0x00000000c5a00000|100%|HC|  |TAMS 0x00000000c5a00000, 0x00000000c5900000| Complete 
|  90|0x00000000c5a00000, 0x00000000c5b00000, 0x00000000c5b00000|100%|HC|  |TAMS 0x00000000c5b00000, 0x00000000c5a00000| Complete 
|  91|0x00000000c5b00000, 0x00000000c5c00000, 0x00000000c5c00000|100%|HC|  |TAMS 0x00000000c5c00000, 0x00000000c5b00000| Complete 
|  92|0x00000000c5c00000, 0x00000000c5d00000, 0x00000000c5d00000|100%|HC|  |TAMS 0x00000000c5d00000, 0x00000000c5c00000| Complete 
|  93|0x00000000c5d00000, 0x00000000c5e00000, 0x00000000c5e00000|100%|HC|  |TAMS 0x00000000c5e00000, 0x00000000c5d00000| Complete 
|  94|0x00000000c5e00000, 0x00000000c5f00000, 0x00000000c5f00000|100%|HC|  |TAMS 0x00000000c5f00000, 0x00000000c5e00000| Complete 
|  95|0x00000000c5f00000, 0x00000000c6000000, 0x00000000c6000000|100%|HC|  |TAMS 0x00000000c6000000, 0x00000000c5f00000| Complete 
|  96|0x00000000c6000000, 0x00000000c6100000, 0x00000000c6100000|100%|HC|  |TAMS 0x00000000c6100000, 0x00000000c6000000| Complete 
|  97|0x00000000c6100000, 0x00000000c6200000, 0x00000000c6200000|100%|HC|  |TAMS 0x00000000c6200000, 0x00000000c6100000| Complete 
|  98|0x00000000c6200000, 0x00000000c6300000, 0x00000000c6300000|100%|HC|  |TAMS 0x00000000c6300000, 0x00000000c6200000| Complete 
|  99|0x00000000c6300000, 0x00000000c6400000, 0x00000000c6400000|100%|HC|  |TAMS 0x00000000c6400000, 0x00000000c6300000| Complete 
| 100|0x00000000c6400000, 0x00000000c6500000, 0x00000000c6500000|100%|HC|  |TAMS 0x00000000c6500000, 0x00000000c6400000| Complete 
| 101|0x00000000c6500000, 0x00000000c6600000, 0x00000000c6600000|100%|HC|  |TAMS 0x00000000c6600000, 0x00000000c6500000| Complete 
| 102|0x00000000c6600000, 0x00000000c6700000, 0x00000000c6700000|100%|HC|  |TAMS 0x00000000c6700000, 0x00000000c6600000| Complete 
| 103|0x00000000c6700000, 0x00000000c6700000, 0x00000000c6800000|  0%| F|  |TAMS 0x00000000c6700000, 0x00000000c6700000| Untracked 
| 104|0x00000000c6800000, 0x00000000c6800000, 0x00000000c6900000|  0%| F|  |TAMS 0x00000000c6800000, 0x00000000c6800000| Untracked 
| 105|0x00000000c6900000, 0x00000000c6900000, 0x00000000c6a00000|  0%| F|  |TAMS 0x00000000c6900000, 0x00000000c6900000| Untracked 
| 106|0x00000000c6a00000, 0x00000000c6a00000, 0x00000000c6b00000|  0%| F|  |TAMS 0x00000000c6a00000, 0x00000000c6a00000| Untracked 
| 107|0x00000000c6b00000, 0x00000000c6b00000, 0x00000000c6c00000|  0%| F|  |TAMS 0x00000000c6b00000, 0x00000000c6b00000| Untracked 
| 108|0x00000000c6c00000, 0x00000000c6c00000, 0x00000000c6d00000|  0%| F|  |TAMS 0x00000000c6c00000, 0x00000000c6c00000| Untracked 
| 109|0x00000000c6d00000, 0x00000000c6d00000, 0x00000000c6e00000|  0%| F|  |TAMS 0x00000000c6d00000, 0x00000000c6d00000| Untracked 
| 110|0x00000000c6e00000, 0x00000000c6e00000, 0x00000000c6f00000|  0%| F|  |TAMS 0x00000000c6e00000, 0x00000000c6e00000| Untracked 
| 111|0x00000000c6f00000, 0x00000000c6f00000, 0x00000000c7000000|  0%| F|  |TAMS 0x00000000c6f00000, 0x00000000c6f00000| Untracked 
| 112|0x00000000c7000000, 0x00000000c7000000, 0x00000000c7100000|  0%| F|  |TAMS 0x00000000c7000000, 0x00000000c7000000| Untracked 
| 113|0x00000000c7100000, 0x00000000c7100000, 0x00000000c7200000|  0%| F|  |TAMS 0x00000000c7100000, 0x00000000c7100000| Untracked 
| 114|0x00000000c7200000, 0x00000000c7200000, 0x00000000c7300000|  0%| F|  |TAMS 0x00000000c7200000, 0x00000000c7200000| Untracked 
| 115|0x00000000c7300000, 0x00000000c7300000, 0x00000000c7400000|  0%| F|  |TAMS 0x00000000c7300000, 0x00000000c7300000| Untracked 
| 116|0x00000000c7400000, 0x00000000c7400000, 0x00000000c7500000|  0%| F|  |TAMS 0x00000000c7400000, 0x00000000c7400000| Untracked 
| 117|0x00000000c7500000, 0x00000000c7500000, 0x00000000c7600000|  0%| F|  |TAMS 0x00000000c7500000, 0x00000000c7500000| Untracked 
| 118|0x00000000c7600000, 0x00000000c7700000, 0x00000000c7700000|100%| S|CS|TAMS 0x00000000c7600000, 0x00000000c7600000| Complete 
| 119|0x00000000c7700000, 0x00000000c7800000, 0x00000000c7800000|100%| S|CS|TAMS 0x00000000c7700000, 0x00000000c7700000| Complete 
| 120|0x00000000c7800000, 0x00000000c7900000, 0x00000000c7900000|100%| S|CS|TAMS 0x00000000c7800000, 0x00000000c7800000| Complete 
| 121|0x00000000c7900000, 0x00000000c7900000, 0x00000000c7a00000|  0%| F|  |TAMS 0x00000000c7900000, 0x00000000c7900000| Untracked 
| 122|0x00000000c7a00000, 0x00000000c7a00000, 0x00000000c7b00000|  0%| F|  |TAMS 0x00000000c7a00000, 0x00000000c7a00000| Untracked 
| 123|0x00000000c7b00000, 0x00000000c7b00000, 0x00000000c7c00000|  0%| F|  |TAMS 0x00000000c7b00000, 0x00000000c7b00000| Untracked 
| 124|0x00000000c7c00000, 0x00000000c7c00000, 0x00000000c7d00000|  0%| F|  |TAMS 0x00000000c7c00000, 0x00000000c7c00000| Untracked 
| 125|0x00000000c7d00000, 0x00000000c7d00000, 0x00000000c7e00000|  0%| F|  |TAMS 0x00000000c7d00000, 0x00000000c7d00000| Untracked 
| 126|0x00000000c7e00000, 0x00000000c7e00000, 0x00000000c7f00000|  0%| F|  |TAMS 0x00000000c7e00000, 0x00000000c7e00000| Untracked 
| 127|0x00000000c7f00000, 0x00000000c7f00000, 0x00000000c8000000|  0%| F|  |TAMS 0x00000000c7f00000, 0x00000000c7f00000| Untracked 
| 128|0x00000000c8000000, 0x00000000c8000000, 0x00000000c8100000|  0%| F|  |TAMS 0x00000000c8000000, 0x00000000c8000000| Untracked 
| 129|0x00000000c8100000, 0x00000000c8100000, 0x00000000c8200000|  0%| F|  |TAMS 0x00000000c8100000, 0x00000000c8100000| Untracked 
| 130|0x00000000c8200000, 0x00000000c8200000, 0x00000000c8300000|  0%| F|  |TAMS 0x00000000c8200000, 0x00000000c8200000| Untracked 
| 131|0x00000000c8300000, 0x00000000c8300000, 0x00000000c8400000|  0%| F|  |TAMS 0x00000000c8300000, 0x00000000c8300000| Untracked 
| 132|0x00000000c8400000, 0x00000000c8400000, 0x00000000c8500000|  0%| F|  |TAMS 0x00000000c8400000, 0x00000000c8400000| Untracked 
| 133|0x00000000c8500000, 0x00000000c8500000, 0x00000000c8600000|  0%| F|  |TAMS 0x00000000c8500000, 0x00000000c8500000| Untracked 
| 134|0x00000000c8600000, 0x00000000c8600000, 0x00000000c8700000|  0%| F|  |TAMS 0x00000000c8600000, 0x00000000c8600000| Untracked 
| 135|0x00000000c8700000, 0x00000000c8700000, 0x00000000c8800000|  0%| F|  |TAMS 0x00000000c8700000, 0x00000000c8700000| Untracked 
| 136|0x00000000c8800000, 0x00000000c8800000, 0x00000000c8900000|  0%| F|  |TAMS 0x00000000c8800000, 0x00000000c8800000| Untracked 
| 137|0x00000000c8900000, 0x00000000c8900000, 0x00000000c8a00000|  0%| F|  |TAMS 0x00000000c8900000, 0x00000000c8900000| Untracked 
| 138|0x00000000c8a00000, 0x00000000c8a00000, 0x00000000c8b00000|  0%| F|  |TAMS 0x00000000c8a00000, 0x00000000c8a00000| Untracked 
| 139|0x00000000c8b00000, 0x00000000c8b00000, 0x00000000c8c00000|  0%| F|  |TAMS 0x00000000c8b00000, 0x00000000c8b00000| Untracked 
| 140|0x00000000c8c00000, 0x00000000c8c00000, 0x00000000c8d00000|  0%| F|  |TAMS 0x00000000c8c00000, 0x00000000c8c00000| Untracked 
| 141|0x00000000c8d00000, 0x00000000c8e00000, 0x00000000c8e00000|100%| E|CS|TAMS 0x00000000c8d00000, 0x00000000c8d00000| Complete 
| 142|0x00000000c8e00000, 0x00000000c8e00000, 0x00000000c8f00000|  0%| F|  |TAMS 0x00000000c8e00000, 0x00000000c8e00000| Untracked 
| 143|0x00000000c8f00000, 0x00000000c8f00000, 0x00000000c9000000|  0%| F|  |TAMS 0x00000000c8f00000, 0x00000000c8f00000| Untracked 
| 144|0x00000000c9000000, 0x00000000c9000000, 0x00000000c9100000|  0%| F|  |TAMS 0x00000000c9000000, 0x00000000c9000000| Untracked 
| 145|0x00000000c9100000, 0x00000000c9100000, 0x00000000c9200000|  0%| F|  |TAMS 0x00000000c9100000, 0x00000000c9100000| Untracked 
| 146|0x00000000c9200000, 0x00000000c9200000, 0x00000000c9300000|  0%| F|  |TAMS 0x00000000c9200000, 0x00000000c9200000| Untracked 
| 147|0x00000000c9300000, 0x00000000c9300000, 0x00000000c9400000|  0%| F|  |TAMS 0x00000000c9300000, 0x00000000c9300000| Untracked 
| 148|0x00000000c9400000, 0x00000000c9400000, 0x00000000c9500000|  0%| F|  |TAMS 0x00000000c9400000, 0x00000000c9400000| Untracked 
| 149|0x00000000c9500000, 0x00000000c9500000, 0x00000000c9600000|  0%| F|  |TAMS 0x00000000c9500000, 0x00000000c9500000| Untracked 
| 150|0x00000000c9600000, 0x00000000c9600000, 0x00000000c9700000|  0%| F|  |TAMS 0x00000000c9600000, 0x00000000c9600000| Untracked 
| 151|0x00000000c9700000, 0x00000000c9700000, 0x00000000c9800000|  0%| F|  |TAMS 0x00000000c9700000, 0x00000000c9700000| Untracked 
| 152|0x00000000c9800000, 0x00000000c9800000, 0x00000000c9900000|  0%| F|  |TAMS 0x00000000c9800000, 0x00000000c9800000| Untracked 
| 153|0x00000000c9900000, 0x00000000c9900000, 0x00000000c9a00000|  0%| F|  |TAMS 0x00000000c9900000, 0x00000000c9900000| Untracked 
| 154|0x00000000c9a00000, 0x00000000c9a32590, 0x00000000c9b00000| 19%| E|  |TAMS 0x00000000c9a00000, 0x00000000c9a00000| Complete 
| 155|0x00000000c9b00000, 0x00000000c9c00000, 0x00000000c9c00000|100%| E|CS|TAMS 0x00000000c9b00000, 0x00000000c9b00000| Complete 
| 156|0x00000000c9c00000, 0x00000000c9d00000, 0x00000000c9d00000|100%| E|CS|TAMS 0x00000000c9c00000, 0x00000000c9c00000| Complete 
| 157|0x00000000c9d00000, 0x00000000c9e00000, 0x00000000c9e00000|100%| E|CS|TAMS 0x00000000c9d00000, 0x00000000c9d00000| Complete 
| 158|0x00000000c9e00000, 0x00000000c9f00000, 0x00000000c9f00000|100%| E|CS|TAMS 0x00000000c9e00000, 0x00000000c9e00000| Complete 

Card table byte_map: [0x0000019b872b0000,0x0000019b874b0000] _byte_map_base: 0x0000019b86cb0000

Marking Bits (Prev, Next): (CMBitMap*) 0x0000019b875293a0, (CMBitMap*) 0x0000019b875293e0
 Prev Bits: [0x0000019b9e650000, 0x0000019b9f650000)
 Next Bits: [0x0000019b9f650000, 0x0000019ba0650000)

Polling page: 0x0000019b85340000

Metaspace:

Usage:
  Non-class:     28.07 MB used.
      Class:      4.18 MB used.
       Both:     32.25 MB used.

Virtual space:
  Non-class space:       64.00 MB reserved,      28.25 MB ( 44%) committed,  1 nodes.
      Class space:        1.00 GB reserved,       4.38 MB ( <1%) committed,  1 nodes.
             Both:        1.06 GB reserved,      32.62 MB (  3%) committed. 

Chunk freelists:
   Non-Class:  3.33 MB
       Class:  3.60 MB
        Both:  6.92 MB

MaxMetaspaceSize: unlimited
CompressedClassSpaceSize: 1.00 GB
Initial GC threshold: 21.00 MB
Current GC threshold: 54.31 MB
CDS: on
MetaspaceReclaimPolicy: balanced
 - commit_granule_bytes: 65536.
 - commit_granule_words: 8192.
 - virtual_space_node_default_size: 8388608.
 - enlarge_chunks_in_place: 1.
 - new_chunks_are_fully_committed: 0.
 - uncommit_free_chunks: 1.
 - use_allocation_guard: 0.


Internal statistics:

num_allocs_failed_limit: 3.
num_arena_births: 452.
num_arena_deaths: 0.
num_vsnodes_births: 2.
num_vsnodes_deaths: 0.
num_space_committed: 522.
num_space_uncommitted: 0.
num_chunks_returned_to_freelist: 3.
num_chunks_taken_from_freelist: 1493.
num_chunk_merges: 3.
num_chunk_splits: 1059.
num_chunks_enlarged: 826.
num_inconsistent_stats: 0.

CodeHeap 'non-profiled nmethods': size=120064Kb used=2671Kb max_used=2901Kb free=117392Kb
 bounds [0x0000019b96f10000, 0x0000019b971f0000, 0x0000019b9e450000]
CodeHeap 'profiled nmethods': size=120000Kb used=12481Kb max_used=13824Kb free=107518Kb
 bounds [0x0000019b8f450000, 0x0000019b901e0000, 0x0000019b96980000]
CodeHeap 'non-nmethods': size=5696Kb used=1634Kb max_used=1713Kb free=4061Kb
 bounds [0x0000019b96980000, 0x0000019b96bf0000, 0x0000019b96f10000]
 total_blobs=6770 nmethods=5823 adapters=857
 compilation: enabled
              stopped_count=0, restarted_count=0
 full_count=0

Compilation events (20 events):
Event: 17.648 Thread 0x0000019ba29a8ab0 nmethod 6366 0x0000019b971de290 code [0x0000019b971de480, 0x0000019b971de8a8]
Event: 17.649 Thread 0x0000019ba29a8ab0 6367       4       com.sun.prism.impl.ps.BaseShaderContext::validateLCDOp (71 bytes)
Event: 17.677 Thread 0x0000019ba29b16a0 6370   !   3       com.sun.javafx.sg.prism.NGText::renderEffect (39 bytes)
Event: 17.678 Thread 0x0000019ba29b16a0 nmethod 6370 0x0000019b901ca310 code [0x0000019b901ca4e0, 0x0000019b901caa58]
Event: 17.678 Thread 0x0000019ba29b16a0 6371       3       javafx.scene.input.PickResult::<init> (53 bytes)
Event: 17.678 Thread 0x0000019ba29b16a0 nmethod 6371 0x0000019b901cac90 code [0x0000019b901caea0, 0x0000019b901cb6b8]
Event: 17.679 Thread 0x0000019ba29b16a0 6372       3       com.sun.javafx.animation.TickCalculation::fromNano (10 bytes)
Event: 17.680 Thread 0x0000019ba29b16a0 nmethod 6372 0x0000019b901cb890 code [0x0000019b901cba60, 0x0000019b901cbb88]
Event: 17.680 Thread 0x0000019ba29b16a0 6373       3       java.util.WeakHashMap::putAll (135 bytes)
Event: 17.680 Thread 0x0000019ba29b16a0 nmethod 6373 0x0000019b901cbc10 code [0x0000019b901cbe80, 0x0000019b901ccab8]
Event: 17.699 Thread 0x0000019ba29a8ab0 nmethod 6367 0x0000019b971deb90 code [0x0000019b971deea0, 0x0000019b971e0580]
Event: 17.699 Thread 0x0000019ba29a8ab0 6374       4       com.sun.prism.d3d.D3DContext::updateRenderTarget (362 bytes)
Event: 17.721 Thread 0x0000019ba29a8ab0 nmethod 6374 0x0000019b971e1a90 code [0x0000019b971e1dc0, 0x0000019b971e31d0]
Event: 17.721 Thread 0x0000019ba29a8ab0 6369       4       javafx.scene.paint.Color::acc_getPlatformPaint (23 bytes)
Event: 17.723 Thread 0x0000019ba29a8ab0 nmethod 6369 0x0000019b971e4210 code [0x0000019b971e43a0, 0x0000019b971e4578]
Event: 17.723 Thread 0x0000019ba29a8ab0 6368       4       javafx.scene.input.MouseEvent::getEventType (5 bytes)
Event: 17.723 Thread 0x0000019ba29a8ab0 nmethod 6368 0x0000019b971e4690 code [0x0000019b971e4800, 0x0000019b971e4878]
Event: 17.725 Thread 0x0000019ba29a8ab0 6375       4       com.sun.prism.impl.ps.BaseShaderGraphics::renderGeneralRoundedRect (388 bytes)
Event: 17.729 Thread 0x0000019ba29a8ab0 nmethod 6375 0x0000019b971e4990 code [0x0000019b971e4b80, 0x0000019b971e50b8]
Event: 17.730 Thread 0x0000019ba29a8ab0 6376       4       com.sun.prism.impl.ps.BaseShaderGraphics::renderGeneralRoundedPgram (1199 bytes)

GC Heap History (20 events):
Event: 7.517 GC heap before
{Heap before GC invocations=5 (full 0):
 garbage-first heap   total 65536K, used 23711K [0x00000000c0000000, 0x0000000100000000)
  region size 1024K, 5 young (5120K), 4 survivors (4096K)
 Metaspace       used 21148K, committed 21504K, reserved 1114112K
  class space    used 2774K, committed 2944K, reserved 1048576K
}
Event: 7.523 GC heap after
{Heap after GC invocations=6 (full 0):
 garbage-first heap   total 65536K, used 24104K [0x00000000c0000000, 0x0000000100000000)
  region size 1024K, 1 young (1024K), 1 survivors (1024K)
 Metaspace       used 21148K, committed 21504K, reserved 1114112K
  class space    used 2774K, committed 2944K, reserved 1048576K
}
Event: 9.730 GC heap before
{Heap before GC invocations=7 (full 0):
 garbage-first heap   total 105472K, used 83496K [0x00000000c0000000, 0x0000000100000000)
  region size 1024K, 21 young (21504K), 1 survivors (1024K)
 Metaspace       used 28389K, committed 28736K, reserved 1114112K
  class space    used 3713K, committed 3904K, reserved 1048576K
}
Event: 9.734 GC heap after
{Heap after GC invocations=8 (full 0):
 garbage-first heap   total 105472K, used 68880K [0x00000000c0000000, 0x0000000100000000)
  region size 1024K, 3 young (3072K), 3 survivors (3072K)
 Metaspace       used 28389K, committed 28736K, reserved 1114112K
  class space    used 3713K, committed 3904K, reserved 1048576K
}
Event: 9.782 GC heap before
{Heap before GC invocations=8 (full 0):
 garbage-first heap   total 105472K, used 70928K [0x00000000c0000000, 0x0000000100000000)
  region size 1024K, 5 young (5120K), 3 survivors (3072K)
 Metaspace       used 28723K, committed 29120K, reserved 1114112K
  class space    used 3778K, committed 3968K, reserved 1048576K
}
Event: 9.785 GC heap after
{Heap after GC invocations=9 (full 0):
 garbage-first heap   total 105472K, used 69227K [0x00000000c0000000, 0x0000000100000000)
  region size 1024K, 1 young (1024K), 1 survivors (1024K)
 Metaspace       used 28723K, committed 29120K, reserved 1114112K
  class space    used 3778K, committed 3968K, reserved 1048576K
}
Event: 9.860 GC heap before
{Heap before GC invocations=9 (full 0):
 garbage-first heap   total 105472K, used 70251K [0x00000000c0000000, 0x0000000100000000)
  region size 1024K, 3 young (3072K), 1 survivors (1024K)
 Metaspace       used 28949K, committed 29376K, reserved 1114112K
  class space    used 3813K, committed 4032K, reserved 1048576K
}
Event: 9.861 GC heap after
{Heap after GC invocations=10 (full 0):
 garbage-first heap   total 126976K, used 69433K [0x00000000c0000000, 0x0000000100000000)
  region size 1024K, 1 young (1024K), 1 survivors (1024K)
 Metaspace       used 28949K, committed 29376K, reserved 1114112K
  class space    used 3813K, committed 4032K, reserved 1048576K
}
Event: 11.311 GC heap before
{Heap before GC invocations=11 (full 0):
 garbage-first heap   total 126976K, used 100153K [0x00000000c0000000, 0x0000000100000000)
  region size 1024K, 30 young (30720K), 1 survivors (1024K)
 Metaspace       used 31842K, committed 32256K, reserved 1114112K
  class space    used 4241K, committed 4416K, reserved 1048576K
}
Event: 11.322 GC heap after
{Heap after GC invocations=12 (full 0):
 garbage-first heap   total 126976K, used 78164K [0x00000000c0000000, 0x0000000100000000)
  region size 1024K, 4 young (4096K), 4 survivors (4096K)
 Metaspace       used 31842K, committed 32256K, reserved 1114112K
  class space    used 4241K, committed 4416K, reserved 1048576K
}
Event: 11.475 GC heap before
{Heap before GC invocations=12 (full 0):
 garbage-first heap   total 126976K, used 80212K [0x00000000c0000000, 0x0000000100000000)
  region size 1024K, 6 young (6144K), 4 survivors (4096K)
 Metaspace       used 31891K, committed 32256K, reserved 1114112K
  class space    used 4241K, committed 4416K, reserved 1048576K
}
Event: 11.482 GC heap after
{Heap after GC invocations=13 (full 0):
 garbage-first heap   total 126976K, used 78989K [0x00000000c0000000, 0x0000000100000000)
  region size 1024K, 1 young (1024K), 1 survivors (1024K)
 Metaspace       used 31891K, committed 32256K, reserved 1114112K
  class space    used 4241K, committed 4416K, reserved 1048576K
}
Event: 11.872 GC heap before
{Heap before GC invocations=13 (full 0):
 garbage-first heap   total 126976K, used 99469K [0x00000000c0000000, 0x0000000100000000)
  region size 1024K, 22 young (22528K), 1 survivors (1024K)
 Metaspace       used 32151K, committed 32576K, reserved 1114112K
  class space    used 4242K, committed 4416K, reserved 1048576K
}
Event: 11.883 GC heap after
{Heap after GC invocations=14 (full 0):
 garbage-first heap   total 126976K, used 85740K [0x00000000c0000000, 0x0000000100000000)
  region size 1024K, 3 young (3072K), 3 survivors (3072K)
 Metaspace       used 32151K, committed 32576K, reserved 1114112K
  class space    used 4242K, committed 4416K, reserved 1048576K
}
Event: 12.064 GC heap before
{Heap before GC invocations=15 (full 0):
 garbage-first heap   total 145408K, used 101100K [0x00000000c0000000, 0x0000000100000000)
  region size 1024K, 18 young (18432K), 3 survivors (3072K)
 Metaspace       used 32169K, committed 32576K, reserved 1114112K
  class space    used 4243K, committed 4416K, reserved 1048576K
}
Event: 12.077 GC heap after
{Heap after GC invocations=16 (full 0):
 garbage-first heap   total 145408K, used 91546K [0x00000000c0000000, 0x0000000100000000)
  region size 1024K, 3 young (3072K), 3 survivors (3072K)
 Metaspace       used 32169K, committed 32576K, reserved 1114112K
  class space    used 4243K, committed 4416K, reserved 1048576K
}
Event: 12.132 GC heap before
{Heap before GC invocations=16 (full 0):
 garbage-first heap   total 145408K, used 95642K [0x00000000c0000000, 0x0000000100000000)
  region size 1024K, 7 young (7168K), 3 survivors (3072K)
 Metaspace       used 32169K, committed 32576K, reserved 1114112K
  class space    used 4243K, committed 4416K, reserved 1048576K
}
Event: 12.152 GC heap after
{Heap after GC invocations=17 (full 0):
 garbage-first heap   total 145408K, used 93180K [0x00000000c0000000, 0x0000000100000000)
  region size 1024K, 1 young (1024K), 1 survivors (1024K)
 Metaspace       used 32169K, committed 32576K, reserved 1114112K
  class space    used 4243K, committed 4416K, reserved 1048576K
}
Event: 16.942 GC heap before
{Heap before GC invocations=17 (full 0):
 garbage-first heap   total 145408K, used 113660K [0x00000000c0000000, 0x0000000100000000)
  region size 1024K, 21 young (21504K), 1 survivors (1024K)
 Metaspace       used 32861K, committed 33280K, reserved 1114112K
  class space    used 4278K, committed 4480K, reserved 1048576K
}
Event: 16.985 GC heap after
{Heap after GC invocations=18 (full 0):
 garbage-first heap   total 145408K, used 100797K [0x00000000c0000000, 0x0000000100000000)
  region size 1024K, 3 young (3072K), 3 survivors (3072K)
 Metaspace       used 32861K, committed 33280K, reserved 1114112K
  class space    used 4278K, committed 4480K, reserved 1048576K
}

Dll operation events (20 events):
Event: 0.768 Loaded shared library C:\Program Files\Java\javafx-sdk-19\bin\api-ms-win-crt-runtime-l1-1-0.dll
Event: 0.770 Loaded shared library C:\Program Files\Java\javafx-sdk-19\bin\api-ms-win-crt-stdio-l1-1-0.dll
Event: 0.772 Loaded shared library C:\Program Files\Java\javafx-sdk-19\bin\api-ms-win-crt-string-l1-1-0.dll
Event: 0.773 Loaded shared library C:\Program Files\Java\javafx-sdk-19\bin\api-ms-win-crt-time-l1-1-0.dll
Event: 0.775 Loaded shared library C:\Program Files\Java\javafx-sdk-19\bin\api-ms-win-crt-utility-l1-1-0.dll
Event: 0.779 Loaded shared library C:\Program Files\Java\javafx-sdk-19\bin\ucrtbase.dll
Event: 0.783 Loaded shared library C:\Program Files\Java\javafx-sdk-19\bin\vcruntime140.dll
Event: 0.785 Loaded shared library C:\Program Files\Java\javafx-sdk-19\bin\vcruntime140_1.dll
Event: 0.790 Loaded shared library C:\Program Files\Java\javafx-sdk-19\bin\msvcp140.dll
Event: 0.792 Loaded shared library C:\Program Files\Java\javafx-sdk-19\bin\msvcp140_1.dll
Event: 0.801 Loaded shared library C:\Program Files\Java\javafx-sdk-19\bin\msvcp140_2.dll
Event: 0.856 Loaded shared library C:\Program Files\Java\javafx-sdk-19\bin\prism_d3d.dll
Event: 0.960 Loaded shared library C:\Program Files\Java\javafx-sdk-19\bin\glass.dll
Event: 1.009 Loaded shared library C:\Program Files\Java\jdk-19\bin\jimage.dll
Event: 2.131 Loaded shared library C:\Program Files\Java\javafx-sdk-19\bin\javafx_font.dll
Event: 7.184 Loaded shared library C:\Program Files\Java\jdk-19\bin\management.dll
Event: 7.201 Loaded shared library C:\Program Files\Java\jdk-19\bin\management_ext.dll
Event: 7.507 Loaded shared library C:\Program Files\Java\jdk-19\bin\verify.dll
Event: 8.633 Loaded shared library C:\Program Files\Java\jdk-19\bin\sunmscapi.dll
Event: 9.501 Loaded shared library C:\Program Files\Java\javafx-sdk-19\bin\javafx_iio.dll

Deoptimization events (20 events):
Event: 16.874 Thread 0x0000019ba73a23e0 DEOPT PACKING pc=0x0000019b8f83b5da sp=0x0000001251dfce50
Event: 16.874 Thread 0x0000019ba73a23e0 DEOPT UNPACKING pc=0x0000019b969e7543 sp=0x0000001251dfc288 mode 0
Event: 16.903 Thread 0x0000019ba73a23e0 DEOPT PACKING pc=0x0000019b8f83b5da sp=0x0000001251dfde10
Event: 16.903 Thread 0x0000019ba73a23e0 DEOPT UNPACKING pc=0x0000019b969e7543 sp=0x0000001251dfd248 mode 0
Event: 17.003 Thread 0x0000019ba73a23e0 DEOPT PACKING pc=0x0000019b900950a9 sp=0x0000001251dfcff0
Event: 17.003 Thread 0x0000019ba73a23e0 DEOPT UNPACKING pc=0x0000019b969e7543 sp=0x0000001251dfc4f0 mode 0
Event: 17.210 Thread 0x0000019ba73a23e0 DEOPT PACKING pc=0x0000019b9009507a sp=0x0000001251dfdbc0
Event: 17.210 Thread 0x0000019ba73a23e0 DEOPT UNPACKING pc=0x0000019b969e7543 sp=0x0000001251dfd0b8 mode 0
Event: 17.215 Thread 0x0000019ba73a23e0 DEOPT PACKING pc=0x0000019b900950e6 sp=0x0000001251dfdbc0
Event: 17.215 Thread 0x0000019ba73a23e0 DEOPT UNPACKING pc=0x0000019b969e7543 sp=0x0000001251dfd0b8 mode 0
Event: 17.224 Thread 0x0000019ba73a23e0 DEOPT PACKING pc=0x0000019b9009507a sp=0x0000001251dfdbc0
Event: 17.224 Thread 0x0000019ba73a23e0 DEOPT UNPACKING pc=0x0000019b969e7543 sp=0x0000001251dfd0b8 mode 0
Event: 17.232 Thread 0x0000019ba73a23e0 DEOPT PACKING pc=0x0000019b9009507a sp=0x0000001251dfdbc0
Event: 17.232 Thread 0x0000019ba73a23e0 DEOPT UNPACKING pc=0x0000019b969e7543 sp=0x0000001251dfd0b8 mode 0
Event: 17.238 Thread 0x0000019ba73a23e0 DEOPT PACKING pc=0x0000019b9009507a sp=0x0000001251dfc9e0
Event: 17.238 Thread 0x0000019ba73a23e0 DEOPT UNPACKING pc=0x0000019b969e7543 sp=0x0000001251dfbed8 mode 0
Event: 17.286 Thread 0x0000019ba740ced0 Uncommon trap: trap_request=0xffffff45 fr.pc=0x0000019b96ff3fc0 relative=0x00000000000001a0
Event: 17.286 Thread 0x0000019ba740ced0 Uncommon trap: reason=unstable_if action=reinterpret pc=0x0000019b96ff3fc0 method=java.util.concurrent.locks.ReentrantLock$Sync.lock()V @ 4 c2
Event: 17.286 Thread 0x0000019ba740ced0 DEOPT PACKING pc=0x0000019b96ff3fc0 sp=0x00000012520fe310
Event: 17.286 Thread 0x0000019ba740ced0 DEOPT UNPACKING pc=0x0000019b969e6da3 sp=0x00000012520fe260 mode 2

Classes loaded (20 events):
Event: 9.372 Loading class java/lang/Short$ShortCache
Event: 9.373 Loading class java/lang/Short$ShortCache done
Event: 9.762 Loading class jdk/internal/math/FDBigInteger
Event: 9.762 Loading class jdk/internal/math/FDBigInteger done
Event: 10.321 Loading class java/math/MathContext
Event: 10.321 Loading class java/math/MathContext done
Event: 10.353 Loading class sun/text/resources/cldr/FormatData_en
Event: 10.354 Loading class sun/text/resources/cldr/FormatData_en done
Event: 10.354 Loading class sun/text/resources/cldr/FormatData_en_US
Event: 10.354 Loading class sun/text/resources/cldr/FormatData_en_US done
Event: 10.734 Loading class java/security/DigestInputStream
Event: 10.734 Loading class java/security/DigestInputStream done
Event: 10.734 Loading class sun/security/provider/ByteArrayAccess$LE
Event: 10.735 Loading class sun/security/provider/ByteArrayAccess$LE done
Event: 10.873 Loading class java/util/BitSet$1BitSetSpliterator
Event: 10.874 Loading class java/util/BitSet$1BitSetSpliterator done
Event: 10.874 Loading class java/util/stream/IntPipeline$1
Event: 10.875 Loading class java/util/stream/IntPipeline$1 done
Event: 10.875 Loading class java/util/stream/IntPipeline$1$1
Event: 10.879 Loading class java/util/stream/IntPipeline$1$1 done

Classes unloaded (0 events):
No events

Classes redefined (0 events):
No events

Internal exceptions (20 events):
Event: 9.238 Thread 0x0000019ba740ced0 Exception <a 'java/lang/NoSuchMethodError'{0x00000000c336c490}: 'long java.lang.invoke.Invokers$Holder.invokeExact_MT(java.lang.Object, java.lang.Object)'> (0x00000000c336c490) 
thrown [s\open\src\hotspot\share\interpreter\linkResolver.cpp, line 774]
Event: 9.375 Thread 0x0000019ba740ced0 Exception <a 'java/lang/NoSuchMethodError'{0x00000000c2f49038}: 'java.lang.Object java.lang.invoke.DelegatingMethodHandle$Holder.reinvoke_L(java.lang.Object, double, double, double, double)'> (0x00000000c2f49038) 
thrown [s\open\src\hotspot\share\interpreter\linkResolver.cpp, line 774]
Event: 9.378 Thread 0x0000019ba740ced0 Exception <a 'java/lang/NoSuchMethodError'{0x00000000c2fc0e18}: 'java.lang.Object java.lang.invoke.DirectMethodHandle$Holder.invokeStatic(java.lang.Object, java.lang.Object, int)'> (0x00000000c2fc0e18) 
thrown [s\open\src\hotspot\share\interpreter\linkResolver.cpp, line 774]
Event: 9.379 Thread 0x0000019ba740ced0 Exception <a 'java/lang/NoSuchMethodError'{0x00000000c2fc50b0}: 'void java.lang.invoke.DirectMethodHandle$Holder.invokeStatic(java.lang.Object, java.lang.Object, int, java.lang.Object)'> (0x00000000c2fc50b0) 
thrown [s\open\src\hotspot\share\interpreter\linkResolver.cpp, line 774]
Event: 9.379 Thread 0x0000019ba740ced0 Exception <a 'java/lang/NoSuchMethodError'{0x00000000c2fcc628}: 'void java.lang.invoke.DelegatingMethodHandle$Holder.delegate(java.lang.Object, java.lang.Object, int, java.lang.Object)'> (0x00000000c2fcc628) 
thrown [s\open\src\hotspot\share\interpreter\linkResolver.cpp, line 774]
Event: 9.443 Thread 0x0000019ba740ced0 Exception <a 'java/lang/NoSuchMethodError'{0x00000000c2eec078}: 'java.lang.Object java.lang.invoke.DirectMethodHandle$Holder.newInvokeSpecial(java.lang.Object, double)'> (0x00000000c2eec078) 
thrown [s\open\src\hotspot\share\interpreter\linkResolver.cpp, line 774]
Event: 10.447 Thread 0x0000019ba740ced0 Implicit null exception at 0x0000019b9707ed00 to 0x0000019b9707f670
Event: 10.447 Thread 0x0000019ba740ced0 Implicit null exception at 0x0000019b9708bed7 to 0x0000019b9708c1c4
Event: 10.483 Thread 0x0000019ba740ced0 Exception <a 'java/lang/NoSuchMethodError'{0x00000000c7604720}: 'java.lang.Object java.lang.invoke.DirectMethodHandle$Holder.newInvokeSpecial(java.lang.Object, java.lang.Object, java.lang.Object, int)'> (0x00000000c7604720) 
thrown [s\open\src\hotspot\share\interpreter\linkResolver.cpp, line 774]
Event: 10.483 Thread 0x0000019ba740ced0 Exception <a 'java/lang/NoSuchMethodError'{0x00000000c7608af0}: 'java.lang.Object java.lang.invoke.DirectMethodHandle$Holder.invokeSpecial(java.lang.Object, java.lang.Object, java.lang.Object, java.lang.Object, int)'> (0x00000000c7608af0) 
thrown [s\open\src\hotspot\share\interpreter\linkResolver.cpp, line 774]
Event: 10.484 Thread 0x0000019ba740ced0 Exception <a 'java/lang/NoSuchMethodError'{0x00000000c760c4b8}: 'java.lang.Object java.lang.invoke.Invokers$Holder.linkToTargetMethod(java.lang.Object, java.lang.Object, int, java.lang.Object)'> (0x00000000c760c4b8) 
thrown [s\open\src\hotspot\share\interpreter\linkResolver.cpp, line 774]
Event: 10.729 Thread 0x0000019ba740ced0 Exception <a 'java/io/FileNotFoundException'{0x00000000c7456ec8}> (0x00000000c7456ec8) 
thrown [s\open\src\hotspot\share\prims\jni.cpp, line 517]
Event: 10.737 Thread 0x0000019ba740ced0 Exception <a 'java/io/FileNotFoundException'{0x00000000c747b590}> (0x00000000c747b590) 
thrown [s\open\src\hotspot\share\prims\jni.cpp, line 517]
Event: 10.889 Thread 0x0000019ba740ced0 Exception <a 'java/lang/NoSuchMethodError'{0x00000000c6f2d4a0}: 'void java.lang.invoke.DirectMethodHandle$Holder.invokeSpecialIFC(java.lang.Object, java.lang.Object, java.lang.Object, java.lang.Object)'> (0x00000000c6f2d4a0) 
thrown [s\open\src\hotspot\share\interpreter\linkResolver.cpp, line 774]
Event: 11.511 Thread 0x0000019ba740ced0 Implicit null exception at 0x0000019b970e8080 to 0x0000019b970ec0e4
Event: 11.707 Thread 0x0000019ba740ced0 Exception <a 'java/io/FileNotFoundException'{0x00000000c72a88f8}> (0x00000000c72a88f8) 
thrown [s\open\src\hotspot\share\prims\jni.cpp, line 517]
Event: 11.708 Thread 0x0000019ba740ced0 Exception <a 'java/io/FileNotFoundException'{0x00000000c72aa768}> (0x00000000c72aa768) 
thrown [s\open\src\hotspot\share\prims\jni.cpp, line 517]
Event: 11.714 Thread 0x0000019ba740ced0 Exception <a 'java/io/FileNotFoundException'{0x00000000c72d31f0}> (0x00000000c72d31f0) 
thrown [s\open\src\hotspot\share\prims\jni.cpp, line 517]
Event: 11.715 Thread 0x0000019ba740ced0 Exception <a 'java/io/FileNotFoundException'{0x00000000c72d4ad0}> (0x00000000c72d4ad0) 
thrown [s\open\src\hotspot\share\prims\jni.cpp, line 517]
Event: 13.259 Thread 0x0000019ba73a23e0 Exception <a 'java/lang/NoSuchMethodError'{0x00000000c7bda800}: 'java.lang.Object java.lang.invoke.DirectMethodHandle$Holder.invokeStaticInit(java.lang.Object, int)'> (0x00000000c7bda800) 
thrown [s\open\src\hotspot\share\interpreter\linkResolver.cpp, line 774]

VM Operations (20 events):
Event: 11.993 Executing VM operation: G1PauseCleanup done
Event: 12.064 Executing VM operation: G1CollectForAllocation
Event: 12.077 Executing VM operation: G1CollectForAllocation done
Event: 12.132 Executing VM operation: G1CollectForAllocation
Event: 12.164 Executing VM operation: G1CollectForAllocation done
Event: 13.138 Executing VM operation: ICBufferFull
Event: 13.138 Executing VM operation: ICBufferFull done
Event: 14.139 Executing VM operation: Cleanup
Event: 14.139 Executing VM operation: Cleanup done
Event: 15.140 Executing VM operation: Cleanup
Event: 15.595 Executing VM operation: Cleanup done
Event: 16.601 Executing VM operation: Cleanup
Event: 16.636 Executing VM operation: Cleanup done
Event: 16.942 Executing VM operation: G1CollectForAllocation
Event: 16.999 Executing VM operation: G1CollectForAllocation done
Event: 17.139 Executing VM operation: G1PauseRemark
Event: 17.168 Executing VM operation: G1PauseRemark done
Event: 17.208 Executing VM operation: G1PauseCleanup
Event: 17.221 Executing VM operation: G1PauseCleanup done
Event: 17.640 Executing VM operation: HandshakeAllThreads

Events (20 events):
Event: 0.088 Thread 0x0000019ba29a2600 Thread added: 0x0000019ba29a2600
Event: 0.088 Thread 0x0000019ba29a6310 Thread added: 0x0000019ba29a6310
Event: 0.088 Thread 0x0000019ba29a6c40 Thread added: 0x0000019ba29a6c40
Event: 0.088 Thread 0x0000019ba29a7570 Thread added: 0x0000019ba29a7570
Event: 0.088 Thread 0x0000019ba29a8ab0 Thread added: 0x0000019ba29a8ab0
Event: 0.089 Thread 0x0000019ba29b16a0 Thread added: 0x0000019ba29b16a0
Event: 0.089 Thread 0x0000019ba29d37c0 Thread added: 0x0000019ba29d37c0
Event: 0.174 Thread 0x0000019ba298cb20 Thread added: 0x0000019ba298cb20
Event: 0.593 Thread 0x0000019ba70280f0 Thread added: 0x0000019ba70280f0
Event: 0.593 Thread 0x0000019ba7028630 Thread added: 0x0000019ba7028630
Event: 0.844 Thread 0x0000019ba73a23e0 Thread added: 0x0000019ba73a23e0
Event: 0.963 Thread 0x0000019ba7407dc0 Thread added: 0x0000019ba7407dc0
Event: 1.013 Thread 0x0000019ba740ced0 Thread added: 0x0000019ba740ced0
Event: 1.230 Thread 0x0000019ba7527050 Thread added: 0x0000019ba7527050
Event: 1.255 Thread 0x0000019ba7542c60 Thread added: 0x0000019ba7542c60
Event: 3.077 Thread 0x0000019ba75431b0 Thread added: 0x0000019ba75431b0
Event: 3.421 Thread 0x0000019ba75421c0 Thread added: 0x0000019ba75421c0
Event: 7.626 Thread 0x0000019ba7541720 Thread added: 0x0000019ba7541720
Event: 7.931 Thread 0x0000019ba7544c40 Thread added: 0x0000019ba7544c40
Event: 9.156 Thread 0x0000019ba7541c70 Thread added: 0x0000019ba7541c70


Dynamic libraries:
0x00007ff7188a0000 - 0x00007ff7188b0000 	C:\Program Files\Java\jdk-19\bin\java.exe
0x00007ffe51210000 - 0x00007ffe51408000 	C:\Windows\SYSTEM32\ntdll.dll
0x00007ffe505e0000 - 0x00007ffe5069f000 	C:\Windows\System32\KERNEL32.DLL
0x00007ffe4eb10000 - 0x00007ffe4ede2000 	C:\Windows\System32\KERNELBASE.dll
0x00007ffe4edf0000 - 0x00007ffe4eef0000 	C:\Windows\System32\ucrtbase.dll
0x00007ffe37c20000 - 0x00007ffe37c38000 	C:\Program Files\Java\jdk-19\bin\jli.dll
0x00007ffe35bb0000 - 0x00007ffe35bcb000 	C:\Program Files\Java\jdk-19\bin\VCRUNTIME140.dll
0x00007ffe50ff0000 - 0x00007ffe5109e000 	C:\Windows\System32\ADVAPI32.dll
0x00007ffe504b0000 - 0x00007ffe5054e000 	C:\Windows\System32\msvcrt.dll
0x00007ffe4f260000 - 0x00007ffe4f2fc000 	C:\Windows\System32\sechost.dll
0x00007ffe4fe90000 - 0x00007ffe4ffb5000 	C:\Windows\System32\RPCRT4.dll
0x00007ffe4f7c0000 - 0x00007ffe4f95d000 	C:\Windows\System32\USER32.dll
0x00007ffe4e940000 - 0x00007ffe4e962000 	C:\Windows\System32\win32u.dll
0x00007ffe4f5a0000 - 0x00007ffe4f5cb000 	C:\Windows\System32\GDI32.dll
0x00007ffe4eef0000 - 0x00007ffe4efff000 	C:\Windows\System32\gdi32full.dll
0x00007ffe344f0000 - 0x00007ffe3478a000 	C:\Windows\WinSxS\amd64_microsoft.windows.common-controls_6595b64144ccf1df_6.0.19041.1110_none_60b5254171f9507e\COMCTL32.dll
0x00007ffe4e970000 - 0x00007ffe4ea0d000 	C:\Windows\System32\msvcp_win.dll
0x00007ffe479e0000 - 0x00007ffe479ea000 	C:\Windows\SYSTEM32\VERSION.dll
0x00007ffe4f780000 - 0x00007ffe4f7b2000 	C:\Windows\System32\IMM32.DLL
0x00007ffe37e70000 - 0x00007ffe37e7c000 	C:\Program Files\Java\jdk-19\bin\vcruntime140_1.dll
0x00007ffe30fa0000 - 0x00007ffe3102e000 	C:\Program Files\Java\jdk-19\bin\msvcp140.dll
0x00007ffe131e0000 - 0x00007ffe13ea0000 	C:\Program Files\Java\jdk-19\bin\server\jvm.dll
0x00007ffe40780000 - 0x00007ffe40789000 	C:\Windows\SYSTEM32\WSOCK32.dll
0x00007ffe506a0000 - 0x00007ffe5070b000 	C:\Windows\System32\WS2_32.dll
0x00007ffe479f0000 - 0x00007ffe47a17000 	C:\Windows\SYSTEM32\WINMM.dll
0x00007ffe4c710000 - 0x00007ffe4c722000 	C:\Windows\SYSTEM32\kernel.appcore.dll
0x00007ffe37cf0000 - 0x00007ffe37cfa000 	C:\Program Files\Java\jdk-19\bin\jimage.dll
0x00007ffe475b0000 - 0x00007ffe47794000 	C:\Windows\SYSTEM32\DBGHELP.DLL
0x00007ffe479b0000 - 0x00007ffe479dc000 	C:\Windows\SYSTEM32\dbgcore.DLL
0x00007ffe4ea10000 - 0x00007ffe4ea92000 	C:\Windows\System32\bcryptPrimitives.dll
0x00007ffe421d0000 - 0x00007ffe421de000 	C:\Program Files\Java\jdk-19\bin\instrument.dll
0x00007ffe32730000 - 0x00007ffe32756000 	C:\Program Files\Java\jdk-19\bin\java.dll
0x00007ffe20d00000 - 0x00007ffe20dd7000 	C:\Program Files\Java\jdk-19\bin\jsvml.dll
0x00007ffe50710000 - 0x00007ffe50e53000 	C:\Windows\System32\SHELL32.dll
0x00007ffe4c9f0000 - 0x00007ffe4d182000 	C:\Windows\SYSTEM32\windows.storage.dll
0x00007ffe50030000 - 0x00007ffe50384000 	C:\Windows\System32\combase.dll
0x00007ffe4e290000 - 0x00007ffe4e2c0000 	C:\Windows\SYSTEM32\Wldp.dll
0x00007ffe4fde0000 - 0x00007ffe4fe8d000 	C:\Windows\System32\SHCORE.dll
0x00007ffe4ffd0000 - 0x00007ffe50025000 	C:\Windows\System32\shlwapi.dll
0x00007ffe4e850000 - 0x00007ffe4e86f000 	C:\Windows\SYSTEM32\profapi.dll
0x00007ffe34060000 - 0x00007ffe34073000 	C:\Program Files\Java\jdk-19\bin\net.dll
0x00007ffe44b10000 - 0x00007ffe44c1c000 	C:\Windows\SYSTEM32\WINHTTP.dll
0x00007ffe4dff0000 - 0x00007ffe4e05a000 	C:\Windows\system32\mswsock.dll
0x00007ffe32290000 - 0x00007ffe322a6000 	C:\Program Files\Java\jdk-19\bin\nio.dll
0x00007ffe32270000 - 0x00007ffe32288000 	C:\Program Files\Java\jdk-19\bin\zip.dll
0x00007ffe35fa0000 - 0x00007ffe35fba000 	C:\Program Files\JetBrains\IntelliJ IDEA 2022.3\bin\breakgen64.dll
0x00007ffe37720000 - 0x00007ffe37728000 	C:\Program Files\Java\jdk-19\bin\extnet.dll
0x0000019b854c0000 - 0x0000019b854c3000 	C:\Program Files\Java\javafx-sdk-19\bin\api-ms-win-core-console-l1-1-0.dll
0x0000019b854d0000 - 0x0000019b854d3000 	C:\Program Files\Java\javafx-sdk-19\bin\api-ms-win-core-console-l1-2-0.dll
0x0000019b854e0000 - 0x0000019b854e3000 	C:\Program Files\Java\javafx-sdk-19\bin\api-ms-win-core-datetime-l1-1-0.dll
0x0000019b854f0000 - 0x0000019b854f3000 	C:\Program Files\Java\javafx-sdk-19\bin\api-ms-win-core-debug-l1-1-0.dll
0x0000019ba2b70000 - 0x0000019ba2b73000 	C:\Program Files\Java\javafx-sdk-19\bin\api-ms-win-core-errorhandling-l1-1-0.dll
0x0000019ba2b80000 - 0x0000019ba2b84000 	C:\Program Files\Java\javafx-sdk-19\bin\api-ms-win-core-file-l1-1-0.dll
0x0000019ba2b90000 - 0x0000019ba2b93000 	C:\Program Files\Java\javafx-sdk-19\bin\api-ms-win-core-file-l1-2-0.dll
0x0000019ba2ba0000 - 0x0000019ba2ba3000 	C:\Program Files\Java\javafx-sdk-19\bin\api-ms-win-core-file-l2-1-0.dll
0x0000019ba2bb0000 - 0x0000019ba2bb3000 	C:\Program Files\Java\javafx-sdk-19\bin\api-ms-win-core-handle-l1-1-0.dll
0x0000019ba2bc0000 - 0x0000019ba2bc3000 	C:\Program Files\Java\javafx-sdk-19\bin\api-ms-win-core-heap-l1-1-0.dll
0x0000019ba2bd0000 - 0x0000019ba2bd3000 	C:\Program Files\Java\javafx-sdk-19\bin\api-ms-win-core-interlocked-l1-1-0.dll
0x0000019ba2be0000 - 0x0000019ba2be3000 	C:\Program Files\Java\javafx-sdk-19\bin\api-ms-win-core-libraryloader-l1-1-0.dll
0x0000019ba2bf0000 - 0x0000019ba2bf3000 	C:\Program Files\Java\javafx-sdk-19\bin\api-ms-win-core-localization-l1-2-0.dll
0x0000019ba7800000 - 0x0000019ba7803000 	C:\Program Files\Java\javafx-sdk-19\bin\api-ms-win-core-memory-l1-1-0.dll
0x0000019ba7810000 - 0x0000019ba7813000 	C:\Program Files\Java\javafx-sdk-19\bin\api-ms-win-core-namedpipe-l1-1-0.dll
0x0000019ba7820000 - 0x0000019ba7823000 	C:\Program Files\Java\javafx-sdk-19\bin\api-ms-win-core-processenvironment-l1-1-0.dll
0x0000019ba7830000 - 0x0000019ba7833000 	C:\Program Files\Java\javafx-sdk-19\bin\api-ms-win-core-processthreads-l1-1-0.dll
0x0000019ba7840000 - 0x0000019ba7843000 	C:\Program Files\Java\javafx-sdk-19\bin\api-ms-win-core-processthreads-l1-1-1.dll
0x0000019ba7850000 - 0x0000019ba7853000 	C:\Program Files\Java\javafx-sdk-19\bin\api-ms-win-core-profile-l1-1-0.dll
0x0000019ba7860000 - 0x0000019ba7863000 	C:\Program Files\Java\javafx-sdk-19\bin\api-ms-win-core-rtlsupport-l1-1-0.dll
0x0000019ba7870000 - 0x0000019ba7873000 	C:\Program Files\Java\javafx-sdk-19\bin\api-ms-win-core-string-l1-1-0.dll
0x0000019ba7880000 - 0x0000019ba7883000 	C:\Program Files\Java\javafx-sdk-19\bin\api-ms-win-core-synch-l1-1-0.dll
0x0000019ba7890000 - 0x0000019ba7893000 	C:\Program Files\Java\javafx-sdk-19\bin\api-ms-win-core-synch-l1-2-0.dll
0x0000019ba78a0000 - 0x0000019ba78a3000 	C:\Program Files\Java\javafx-sdk-19\bin\api-ms-win-core-sysinfo-l1-1-0.dll
0x0000019ba78b0000 - 0x0000019ba78b3000 	C:\Program Files\Java\javafx-sdk-19\bin\api-ms-win-core-timezone-l1-1-0.dll
0x0000019ba78c0000 - 0x0000019ba78c3000 	C:\Program Files\Java\javafx-sdk-19\bin\api-ms-win-core-util-l1-1-0.dll
0x0000019ba78d0000 - 0x0000019ba78d3000 	C:\Program Files\Java\javafx-sdk-19\bin\api-ms-win-crt-conio-l1-1-0.dll
0x0000019ba78e0000 - 0x0000019ba78e4000 	C:\Program Files\Java\javafx-sdk-19\bin\api-ms-win-crt-convert-l1-1-0.dll
0x0000019ba78f0000 - 0x0000019ba78f3000 	C:\Program Files\Java\javafx-sdk-19\bin\api-ms-win-crt-environment-l1-1-0.dll
0x0000019ba7900000 - 0x0000019ba7903000 	C:\Program Files\Java\javafx-sdk-19\bin\api-ms-win-crt-filesystem-l1-1-0.dll
0x0000019ba7910000 - 0x0000019ba7913000 	C:\Program Files\Java\javafx-sdk-19\bin\api-ms-win-crt-heap-l1-1-0.dll
0x0000019ba7920000 - 0x0000019ba7923000 	C:\Program Files\Java\javafx-sdk-19\bin\api-ms-win-crt-locale-l1-1-0.dll
0x0000019ba7930000 - 0x0000019ba7935000 	C:\Program Files\Java\javafx-sdk-19\bin\api-ms-win-crt-math-l1-1-0.dll
0x0000019ba7940000 - 0x0000019ba7945000 	C:\Program Files\Java\javafx-sdk-19\bin\api-ms-win-crt-multibyte-l1-1-0.dll
0x0000019ba7950000 - 0x0000019ba7960000 	C:\Program Files\Java\javafx-sdk-19\bin\api-ms-win-crt-private-l1-1-0.dll
0x0000019ba7960000 - 0x0000019ba7963000 	C:\Program Files\Java\javafx-sdk-19\bin\api-ms-win-crt-process-l1-1-0.dll
0x0000019ba7970000 - 0x0000019ba7974000 	C:\Program Files\Java\javafx-sdk-19\bin\api-ms-win-crt-runtime-l1-1-0.dll
0x0000019ba7980000 - 0x0000019ba7984000 	C:\Program Files\Java\javafx-sdk-19\bin\api-ms-win-crt-stdio-l1-1-0.dll
0x0000019ba7990000 - 0x0000019ba7994000 	C:\Program Files\Java\javafx-sdk-19\bin\api-ms-win-crt-string-l1-1-0.dll
0x0000019ba79a0000 - 0x0000019ba79a3000 	C:\Program Files\Java\javafx-sdk-19\bin\api-ms-win-crt-time-l1-1-0.dll
0x0000019ba79b0000 - 0x0000019ba79b3000 	C:\Program Files\Java\javafx-sdk-19\bin\api-ms-win-crt-utility-l1-1-0.dll
0x00007ffe26220000 - 0x00007ffe2631c000 	C:\Program Files\Java\javafx-sdk-19\bin\ucrtbase.dll
0x00007ffe35f80000 - 0x00007ffe35f9b000 	C:\Program Files\Java\javafx-sdk-19\bin\vcruntime140.dll
0x00007ffe41bd0000 - 0x00007ffe41bdc000 	C:\Program Files\Java\javafx-sdk-19\bin\vcruntime140_1.dll
0x00007ffe26190000 - 0x00007ffe2621e000 	C:\Program Files\Java\javafx-sdk-19\bin\msvcp140.dll
0x00007ffe375c0000 - 0x00007ffe375c9000 	C:\Program Files\Java\javafx-sdk-19\bin\msvcp140_1.dll
0x00007ffe34120000 - 0x00007ffe34150000 	C:\Program Files\Java\javafx-sdk-19\bin\msvcp140_2.dll
0x00007ffe32420000 - 0x00007ffe3244c000 	C:\Program Files\Java\javafx-sdk-19\bin\prism_d3d.dll
0x00007ffe31e90000 - 0x00007ffe3205f000 	C:\Windows\system32\d3d9.dll
0x00007ffe4c6e0000 - 0x00007ffe4c70f000 	C:\Windows\SYSTEM32\dwmapi.dll
0x00007ffe4c320000 - 0x00007ffe4c3be000 	C:\Windows\system32\uxtheme.dll
0x00007ffe47c90000 - 0x00007ffe47ca9000 	C:\Windows\SYSTEM32\vm3dum64_loader.dll
0x00007ffe510a0000 - 0x00007ffe511ca000 	C:\Windows\System32\ole32.dll
0x00007ffe4e200000 - 0x00007ffe4e20c000 	C:\Windows\SYSTEM32\CRYPTBASE.DLL
0x00007ffe325b0000 - 0x00007ffe32620000 	C:\Windows\system32\vm3dum64.dll
0x00007ffe31a90000 - 0x00007ffe31ad2000 	C:\Program Files\Java\javafx-sdk-19\bin\glass.dll
0x00007ffe4f360000 - 0x00007ffe4f43a000 	C:\Windows\System32\COMDLG32.dll
0x00007ffe50e60000 - 0x00007ffe50f2d000 	C:\Windows\System32\OLEAUT32.dll
0x00007ffe50390000 - 0x00007ffe504a5000 	C:\Windows\System32\MSCTF.dll
0x00007ffe34100000 - 0x00007ffe34114000 	C:\Program Files\Java\javafx-sdk-19\bin\javafx_font.dll
0x00007ffe439e0000 - 0x00007ffe43c5f000 	C:\Windows\SYSTEM32\dwrite.dll
0x00007ffe4f440000 - 0x00007ffe4f4ef000 	C:\Windows\System32\clbcatq.dll
0x00007ffe49850000 - 0x00007ffe49a04000 	C:\Windows\SYSTEM32\WindowsCodecs.dll
0x00007ffe4e910000 - 0x00007ffe4e937000 	C:\Windows\System32\bcrypt.dll
0x00007ffe29150000 - 0x00007ffe2918e000 	C:\Windows\system32\dataexchange.dll
0x00007ffe4ac90000 - 0x00007ffe4aef3000 	C:\Windows\system32\d3d11.dll
0x00007ffe4b4c0000 - 0x00007ffe4b6a3000 	C:\Windows\system32\dcomp.dll
0x00007ffe4d1d0000 - 0x00007ffe4d2c3000 	C:\Windows\system32\dxgi.dll
0x00007ffe49ad0000 - 0x00007ffe49cd0000 	C:\Windows\system32\twinapi.appcore.dll
0x00007ffe322e0000 - 0x00007ffe32314000 	C:\Program Files\Common Files\Microsoft Shared\Ink\rtscom.dll
0x00007ffe45f10000 - 0x00007ffe46009000 	C:\Windows\SYSTEM32\textinputframework.dll
0x00007ffe4b800000 - 0x00007ffe4bb5e000 	C:\Windows\System32\CoreUIComponents.dll
0x00007ffe4bb60000 - 0x00007ffe4bc52000 	C:\Windows\System32\CoreMessaging.dll
0x00007ffe4da30000 - 0x00007ffe4da63000 	C:\Windows\SYSTEM32\ntmarta.dll
0x00007ffe4a680000 - 0x00007ffe4a7d4000 	C:\Windows\SYSTEM32\wintypes.dll
0x00007ffe35270000 - 0x00007ffe352d6000 	C:\Windows\system32\Oleacc.dll
0x00007ffe35f30000 - 0x00007ffe35f3a000 	C:\Program Files\Java\jdk-19\bin\management.dll
0x00007ffe35af0000 - 0x00007ffe35afb000 	C:\Program Files\Java\jdk-19\bin\management_ext.dll
0x00007ffe50550000 - 0x00007ffe50558000 	C:\Windows\System32\PSAPI.DLL
0x00007ffe35870000 - 0x00007ffe35880000 	C:\Program Files\Java\jdk-19\bin\verify.dll
0x00007ffe4e1e0000 - 0x00007ffe4e1f8000 	C:\Windows\SYSTEM32\CRYPTSP.dll

dbghelp: loaded successfully - version: 4.0.5 - missing functions: none
symbol engine: initialized successfully - sym options: 0x614 - pdb path: .;C:\Program Files\Java\jdk-19\bin;C:\Windows\SYSTEM32;C:\Windows\WinSxS\amd64_microsoft.windows.common-controls_6595b64144ccf1df_6.0.19041.1110_none_60b5254171f9507e;C:\Program Files\Java\jdk-19\bin\server;C:\Program Files\JetBrains\IntelliJ IDEA 2022.3\bin;C:\Program Files\Java\javafx-sdk-19\bin;C:\Program Files\Common Files\Microsoft Shared\Ink

VM Arguments:
jvm_args: --module-path=C:\Program Files\Java\javafx-sdk-19\lib --add-modules=javafx.controls,javafx.fxml -javaagent:C:\Program Files\JetBrains\IntelliJ IDEA 2022.3\lib\idea_rt.jar=55947:C:\Program Files\JetBrains\IntelliJ IDEA 2022.3\bin -Dfile.encoding=UTF-8 -Dsun.stdout.encoding=UTF-8 -Dsun.stderr.encoding=UTF-8 
java_command: com.example.projectfx.HelloApplication
java_class_path (initial): C:\Users\MohammadRehan\IdeaProjects\ProjectFX\target\classes;C:\Program Files\Java\javafx-sdk-19\lib\javafx-swt.jar;C:\Program Files\Java\javafx-sdk-19\lib\javafx.web.jar;C:\Program Files\Java\javafx-sdk-19\lib\javafx.base.jar;C:\Program Files\Java\javafx-sdk-19\lib\javafx.fxml.jar;C:\Program Files\Java\javafx-sdk-19\lib\javafx.media.jar;C:\Program Files\Java\javafx-sdk-19\lib\javafx.swing.jar;C:\Program Files\Java\javafx-sdk-19\lib\javafx.controls.jar;C:\Program Files\Java\javafx-sdk-19\lib\javafx.graphics.jar;C:\Users\MohammadRehan\IdeaProjects\ProjectFX\lib\ojdbc11-21.7.0.0.jar;C:\Users\MohammadRehan\IdeaProjects\ProjectFX\lib\spring-jdbc-5.3.24.jar;C:\Users\MohammadRehan\IdeaProjects\ProjectFX\lib\spring-beans-5.3.24.jar;C:\Users\MohammadRehan\IdeaProjects\ProjectFX\lib\spring-core-5.3.24.jar;C:\Users\MohammadRehan\IdeaProjects\ProjectFX\lib\spring-jcl-5.3.24.jar;C:\Users\MohammadRehan\IdeaProjects\ProjectFX\lib\spring-tx-5.3.24.jar;C:\Users\MohammadRehan\IdeaProjects\ProjectFX\lib\AnimateFX-1.2.3.jar;C:\Users\MohammadRehan\Desktop\jasperreports-6.7.1\dist\jasperreports-6.7.1.jar;C:\Users\MohammadRehan\Desktop\jasperreports-6.7.1\dist\jasperreports-javaflow-6.7.1.jar;C:\Users\MohammadRehan\Desktop\jasperreports-6.2.0\lib\ant-1.7.1.jar;C:\Users\MohammadRehan\Desktop\jasperreports-6.2.0\lib\antlr-2.7.5.jar;C:\Users\MohammadRehan\Desktop\jasperreports-6.2.0\lib\barbecue-1.5-beta1.jar;C:\Users\MohammadRehan\Desktop\jasperreports-6.2.0\lib\barcode4j-2.1.jar;C:\Users\MohammadRehan\Desktop\jasperreports-6.2.0\lib\batik-anim.jar;C:\Users\MohammadRehan\Desktop\jasperreports-6.2.0\lib\batik-awt-util.jar;C:\Users\MohammadRehan\Desktop\jasperreports-6.2.0\lib\batik-bridge.jar;C:\Users\MohammadRehan\Desktop\jasperreports-6.2.0\lib\batik-css.jar;C:\Users\MohammadRehan\Desktop\jasperreports-6.2.0\lib\batik-dom.jar;C:\Users\MohammadRehan\Desktop\jasperreports-6.2.0\lib\batik-ext.jar;C:\Users\MohammadRehan\Desktop\jasperreports-6.2.0\lib\batik-gvt.jar;C:\Users\MohammadRehan\Desktop\jasperreports-6.2.0\lib\batik-parser.jar;C:\Users\MohammadRehan\Desktop\jasperreports-6.2.0\lib\batik-script.jar;C:\Users\MohammadRehan\Desktop\jasperreports-6.2.0\lib\batik-svg-dom.jar;C:\Users\MohammadRehan\Desktop\jasperreports-6.2.0\lib\batik-svggen.jar;C:\Users\MohammadRehan\Desktop\jasperreports-6.2.0\lib\batik-util.jar;C:\Users\MohammadRehan\Desktop\jasperreports-6.2.0\lib\batik-xml.jar;C:\Users\MohammadRehan\Desktop\jasperreports-6.2.0\lib\bcel-5.2.jar;C:\Users\MohammadRehan\Desktop\jasperreports-6.2.0\lib\bsh-2.0b4.jar;C:\Users\MohammadRehan\Desktop\jasperreports-6.2.0\lib\castor-core-1.3.3.jar;C:\Users\MohammadRehan\Desktop\jasperreports-6.2.0\lib\castor-xml-1.3.3.jar;C:\Users\MohammadRehan\Desktop\jasperreports-6.2.0\lib\commons-beanutils-1.9.0.jar;C:\Users\MohammadRehan\Desktop\jasperreports-6.2.0\lib\commons-codec-1.5.jar;C:\Users\MohammadRehan\Desktop\jasperreports-6.2.0\lib\commons-collections-3.2.1.jar;C:\Users\MohammadRehan\Desktop\jasperreports-6.2.0\lib\commons-digester-2.1.jar;C:\Users\MohammadRehan\Desktop\jasperreports-6.2.0\lib\commons-javaflow-20060411.jar;C:\Users\MohammadRehan\Desktop\jasperreports-6.2.0\lib\commons-logging-1.1.1.jar;C:\Users\MohammadRehan\Desktop\jasperreports-6.2.0\lib\core-2.3.0.jar;C:\Users\MohammadRehan\Desktop\jasperreports-6.2.0\lib\dom4j-1.6.1.jar;C:\Users\MohammadRehan\Desktop\jasperreports-6.2.0\lib\ecj-4.3.1.jar;C:\Users\MohammadRehan\Desktop\jasperreports-6.2.0\lib\groovy-all-2.4.3.jar;C:\Users\MohammadRehan\Desktop\jasperreports-6.2.0\lib\hibernate-core-3.3.2.GA.jar;C:\Users\MohammadRehan\Desktop\jasperreports-6.2.0\lib\hsqldb-1.8.0-10.jar;C:\Users\MohammadRehan\Desktop\jasperreports-6.2.0\lib\httpclient-4.3.4.jar;C:\Users\MohammadRehan\Desktop\jasperreports-6.2.0\lib\httpcore-4.3.2.jar;C:\Users\MohammadRehan\Desktop\jasperreports-6.2.0\lib\itext-2.1.7.js4.jar;C:\Users\MohammadRehan\Desktop\jasperreports-6.2.0\lib\jackson-annotations-2.1.4.jar;C:\Users\MohammadRehan\Desktop\jasperreports-6.2.0\lib\jackson-core-2.1.4.jar;C:\Users\MohammadRehan\Desktop\jasperreports-6.2.0\lib\jackson-databind-2.1.4.jar;C:\Users\MohammadRehan\Desktop\jasperreports-6.2.0\lib\jaxen-1.1.1.jar;C:\Users\MohammadRehan\Desktop\jasperreports-6.2.0\lib\jcommon-1.0.23.jar;C:\Users\MohammadRehan\Desktop\jasperreports-6.2.0\lib\jfreechart-1.0.19.jar;C:\Users\MohammadRehan\Desktop\jasperreports-6.2.0\lib\jpa.jar;C:\Users\MohammadRehan\Desktop\jasperreports-6.2.0\lib\jxl-2.6.10.jar;C:\Users\MohammadRehan\Desktop\jasperreports-6.2.0\lib\log4j-1.2.15.jar;C:\Users\MohammadRehan\Desktop\jasperreports-6.2.0\lib\lucene-analyzers-common-4.5.1.jar;C:\Users\MohammadRehan\Desktop\jasperreports-6.2.0\lib\lucene-core-4.5.1.jar;C:\Users\MohammadRehan\Desktop\jasperreports-6.2.0\lib\lucene-queryparser-4.5.1.jar;C:\Users\MohammadRehan\Desktop\jasperreports-6.2.0\lib\mondrian-3.1.1.12687.jar;C:\Users\MohammadRehan\Desktop\jasperreports-6.2.0\lib\olap4j-0.9.7.309-JS-3.jar;C:\Users\MohammadRehan\Desktop\jasperreports-6.2.0\lib\png-encoder-1.5.jar;C:\Users\MohammadRehan\Desktop\jasperreports-6.2.0\lib\poi-3.10.1.jar;C:\Users\MohammadRehan\Desktop\jasperreports-6.2.0\lib\poi-ooxml-3.10.1.jar;C:\Users\MohammadRehan\Desktop\jasperreports-6.2.0\lib\poi-ooxml-schemas-3.10.1.jar;C:\Users\MohammadRehan\Desktop\jasperreports-6.2.0\lib\rhino-1.7.6.jar;C:\Users\MohammadRehan\Desktop\jasperreports-6.2.0\lib\saaj-api-1.3.jar;C:\Users\MohammadRehan\Desktop\jasperreports-6.2.0\lib\serializer.jar;C:\Users\MohammadRehan\Desktop\jasperreports-6.2.0\lib\servlet-api-2.4.jar;C:\Users\MohammadRehan\Desktop\jasperreports-6.2.0\lib\spring-beans-2.5.5.jar;C:\Users\MohammadRehan\Desktop\jasperreports-6.2.0\lib\spring-core-2.5.5.jar;C:\Users\MohammadRehan\Desktop\jasperreports-6.2.0\lib\velocity-1.7-dep.jar;C:\Users\MohammadRehan\Desktop\jasperreports-6.2.0\lib\xalan-2.7.1.jar;C:\Users\MohammadRehan\Desktop\jasperreports-6.2.0\lib\xercesImpl-2.10.0.jar;C:\Users\MohammadRehan\Desktop\jasperreports-6.2.0\lib\xml-apis-ext.jar;C:\Users\MohammadRehan\Desktop\jasperreports-6.2.0\lib\xml-apis.jar;C:\Users\MohammadRehan\Desktop\jasperreports-6.2.0\lib\xmlbeans-2.5.0.jar;C:\Users\MohammadRehan\Desktop\jasperreports-6.2.0\lib\xmpcore-5.1.1.jar
Launcher Type: SUN_STANDARD

[Global flags]
     intx CICompilerCount                          = 2                                         {product} {ergonomic}
     uint ConcGCThreads                            = 1                                         {product} {ergonomic}
     uint G1ConcRefinementThreads                  = 2                                         {product} {ergonomic}
   size_t G1HeapRegionSize                         = 1048576                                   {product} {ergonomic}
    uintx GCDrainStackTargetSize                   = 64                                        {product} {ergonomic}
   size_t InitialHeapSize                          = 67108864                                  {product} {ergonomic}
   size_t MarkStackSize                            = 4194304                                   {product} {ergonomic}
   size_t MaxHeapSize                              = 1073741824                                {product} {ergonomic}
   size_t MaxNewSize                               = 643825664                                 {product} {ergonomic}
   size_t MinHeapDeltaBytes                        = 1048576                                   {product} {ergonomic}
   size_t MinHeapSize                              = 8388608                                   {product} {ergonomic}
    uintx NonNMethodCodeHeapSize                   = 5826188                                {pd product} {ergonomic}
    uintx NonProfiledCodeHeapSize                  = 122916026                              {pd product} {ergonomic}
    uintx ProfiledCodeHeapSize                     = 122916026                              {pd product} {ergonomic}
    uintx ReservedCodeCacheSize                    = 251658240                              {pd product} {ergonomic}
     bool SegmentedCodeCache                       = true                                      {product} {ergonomic}
   size_t SoftMaxHeapSize                          = 1073741824                             {manageable} {ergonomic}
     bool UseCompressedClassPointers               = true                           {product lp64_product} {ergonomic}
     bool UseCompressedOops                        = true                           {product lp64_product} {ergonomic}
     bool UseG1GC                                  = true                                      {product} {ergonomic}
     bool UseLargePagesIndividualAllocation        = false                                  {pd product} {ergonomic}

Logging:
Log output configuration:
 #0: stdout all=warning uptime,level,tags foldmultilines=false
 #1: stderr all=off uptime,level,tags foldmultilines=false

Environment Variables:
PATH=C:\app\MohammadRehan\product\21c\dbhomeXE\bin;C:\Program Files\Common Files\Oracle\Java\javapath;C:\Windows\system32;C:\Windows;C:\Windows\System32\Wbem;C:\Windows\System32\WindowsPowerShell\v1.0\;C:\Windows\System32\OpenSSH\;C:\app\MohammadRehan\product\21c\dbhomeXE\jdbc\lib\ojdbc11.jar;C:\Program Files\Git\cmd;C:\Users\MohammadRehan\AppData\Local\Microsoft\WindowsApps;
USERNAME=MohammadRehan
OS=Windows_NT
PROCESSOR_IDENTIFIER=Intel64 Family 6 Model 158 Stepping 10, GenuineIntel
TMP=C:\Users\MOHAMM~1\AppData\Local\Temp
TEMP=C:\Users\MOHAMM~1\AppData\Local\Temp



---------------  S Y S T E M  ---------------

OS:
 Windows 10 , 64 bit Build 19041 (10.0.19041.2251)
OS uptime: 1 days 10:51 hours
VMWare virtualization detected

CPU: total 2 (initial active 2) (2 cores per cpu, 1 threads per core) family 6 model 158 stepping 10 microcode 0xb4, cx8, cmov, fxsr, mmx, 3dnowpref, sse, sse2, sse3, ssse3, sse4.1, sse4.2, popcnt, lzcnt, tsc, tscinvbit, avx, avx2, aes, erms, clmul, bmi1, bmi2, adx, fma, vzeroupper, clflush, clflushopt, hv, rdtscp

Memory: 4k page, system-wide physical 4095M (227M free)
TotalPageFile size 11705M (AvailPageFile size 3M)
current process WorkingSet (physical memory assigned to process): 208M, peak: 363M
current process commit charge ("private bytes"): 525M, peak: 525M

vm_info: Java HotSpot(TM) 64-Bit Server VM (19.0.1+10-21) for windows-amd64 JRE (19.0.1+10-21), built on 2022-09-14T12:45:06Z by "mach5one" with MS VC++ 17.1 (VS2022)

END.
