#
# There is insufficient memory for the Java Runtime Environment to continue.
# Native memory allocation (malloc) failed to allocate 32744 bytes for Chunk::new
# Possible reasons:
#   The system is out of physical RAM or swap space
#   The process is running with CompressedOops enabled, and the Java Heap may be blocking the growth of the native heap
# Possible solutions:
#   Reduce memory load on the system
#   Increase physical memory or swap space
#   Check if swap backing store is full
#   Decrease Java heap size (-Xmx/-Xms)
#   Decrease number of Java threads
#   Decrease Java thread stack sizes (-Xss)
#   Set larger code cache with -XX:ReservedCodeCacheSize=
#   JVM is running with Unscaled Compressed Oops mode in which the Java heap is
#     placed in the first 4GB address space. The Java Heap base address is the
#     maximum limit for the native heap growth. Please use -XX:HeapBaseMinAddress
#     to set the Java Heap base and to place the Java Heap above 4GB virtual address.
# This output file may be truncated or incomplete.
#
#  Out of Memory Error (arena.cpp:184), pid=11516, tid=10408
#
# JRE version: Java(TM) SE Runtime Environment (19.0.1+10) (build 19.0.1+10-21)
# Java VM: Java HotSpot(TM) 64-Bit Server VM (19.0.1+10-21, mixed mode, sharing, tiered, compressed oops, compressed class ptrs, g1 gc, windows-amd64)
# No core dump will be written. Minidumps are not enabled by default on client versions of Windows
#

---------------  S U M M A R Y ------------

Command Line: --module-path=C:\Program Files\Java\javafx-sdk-19\lib --add-modules=javafx.controls,javafx.fxml -javaagent:C:\Program Files\JetBrains\IntelliJ IDEA 2022.3\lib\idea_rt.jar=58684:C:\Program Files\JetBrains\IntelliJ IDEA 2022.3\bin -Dfile.encoding=UTF-8 -Dsun.stdout.encoding=UTF-8 -Dsun.stderr.encoding=UTF-8 com.example.projectfx.HelloApplication

Host: Intel(R) Core(TM) i7-9750H CPU @ 2.60GHz, 2 cores, 3G,  Windows 10 , 64 bit Build 19041 (10.0.19041.2251)
Time: Tue Dec 13 21:51:10 2022 West Bank Gaza Standard Time elapsed time: 29.840054 seconds (0d 0h 0m 29s)

---------------  T H R E A D  ---------------

Current thread (0x000001c87f45d210):  JavaThread "C2 CompilerThread0" daemon [_thread_in_native, id=10408, stack(0x0000007c2ca00000,0x0000007c2cb00000)]


Current CompileTask:
C2:  29840 6802   !   4       javafx.scene.CssStyleHelper::transitionToState (1033 bytes)

Stack: [0x0000007c2ca00000,0x0000007c2cb00000]
Native frames: (J=compiled Java code, j=interpreted, Vv=VM code, C=native code)
V  [jvm.dll+0x6ee8fa]
V  [jvm.dll+0x857a1e]
V  [jvm.dll+0x85940e]
V  [jvm.dll+0x859ac3]
V  [jvm.dll+0x28291f]
V  [jvm.dll+0xc9b5f]
V  [jvm.dll+0xc9ee5]
V  [jvm.dll+0xc9c84]
V  [jvm.dll+0x84046c]
V  [jvm.dll+0x600c7d]
V  [jvm.dll+0x609e7c]
V  [jvm.dll+0x607cc8]
V  [jvm.dll+0x6078aa]
V  [jvm.dll+0x5f1354]
V  [jvm.dll+0x254d73]
V  [jvm.dll+0x24dbf0]
V  [jvm.dll+0x24b563]
V  [jvm.dll+0x1d6d61]
V  [jvm.dll+0x25b0fa]
V  [jvm.dll+0x259588]
V  [jvm.dll+0x807928]
V  [jvm.dll+0x8015fa]
V  [jvm.dll+0x6ed5eb]
C  [ucrtbase.dll+0x21bb2]
C  [KERNEL32.DLL+0x174b4]
C  [ntdll.dll+0x526a1]


---------------  P R O C E S S  ---------------

Threads class SMR info:
_java_thread_list=0x000001c8164a14d0, length=23, elements={
0x000001c872f6df90, 0x000001c87f4521c0, 0x000001c87f452fb0, 0x000001c87f457500,
0x000001c87f4590c0, 0x000001c87f459c70, 0x000001c87f45c5b0, 0x000001c87f45d210,
0x000001c87f460ad0, 0x000001c87f47cd20, 0x000001c873018810, 0x000001c815462750,
0x000001c81553e770, 0x000001c8157fe970, 0x000001c87f7196d0, 0x000001c81599b420,
0x000001c81506d170, 0x000001c815c56cb0, 0x000001c8160576f0, 0x000001c8160561b0,
0x000001c816056700, 0x000001c816056c50, 0x000001c816055710
}

Java Threads: ( => current thread )
  0x000001c872f6df90 JavaThread "main" [_thread_blocked, id=8100, stack(0x0000007c2bd00000,0x0000007c2be00000)]
  0x000001c87f4521c0 JavaThread "Reference Handler" daemon [_thread_blocked, id=11840, stack(0x0000007c2c400000,0x0000007c2c500000)]
  0x000001c87f452fb0 JavaThread "Finalizer" daemon [_thread_blocked, id=4352, stack(0x0000007c2c500000,0x0000007c2c600000)]
  0x000001c87f457500 JavaThread "Signal Dispatcher" daemon [_thread_blocked, id=6628, stack(0x0000007c2c600000,0x0000007c2c700000)]
  0x000001c87f4590c0 JavaThread "Attach Listener" daemon [_thread_blocked, id=12060, stack(0x0000007c2c700000,0x0000007c2c800000)]
  0x000001c87f459c70 JavaThread "Service Thread" daemon [_thread_blocked, id=3200, stack(0x0000007c2c800000,0x0000007c2c900000)]
  0x000001c87f45c5b0 JavaThread "Monitor Deflation Thread" daemon [_thread_blocked, id=7900, stack(0x0000007c2c900000,0x0000007c2ca00000)]
=>0x000001c87f45d210 JavaThread "C2 CompilerThread0" daemon [_thread_in_native, id=10408, stack(0x0000007c2ca00000,0x0000007c2cb00000)]
  0x000001c87f460ad0 JavaThread "C1 CompilerThread0" daemon [_thread_blocked, id=5944, stack(0x0000007c2cb00000,0x0000007c2cc00000)]
  0x000001c87f47cd20 JavaThread "Sweeper thread" daemon [_thread_blocked, id=9708, stack(0x0000007c2cc00000,0x0000007c2cd00000)]
  0x000001c873018810 JavaThread "Common-Cleaner" daemon [_thread_blocked, id=12284, stack(0x0000007c2cd00000,0x0000007c2ce00000)]
  0x000001c815462750 JavaThread "Monitor Ctrl-Break" daemon [_thread_in_native, id=7536, stack(0x0000007c2cf00000,0x0000007c2d000000)]
  0x000001c81553e770 JavaThread "Notification Thread" daemon [_thread_blocked, id=10892, stack(0x0000007c2d000000,0x0000007c2d100000)]
  0x000001c8157fe970 JavaThread "QuantumRenderer-0" daemon [_thread_blocked, id=10496, stack(0x0000007c2d200000,0x0000007c2d300000)]
  0x000001c87f7196d0 JavaThread "InvokeLaterDispatcher" daemon [_thread_blocked, id=5520, stack(0x0000007c2d300000,0x0000007c2d400000)]
  0x000001c81599b420 JavaThread "JavaFX Application Thread" [_thread_in_native, id=10828, stack(0x0000007c2d400000,0x0000007c2d500000)]
  0x000001c81506d170 JavaThread "JavaFX-Launcher" [_thread_blocked, id=4248, stack(0x0000007c2d600000,0x0000007c2d700000)]
  0x000001c815c56cb0 JavaThread "Thread-2" daemon [_thread_in_native, id=4928, stack(0x0000007c2d500000,0x0000007c2d600000)]
  0x000001c8160576f0 JavaThread "Prism Font Disposer" daemon [_thread_blocked, id=11644, stack(0x0000007c2da00000,0x0000007c2db00000)]
  0x000001c8160561b0 JavaThread "Cleaner-0" daemon [_thread_blocked, id=6288, stack(0x0000007c2db00000,0x0000007c2dc00000)]
  0x000001c816056700 JavaThread "oracle.jdbc.driver.BlockSource.ThreadedCachingBlockSource.BlockReleaser" daemon [_thread_blocked, id=11512, stack(0x0000007c2dc00000,0x0000007c2dd00000)]
  0x000001c816056c50 JavaThread "InterruptTimer" daemon [_thread_blocked, id=5424, stack(0x0000007c2dd00000,0x0000007c2de00000)]
  0x000001c816055710 JavaThread "OJDBC-WORKER-THREAD-1" daemon [_thread_blocked, id=5740, stack(0x0000007c2de00000,0x0000007c2df00000)]

Other Threads:
  0x000001c873026ec0 VMThread "VM Thread" [stack: 0x0000007c2c300000,0x0000007c2c400000] [id=8168]
  0x000001c87f67e110 WatcherThread "VM Periodic Task Thread" [stack: 0x0000007c2d100000,0x0000007c2d200000] [id=5892]
  0x000001c872faeb80 WorkerThread "GC Thread#0" [stack: 0x0000007c2be00000,0x0000007c2bf00000] [id=10164]
  0x000001c8150283b0 WorkerThread "GC Thread#1" [stack: 0x0000007c2ce00000,0x0000007c2cf00000] [id=10740]
  0x000001c872fb7ae0 ConcurrentGCThread "G1 Main Marker" [stack: 0x0000007c2bf00000,0x0000007c2c000000] [id=4116]
  0x000001c872fb9520 WorkerThread "G1 Conc#0" [stack: 0x0000007c2c000000,0x0000007c2c100000] [id=8616]
  0x000001c873003eb0 ConcurrentGCThread "G1 Refine#0" [stack: 0x0000007c2c100000,0x0000007c2c200000] [id=3088]
  0x000001c8730049f0 ConcurrentGCThread "G1 Service" [stack: 0x0000007c2c200000,0x0000007c2c300000] [id=9828]

Threads with active compile tasks:
C2 CompilerThread0    29898 6802   !   4       javafx.scene.CssStyleHelper::transitionToState (1033 bytes)

VM state: not at safepoint (normal execution)

VM Mutex/Monitor currently owned by a thread: None

Heap address: 0x00000000c0000000, size: 1024 MB, Compressed Oops mode: 32-bit

CDS archive(s) mapped at: [0x0000000800000000-0x0000000800c40000-0x0000000800c40000), size 12845056, SharedBaseAddress: 0x0000000800000000, ArchiveRelocationMode: 0.
Compressed class space mapped at: 0x0000000801000000-0x0000000841000000, reserved size: 1073741824
Narrow klass base: 0x0000000800000000, Narrow klass shift: 0, Narrow klass range: 0x100000000

GC Precious Log:
 CardTable entry size: 512
 Card Set container configuration: InlinePtr #cards 5 size 8 Array Of Cards #cards 12 size 40 Howl #buckets 4 coarsen threshold 1843 Howl Bitmap #cards 512 size 80 coarsen threshold 460 Card regions per heap region 1 cards per card region 2048
 CPUs: 2 total, 2 available
 Memory: 4095M
 Large Page Support: Disabled
 NUMA Support: Disabled
 Compressed Oops: Enabled (32-bit)
 Heap Region Size: 1M
 Heap Min Capacity: 8M
 Heap Initial Capacity: 64M
 Heap Max Capacity: 1G
 Pre-touch: Disabled
 Parallel Workers: 2
 Concurrent Workers: 1
 Concurrent Refinement Workers: 2
 Periodic GC: Disabled

Heap:
 garbage-first heap   total 216064K, used 121221K [0x00000000c0000000, 0x0000000100000000)
  region size 1024K, 36 young (36864K), 1 survivors (1024K)
 Metaspace       used 32991K, committed 33344K, reserved 1114112K
  class space    used 4258K, committed 4416K, reserved 1048576K

Heap Regions: E=young(eden), S=young(survivor), O=old, HS=humongous(starts), HC=humongous(continues), CS=collection set, F=free, OA=open archive, CA=closed archive, TAMS=top-at-mark-start (previous, next)
|   0|0x00000000c0000000, 0x00000000c0100000, 0x00000000c0100000|100%| O|  |TAMS 0x00000000c0100000, 0x00000000c0000000| Untracked 
|   1|0x00000000c0100000, 0x00000000c0200000, 0x00000000c0200000|100%| O|  |TAMS 0x00000000c0200000, 0x00000000c0100000| Untracked 
|   2|0x00000000c0200000, 0x00000000c0300000, 0x00000000c0300000|100%|HS|  |TAMS 0x00000000c0300000, 0x00000000c0200000| Complete 
|   3|0x00000000c0300000, 0x00000000c0400000, 0x00000000c0400000|100%|HC|  |TAMS 0x00000000c0400000, 0x00000000c0300000| Complete 
|   4|0x00000000c0400000, 0x00000000c0500000, 0x00000000c0500000|100%|HC|  |TAMS 0x00000000c0500000, 0x00000000c0400000| Complete 
|   5|0x00000000c0500000, 0x00000000c0600000, 0x00000000c0600000|100%|HC|  |TAMS 0x00000000c0600000, 0x00000000c0500000| Complete 
|   6|0x00000000c0600000, 0x00000000c0700000, 0x00000000c0700000|100%|HC|  |TAMS 0x00000000c0700000, 0x00000000c0600000| Complete 
|   7|0x00000000c0700000, 0x00000000c0800000, 0x00000000c0800000|100%|HS|  |TAMS 0x00000000c0800000, 0x00000000c0700000| Complete 
|   8|0x00000000c0800000, 0x00000000c0900000, 0x00000000c0900000|100%|HC|  |TAMS 0x00000000c0900000, 0x00000000c0800000| Complete 
|   9|0x00000000c0900000, 0x00000000c0a00000, 0x00000000c0a00000|100%| O|  |TAMS 0x00000000c0a00000, 0x00000000c0900000| Untracked 
|  10|0x00000000c0a00000, 0x00000000c0b00000, 0x00000000c0b00000|100%| O|  |TAMS 0x00000000c0b00000, 0x00000000c0a00000| Untracked 
|  11|0x00000000c0b00000, 0x00000000c0c00000, 0x00000000c0c00000|100%| O|  |TAMS 0x00000000c0c00000, 0x00000000c0b00000| Untracked 
|  12|0x00000000c0c00000, 0x00000000c0d00000, 0x00000000c0d00000|100%| O|  |TAMS 0x00000000c0d00000, 0x00000000c0c00000| Untracked 
|  13|0x00000000c0d00000, 0x00000000c0e00000, 0x00000000c0e00000|100%| O|  |TAMS 0x00000000c0e00000, 0x00000000c0d00000| Untracked 
|  14|0x00000000c0e00000, 0x00000000c0f00000, 0x00000000c0f00000|100%| O|  |TAMS 0x00000000c0f00000, 0x00000000c0e00000| Untracked 
|  15|0x00000000c0f00000, 0x00000000c1000000, 0x00000000c1000000|100%| O|  |TAMS 0x00000000c1000000, 0x00000000c0f00000| Untracked 
|  16|0x00000000c1000000, 0x00000000c1100000, 0x00000000c1100000|100%|HS|  |TAMS 0x00000000c1100000, 0x00000000c1000000| Complete 
|  17|0x00000000c1100000, 0x00000000c1200000, 0x00000000c1200000|100%|HC|  |TAMS 0x00000000c1200000, 0x00000000c1100000| Complete 
|  18|0x00000000c1200000, 0x00000000c1300000, 0x00000000c1300000|100%| O|  |TAMS 0x00000000c1300000, 0x00000000c1200000| Untracked 
|  19|0x00000000c1300000, 0x00000000c1400000, 0x00000000c1400000|100%| O|  |TAMS 0x00000000c1400000, 0x00000000c1300000| Untracked 
|  20|0x00000000c1400000, 0x00000000c1500000, 0x00000000c1500000|100%| O|  |TAMS 0x00000000c1500000, 0x00000000c1400000| Untracked 
|  21|0x00000000c1500000, 0x00000000c1600000, 0x00000000c1600000|100%| O|  |TAMS 0x00000000c1600000, 0x00000000c1500000| Untracked 
|  22|0x00000000c1600000, 0x00000000c1700000, 0x00000000c1700000|100%| O|  |TAMS 0x00000000c1700000, 0x00000000c1600000| Untracked 
|  23|0x00000000c1700000, 0x00000000c1800000, 0x00000000c1800000|100%| O|  |TAMS 0x00000000c1800000, 0x00000000c1700000| Untracked 
|  24|0x00000000c1800000, 0x00000000c1900000, 0x00000000c1900000|100%| O|  |TAMS 0x00000000c1900000, 0x00000000c1800000| Untracked 
|  25|0x00000000c1900000, 0x00000000c1a00000, 0x00000000c1a00000|100%| O|  |TAMS 0x00000000c1900000, 0x00000000c1900000| Untracked 
|  26|0x00000000c1a00000, 0x00000000c1b00000, 0x00000000c1b00000|100%| O|  |TAMS 0x00000000c1b00000, 0x00000000c1a00000| Untracked 
|  27|0x00000000c1b00000, 0x00000000c1c00000, 0x00000000c1c00000|100%| O|  |TAMS 0x00000000c1c00000, 0x00000000c1b00000| Untracked 
|  28|0x00000000c1c00000, 0x00000000c1d00000, 0x00000000c1d00000|100%| O|  |TAMS 0x00000000c1d00000, 0x00000000c1c00000| Untracked 
|  29|0x00000000c1d00000, 0x00000000c1e00000, 0x00000000c1e00000|100%| O|  |TAMS 0x00000000c1e00000, 0x00000000c1d00000| Untracked 
|  30|0x00000000c1e00000, 0x00000000c1f00000, 0x00000000c1f00000|100%| O|  |TAMS 0x00000000c1f00000, 0x00000000c1e00000| Untracked 
|  31|0x00000000c1f00000, 0x00000000c2000000, 0x00000000c2000000|100%| O|  |TAMS 0x00000000c2000000, 0x00000000c1f00000| Untracked 
|  32|0x00000000c2000000, 0x00000000c2100000, 0x00000000c2100000|100%| O|  |TAMS 0x00000000c2100000, 0x00000000c2000000| Untracked 
|  33|0x00000000c2100000, 0x00000000c2200000, 0x00000000c2200000|100%| O|  |TAMS 0x00000000c2200000, 0x00000000c2100000| Untracked 
|  34|0x00000000c2200000, 0x00000000c2200000, 0x00000000c2300000|  0%| F|  |TAMS 0x00000000c2200000, 0x00000000c2200000| Untracked 
|  35|0x00000000c2300000, 0x00000000c2400000, 0x00000000c2400000|100%| O|  |TAMS 0x00000000c2300000, 0x00000000c2300000| Untracked 
|  36|0x00000000c2400000, 0x00000000c2500000, 0x00000000c2500000|100%| O|  |TAMS 0x00000000c2400000, 0x00000000c2400000| Untracked 
|  37|0x00000000c2500000, 0x00000000c2600000, 0x00000000c2600000|100%| O|  |TAMS 0x00000000c2500000, 0x00000000c2500000| Untracked 
|  38|0x00000000c2600000, 0x00000000c2700000, 0x00000000c2700000|100%| O|  |TAMS 0x00000000c2600000, 0x00000000c2600000| Untracked 
|  39|0x00000000c2700000, 0x00000000c2800000, 0x00000000c2800000|100%| O|  |TAMS 0x00000000c2700000, 0x00000000c2700000| Untracked 
|  40|0x00000000c2800000, 0x00000000c2900000, 0x00000000c2900000|100%| O|  |TAMS 0x00000000c2800000, 0x00000000c2800000| Untracked 
|  41|0x00000000c2900000, 0x00000000c2a00000, 0x00000000c2a00000|100%| O|  |TAMS 0x00000000c2900000, 0x00000000c2900000| Untracked 
|  42|0x00000000c2a00000, 0x00000000c2b00000, 0x00000000c2b00000|100%| O|  |TAMS 0x00000000c2a00000, 0x00000000c2a00000| Untracked 
|  43|0x00000000c2b00000, 0x00000000c2c00000, 0x00000000c2c00000|100%| O|  |TAMS 0x00000000c2b00000, 0x00000000c2b00000| Untracked 
|  44|0x00000000c2c00000, 0x00000000c2d00000, 0x00000000c2d00000|100%| O|  |TAMS 0x00000000c2c00000, 0x00000000c2c00000| Untracked 
|  45|0x00000000c2d00000, 0x00000000c2df4000, 0x00000000c2e00000| 95%| O|  |TAMS 0x00000000c2d00000, 0x00000000c2d00000| Untracked 
|  46|0x00000000c2e00000, 0x00000000c2e00000, 0x00000000c2f00000|  0%| F|  |TAMS 0x00000000c2e00000, 0x00000000c2e00000| Untracked 
|  47|0x00000000c2f00000, 0x00000000c2f00000, 0x00000000c3000000|  0%| F|  |TAMS 0x00000000c2f00000, 0x00000000c2f00000| Untracked 
|  48|0x00000000c3000000, 0x00000000c3000000, 0x00000000c3100000|  0%| F|  |TAMS 0x00000000c3000000, 0x00000000c3000000| Untracked 
|  49|0x00000000c3100000, 0x00000000c3100000, 0x00000000c3200000|  0%| F|  |TAMS 0x00000000c3100000, 0x00000000c3100000| Untracked 
|  50|0x00000000c3200000, 0x00000000c3200000, 0x00000000c3300000|  0%| F|  |TAMS 0x00000000c3200000, 0x00000000c3200000| Untracked 
|  51|0x00000000c3300000, 0x00000000c3300000, 0x00000000c3400000|  0%| F|  |TAMS 0x00000000c3300000, 0x00000000c3300000| Untracked 
|  52|0x00000000c3400000, 0x00000000c3400000, 0x00000000c3500000|  0%| F|  |TAMS 0x00000000c3400000, 0x00000000c3400000| Untracked 
|  53|0x00000000c3500000, 0x00000000c3500000, 0x00000000c3600000|  0%| F|  |TAMS 0x00000000c3500000, 0x00000000c3500000| Untracked 
|  54|0x00000000c3600000, 0x00000000c3600000, 0x00000000c3700000|  0%| F|  |TAMS 0x00000000c3600000, 0x00000000c3600000| Untracked 
|  55|0x00000000c3700000, 0x00000000c3700000, 0x00000000c3800000|  0%| F|  |TAMS 0x00000000c3700000, 0x00000000c3700000| Untracked 
|  56|0x00000000c3800000, 0x00000000c3800000, 0x00000000c3900000|  0%| F|  |TAMS 0x00000000c3800000, 0x00000000c3800000| Untracked 
|  57|0x00000000c3900000, 0x00000000c3900000, 0x00000000c3a00000|  0%| F|  |TAMS 0x00000000c3900000, 0x00000000c3900000| Untracked 
|  58|0x00000000c3a00000, 0x00000000c3a00000, 0x00000000c3b00000|  0%| F|  |TAMS 0x00000000c3a00000, 0x00000000c3a00000| Untracked 
|  59|0x00000000c3b00000, 0x00000000c3b00000, 0x00000000c3c00000|  0%| F|  |TAMS 0x00000000c3b00000, 0x00000000c3b00000| Untracked 
|  60|0x00000000c3c00000, 0x00000000c3c00000, 0x00000000c3d00000|  0%| F|  |TAMS 0x00000000c3c00000, 0x00000000c3c00000| Untracked 
|  61|0x00000000c3d00000, 0x00000000c3d00000, 0x00000000c3e00000|  0%| F|  |TAMS 0x00000000c3d00000, 0x00000000c3d00000| Untracked 
|  62|0x00000000c3e00000, 0x00000000c3e00000, 0x00000000c3f00000|  0%| F|  |TAMS 0x00000000c3e00000, 0x00000000c3e00000| Untracked 
|  63|0x00000000c3f00000, 0x00000000c3f00000, 0x00000000c4000000|  0%| F|  |TAMS 0x00000000c3f00000, 0x00000000c3f00000| Untracked 
|  64|0x00000000c4000000, 0x00000000c4100000, 0x00000000c4100000|100%|HS|  |TAMS 0x00000000c4100000, 0x00000000c4000000| Complete 
|  65|0x00000000c4100000, 0x00000000c4200000, 0x00000000c4200000|100%|HC|  |TAMS 0x00000000c4200000, 0x00000000c4100000| Complete 
|  66|0x00000000c4200000, 0x00000000c4300000, 0x00000000c4300000|100%|HC|  |TAMS 0x00000000c4300000, 0x00000000c4200000| Complete 
|  67|0x00000000c4300000, 0x00000000c4400000, 0x00000000c4400000|100%|HC|  |TAMS 0x00000000c4400000, 0x00000000c4300000| Complete 
|  68|0x00000000c4400000, 0x00000000c4500000, 0x00000000c4500000|100%|HC|  |TAMS 0x00000000c4500000, 0x00000000c4400000| Complete 
|  69|0x00000000c4500000, 0x00000000c4600000, 0x00000000c4600000|100%|HC|  |TAMS 0x00000000c4600000, 0x00000000c4500000| Complete 
|  70|0x00000000c4600000, 0x00000000c4700000, 0x00000000c4700000|100%|HC|  |TAMS 0x00000000c4700000, 0x00000000c4600000| Complete 
|  71|0x00000000c4700000, 0x00000000c4800000, 0x00000000c4800000|100%|HC|  |TAMS 0x00000000c4800000, 0x00000000c4700000| Complete 
|  72|0x00000000c4800000, 0x00000000c4900000, 0x00000000c4900000|100%|HC|  |TAMS 0x00000000c4900000, 0x00000000c4800000| Complete 
|  73|0x00000000c4900000, 0x00000000c4a00000, 0x00000000c4a00000|100%|HC|  |TAMS 0x00000000c4a00000, 0x00000000c4900000| Complete 
|  74|0x00000000c4a00000, 0x00000000c4b00000, 0x00000000c4b00000|100%|HC|  |TAMS 0x00000000c4b00000, 0x00000000c4a00000| Complete 
|  75|0x00000000c4b00000, 0x00000000c4c00000, 0x00000000c4c00000|100%|HC|  |TAMS 0x00000000c4c00000, 0x00000000c4b00000| Complete 
|  76|0x00000000c4c00000, 0x00000000c4d00000, 0x00000000c4d00000|100%|HC|  |TAMS 0x00000000c4d00000, 0x00000000c4c00000| Complete 
|  77|0x00000000c4d00000, 0x00000000c4e00000, 0x00000000c4e00000|100%|HC|  |TAMS 0x00000000c4e00000, 0x00000000c4d00000| Complete 
|  78|0x00000000c4e00000, 0x00000000c4f00000, 0x00000000c4f00000|100%|HC|  |TAMS 0x00000000c4f00000, 0x00000000c4e00000| Complete 
|  79|0x00000000c4f00000, 0x00000000c5000000, 0x00000000c5000000|100%|HC|  |TAMS 0x00000000c5000000, 0x00000000c4f00000| Complete 
|  80|0x00000000c5000000, 0x00000000c5100000, 0x00000000c5100000|100%|HC|  |TAMS 0x00000000c5100000, 0x00000000c5000000| Complete 
|  81|0x00000000c5100000, 0x00000000c5200000, 0x00000000c5200000|100%|HC|  |TAMS 0x00000000c5200000, 0x00000000c5100000| Complete 
|  82|0x00000000c5200000, 0x00000000c5300000, 0x00000000c5300000|100%|HC|  |TAMS 0x00000000c5300000, 0x00000000c5200000| Complete 
|  83|0x00000000c5300000, 0x00000000c5400000, 0x00000000c5400000|100%|HC|  |TAMS 0x00000000c5400000, 0x00000000c5300000| Complete 
|  84|0x00000000c5400000, 0x00000000c5500000, 0x00000000c5500000|100%|HC|  |TAMS 0x00000000c5500000, 0x00000000c5400000| Complete 
|  85|0x00000000c5500000, 0x00000000c5600000, 0x00000000c5600000|100%|HC|  |TAMS 0x00000000c5600000, 0x00000000c5500000| Complete 
|  86|0x00000000c5600000, 0x00000000c5700000, 0x00000000c5700000|100%|HC|  |TAMS 0x00000000c5700000, 0x00000000c5600000| Complete 
|  87|0x00000000c5700000, 0x00000000c5800000, 0x00000000c5800000|100%|HC|  |TAMS 0x00000000c5800000, 0x00000000c5700000| Complete 
|  88|0x00000000c5800000, 0x00000000c5900000, 0x00000000c5900000|100%|HC|  |TAMS 0x00000000c5900000, 0x00000000c5800000| Complete 
|  89|0x00000000c5900000, 0x00000000c5a00000, 0x00000000c5a00000|100%|HC|  |TAMS 0x00000000c5a00000, 0x00000000c5900000| Complete 
|  90|0x00000000c5a00000, 0x00000000c5b00000, 0x00000000c5b00000|100%|HC|  |TAMS 0x00000000c5b00000, 0x00000000c5a00000| Complete 
|  91|0x00000000c5b00000, 0x00000000c5c00000, 0x00000000c5c00000|100%|HC|  |TAMS 0x00000000c5c00000, 0x00000000c5b00000| Complete 
|  92|0x00000000c5c00000, 0x00000000c5d00000, 0x00000000c5d00000|100%|HC|  |TAMS 0x00000000c5d00000, 0x00000000c5c00000| Complete 
|  93|0x00000000c5d00000, 0x00000000c5e00000, 0x00000000c5e00000|100%|HC|  |TAMS 0x00000000c5e00000, 0x00000000c5d00000| Complete 
|  94|0x00000000c5e00000, 0x00000000c5f00000, 0x00000000c5f00000|100%|HC|  |TAMS 0x00000000c5f00000, 0x00000000c5e00000| Complete 
|  95|0x00000000c5f00000, 0x00000000c6000000, 0x00000000c6000000|100%|HC|  |TAMS 0x00000000c6000000, 0x00000000c5f00000| Complete 
|  96|0x00000000c6000000, 0x00000000c6100000, 0x00000000c6100000|100%|HC|  |TAMS 0x00000000c6100000, 0x00000000c6000000| Complete 
|  97|0x00000000c6100000, 0x00000000c6200000, 0x00000000c6200000|100%|HC|  |TAMS 0x00000000c6200000, 0x00000000c6100000| Complete 
|  98|0x00000000c6200000, 0x00000000c6300000, 0x00000000c6300000|100%|HC|  |TAMS 0x00000000c6300000, 0x00000000c6200000| Complete 
|  99|0x00000000c6300000, 0x00000000c6400000, 0x00000000c6400000|100%|HC|  |TAMS 0x00000000c6400000, 0x00000000c6300000| Complete 
| 100|0x00000000c6400000, 0x00000000c6500000, 0x00000000c6500000|100%|HC|  |TAMS 0x00000000c6500000, 0x00000000c6400000| Complete 
| 101|0x00000000c6500000, 0x00000000c6600000, 0x00000000c6600000|100%|HC|  |TAMS 0x00000000c6600000, 0x00000000c6500000| Complete 
| 102|0x00000000c6600000, 0x00000000c6700000, 0x00000000c6700000|100%|HC|  |TAMS 0x00000000c6700000, 0x00000000c6600000| Complete 
| 103|0x00000000c6700000, 0x00000000c6700000, 0x00000000c6800000|  0%| F|  |TAMS 0x00000000c6700000, 0x00000000c6700000| Untracked 
| 104|0x00000000c6800000, 0x00000000c6800000, 0x00000000c6900000|  0%| F|  |TAMS 0x00000000c6800000, 0x00000000c6800000| Untracked 
| 105|0x00000000c6900000, 0x00000000c6900000, 0x00000000c6a00000|  0%| F|  |TAMS 0x00000000c6900000, 0x00000000c6900000| Untracked 
| 106|0x00000000c6a00000, 0x00000000c6a00000, 0x00000000c6b00000|  0%| F|  |TAMS 0x00000000c6a00000, 0x00000000c6a00000| Untracked 
| 107|0x00000000c6b00000, 0x00000000c6b00000, 0x00000000c6c00000|  0%| F|  |TAMS 0x00000000c6b00000, 0x00000000c6b00000| Untracked 
| 108|0x00000000c6c00000, 0x00000000c6c00000, 0x00000000c6d00000|  0%| F|  |TAMS 0x00000000c6c00000, 0x00000000c6c00000| Untracked 
| 109|0x00000000c6d00000, 0x00000000c6d00000, 0x00000000c6e00000|  0%| F|  |TAMS 0x00000000c6d00000, 0x00000000c6d00000| Untracked 
| 110|0x00000000c6e00000, 0x00000000c6e00000, 0x00000000c6f00000|  0%| F|  |TAMS 0x00000000c6e00000, 0x00000000c6e00000| Untracked 
| 111|0x00000000c6f00000, 0x00000000c6f00000, 0x00000000c7000000|  0%| F|  |TAMS 0x00000000c6f00000, 0x00000000c6f00000| Untracked 
| 112|0x00000000c7000000, 0x00000000c7000000, 0x00000000c7100000|  0%| F|  |TAMS 0x00000000c7000000, 0x00000000c7000000| Untracked 
| 113|0x00000000c7100000, 0x00000000c7100000, 0x00000000c7200000|  0%| F|  |TAMS 0x00000000c7100000, 0x00000000c7100000| Untracked 
| 114|0x00000000c7200000, 0x00000000c7200000, 0x00000000c7300000|  0%| F|  |TAMS 0x00000000c7200000, 0x00000000c7200000| Untracked 
| 115|0x00000000c7300000, 0x00000000c7300000, 0x00000000c7400000|  0%| F|  |TAMS 0x00000000c7300000, 0x00000000c7300000| Untracked 
| 116|0x00000000c7400000, 0x00000000c7400000, 0x00000000c7500000|  0%| F|  |TAMS 0x00000000c7400000, 0x00000000c7400000| Untracked 
| 117|0x00000000c7500000, 0x00000000c7500000, 0x00000000c7600000|  0%| F|  |TAMS 0x00000000c7500000, 0x00000000c7500000| Untracked 
| 118|0x00000000c7600000, 0x00000000c7600000, 0x00000000c7700000|  0%| F|  |TAMS 0x00000000c7600000, 0x00000000c7600000| Untracked 
| 119|0x00000000c7700000, 0x00000000c7700000, 0x00000000c7800000|  0%| F|  |TAMS 0x00000000c7700000, 0x00000000c7700000| Untracked 
| 120|0x00000000c7800000, 0x00000000c7800000, 0x00000000c7900000|  0%| F|  |TAMS 0x00000000c7800000, 0x00000000c7800000| Untracked 
| 121|0x00000000c7900000, 0x00000000c7900000, 0x00000000c7a00000|  0%| F|  |TAMS 0x00000000c7900000, 0x00000000c7900000| Untracked 
| 122|0x00000000c7a00000, 0x00000000c7a00000, 0x00000000c7b00000|  0%| F|  |TAMS 0x00000000c7a00000, 0x00000000c7a00000| Untracked 
| 123|0x00000000c7b00000, 0x00000000c7b00000, 0x00000000c7c00000|  0%| F|  |TAMS 0x00000000c7b00000, 0x00000000c7b00000| Untracked 
| 124|0x00000000c7c00000, 0x00000000c7c00000, 0x00000000c7d00000|  0%| F|  |TAMS 0x00000000c7c00000, 0x00000000c7c00000| Untracked 
| 125|0x00000000c7d00000, 0x00000000c7d00000, 0x00000000c7e00000|  0%| F|  |TAMS 0x00000000c7d00000, 0x00000000c7d00000| Untracked 
| 126|0x00000000c7e00000, 0x00000000c7e00000, 0x00000000c7f00000|  0%| F|  |TAMS 0x00000000c7e00000, 0x00000000c7e00000| Untracked 
| 127|0x00000000c7f00000, 0x00000000c7f00000, 0x00000000c8000000|  0%| F|  |TAMS 0x00000000c7f00000, 0x00000000c7f00000| Untracked 
| 128|0x00000000c8000000, 0x00000000c8000000, 0x00000000c8100000|  0%| F|  |TAMS 0x00000000c8000000, 0x00000000c8000000| Untracked 
| 129|0x00000000c8100000, 0x00000000c8100000, 0x00000000c8200000|  0%| F|  |TAMS 0x00000000c8100000, 0x00000000c8100000| Untracked 
| 130|0x00000000c8200000, 0x00000000c8200000, 0x00000000c8300000|  0%| F|  |TAMS 0x00000000c8200000, 0x00000000c8200000| Untracked 
| 131|0x00000000c8300000, 0x00000000c8300000, 0x00000000c8400000|  0%| F|  |TAMS 0x00000000c8300000, 0x00000000c8300000| Untracked 
| 132|0x00000000c8400000, 0x00000000c8400000, 0x00000000c8500000|  0%| F|  |TAMS 0x00000000c8400000, 0x00000000c8400000| Untracked 
| 133|0x00000000c8500000, 0x00000000c8500000, 0x00000000c8600000|  0%| F|  |TAMS 0x00000000c8500000, 0x00000000c8500000| Untracked 
| 134|0x00000000c8600000, 0x00000000c866d4f0, 0x00000000c8700000| 42%| S|CS|TAMS 0x00000000c8600000, 0x00000000c8600000| Complete 
| 135|0x00000000c8700000, 0x00000000c8700000, 0x00000000c8800000|  0%| F|  |TAMS 0x00000000c8700000, 0x00000000c8700000| Untracked 
| 136|0x00000000c8800000, 0x00000000c8800000, 0x00000000c8900000|  0%| F|  |TAMS 0x00000000c8800000, 0x00000000c8800000| Untracked 
| 137|0x00000000c8900000, 0x00000000c8900000, 0x00000000c8a00000|  0%| F|  |TAMS 0x00000000c8900000, 0x00000000c8900000| Untracked 
| 138|0x00000000c8a00000, 0x00000000c8a00000, 0x00000000c8b00000|  0%| F|  |TAMS 0x00000000c8a00000, 0x00000000c8a00000| Untracked 
| 139|0x00000000c8b00000, 0x00000000c8b00000, 0x00000000c8c00000|  0%| F|  |TAMS 0x00000000c8b00000, 0x00000000c8b00000| Untracked 
| 140|0x00000000c8c00000, 0x00000000c8c00000, 0x00000000c8d00000|  0%| F|  |TAMS 0x00000000c8c00000, 0x00000000c8c00000| Untracked 
| 141|0x00000000c8d00000, 0x00000000c8d00000, 0x00000000c8e00000|  0%| F|  |TAMS 0x00000000c8d00000, 0x00000000c8d00000| Untracked 
| 142|0x00000000c8e00000, 0x00000000c8e00000, 0x00000000c8f00000|  0%| F|  |TAMS 0x00000000c8e00000, 0x00000000c8e00000| Untracked 
| 143|0x00000000c8f00000, 0x00000000c8f00000, 0x00000000c9000000|  0%| F|  |TAMS 0x00000000c8f00000, 0x00000000c8f00000| Untracked 
| 144|0x00000000c9000000, 0x00000000c9000000, 0x00000000c9100000|  0%| F|  |TAMS 0x00000000c9000000, 0x00000000c9000000| Untracked 
| 145|0x00000000c9100000, 0x00000000c9100000, 0x00000000c9200000|  0%| F|  |TAMS 0x00000000c9100000, 0x00000000c9100000| Untracked 
| 146|0x00000000c9200000, 0x00000000c9200000, 0x00000000c9300000|  0%| F|  |TAMS 0x00000000c9200000, 0x00000000c9200000| Untracked 
| 147|0x00000000c9300000, 0x00000000c9300000, 0x00000000c9400000|  0%| F|  |TAMS 0x00000000c9300000, 0x00000000c9300000| Untracked 
| 148|0x00000000c9400000, 0x00000000c9400000, 0x00000000c9500000|  0%| F|  |TAMS 0x00000000c9400000, 0x00000000c9400000| Untracked 
| 149|0x00000000c9500000, 0x00000000c9500000, 0x00000000c9600000|  0%| F|  |TAMS 0x00000000c9500000, 0x00000000c9500000| Untracked 
| 150|0x00000000c9600000, 0x00000000c9600000, 0x00000000c9700000|  0%| F|  |TAMS 0x00000000c9600000, 0x00000000c9600000| Untracked 
| 151|0x00000000c9700000, 0x00000000c9700000, 0x00000000c9800000|  0%| F|  |TAMS 0x00000000c9700000, 0x00000000c9700000| Untracked 
| 152|0x00000000c9800000, 0x00000000c9800000, 0x00000000c9900000|  0%| F|  |TAMS 0x00000000c9800000, 0x00000000c9800000| Untracked 
| 153|0x00000000c9900000, 0x00000000c9900000, 0x00000000c9a00000|  0%| F|  |TAMS 0x00000000c9900000, 0x00000000c9900000| Untracked 
| 154|0x00000000c9a00000, 0x00000000c9a00000, 0x00000000c9b00000|  0%| F|  |TAMS 0x00000000c9a00000, 0x00000000c9a00000| Untracked 
| 155|0x00000000c9b00000, 0x00000000c9b00000, 0x00000000c9c00000|  0%| F|  |TAMS 0x00000000c9b00000, 0x00000000c9b00000| Untracked 
| 156|0x00000000c9c00000, 0x00000000c9c00000, 0x00000000c9d00000|  0%| F|  |TAMS 0x00000000c9c00000, 0x00000000c9c00000| Untracked 
| 157|0x00000000c9d00000, 0x00000000c9d00000, 0x00000000c9e00000|  0%| F|  |TAMS 0x00000000c9d00000, 0x00000000c9d00000| Untracked 
| 158|0x00000000c9e00000, 0x00000000c9e00000, 0x00000000c9f00000|  0%| F|  |TAMS 0x00000000c9e00000, 0x00000000c9e00000| Untracked 
| 159|0x00000000c9f00000, 0x00000000c9f00000, 0x00000000ca000000|  0%| F|  |TAMS 0x00000000c9f00000, 0x00000000c9f00000| Untracked 
| 160|0x00000000ca000000, 0x00000000ca000000, 0x00000000ca100000|  0%| F|  |TAMS 0x00000000ca000000, 0x00000000ca000000| Untracked 
| 161|0x00000000ca100000, 0x00000000ca100000, 0x00000000ca200000|  0%| F|  |TAMS 0x00000000ca100000, 0x00000000ca100000| Untracked 
| 162|0x00000000ca200000, 0x00000000ca200000, 0x00000000ca300000|  0%| F|  |TAMS 0x00000000ca200000, 0x00000000ca200000| Untracked 
| 163|0x00000000ca300000, 0x00000000ca300000, 0x00000000ca400000|  0%| F|  |TAMS 0x00000000ca300000, 0x00000000ca300000| Untracked 
| 164|0x00000000ca400000, 0x00000000ca400000, 0x00000000ca500000|  0%| F|  |TAMS 0x00000000ca400000, 0x00000000ca400000| Untracked 
| 165|0x00000000ca500000, 0x00000000ca500000, 0x00000000ca600000|  0%| F|  |TAMS 0x00000000ca500000, 0x00000000ca500000| Untracked 
| 166|0x00000000ca600000, 0x00000000ca600000, 0x00000000ca700000|  0%| F|  |TAMS 0x00000000ca600000, 0x00000000ca600000| Untracked 
| 167|0x00000000ca700000, 0x00000000ca700000, 0x00000000ca800000|  0%| F|  |TAMS 0x00000000ca700000, 0x00000000ca700000| Untracked 
| 168|0x00000000ca800000, 0x00000000ca800000, 0x00000000ca900000|  0%| F|  |TAMS 0x00000000ca800000, 0x00000000ca800000| Untracked 
| 169|0x00000000ca900000, 0x00000000ca900000, 0x00000000caa00000|  0%| F|  |TAMS 0x00000000ca900000, 0x00000000ca900000| Untracked 
| 170|0x00000000caa00000, 0x00000000caa00000, 0x00000000cab00000|  0%| F|  |TAMS 0x00000000caa00000, 0x00000000caa00000| Untracked 
| 171|0x00000000cab00000, 0x00000000cab00000, 0x00000000cac00000|  0%| F|  |TAMS 0x00000000cab00000, 0x00000000cab00000| Untracked 
| 172|0x00000000cac00000, 0x00000000cac00000, 0x00000000cad00000|  0%| F|  |TAMS 0x00000000cac00000, 0x00000000cac00000| Untracked 
| 173|0x00000000cad00000, 0x00000000cad00000, 0x00000000cae00000|  0%| F|  |TAMS 0x00000000cad00000, 0x00000000cad00000| Untracked 
| 174|0x00000000cae00000, 0x00000000cae00000, 0x00000000caf00000|  0%| F|  |TAMS 0x00000000cae00000, 0x00000000cae00000| Untracked 
| 175|0x00000000caf00000, 0x00000000caf00000, 0x00000000cb000000|  0%| F|  |TAMS 0x00000000caf00000, 0x00000000caf00000| Untracked 
| 176|0x00000000cb000000, 0x00000000cb0d20d0, 0x00000000cb100000| 82%| E|  |TAMS 0x00000000cb000000, 0x00000000cb000000| Complete 
| 177|0x00000000cb100000, 0x00000000cb200000, 0x00000000cb200000|100%| E|CS|TAMS 0x00000000cb100000, 0x00000000cb100000| Complete 
| 178|0x00000000cb200000, 0x00000000cb300000, 0x00000000cb300000|100%| E|CS|TAMS 0x00000000cb200000, 0x00000000cb200000| Complete 
| 179|0x00000000cb300000, 0x00000000cb400000, 0x00000000cb400000|100%| E|CS|TAMS 0x00000000cb300000, 0x00000000cb300000| Complete 
| 180|0x00000000cb400000, 0x00000000cb500000, 0x00000000cb500000|100%| E|CS|TAMS 0x00000000cb400000, 0x00000000cb400000| Complete 
| 181|0x00000000cb500000, 0x00000000cb600000, 0x00000000cb600000|100%| E|CS|TAMS 0x00000000cb500000, 0x00000000cb500000| Complete 
| 182|0x00000000cb600000, 0x00000000cb700000, 0x00000000cb700000|100%| E|CS|TAMS 0x00000000cb600000, 0x00000000cb600000| Complete 
| 183|0x00000000cb700000, 0x00000000cb800000, 0x00000000cb800000|100%| E|CS|TAMS 0x00000000cb700000, 0x00000000cb700000| Complete 
| 184|0x00000000cb800000, 0x00000000cb900000, 0x00000000cb900000|100%| E|CS|TAMS 0x00000000cb800000, 0x00000000cb800000| Complete 
| 185|0x00000000cb900000, 0x00000000cba00000, 0x00000000cba00000|100%| E|CS|TAMS 0x00000000cb900000, 0x00000000cb900000| Complete 
| 186|0x00000000cba00000, 0x00000000cbb00000, 0x00000000cbb00000|100%| E|CS|TAMS 0x00000000cba00000, 0x00000000cba00000| Complete 
| 187|0x00000000cbb00000, 0x00000000cbc00000, 0x00000000cbc00000|100%| E|CS|TAMS 0x00000000cbb00000, 0x00000000cbb00000| Complete 
| 188|0x00000000cbc00000, 0x00000000cbd00000, 0x00000000cbd00000|100%| E|CS|TAMS 0x00000000cbc00000, 0x00000000cbc00000| Complete 
| 189|0x00000000cbd00000, 0x00000000cbe00000, 0x00000000cbe00000|100%| E|CS|TAMS 0x00000000cbd00000, 0x00000000cbd00000| Complete 
| 190|0x00000000cbe00000, 0x00000000cbf00000, 0x00000000cbf00000|100%| E|CS|TAMS 0x00000000cbe00000, 0x00000000cbe00000| Complete 
| 191|0x00000000cbf00000, 0x00000000cc000000, 0x00000000cc000000|100%| E|CS|TAMS 0x00000000cbf00000, 0x00000000cbf00000| Complete 
| 192|0x00000000cc000000, 0x00000000cc100000, 0x00000000cc100000|100%| E|CS|TAMS 0x00000000cc000000, 0x00000000cc000000| Complete 
| 193|0x00000000cc100000, 0x00000000cc200000, 0x00000000cc200000|100%| E|CS|TAMS 0x00000000cc100000, 0x00000000cc100000| Complete 
| 194|0x00000000cc200000, 0x00000000cc300000, 0x00000000cc300000|100%| E|CS|TAMS 0x00000000cc200000, 0x00000000cc200000| Complete 
| 195|0x00000000cc300000, 0x00000000cc400000, 0x00000000cc400000|100%| E|CS|TAMS 0x00000000cc300000, 0x00000000cc300000| Complete 
| 196|0x00000000cc400000, 0x00000000cc500000, 0x00000000cc500000|100%| E|CS|TAMS 0x00000000cc400000, 0x00000000cc400000| Complete 
| 197|0x00000000cc500000, 0x00000000cc600000, 0x00000000cc600000|100%| E|CS|TAMS 0x00000000cc500000, 0x00000000cc500000| Complete 
| 198|0x00000000cc600000, 0x00000000cc700000, 0x00000000cc700000|100%| E|CS|TAMS 0x00000000cc600000, 0x00000000cc600000| Complete 
| 199|0x00000000cc700000, 0x00000000cc800000, 0x00000000cc800000|100%| E|CS|TAMS 0x00000000cc700000, 0x00000000cc700000| Complete 
| 200|0x00000000cc800000, 0x00000000cc900000, 0x00000000cc900000|100%| E|CS|TAMS 0x00000000cc800000, 0x00000000cc800000| Complete 
| 201|0x00000000cc900000, 0x00000000cca00000, 0x00000000cca00000|100%| E|CS|TAMS 0x00000000cc900000, 0x00000000cc900000| Complete 
| 202|0x00000000cca00000, 0x00000000ccb00000, 0x00000000ccb00000|100%| E|CS|TAMS 0x00000000cca00000, 0x00000000cca00000| Complete 
| 203|0x00000000ccb00000, 0x00000000ccc00000, 0x00000000ccc00000|100%| E|CS|TAMS 0x00000000ccb00000, 0x00000000ccb00000| Complete 
| 204|0x00000000ccc00000, 0x00000000ccd00000, 0x00000000ccd00000|100%| E|CS|TAMS 0x00000000ccc00000, 0x00000000ccc00000| Complete 
| 205|0x00000000ccd00000, 0x00000000cce00000, 0x00000000cce00000|100%| E|CS|TAMS 0x00000000ccd00000, 0x00000000ccd00000| Complete 
| 206|0x00000000cce00000, 0x00000000ccf00000, 0x00000000ccf00000|100%| E|CS|TAMS 0x00000000cce00000, 0x00000000cce00000| Complete 
| 207|0x00000000ccf00000, 0x00000000cd000000, 0x00000000cd000000|100%| E|CS|TAMS 0x00000000ccf00000, 0x00000000ccf00000| Complete 
| 208|0x00000000cd000000, 0x00000000cd100000, 0x00000000cd100000|100%| E|CS|TAMS 0x00000000cd000000, 0x00000000cd000000| Complete 
| 209|0x00000000cd100000, 0x00000000cd200000, 0x00000000cd200000|100%| E|CS|TAMS 0x00000000cd100000, 0x00000000cd100000| Complete 
| 210|0x00000000cd200000, 0x00000000cd300000, 0x00000000cd300000|100%| E|CS|TAMS 0x00000000cd200000, 0x00000000cd200000| Complete 

Card table byte_map: [0x000001c87cce0000,0x000001c87cee0000] _byte_map_base: 0x000001c87c6e0000

Marking Bits (Prev, Next): (CMBitMap*) 0x000001c872faf1f0, (CMBitMap*) 0x000001c872faf1b0
 Prev Bits: [0x000001c87e0e0000, 0x000001c87f0e0000)
 Next Bits: [0x000001c87d0e0000, 0x000001c87e0e0000)

Polling page: 0x000001c873040000

Metaspace:

Usage:
  Non-class:     28.06 MB used.
      Class:      4.16 MB used.
       Both:     32.22 MB used.

Virtual space:
  Non-class space:       64.00 MB reserved,      28.25 MB ( 44%) committed,  1 nodes.
      Class space:        1.00 GB reserved,       4.31 MB ( <1%) committed,  1 nodes.
             Both:        1.06 GB reserved,      32.56 MB (  3%) committed. 

Chunk freelists:
   Non-Class:  3.63 MB
       Class:  3.69 MB
        Both:  7.32 MB

MaxMetaspaceSize: unlimited
CompressedClassSpaceSize: 1.00 GB
Initial GC threshold: 21.00 MB
Current GC threshold: 52.31 MB
CDS: on
MetaspaceReclaimPolicy: balanced
 - commit_granule_bytes: 65536.
 - commit_granule_words: 8192.
 - virtual_space_node_default_size: 8388608.
 - enlarge_chunks_in_place: 1.
 - new_chunks_are_fully_committed: 0.
 - uncommit_free_chunks: 1.
 - use_allocation_guard: 0.


Internal statistics:

num_allocs_failed_limit: 3.
num_arena_births: 458.
num_arena_deaths: 0.
num_vsnodes_births: 2.
num_vsnodes_deaths: 0.
num_space_committed: 521.
num_space_uncommitted: 0.
num_chunks_returned_to_freelist: 3.
num_chunks_taken_from_freelist: 1495.
num_chunk_merges: 3.
num_chunk_splits: 1064.
num_chunks_enlarged: 830.
num_inconsistent_stats: 0.

CodeHeap 'non-profiled nmethods': size=120064Kb used=2781Kb max_used=2856Kb free=117283Kb
 bounds [0x000001c807ac0000, 0x000001c807d90000, 0x000001c80f000000]
CodeHeap 'profiled nmethods': size=120000Kb used=12199Kb max_used=14268Kb free=107800Kb
 bounds [0x000001c800000000, 0x000001c800df0000, 0x000001c807530000]
CodeHeap 'non-nmethods': size=5696Kb used=1637Kb max_used=1717Kb free=4058Kb
 bounds [0x000001c807530000, 0x000001c8077a0000, 0x000001c807ac0000]
 total_blobs=6808 nmethods=5859 adapters=856
 compilation: enabled
              stopped_count=0, restarted_count=0
 full_count=0

Compilation events (20 events):
Event: 28.968 Thread 0x000001c87f460ad0 nmethod 6796 0x000001c800336b90 code [0x000001c800336d40, 0x000001c800336f48]
Event: 28.968 Thread 0x000001c87f460ad0 6797       3       com.sun.javafx.stage.WindowPeerListener::changedLocation (12 bytes)
Event: 28.968 Thread 0x000001c87f460ad0 nmethod 6797 0x000001c800123b90 code [0x000001c800123d40, 0x000001c800123e88]
Event: 28.968 Thread 0x000001c87f460ad0 6798       3       javafx.stage.Window$1::notifyLocationChanged (8 bytes)
Event: 28.968 Thread 0x000001c87f460ad0 nmethod 6798 0x000001c80061c290 code [0x000001c80061c440, 0x000001c80061c608]
Event: 28.968 Thread 0x000001c87f460ad0 6799       3       javafx.stage.Window::notifyLocationChanged (17 bytes)
Event: 28.968 Thread 0x000001c87f460ad0 nmethod 6799 0x000001c80014bf90 code [0x000001c80014c140, 0x000001c80014c3d8]
Event: 29.419 Thread 0x000001c87f45d210 6800       4       java.security.AccessController::checkContext (49 bytes)
Event: 29.420 Thread 0x000001c87f45d210 nmethod 6800 0x000001c807ba2590 code [0x000001c807ba2700, 0x000001c807ba2758]
Event: 29.548 Thread 0x000001c87f460ad0 6801       1       com.sun.prism.impl.BaseGraphics::setClipRectIndex (6 bytes)
Event: 29.548 Thread 0x000001c87f460ad0 nmethod 6801 0x000001c807ba2290 code [0x000001c807ba2420, 0x000001c807ba24d8]
Event: 29.780 Thread 0x000001c87f45d210 6802   !   4       javafx.scene.CssStyleHelper::transitionToState (1033 bytes)
Event: 29.781 Thread 0x000001c87f460ad0 6803       3       javafx.scene.layout.Background::<init> (498 bytes)
Event: 29.782 Thread 0x000001c87f460ad0 nmethod 6803 0x000001c800000f90 code [0x000001c8000012e0, 0x000001c800002c78]
Event: 29.783 Thread 0x000001c87f460ad0 6804       1       com.sun.scenario.effect.Effect::getInputs (5 bytes)
Event: 29.783 Thread 0x000001c87f460ad0 nmethod 6804 0x000001c807ba1f90 code [0x000001c807ba2120, 0x000001c807ba21d8]
Event: 29.801 Thread 0x000001c87f460ad0 6807       3       java.util.concurrent.CountDownLatch::getCount (9 bytes)
Event: 29.801 Thread 0x000001c87f460ad0 nmethod 6807 0x000001c8001a7810 code [0x000001c8001a79c0, 0x000001c8001a7b58]
Event: 29.801 Thread 0x000001c87f460ad0 6808       3       java.util.concurrent.CountDownLatch$Sync::getCount (5 bytes)
Event: 29.801 Thread 0x000001c87f460ad0 nmethod 6808 0x000001c800172510 code [0x000001c8001726a0, 0x000001c8001727b8]

GC Heap History (20 events):
Event: 4.085 GC heap before
{Heap before GC invocations=3 (full 0):
 garbage-first heap   total 65536K, used 46956K [0x00000000c0000000, 0x0000000100000000)
  region size 1024K, 38 young (38912K), 2 survivors (2048K)
 Metaspace       used 17935K, committed 18304K, reserved 1114112K
  class space    used 2443K, committed 2624K, reserved 1048576K
}
Event: 4.113 GC heap after
{Heap after GC invocations=4 (full 0):
 garbage-first heap   total 65536K, used 15993K [0x00000000c0000000, 0x0000000100000000)
  region size 1024K, 5 young (5120K), 5 survivors (5120K)
 Metaspace       used 17935K, committed 18304K, reserved 1114112K
  class space    used 2443K, committed 2624K, reserved 1048576K
}
Event: 4.538 GC heap before
{Heap before GC invocations=4 (full 0):
 garbage-first heap   total 65536K, used 24185K [0x00000000c0000000, 0x0000000100000000)
  region size 1024K, 14 young (14336K), 5 survivors (5120K)
 Metaspace       used 21171K, committed 21504K, reserved 1114112K
  class space    used 2773K, committed 2944K, reserved 1048576K
}
Event: 4.547 GC heap after
{Heap after GC invocations=5 (full 0):
 garbage-first heap   total 65536K, used 17877K [0x00000000c0000000, 0x0000000100000000)
  region size 1024K, 2 young (2048K), 2 survivors (2048K)
 Metaspace       used 21171K, committed 21504K, reserved 1114112K
  class space    used 2773K, committed 2944K, reserved 1048576K
}
Event: 7.439 GC heap before
{Heap before GC invocations=6 (full 0):
 garbage-first heap   total 105472K, used 85461K [0x00000000c0000000, 0x0000000100000000)
  region size 1024K, 28 young (28672K), 2 survivors (2048K)
 Metaspace       used 28728K, committed 29056K, reserved 1114112K
  class space    used 3804K, committed 3968K, reserved 1048576K
}
Event: 7.447 GC heap after
{Heap after GC invocations=7 (full 0):
 garbage-first heap   total 105472K, used 65140K [0x00000000c0000000, 0x0000000100000000)
  region size 1024K, 4 young (4096K), 4 survivors (4096K)
 Metaspace       used 28728K, committed 29056K, reserved 1114112K
  class space    used 3804K, committed 3968K, reserved 1048576K
}
Event: 7.574 GC heap before
{Heap before GC invocations=7 (full 0):
 garbage-first heap   total 105472K, used 66164K [0x00000000c0000000, 0x0000000100000000)
  region size 1024K, 5 young (5120K), 4 survivors (4096K)
 Metaspace       used 28963K, committed 29376K, reserved 1114112K
  class space    used 3822K, committed 4032K, reserved 1048576K
}
Event: 7.577 GC heap after
{Heap after GC invocations=8 (full 0):
 garbage-first heap   total 105472K, used 65210K [0x00000000c0000000, 0x0000000100000000)
  region size 1024K, 1 young (1024K), 1 survivors (1024K)
 Metaspace       used 28963K, committed 29376K, reserved 1114112K
  class space    used 3822K, committed 4032K, reserved 1048576K
}
Event: 8.323 GC heap before
{Heap before GC invocations=8 (full 0):
 garbage-first heap   total 105472K, used 81594K [0x00000000c0000000, 0x0000000100000000)
  region size 1024K, 18 young (18432K), 1 survivors (1024K)
 Metaspace       used 31236K, committed 31616K, reserved 1114112K
  class space    used 4196K, committed 4352K, reserved 1048576K
}
Event: 8.330 GC heap after
{Heap after GC invocations=9 (full 0):
 garbage-first heap   total 105472K, used 69183K [0x00000000c0000000, 0x0000000100000000)
  region size 1024K, 3 young (3072K), 3 survivors (3072K)
 Metaspace       used 31236K, committed 31616K, reserved 1114112K
  class space    used 4196K, committed 4352K, reserved 1048576K
}
Event: 8.692 GC heap before
{Heap before GC invocations=10 (full 0):
 garbage-first heap   total 117760K, used 83519K [0x00000000c0000000, 0x0000000100000000)
  region size 1024K, 17 young (17408K), 3 survivors (3072K)
 Metaspace       used 31485K, committed 31936K, reserved 1114112K
  class space    used 4207K, committed 4416K, reserved 1048576K
}
Event: 8.702 GC heap after
{Heap after GC invocations=11 (full 0):
 garbage-first heap   total 117760K, used 73943K [0x00000000c0000000, 0x0000000100000000)
  region size 1024K, 3 young (3072K), 3 survivors (3072K)
 Metaspace       used 31485K, committed 31936K, reserved 1114112K
  class space    used 4207K, committed 4416K, reserved 1048576K
}
Event: 8.736 GC heap before
{Heap before GC invocations=11 (full 0):
 garbage-first heap   total 117760K, used 75991K [0x00000000c0000000, 0x0000000100000000)
  region size 1024K, 5 young (5120K), 3 survivors (3072K)
 Metaspace       used 31526K, committed 31936K, reserved 1114112K
  class space    used 4207K, committed 4416K, reserved 1048576K
}
Event: 8.742 GC heap after
{Heap after GC invocations=12 (full 0):
 garbage-first heap   total 117760K, used 74927K [0x00000000c0000000, 0x0000000100000000)
  region size 1024K, 1 young (1024K), 1 survivors (1024K)
 Metaspace       used 31526K, committed 31936K, reserved 1114112K
  class space    used 4207K, committed 4416K, reserved 1048576K
}
Event: 8.925 GC heap before
{Heap before GC invocations=12 (full 0):
 garbage-first heap   total 117760K, used 91311K [0x00000000c0000000, 0x0000000100000000)
  region size 1024K, 17 young (17408K), 1 survivors (1024K)
 Metaspace       used 31691K, committed 32128K, reserved 1114112K
  class space    used 4207K, committed 4416K, reserved 1048576K
}
Event: 8.944 GC heap after
{Heap after GC invocations=13 (full 0):
 garbage-first heap   total 117760K, used 81258K [0x00000000c0000000, 0x0000000100000000)
  region size 1024K, 3 young (3072K), 3 survivors (3072K)
 Metaspace       used 31691K, committed 32128K, reserved 1114112K
  class space    used 4207K, committed 4416K, reserved 1048576K
}
Event: 9.368 GC heap before
{Heap before GC invocations=14 (full 0):
 garbage-first heap   total 143360K, used 92522K [0x00000000c0000000, 0x0000000100000000)
  region size 1024K, 14 young (14336K), 3 survivors (3072K)
 Metaspace       used 32237K, committed 32640K, reserved 1114112K
  class space    used 4240K, committed 4416K, reserved 1048576K
}
Event: 9.381 GC heap after
{Heap after GC invocations=15 (full 0):
 garbage-first heap   total 143360K, used 86016K [0x00000000c0000000, 0x0000000100000000)
  region size 1024K, 2 young (2048K), 2 survivors (2048K)
 Metaspace       used 32237K, committed 32640K, reserved 1114112K
  class space    used 4240K, committed 4416K, reserved 1048576K
}
Event: 10.035 GC heap before
{Heap before GC invocations=15 (full 0):
 garbage-first heap   total 143360K, used 91136K [0x00000000c0000000, 0x0000000100000000)
  region size 1024K, 7 young (7168K), 2 survivors (2048K)
 Metaspace       used 32511K, committed 32896K, reserved 1114112K
  class space    used 4242K, committed 4416K, reserved 1048576K
}
Event: 10.041 GC heap after
{Heap after GC invocations=16 (full 0):
 garbage-first heap   total 216064K, used 86405K [0x00000000c0000000, 0x0000000100000000)
  region size 1024K, 1 young (1024K), 1 survivors (1024K)
 Metaspace       used 32511K, committed 32896K, reserved 1114112K
  class space    used 4242K, committed 4416K, reserved 1048576K
}

Dll operation events (20 events):
Event: 0.495 Loaded shared library C:\Program Files\Java\javafx-sdk-19\bin\api-ms-win-crt-process-l1-1-0.dll
Event: 0.496 Loaded shared library C:\Program Files\Java\javafx-sdk-19\bin\api-ms-win-crt-runtime-l1-1-0.dll
Event: 0.498 Loaded shared library C:\Program Files\Java\javafx-sdk-19\bin\api-ms-win-crt-stdio-l1-1-0.dll
Event: 0.500 Loaded shared library C:\Program Files\Java\javafx-sdk-19\bin\api-ms-win-crt-string-l1-1-0.dll
Event: 0.501 Loaded shared library C:\Program Files\Java\javafx-sdk-19\bin\api-ms-win-crt-time-l1-1-0.dll
Event: 0.503 Loaded shared library C:\Program Files\Java\javafx-sdk-19\bin\api-ms-win-crt-utility-l1-1-0.dll
Event: 0.508 Loaded shared library C:\Program Files\Java\javafx-sdk-19\bin\ucrtbase.dll
Event: 0.511 Loaded shared library C:\Program Files\Java\javafx-sdk-19\bin\vcruntime140.dll
Event: 0.512 Loaded shared library C:\Program Files\Java\javafx-sdk-19\bin\vcruntime140_1.dll
Event: 0.522 Loaded shared library C:\Program Files\Java\javafx-sdk-19\bin\msvcp140.dll
Event: 0.525 Loaded shared library C:\Program Files\Java\javafx-sdk-19\bin\msvcp140_1.dll
Event: 0.531 Loaded shared library C:\Program Files\Java\javafx-sdk-19\bin\msvcp140_2.dll
Event: 0.590 Loaded shared library C:\Program Files\Java\javafx-sdk-19\bin\prism_d3d.dll
Event: 0.635 Loaded shared library C:\Program Files\Java\javafx-sdk-19\bin\glass.dll
Event: 0.757 Loaded shared library C:\Program Files\Java\jdk-19\bin\jimage.dll
Event: 1.261 Loaded shared library C:\Program Files\Java\javafx-sdk-19\bin\javafx_font.dll
Event: 4.207 Loaded shared library C:\Program Files\Java\jdk-19\bin\management.dll
Event: 4.229 Loaded shared library C:\Program Files\Java\jdk-19\bin\management_ext.dll
Event: 5.519 Loaded shared library C:\Program Files\Java\jdk-19\bin\sunmscapi.dll
Event: 7.001 Loaded shared library C:\Program Files\Java\javafx-sdk-19\bin\javafx_iio.dll

Deoptimization events (20 events):
Event: 14.929 Thread 0x000001c81599b420 DEOPT PACKING pc=0x000001c807ced5d0 sp=0x0000007c2d4fdb20
Event: 14.929 Thread 0x000001c81599b420 DEOPT UNPACKING pc=0x000001c807596da3 sp=0x0000007c2d4fdab0 mode 2
Event: 14.958 Thread 0x000001c8157fe970 Uncommon trap: trap_request=0xffffffc6 fr.pc=0x000001c807d5d824 relative=0x0000000000000584
Event: 14.958 Thread 0x000001c8157fe970 Uncommon trap: reason=bimorphic_or_optimized_type_check action=maybe_recompile pc=0x000001c807d5d824 method=com.sun.javafx.sg.prism.NGShape.renderContent(Lcom/sun/prism/Graphics;)V @ 454 c2
Event: 14.958 Thread 0x000001c8157fe970 DEOPT PACKING pc=0x000001c807d5d824 sp=0x0000007c2d2fdf60
Event: 14.958 Thread 0x000001c8157fe970 DEOPT UNPACKING pc=0x000001c807596da3 sp=0x0000007c2d2fde98 mode 2
Event: 16.766 Thread 0x000001c8157fe970 Uncommon trap: trap_request=0xffffff45 fr.pc=0x000001c807d1bd80 relative=0x0000000000001880
Event: 16.766 Thread 0x000001c8157fe970 Uncommon trap: reason=unstable_if action=reinterpret pc=0x000001c807d1bd80 method=com.sun.javafx.sg.prism.NGNode.renderRectClip(Lcom/sun/prism/Graphics;Lcom/sun/javafx/sg/prism/NGRectangle;)V @ 82 c2
Event: 16.766 Thread 0x000001c8157fe970 DEOPT PACKING pc=0x000001c807d1bd80 sp=0x0000007c2d2fdf40
Event: 16.766 Thread 0x000001c8157fe970 DEOPT UNPACKING pc=0x000001c807596da3 sp=0x0000007c2d2fde60 mode 2
Event: 17.147 Thread 0x000001c81599b420 Uncommon trap: trap_request=0xffffff45 fr.pc=0x000001c807b91d4c relative=0x000000000000012c
Event: 17.147 Thread 0x000001c81599b420 Uncommon trap: reason=unstable_if action=reinterpret pc=0x000001c807b91d4c method=com.sun.javafx.text.TextRun.getPosX(I)F @ 75 c2
Event: 17.147 Thread 0x000001c81599b420 DEOPT PACKING pc=0x000001c807b91d4c sp=0x0000007c2d4fc830
Event: 17.147 Thread 0x000001c81599b420 DEOPT UNPACKING pc=0x000001c807596da3 sp=0x0000007c2d4fc7c8 mode 2
Event: 18.285 Thread 0x000001c8157fe970 Uncommon trap: trap_request=0xffffff45 fr.pc=0x000001c807d11074 relative=0x0000000000001294
Event: 18.285 Thread 0x000001c8157fe970 Uncommon trap: reason=unstable_if action=reinterpret pc=0x000001c807d11074 method=com.sun.prism.impl.GlyphCache.render(Lcom/sun/prism/impl/BaseContext;Lcom/sun/javafx/scene/text/GlyphList;FFIILcom/sun/prism/paint/Color;Lcom/sun/prism/paint/Color;Lcom/sun/
Event: 18.285 Thread 0x000001c8157fe970 DEOPT PACKING pc=0x000001c807d11074 sp=0x0000007c2d2fd9c0
Event: 18.285 Thread 0x000001c8157fe970 DEOPT UNPACKING pc=0x000001c807596da3 sp=0x0000007c2d2fd938 mode 2
Event: 29.780 Thread 0x000001c81599b420 DEOPT PACKING pc=0x000001c800dd2f3b sp=0x0000007c2d4fdff0
Event: 29.780 Thread 0x000001c81599b420 DEOPT UNPACKING pc=0x000001c807597543 sp=0x0000007c2d4fd5c8 mode 0

Classes loaded (20 events):
Event: 11.935 Loading class sun/text/resources/BreakIteratorResources_en
Event: 11.935 Loading class sun/text/resources/BreakIteratorResources_en done
Event: 11.936 Loading class sun/text/resources/BreakIteratorResources_en_US
Event: 11.936 Loading class sun/text/resources/BreakIteratorResources_en_US done
Event: 11.936 Loading class sun/text/RuleBasedBreakIterator
Event: 11.937 Loading class sun/text/RuleBasedBreakIterator done
Event: 11.937 Loading class sun/text/CompactByteArray
Event: 11.937 Loading class sun/text/CompactByteArray done
Event: 11.938 Loading class sun/text/SupplementaryCharacterData
Event: 11.938 Loading class sun/text/SupplementaryCharacterData done
Event: 11.938 Loading class java/text/BreakIterator$BreakIteratorCache
Event: 11.938 Loading class java/text/BreakIterator$BreakIteratorCache done
Event: 14.298 Loading class java/lang/foreign/MemorySegment
Event: 14.298 Loading class java/lang/foreign/Addressable
Event: 14.299 Loading class java/lang/foreign/Addressable done
Event: 14.299 Loading class java/lang/foreign/MemorySegment done
Event: 23.026 Loading class java/lang/Throwable$WrappedPrintStream
Event: 23.026 Loading class java/lang/Throwable$PrintStreamOrWriter
Event: 23.026 Loading class java/lang/Throwable$PrintStreamOrWriter done
Event: 23.026 Loading class java/lang/Throwable$WrappedPrintStream done

Classes unloaded (0 events):
No events

Classes redefined (0 events):
No events

Internal exceptions (20 events):
Event: 6.526 Thread 0x000001c81599b420 Exception <a 'java/lang/NoSuchMethodError'{0x00000000c325b738}: 'long java.lang.invoke.DirectMethodHandle$Holder.invokeSpecial(java.lang.Object, java.lang.Object)'> (0x00000000c325b738) 
thrown [s\open\src\hotspot\share\interpreter\linkResolver.cpp, line 774]
Event: 6.526 Thread 0x000001c81599b420 Exception <a 'java/lang/NoSuchMethodError'{0x00000000c325f340}: 'long java.lang.invoke.Invokers$Holder.invokeExact_MT(java.lang.Object, java.lang.Object)'> (0x00000000c325f340) 
thrown [s\open\src\hotspot\share\interpreter\linkResolver.cpp, line 774]
Event: 6.746 Thread 0x000001c81599b420 Exception <a 'java/lang/NoSuchMethodError'{0x00000000c2ea1218}: 'java.lang.Object java.lang.invoke.DelegatingMethodHandle$Holder.reinvoke_L(java.lang.Object, double, double, double, double)'> (0x00000000c2ea1218) 
thrown [s\open\src\hotspot\share\interpreter\linkResolver.cpp, line 774]
Event: 6.750 Thread 0x000001c81599b420 Exception <a 'java/lang/NoSuchMethodError'{0x00000000c2eac9c0}: 'java.lang.Object java.lang.invoke.DirectMethodHandle$Holder.invokeStatic(java.lang.Object, java.lang.Object, int)'> (0x00000000c2eac9c0) 
thrown [s\open\src\hotspot\share\interpreter\linkResolver.cpp, line 774]
Event: 6.750 Thread 0x000001c81599b420 Exception <a 'java/lang/NoSuchMethodError'{0x00000000c2eb0c58}: 'void java.lang.invoke.DirectMethodHandle$Holder.invokeStatic(java.lang.Object, java.lang.Object, int, java.lang.Object)'> (0x00000000c2eb0c58) 
thrown [s\open\src\hotspot\share\interpreter\linkResolver.cpp, line 774]
Event: 6.751 Thread 0x000001c81599b420 Exception <a 'java/lang/NoSuchMethodError'{0x00000000c2eb81d0}: 'void java.lang.invoke.DelegatingMethodHandle$Holder.delegate(java.lang.Object, java.lang.Object, int, java.lang.Object)'> (0x00000000c2eb81d0) 
thrown [s\open\src\hotspot\share\interpreter\linkResolver.cpp, line 774]
Event: 6.954 Thread 0x000001c81599b420 Exception <a 'java/lang/NoSuchMethodError'{0x00000000c29528d0}: 'java.lang.Object java.lang.invoke.DirectMethodHandle$Holder.newInvokeSpecial(java.lang.Object, double)'> (0x00000000c29528d0) 
thrown [s\open\src\hotspot\share\interpreter\linkResolver.cpp, line 774]
Event: 7.463 Thread 0x000001c81599b420 Exception <a 'java/lang/NoSuchMethodError'{0x00000000c3f8e3d0}: 'java.lang.Object java.lang.invoke.DirectMethodHandle$Holder.newInvokeSpecial(java.lang.Object, java.lang.Object, java.lang.Object, int)'> (0x00000000c3f8e3d0) 
thrown [s\open\src\hotspot\share\interpreter\linkResolver.cpp, line 774]
Event: 7.464 Thread 0x000001c81599b420 Exception <a 'java/lang/NoSuchMethodError'{0x00000000c3f927a0}: 'java.lang.Object java.lang.invoke.DirectMethodHandle$Holder.invokeSpecial(java.lang.Object, java.lang.Object, java.lang.Object, java.lang.Object, int)'> (0x00000000c3f927a0) 
thrown [s\open\src\hotspot\share\interpreter\linkResolver.cpp, line 774]
Event: 7.464 Thread 0x000001c81599b420 Exception <a 'java/lang/NoSuchMethodError'{0x00000000c3f96168}: 'java.lang.Object java.lang.invoke.Invokers$Holder.linkToTargetMethod(java.lang.Object, java.lang.Object, int, java.lang.Object)'> (0x00000000c3f96168) 
thrown [s\open\src\hotspot\share\interpreter\linkResolver.cpp, line 774]
Event: 7.570 Thread 0x000001c81599b420 Implicit null exception at 0x000001c807c00362 to 0x000001c807c00cf4
Event: 7.761 Thread 0x000001c81599b420 Exception <a 'java/io/FileNotFoundException'{0x00000000c3b049d0}> (0x00000000c3b049d0) 
thrown [s\open\src\hotspot\share\prims\jni.cpp, line 517]
Event: 7.774 Thread 0x000001c81599b420 Exception <a 'java/io/FileNotFoundException'{0x00000000c3b4c860}> (0x00000000c3b4c860) 
thrown [s\open\src\hotspot\share\prims\jni.cpp, line 517]
Event: 7.845 Thread 0x000001c81599b420 Exception <a 'java/lang/NoSuchMethodError'{0x00000000c39b7b58}: 'void java.lang.invoke.DirectMethodHandle$Holder.invokeSpecialIFC(java.lang.Object, java.lang.Object, java.lang.Object, java.lang.Object)'> (0x00000000c39b7b58) 
thrown [s\open\src\hotspot\share\interpreter\linkResolver.cpp, line 774]
Event: 8.645 Thread 0x000001c81599b420 Exception <a 'java/io/FileNotFoundException'{0x00000000c68002b0}> (0x00000000c68002b0) 
thrown [s\open\src\hotspot\share\prims\jni.cpp, line 517]
Event: 8.646 Thread 0x000001c81599b420 Exception <a 'java/io/FileNotFoundException'{0x00000000c68023a8}> (0x00000000c68023a8) 
thrown [s\open\src\hotspot\share\prims\jni.cpp, line 517]
Event: 8.652 Thread 0x000001c81599b420 Exception <a 'java/io/FileNotFoundException'{0x00000000c68068f8}> (0x00000000c68068f8) 
thrown [s\open\src\hotspot\share\prims\jni.cpp, line 517]
Event: 8.652 Thread 0x000001c81599b420 Exception <a 'java/io/FileNotFoundException'{0x00000000c68081d8}> (0x00000000c68081d8) 
thrown [s\open\src\hotspot\share\prims\jni.cpp, line 517]
Event: 9.333 Thread 0x000001c8157fe970 Exception <a 'java/lang/NoSuchMethodError'{0x00000000c85af8f0}: 'java.lang.Object java.lang.invoke.DirectMethodHandle$Holder.invokeStaticInit(java.lang.Object, int)'> (0x00000000c85af8f0) 
thrown [s\open\src\hotspot\share\interpreter\linkResolver.cpp, line 774]
Event: 14.726 Thread 0x000001c81599b420 Exception <a 'java/lang/NoSuchMethodError'{0x00000000cc82a7b8}: 'int java.lang.invoke.DirectMethodHandle$Holder.invokeSpecial(java.lang.Object, java.lang.Object, java.lang.Object, java.lang.Object)'> (0x00000000cc82a7b8) 
thrown [s\open\src\hotspot\share\interpreter\linkResolver.cpp, line 774]

VM Operations (20 events):
Event: 14.896 Executing VM operation: HandshakeAllThreads
Event: 14.898 Executing VM operation: HandshakeAllThreads done
Event: 14.910 Executing VM operation: HandshakeAllThreads
Event: 14.937 Executing VM operation: HandshakeAllThreads done
Event: 15.939 Executing VM operation: Cleanup
Event: 15.939 Executing VM operation: Cleanup done
Event: 17.939 Executing VM operation: Cleanup
Event: 17.939 Executing VM operation: Cleanup done
Event: 18.940 Executing VM operation: Cleanup
Event: 18.940 Executing VM operation: Cleanup done
Event: 19.940 Executing VM operation: Cleanup
Event: 19.941 Executing VM operation: Cleanup done
Event: 20.941 Executing VM operation: Cleanup
Event: 20.941 Executing VM operation: Cleanup done
Event: 22.943 Executing VM operation: Cleanup
Event: 22.943 Executing VM operation: Cleanup done
Event: 23.944 Executing VM operation: Cleanup
Event: 23.944 Executing VM operation: Cleanup done
Event: 26.945 Executing VM operation: Cleanup
Event: 26.945 Executing VM operation: Cleanup done

Events (20 events):
Event: 14.943 Thread 0x000001c87f47cd20 flushing nmethod 0x000001c800c16d90
Event: 14.943 Thread 0x000001c87f47cd20 flushing nmethod 0x000001c800c19f90
Event: 14.943 Thread 0x000001c87f47cd20 flushing nmethod 0x000001c800c1c090
Event: 14.943 Thread 0x000001c87f47cd20 flushing nmethod 0x000001c800c1c410
Event: 14.943 Thread 0x000001c87f47cd20 flushing nmethod 0x000001c800c21810
Event: 14.943 Thread 0x000001c87f47cd20 flushing nmethod 0x000001c800c23f90
Event: 14.943 Thread 0x000001c87f47cd20 flushing nmethod 0x000001c800c25090
Event: 14.943 Thread 0x000001c87f47cd20 flushing nmethod 0x000001c800c2c010
Event: 14.943 Thread 0x000001c87f47cd20 flushing nmethod 0x000001c800c2c990
Event: 14.943 Thread 0x000001c87f47cd20 flushing nmethod 0x000001c800c2d210
Event: 14.943 Thread 0x000001c87f47cd20 flushing nmethod 0x000001c800c3f190
Event: 14.943 Thread 0x000001c87f47cd20 flushing nmethod 0x000001c800c3f590
Event: 14.943 Thread 0x000001c87f47cd20 flushing nmethod 0x000001c800c40290
Event: 14.943 Thread 0x000001c87f47cd20 flushing nmethod 0x000001c800c44590
Event: 14.943 Thread 0x000001c87f47cd20 flushing nmethod 0x000001c800c4a290
Event: 14.943 Thread 0x000001c87f47cd20 flushing nmethod 0x000001c800c4a610
Event: 14.944 Thread 0x000001c87f47cd20 flushing nmethod 0x000001c800c5fb90
Event: 14.944 Thread 0x000001c87f47cd20 flushing nmethod 0x000001c800c75f90
Event: 14.944 Thread 0x000001c87f47cd20 flushing nmethod 0x000001c800c8e610
Event: 14.944 Thread 0x000001c87f47cd20 flushing nmethod 0x000001c800cc4910


Dynamic libraries:
0x00007ff78a680000 - 0x00007ff78a690000 	C:\Program Files\Java\jdk-19\bin\java.exe
0x00007ffe51210000 - 0x00007ffe51408000 	C:\Windows\SYSTEM32\ntdll.dll
0x00007ffe505e0000 - 0x00007ffe5069f000 	C:\Windows\System32\KERNEL32.DLL
0x00007ffe4eb10000 - 0x00007ffe4ede2000 	C:\Windows\System32\KERNELBASE.dll
0x00007ffe4edf0000 - 0x00007ffe4eef0000 	C:\Windows\System32\ucrtbase.dll
0x00007ffe4a410000 - 0x00007ffe4a42b000 	C:\Program Files\Java\jdk-19\bin\VCRUNTIME140.dll
0x00007ffe4a3d0000 - 0x00007ffe4a3e8000 	C:\Program Files\Java\jdk-19\bin\jli.dll
0x00007ffe50ff0000 - 0x00007ffe5109e000 	C:\Windows\System32\ADVAPI32.dll
0x00007ffe504b0000 - 0x00007ffe5054e000 	C:\Windows\System32\msvcrt.dll
0x00007ffe4f260000 - 0x00007ffe4f2fc000 	C:\Windows\System32\sechost.dll
0x00007ffe4fe90000 - 0x00007ffe4ffb5000 	C:\Windows\System32\RPCRT4.dll
0x00007ffe344f0000 - 0x00007ffe3478a000 	C:\Windows\WinSxS\amd64_microsoft.windows.common-controls_6595b64144ccf1df_6.0.19041.1110_none_60b5254171f9507e\COMCTL32.dll
0x00007ffe4f5a0000 - 0x00007ffe4f5cb000 	C:\Windows\System32\GDI32.dll
0x00007ffe4e940000 - 0x00007ffe4e962000 	C:\Windows\System32\win32u.dll
0x00007ffe4eef0000 - 0x00007ffe4efff000 	C:\Windows\System32\gdi32full.dll
0x00007ffe4e970000 - 0x00007ffe4ea0d000 	C:\Windows\System32\msvcp_win.dll
0x00007ffe4f7c0000 - 0x00007ffe4f95d000 	C:\Windows\System32\USER32.dll
0x00007ffe479e0000 - 0x00007ffe479ea000 	C:\Windows\SYSTEM32\VERSION.dll
0x00007ffe4f780000 - 0x00007ffe4f7b2000 	C:\Windows\System32\IMM32.DLL
0x00007ffe4a400000 - 0x00007ffe4a40c000 	C:\Program Files\Java\jdk-19\bin\vcruntime140_1.dll
0x00007ffe35f30000 - 0x00007ffe35fbe000 	C:\Program Files\Java\jdk-19\bin\msvcp140.dll
0x00007ffe12240000 - 0x00007ffe12f00000 	C:\Program Files\Java\jdk-19\bin\server\jvm.dll
0x00007ffe40780000 - 0x00007ffe40789000 	C:\Windows\SYSTEM32\WSOCK32.dll
0x00007ffe506a0000 - 0x00007ffe5070b000 	C:\Windows\System32\WS2_32.dll
0x00007ffe479f0000 - 0x00007ffe47a17000 	C:\Windows\SYSTEM32\WINMM.dll
0x00007ffe4c710000 - 0x00007ffe4c722000 	C:\Windows\SYSTEM32\kernel.appcore.dll
0x00007ffe4a370000 - 0x00007ffe4a37a000 	C:\Program Files\Java\jdk-19\bin\jimage.dll
0x00007ffe475b0000 - 0x00007ffe47794000 	C:\Windows\SYSTEM32\DBGHELP.DLL
0x00007ffe479b0000 - 0x00007ffe479dc000 	C:\Windows\SYSTEM32\dbgcore.DLL
0x00007ffe4ea10000 - 0x00007ffe4ea92000 	C:\Windows\System32\bcryptPrimitives.dll
0x00007ffe4a360000 - 0x00007ffe4a36e000 	C:\Program Files\Java\jdk-19\bin\instrument.dll
0x00007ffe4a330000 - 0x00007ffe4a356000 	C:\Program Files\Java\jdk-19\bin\java.dll
0x00007ffe32240000 - 0x00007ffe32317000 	C:\Program Files\Java\jdk-19\bin\jsvml.dll
0x00007ffe50710000 - 0x00007ffe50e53000 	C:\Windows\System32\SHELL32.dll
0x00007ffe4c9f0000 - 0x00007ffe4d182000 	C:\Windows\SYSTEM32\windows.storage.dll
0x00007ffe50030000 - 0x00007ffe50384000 	C:\Windows\System32\combase.dll
0x00007ffe4e290000 - 0x00007ffe4e2c0000 	C:\Windows\SYSTEM32\Wldp.dll
0x00007ffe4fde0000 - 0x00007ffe4fe8d000 	C:\Windows\System32\SHCORE.dll
0x00007ffe4ffd0000 - 0x00007ffe50025000 	C:\Windows\System32\shlwapi.dll
0x00007ffe4e850000 - 0x00007ffe4e86f000 	C:\Windows\SYSTEM32\profapi.dll
0x00007ffe4a310000 - 0x00007ffe4a323000 	C:\Program Files\Java\jdk-19\bin\net.dll
0x00007ffe44b10000 - 0x00007ffe44c1c000 	C:\Windows\SYSTEM32\WINHTTP.dll
0x00007ffe4dff0000 - 0x00007ffe4e05a000 	C:\Windows\system32\mswsock.dll
0x00007ffe421f0000 - 0x00007ffe42206000 	C:\Program Files\Java\jdk-19\bin\nio.dll
0x00007ffe41bd0000 - 0x00007ffe41be8000 	C:\Program Files\Java\jdk-19\bin\zip.dll
0x00007ffe41bb0000 - 0x00007ffe41bca000 	C:\Program Files\JetBrains\IntelliJ IDEA 2022.3\bin\breakgen64.dll
0x00007ffe49a10000 - 0x00007ffe49a18000 	C:\Program Files\Java\jdk-19\bin\extnet.dll
0x000001c87fca0000 - 0x000001c87fca3000 	C:\Program Files\Java\javafx-sdk-19\bin\api-ms-win-core-console-l1-1-0.dll
0x000001c87fb60000 - 0x000001c87fb63000 	C:\Program Files\Java\javafx-sdk-19\bin\api-ms-win-core-console-l1-2-0.dll
0x000001c87fb70000 - 0x000001c87fb73000 	C:\Program Files\Java\javafx-sdk-19\bin\api-ms-win-core-datetime-l1-1-0.dll
0x000001c87fb80000 - 0x000001c87fb83000 	C:\Program Files\Java\javafx-sdk-19\bin\api-ms-win-core-debug-l1-1-0.dll
0x000001c87fb90000 - 0x000001c87fb93000 	C:\Program Files\Java\javafx-sdk-19\bin\api-ms-win-core-errorhandling-l1-1-0.dll
0x000001c87fba0000 - 0x000001c87fba4000 	C:\Program Files\Java\javafx-sdk-19\bin\api-ms-win-core-file-l1-1-0.dll
0x000001c87fbb0000 - 0x000001c87fbb3000 	C:\Program Files\Java\javafx-sdk-19\bin\api-ms-win-core-file-l1-2-0.dll
0x000001c87fbc0000 - 0x000001c87fbc3000 	C:\Program Files\Java\javafx-sdk-19\bin\api-ms-win-core-file-l2-1-0.dll
0x000001c87fbd0000 - 0x000001c87fbd3000 	C:\Program Files\Java\javafx-sdk-19\bin\api-ms-win-core-handle-l1-1-0.dll
0x000001c87fbe0000 - 0x000001c87fbe3000 	C:\Program Files\Java\javafx-sdk-19\bin\api-ms-win-core-heap-l1-1-0.dll
0x000001c87fbf0000 - 0x000001c87fbf3000 	C:\Program Files\Java\javafx-sdk-19\bin\api-ms-win-core-interlocked-l1-1-0.dll
0x000001c87fc00000 - 0x000001c87fc03000 	C:\Program Files\Java\javafx-sdk-19\bin\api-ms-win-core-libraryloader-l1-1-0.dll
0x000001c87fc10000 - 0x000001c87fc13000 	C:\Program Files\Java\javafx-sdk-19\bin\api-ms-win-core-localization-l1-2-0.dll
0x000001c87fa30000 - 0x000001c87fa33000 	C:\Program Files\Java\javafx-sdk-19\bin\api-ms-win-core-memory-l1-1-0.dll
0x000001c87fa40000 - 0x000001c87fa43000 	C:\Program Files\Java\javafx-sdk-19\bin\api-ms-win-core-namedpipe-l1-1-0.dll
0x000001c87fa50000 - 0x000001c87fa53000 	C:\Program Files\Java\javafx-sdk-19\bin\api-ms-win-core-processenvironment-l1-1-0.dll
0x000001c87fa60000 - 0x000001c87fa63000 	C:\Program Files\Java\javafx-sdk-19\bin\api-ms-win-core-processthreads-l1-1-0.dll
0x000001c87fa70000 - 0x000001c87fa73000 	C:\Program Files\Java\javafx-sdk-19\bin\api-ms-win-core-processthreads-l1-1-1.dll
0x000001c87fa80000 - 0x000001c87fa83000 	C:\Program Files\Java\javafx-sdk-19\bin\api-ms-win-core-profile-l1-1-0.dll
0x000001c87fa90000 - 0x000001c87fa93000 	C:\Program Files\Java\javafx-sdk-19\bin\api-ms-win-core-rtlsupport-l1-1-0.dll
0x000001c87faa0000 - 0x000001c87faa3000 	C:\Program Files\Java\javafx-sdk-19\bin\api-ms-win-core-string-l1-1-0.dll
0x000001c87fab0000 - 0x000001c87fab3000 	C:\Program Files\Java\javafx-sdk-19\bin\api-ms-win-core-synch-l1-1-0.dll
0x000001c87fac0000 - 0x000001c87fac3000 	C:\Program Files\Java\javafx-sdk-19\bin\api-ms-win-core-synch-l1-2-0.dll
0x000001c87fad0000 - 0x000001c87fad3000 	C:\Program Files\Java\javafx-sdk-19\bin\api-ms-win-core-sysinfo-l1-1-0.dll
0x000001c87fae0000 - 0x000001c87fae3000 	C:\Program Files\Java\javafx-sdk-19\bin\api-ms-win-core-timezone-l1-1-0.dll
0x000001c87faf0000 - 0x000001c87faf3000 	C:\Program Files\Java\javafx-sdk-19\bin\api-ms-win-core-util-l1-1-0.dll
0x000001c87fb00000 - 0x000001c87fb03000 	C:\Program Files\Java\javafx-sdk-19\bin\api-ms-win-crt-conio-l1-1-0.dll
0x000001c87fb10000 - 0x000001c87fb14000 	C:\Program Files\Java\javafx-sdk-19\bin\api-ms-win-crt-convert-l1-1-0.dll
0x000001c87fb20000 - 0x000001c87fb23000 	C:\Program Files\Java\javafx-sdk-19\bin\api-ms-win-crt-environment-l1-1-0.dll
0x000001c87fb30000 - 0x000001c87fb33000 	C:\Program Files\Java\javafx-sdk-19\bin\api-ms-win-crt-filesystem-l1-1-0.dll
0x000001c87fb40000 - 0x000001c87fb43000 	C:\Program Files\Java\javafx-sdk-19\bin\api-ms-win-crt-heap-l1-1-0.dll
0x000001c87fb50000 - 0x000001c87fb53000 	C:\Program Files\Java\javafx-sdk-19\bin\api-ms-win-crt-locale-l1-1-0.dll
0x000001c87fc20000 - 0x000001c87fc25000 	C:\Program Files\Java\javafx-sdk-19\bin\api-ms-win-crt-math-l1-1-0.dll
0x000001c87fc30000 - 0x000001c87fc35000 	C:\Program Files\Java\javafx-sdk-19\bin\api-ms-win-crt-multibyte-l1-1-0.dll
0x000001c87fc40000 - 0x000001c87fc50000 	C:\Program Files\Java\javafx-sdk-19\bin\api-ms-win-crt-private-l1-1-0.dll
0x000001c87fc50000 - 0x000001c87fc53000 	C:\Program Files\Java\javafx-sdk-19\bin\api-ms-win-crt-process-l1-1-0.dll
0x000001c87fc60000 - 0x000001c87fc64000 	C:\Program Files\Java\javafx-sdk-19\bin\api-ms-win-crt-runtime-l1-1-0.dll
0x000001c87fc70000 - 0x000001c87fc74000 	C:\Program Files\Java\javafx-sdk-19\bin\api-ms-win-crt-stdio-l1-1-0.dll
0x000001c87fc80000 - 0x000001c87fc84000 	C:\Program Files\Java\javafx-sdk-19\bin\api-ms-win-crt-string-l1-1-0.dll
0x000001c87fc90000 - 0x000001c87fc93000 	C:\Program Files\Java\javafx-sdk-19\bin\api-ms-win-crt-time-l1-1-0.dll
0x000001c87fcb0000 - 0x000001c87fcb3000 	C:\Program Files\Java\javafx-sdk-19\bin\api-ms-win-crt-utility-l1-1-0.dll
0x00007ffe31cb0000 - 0x00007ffe31dac000 	C:\Program Files\Java\javafx-sdk-19\bin\ucrtbase.dll
0x00007ffe37d40000 - 0x00007ffe37d5b000 	C:\Program Files\Java\javafx-sdk-19\bin\vcruntime140.dll
0x00007ffe421d0000 - 0x00007ffe421dc000 	C:\Program Files\Java\javafx-sdk-19\bin\vcruntime140_1.dll
0x00007ffe31700000 - 0x00007ffe3178e000 	C:\Program Files\Java\javafx-sdk-19\bin\msvcp140.dll
0x00007ffe41ba0000 - 0x00007ffe41ba9000 	C:\Program Files\Java\javafx-sdk-19\bin\msvcp140_1.dll
0x00007ffe37d10000 - 0x00007ffe37d40000 	C:\Program Files\Java\javafx-sdk-19\bin\msvcp140_2.dll
0x00007ffe37c10000 - 0x00007ffe37c3c000 	C:\Program Files\Java\javafx-sdk-19\bin\prism_d3d.dll
0x00007ffe31e90000 - 0x00007ffe3205f000 	C:\Windows\system32\d3d9.dll
0x00007ffe4c6e0000 - 0x00007ffe4c70f000 	C:\Windows\SYSTEM32\dwmapi.dll
0x00007ffe4c320000 - 0x00007ffe4c3be000 	C:\Windows\system32\uxtheme.dll
0x00007ffe47c90000 - 0x00007ffe47ca9000 	C:\Windows\SYSTEM32\vm3dum64_loader.dll
0x00007ffe510a0000 - 0x00007ffe511ca000 	C:\Windows\System32\ole32.dll
0x00007ffe4e200000 - 0x00007ffe4e20c000 	C:\Windows\SYSTEM32\CRYPTBASE.DLL
0x00007ffe325b0000 - 0x00007ffe32620000 	C:\Windows\system32\vm3dum64.dll
0x00007ffe358b0000 - 0x00007ffe358f2000 	C:\Program Files\Java\javafx-sdk-19\bin\glass.dll
0x00007ffe4f360000 - 0x00007ffe4f43a000 	C:\Windows\System32\COMDLG32.dll
0x00007ffe50e60000 - 0x00007ffe50f2d000 	C:\Windows\System32\OLEAUT32.dll
0x00007ffe50390000 - 0x00007ffe504a5000 	C:\Windows\System32\MSCTF.dll
0x00007ffe35f10000 - 0x00007ffe35f24000 	C:\Program Files\Java\javafx-sdk-19\bin\javafx_font.dll
0x00007ffe439e0000 - 0x00007ffe43c5f000 	C:\Windows\SYSTEM32\dwrite.dll
0x00007ffe4f440000 - 0x00007ffe4f4ef000 	C:\Windows\System32\clbcatq.dll
0x00007ffe49850000 - 0x00007ffe49a04000 	C:\Windows\SYSTEM32\WindowsCodecs.dll
0x00007ffe4e910000 - 0x00007ffe4e937000 	C:\Windows\System32\bcrypt.dll
0x00007ffe29150000 - 0x00007ffe2918e000 	C:\Windows\system32\dataexchange.dll
0x00007ffe4ac90000 - 0x00007ffe4aef3000 	C:\Windows\system32\d3d11.dll
0x00007ffe4b4c0000 - 0x00007ffe4b6a3000 	C:\Windows\system32\dcomp.dll
0x00007ffe4d1d0000 - 0x00007ffe4d2c3000 	C:\Windows\system32\dxgi.dll
0x00007ffe49ad0000 - 0x00007ffe49cd0000 	C:\Windows\system32\twinapi.appcore.dll
0x00007ffe31e50000 - 0x00007ffe31e84000 	C:\Program Files\Common Files\Microsoft Shared\Ink\rtscom.dll
0x00007ffe45f10000 - 0x00007ffe46009000 	C:\Windows\SYSTEM32\textinputframework.dll
0x00007ffe4b800000 - 0x00007ffe4bb5e000 	C:\Windows\System32\CoreUIComponents.dll
0x00007ffe4bb60000 - 0x00007ffe4bc52000 	C:\Windows\System32\CoreMessaging.dll
0x00007ffe4da30000 - 0x00007ffe4da63000 	C:\Windows\SYSTEM32\ntmarta.dll
0x00007ffe4a680000 - 0x00007ffe4a7d4000 	C:\Windows\SYSTEM32\wintypes.dll
0x00007ffe35270000 - 0x00007ffe352d6000 	C:\Windows\system32\Oleacc.dll
0x00007ffe37cf0000 - 0x00007ffe37cfa000 	C:\Program Files\Java\jdk-19\bin\management.dll
0x00007ffe37720000 - 0x00007ffe3772b000 	C:\Program Files\Java\jdk-19\bin\management_ext.dll
0x00007ffe50550000 - 0x00007ffe50558000 	C:\Windows\System32\PSAPI.DLL
0x00007ffe4e1e0000 - 0x00007ffe4e1f8000 	C:\Windows\SYSTEM32\CRYPTSP.dll
0x00007ffe4d910000 - 0x00007ffe4d944000 	C:\Windows\system32\rsaenh.dll

dbghelp: loaded successfully - version: 4.0.5 - missing functions: none
symbol engine: initialized successfully - sym options: 0x614 - pdb path: .;C:\Program Files\Java\jdk-19\bin;C:\Windows\SYSTEM32;C:\Windows\WinSxS\amd64_microsoft.windows.common-controls_6595b64144ccf1df_6.0.19041.1110_none_60b5254171f9507e;C:\Program Files\Java\jdk-19\bin\server;C:\Program Files\JetBrains\IntelliJ IDEA 2022.3\bin;C:\Program Files\Java\javafx-sdk-19\bin;C:\Program Files\Common Files\Microsoft Shared\Ink

VM Arguments:
jvm_args: --module-path=C:\Program Files\Java\javafx-sdk-19\lib --add-modules=javafx.controls,javafx.fxml -javaagent:C:\Program Files\JetBrains\IntelliJ IDEA 2022.3\lib\idea_rt.jar=58684:C:\Program Files\JetBrains\IntelliJ IDEA 2022.3\bin -Dfile.encoding=UTF-8 -Dsun.stdout.encoding=UTF-8 -Dsun.stderr.encoding=UTF-8 
java_command: com.example.projectfx.HelloApplication
java_class_path (initial): C:\Users\MohammadRehan\IdeaProjects\ProjectFX\target\classes;C:\Program Files\Java\javafx-sdk-19\lib\javafx-swt.jar;C:\Program Files\Java\javafx-sdk-19\lib\javafx.web.jar;C:\Program Files\Java\javafx-sdk-19\lib\javafx.base.jar;C:\Program Files\Java\javafx-sdk-19\lib\javafx.fxml.jar;C:\Program Files\Java\javafx-sdk-19\lib\javafx.media.jar;C:\Program Files\Java\javafx-sdk-19\lib\javafx.swing.jar;C:\Program Files\Java\javafx-sdk-19\lib\javafx.controls.jar;C:\Program Files\Java\javafx-sdk-19\lib\javafx.graphics.jar;C:\Users\MohammadRehan\IdeaProjects\ProjectFX\lib\ojdbc11-21.7.0.0.jar;C:\Users\MohammadRehan\IdeaProjects\ProjectFX\lib\spring-jdbc-5.3.24.jar;C:\Users\MohammadRehan\IdeaProjects\ProjectFX\lib\spring-beans-5.3.24.jar;C:\Users\MohammadRehan\IdeaProjects\ProjectFX\lib\spring-core-5.3.24.jar;C:\Users\MohammadRehan\IdeaProjects\ProjectFX\lib\spring-jcl-5.3.24.jar;C:\Users\MohammadRehan\IdeaProjects\ProjectFX\lib\spring-tx-5.3.24.jar;C:\Users\MohammadRehan\IdeaProjects\ProjectFX\lib\AnimateFX-1.2.3.jar
Launcher Type: SUN_STANDARD

[Global flags]
     intx CICompilerCount                          = 2                                         {product} {ergonomic}
     uint ConcGCThreads                            = 1                                         {product} {ergonomic}
     uint G1ConcRefinementThreads                  = 2                                         {product} {ergonomic}
   size_t G1HeapRegionSize                         = 1048576                                   {product} {ergonomic}
    uintx GCDrainStackTargetSize                   = 64                                        {product} {ergonomic}
   size_t InitialHeapSize                          = 67108864                                  {product} {ergonomic}
   size_t MarkStackSize                            = 4194304                                   {product} {ergonomic}
   size_t MaxHeapSize                              = 1073741824                                {product} {ergonomic}
   size_t MaxNewSize                               = 643825664                                 {product} {ergonomic}
   size_t MinHeapDeltaBytes                        = 1048576                                   {product} {ergonomic}
   size_t MinHeapSize                              = 8388608                                   {product} {ergonomic}
    uintx NonNMethodCodeHeapSize                   = 5826188                                {pd product} {ergonomic}
    uintx NonProfiledCodeHeapSize                  = 122916026                              {pd product} {ergonomic}
    uintx ProfiledCodeHeapSize                     = 122916026                              {pd product} {ergonomic}
    uintx ReservedCodeCacheSize                    = 251658240                              {pd product} {ergonomic}
     bool SegmentedCodeCache                       = true                                      {product} {ergonomic}
   size_t SoftMaxHeapSize                          = 1073741824                             {manageable} {ergonomic}
     bool UseCompressedClassPointers               = true                           {product lp64_product} {ergonomic}
     bool UseCompressedOops                        = true                           {product lp64_product} {ergonomic}
     bool UseG1GC                                  = true                                      {product} {ergonomic}
     bool UseLargePagesIndividualAllocation        = false                                  {pd product} {ergonomic}

Logging:
Log output configuration:
 #0: stdout all=warning uptime,level,tags foldmultilines=false
 #1: stderr all=off uptime,level,tags foldmultilines=false

Environment Variables:
PATH=C:\app\MohammadRehan\product\21c\dbhomeXE\bin;C:\Program Files\Common Files\Oracle\Java\javapath;C:\Windows\system32;C:\Windows;C:\Windows\System32\Wbem;C:\Windows\System32\WindowsPowerShell\v1.0\;C:\Windows\System32\OpenSSH\;C:\app\MohammadRehan\product\21c\dbhomeXE\jdbc\lib\ojdbc11.jar;C:\Program Files\Git\cmd;C:\Users\MohammadRehan\AppData\Local\Microsoft\WindowsApps;
USERNAME=MohammadRehan
OS=Windows_NT
PROCESSOR_IDENTIFIER=Intel64 Family 6 Model 158 Stepping 10, GenuineIntel
TMP=C:\Users\MOHAMM~1\AppData\Local\Temp
TEMP=C:\Users\MOHAMM~1\AppData\Local\Temp



---------------  S Y S T E M  ---------------

OS:
 Windows 10 , 64 bit Build 19041 (10.0.19041.2251)
OS uptime: 1 days 1:41 hours
VMWare virtualization detected

CPU: total 2 (initial active 2) (2 cores per cpu, 1 threads per core) family 6 model 158 stepping 10 microcode 0xb4, cx8, cmov, fxsr, mmx, 3dnowpref, sse, sse2, sse3, ssse3, sse4.1, sse4.2, popcnt, lzcnt, tsc, tscinvbit, avx, avx2, aes, erms, clmul, bmi1, bmi2, adx, fma, vzeroupper, clflush, clflushopt, hv, rdtscp

Memory: 4k page, system-wide physical 4095M (322M free)
TotalPageFile size 11705M (AvailPageFile size 3M)
current process WorkingSet (physical memory assigned to process): 451M, peak: 463M
current process commit charge ("private bytes"): 592M, peak: 608M

vm_info: Java HotSpot(TM) 64-Bit Server VM (19.0.1+10-21) for windows-amd64 JRE (19.0.1+10-21), built on 2022-09-14T12:45:06Z by "mach5one" with MS VC++ 17.1 (VS2022)

END.
