#
# There is insufficient memory for the Java Runtime Environment to continue.
# Native memory allocation (malloc) failed to allocate 2000432 bytes for Chunk::new
# Possible reasons:
#   The system is out of physical RAM or swap space
#   The process is running with CompressedOops enabled, and the Java Heap may be blocking the growth of the native heap
# Possible solutions:
#   Reduce memory load on the system
#   Increase physical memory or swap space
#   Check if swap backing store is full
#   Decrease Java heap size (-Xmx/-Xms)
#   Decrease number of Java threads
#   Decrease Java thread stack sizes (-Xss)
#   Set larger code cache with -XX:ReservedCodeCacheSize=
#   JVM is running with Unscaled Compressed Oops mode in which the Java heap is
#     placed in the first 4GB address space. The Java Heap base address is the
#     maximum limit for the native heap growth. Please use -XX:HeapBaseMinAddress
#     to set the Java Heap base and to place the Java Heap above 4GB virtual address.
# This output file may be truncated or incomplete.
#
#  Out of Memory Error (arena.cpp:184), pid=8472, tid=5812
#
# JRE version: Java(TM) SE Runtime Environment (19.0.1+10) (build 19.0.1+10-21)
# Java VM: Java HotSpot(TM) 64-Bit Server VM (19.0.1+10-21, mixed mode, sharing, tiered, compressed oops, compressed class ptrs, g1 gc, windows-amd64)
# No core dump will be written. Minidumps are not enabled by default on client versions of Windows
#

---------------  S U M M A R Y ------------

Command Line: --module-path=C:\Program Files\Java\javafx-sdk-19\lib --add-modules=javafx.controls,javafx.fxml -javaagent:C:\Program Files\JetBrains\IntelliJ IDEA 2022.3\lib\idea_rt.jar=60852:C:\Program Files\JetBrains\IntelliJ IDEA 2022.3\bin -Dfile.encoding=UTF-8 -Dsun.stdout.encoding=UTF-8 -Dsun.stderr.encoding=UTF-8 com.example.projectfx.HelloApplication

Host: Intel(R) Core(TM) i7-9750H CPU @ 2.60GHz, 2 cores, 3G,  Windows 10 , 64 bit Build 19041 (10.0.19041.2251)
Time: Fri Dec  9 12:49:56 2022 West Bank Gaza Standard Time elapsed time: 15.338471 seconds (0d 0h 0m 15s)

---------------  T H R E A D  ---------------

Current thread (0x000001313b7f9570):  JavaThread "C2 CompilerThread0" daemon [_thread_in_native, id=5812, stack(0x00000025c0300000,0x00000025c0400000)]


Current CompileTask:
C2:  15338 5747   !   4       javafx.scene.CssStyleHelper::transitionToState (1033 bytes)

Stack: [0x00000025c0300000,0x00000025c0400000]
Native frames: (J=compiled Java code, j=interpreted, Vv=VM code, C=native code)
V  [jvm.dll+0x6ee8fa]
V  [jvm.dll+0x857a1e]
V  [jvm.dll+0x85940e]
V  [jvm.dll+0x859ac3]
V  [jvm.dll+0x28291f]
V  [jvm.dll+0xc9b5f]
V  [jvm.dll+0xc9ee5]
V  [jvm.dll+0x3bcbac]
V  [jvm.dll+0x386201]
V  [jvm.dll+0x38567a]
V  [jvm.dll+0x24c2c9]
V  [jvm.dll+0x24b671]
V  [jvm.dll+0x1d6d61]
V  [jvm.dll+0x25b0fa]
V  [jvm.dll+0x259588]
V  [jvm.dll+0x807928]
V  [jvm.dll+0x8015fa]
V  [jvm.dll+0x6ed5eb]
C  [ucrtbase.dll+0x21bb2]
C  [KERNEL32.DLL+0x174b4]
C  [ntdll.dll+0x526a1]


---------------  P R O C E S S  ---------------

Threads class SMR info:
_java_thread_list=0x00000131412e9a50, length=23, elements={
0x000001311e34d480, 0x000001313b7f21d0, 0x000001313b7f3170, 0x000001313b7f5d70,
0x000001313b7f76b0, 0x000001313b7f7fe0, 0x000001313b7f8910, 0x000001313b7f9570,
0x000001313b861eb0, 0x000001313b86c130, 0x000001313b8c1ff0, 0x000001314031feb0,
0x000001313fcd5e40, 0x000001313ff09280, 0x0000013140446040, 0x0000013140446580,
0x00000131404742a0, 0x0000013140fb5070, 0x0000013140964f10, 0x00000131409629e0,
0x0000013140963f20, 0x0000013140964470, 0x00000131409649c0
}

Java Threads: ( => current thread )
  0x000001311e34d480 JavaThread "main" [_thread_blocked, id=11000, stack(0x00000025bf600000,0x00000025bf700000)]
  0x000001313b7f21d0 JavaThread "Reference Handler" daemon [_thread_blocked, id=9328, stack(0x00000025bfd00000,0x00000025bfe00000)]
  0x000001313b7f3170 JavaThread "Finalizer" daemon [_thread_blocked, id=11560, stack(0x00000025bfe00000,0x00000025bff00000)]
  0x000001313b7f5d70 JavaThread "Signal Dispatcher" daemon [_thread_blocked, id=5112, stack(0x00000025bff00000,0x00000025c0000000)]
  0x000001313b7f76b0 JavaThread "Attach Listener" daemon [_thread_blocked, id=11112, stack(0x00000025c0000000,0x00000025c0100000)]
  0x000001313b7f7fe0 JavaThread "Service Thread" daemon [_thread_blocked, id=460, stack(0x00000025c0100000,0x00000025c0200000)]
  0x000001313b7f8910 JavaThread "Monitor Deflation Thread" daemon [_thread_blocked, id=13160, stack(0x00000025c0200000,0x00000025c0300000)]
=>0x000001313b7f9570 JavaThread "C2 CompilerThread0" daemon [_thread_in_native, id=5812, stack(0x00000025c0300000,0x00000025c0400000)]
  0x000001313b861eb0 JavaThread "C1 CompilerThread0" daemon [_thread_blocked, id=10028, stack(0x00000025c0400000,0x00000025c0500000)]
  0x000001313b86c130 JavaThread "Sweeper thread" daemon [_thread_blocked, id=12712, stack(0x00000025c0500000,0x00000025c0600000)]
  0x000001313b8c1ff0 JavaThread "Common-Cleaner" daemon [_thread_blocked, id=5776, stack(0x00000025c0600000,0x00000025c0700000)]
  0x000001314031feb0 JavaThread "Monitor Ctrl-Break" daemon [_thread_in_native, id=14820, stack(0x00000025c0800000,0x00000025c0900000)]
  0x000001313fcd5e40 JavaThread "Notification Thread" daemon [_thread_blocked, id=14144, stack(0x00000025c0900000,0x00000025c0a00000)]
  0x000001313ff09280 JavaThread "QuantumRenderer-0" daemon [_thread_in_native, id=1452, stack(0x00000025c0b00000,0x00000025c0c00000)]
  0x0000013140446040 JavaThread "InvokeLaterDispatcher" daemon [_thread_blocked, id=11724, stack(0x00000025c0e00000,0x00000025c0f00000)]
  0x0000013140446580 JavaThread "JavaFX Application Thread" [_thread_in_native, id=684, stack(0x00000025c0f00000,0x00000025c1000000)]
  0x00000131404742a0 JavaThread "JavaFX-Launcher" [_thread_blocked, id=6540, stack(0x00000025c1000000,0x00000025c1100000)]
  0x0000013140fb5070 JavaThread "Thread-2" daemon [_thread_in_native, id=5816, stack(0x00000025c0d00000,0x00000025c0e00000)]
  0x0000013140964f10 JavaThread "Prism Font Disposer" daemon [_thread_blocked, id=8736, stack(0x00000025c1400000,0x00000025c1500000)]
  0x00000131409629e0 JavaThread "Cleaner-0" daemon [_thread_blocked, id=3172, stack(0x00000025c1500000,0x00000025c1600000)]
  0x0000013140963f20 JavaThread "oracle.jdbc.driver.BlockSource.ThreadedCachingBlockSource.BlockReleaser" daemon [_thread_blocked, id=524, stack(0x00000025c1600000,0x00000025c1700000)]
  0x0000013140964470 JavaThread "InterruptTimer" daemon [_thread_blocked, id=12520, stack(0x00000025c1700000,0x00000025c1800000)]
  0x00000131409649c0 JavaThread "OJDBC-WORKER-THREAD-1" daemon [_thread_blocked, id=4112, stack(0x00000025c1800000,0x00000025c1900000)]

Other Threads:
  0x000001311e405230 VMThread "VM Thread" [stack: 0x00000025bfc00000,0x00000025bfd00000] [id=2992]
  0x000001311e34e4a0 WatcherThread "VM Periodic Task Thread" [stack: 0x00000025c0a00000,0x00000025c0b00000] [id=13580]
  0x000001311e38e270 WorkerThread "GC Thread#0" [stack: 0x00000025bf700000,0x00000025bf800000] [id=1608]
  0x000001313fcd86f0 WorkerThread "GC Thread#1" [stack: 0x00000025c0700000,0x00000025c0800000] [id=10564]
  0x000001311e3991f0 ConcurrentGCThread "G1 Main Marker" [stack: 0x00000025bf800000,0x00000025bf900000] [id=4556]
  0x000001311e399dc0 WorkerThread "G1 Conc#0" [stack: 0x00000025bf900000,0x00000025bfa00000] [id=9888]
  0x000001311e3e45b0 ConcurrentGCThread "G1 Refine#0" [stack: 0x00000025bfa00000,0x00000025bfb00000] [id=7520]
  0x000001311e3e50f0 ConcurrentGCThread "G1 Service" [stack: 0x00000025bfb00000,0x00000025bfc00000] [id=6488]

Threads with active compile tasks:
C2 CompilerThread0    15419 5747   !   4       javafx.scene.CssStyleHelper::transitionToState (1033 bytes)

VM state: not at safepoint (normal execution)

VM Mutex/Monitor currently owned by a thread: None

Heap address: 0x00000000c0000000, size: 1024 MB, Compressed Oops mode: 32-bit

CDS archive(s) mapped at: [0x0000000800000000-0x0000000800c40000-0x0000000800c40000), size 12845056, SharedBaseAddress: 0x0000000800000000, ArchiveRelocationMode: 0.
Compressed class space mapped at: 0x0000000801000000-0x0000000841000000, reserved size: 1073741824
Narrow klass base: 0x0000000800000000, Narrow klass shift: 0, Narrow klass range: 0x100000000

GC Precious Log:
 CardTable entry size: 512
 Card Set container configuration: InlinePtr #cards 5 size 8 Array Of Cards #cards 12 size 40 Howl #buckets 4 coarsen threshold 1843 Howl Bitmap #cards 512 size 80 coarsen threshold 460 Card regions per heap region 1 cards per card region 2048
 CPUs: 2 total, 2 available
 Memory: 4095M
 Large Page Support: Disabled
 NUMA Support: Disabled
 Compressed Oops: Enabled (32-bit)
 Heap Region Size: 1M
 Heap Min Capacity: 8M
 Heap Initial Capacity: 64M
 Heap Max Capacity: 1G
 Pre-touch: Disabled
 Parallel Workers: 2
 Concurrent Workers: 1
 Concurrent Refinement Workers: 2
 Periodic GC: Disabled

Heap:
 garbage-first heap   total 227328K, used 85786K [0x00000000c0000000, 0x0000000100000000)
  region size 1024K, 14 young (14336K), 1 survivors (1024K)
 Metaspace       used 32406K, committed 32768K, reserved 1114112K
  class space    used 4243K, committed 4416K, reserved 1048576K

Heap Regions: E=young(eden), S=young(survivor), O=old, HS=humongous(starts), HC=humongous(continues), CS=collection set, F=free, OA=open archive, CA=closed archive, TAMS=top-at-mark-start (previous, next)
|   0|0x00000000c0000000, 0x00000000c0100000, 0x00000000c0100000|100%| O|  |TAMS 0x00000000c0100000, 0x00000000c0000000| Untracked 
|   1|0x00000000c0100000, 0x00000000c0200000, 0x00000000c0200000|100%| O|  |TAMS 0x00000000c0200000, 0x00000000c0100000| Untracked 
|   2|0x00000000c0200000, 0x00000000c0300000, 0x00000000c0300000|100%| O|  |TAMS 0x00000000c0300000, 0x00000000c0200000| Untracked 
|   3|0x00000000c0300000, 0x00000000c0400000, 0x00000000c0400000|100%|HS|  |TAMS 0x00000000c0400000, 0x00000000c0300000| Complete 
|   4|0x00000000c0400000, 0x00000000c0500000, 0x00000000c0500000|100%|HC|  |TAMS 0x00000000c0500000, 0x00000000c0400000| Complete 
|   5|0x00000000c0500000, 0x00000000c0600000, 0x00000000c0600000|100%|HC|  |TAMS 0x00000000c0600000, 0x00000000c0500000| Complete 
|   6|0x00000000c0600000, 0x00000000c0700000, 0x00000000c0700000|100%|HC|  |TAMS 0x00000000c0700000, 0x00000000c0600000| Complete 
|   7|0x00000000c0700000, 0x00000000c0800000, 0x00000000c0800000|100%|HC|  |TAMS 0x00000000c0800000, 0x00000000c0700000| Complete 
|   8|0x00000000c0800000, 0x00000000c0900000, 0x00000000c0900000|100%| O|  |TAMS 0x00000000c0800000, 0x00000000c0800000| Untracked 
|   9|0x00000000c0900000, 0x00000000c0a00000, 0x00000000c0a00000|100%| O|  |TAMS 0x00000000c0a00000, 0x00000000c0900000| Untracked 
|  10|0x00000000c0a00000, 0x00000000c0b00000, 0x00000000c0b00000|100%|HS|  |TAMS 0x00000000c0b00000, 0x00000000c0a00000| Complete 
|  11|0x00000000c0b00000, 0x00000000c0c00000, 0x00000000c0c00000|100%|HC|  |TAMS 0x00000000c0c00000, 0x00000000c0b00000| Complete 
|  12|0x00000000c0c00000, 0x00000000c0d00000, 0x00000000c0d00000|100%| O|  |TAMS 0x00000000c0d00000, 0x00000000c0c00000| Untracked 
|  13|0x00000000c0d00000, 0x00000000c0e00000, 0x00000000c0e00000|100%| O|  |TAMS 0x00000000c0e00000, 0x00000000c0d00000| Untracked 
|  14|0x00000000c0e00000, 0x00000000c0f00000, 0x00000000c0f00000|100%| O|  |TAMS 0x00000000c0f00000, 0x00000000c0e00000| Untracked 
|  15|0x00000000c0f00000, 0x00000000c1000000, 0x00000000c1000000|100%| O|  |TAMS 0x00000000c1000000, 0x00000000c0f00000| Untracked 
|  16|0x00000000c1000000, 0x00000000c1100000, 0x00000000c1100000|100%| O|  |TAMS 0x00000000c1100000, 0x00000000c1000000| Untracked 
|  17|0x00000000c1100000, 0x00000000c1200000, 0x00000000c1200000|100%| O|  |TAMS 0x00000000c1200000, 0x00000000c1100000| Untracked 
|  18|0x00000000c1200000, 0x00000000c1300000, 0x00000000c1300000|100%| O|  |TAMS 0x00000000c1300000, 0x00000000c1200000| Untracked 
|  19|0x00000000c1300000, 0x00000000c1400000, 0x00000000c1400000|100%| O|  |TAMS 0x00000000c1400000, 0x00000000c1300000| Untracked 
|  20|0x00000000c1400000, 0x00000000c1500000, 0x00000000c1500000|100%| O|  |TAMS 0x00000000c1500000, 0x00000000c1400000| Untracked 
|  21|0x00000000c1500000, 0x00000000c1600000, 0x00000000c1600000|100%| O|  |TAMS 0x00000000c1600000, 0x00000000c1500000| Untracked 
|  22|0x00000000c1600000, 0x00000000c1700000, 0x00000000c1700000|100%| O|  |TAMS 0x00000000c1700000, 0x00000000c1600000| Untracked 
|  23|0x00000000c1700000, 0x00000000c1700000, 0x00000000c1800000|  0%| F|  |TAMS 0x00000000c1700000, 0x00000000c1700000| Untracked 
|  24|0x00000000c1800000, 0x00000000c1900000, 0x00000000c1900000|100%| O|  |TAMS 0x00000000c1849a00, 0x00000000c1800000| Untracked 
|  25|0x00000000c1900000, 0x00000000c1a00000, 0x00000000c1a00000|100%| O|  |TAMS 0x00000000c1900000, 0x00000000c1900000| Untracked 
|  26|0x00000000c1a00000, 0x00000000c1b00000, 0x00000000c1b00000|100%| O|  |TAMS 0x00000000c1a00000, 0x00000000c1a00000| Untracked 
|  27|0x00000000c1b00000, 0x00000000c1c00000, 0x00000000c1c00000|100%| O|  |TAMS 0x00000000c1b00000, 0x00000000c1b00000| Untracked 
|  28|0x00000000c1c00000, 0x00000000c1d00000, 0x00000000c1d00000|100%| O|  |TAMS 0x00000000c1c00000, 0x00000000c1c00000| Untracked 
|  29|0x00000000c1d00000, 0x00000000c1e00000, 0x00000000c1e00000|100%| O|  |TAMS 0x00000000c1d00000, 0x00000000c1d00000| Untracked 
|  30|0x00000000c1e00000, 0x00000000c1f00000, 0x00000000c1f00000|100%| O|  |TAMS 0x00000000c1e00000, 0x00000000c1e00000| Untracked 
|  31|0x00000000c1f00000, 0x00000000c2000000, 0x00000000c2000000|100%| O|  |TAMS 0x00000000c1f00000, 0x00000000c1f00000| Untracked 
|  32|0x00000000c2000000, 0x00000000c2100000, 0x00000000c2100000|100%| O|  |TAMS 0x00000000c2000000, 0x00000000c2000000| Untracked 
|  33|0x00000000c2100000, 0x00000000c2100000, 0x00000000c2200000|  0%| F|  |TAMS 0x00000000c2100000, 0x00000000c2100000| Untracked 
|  34|0x00000000c2200000, 0x00000000c2200000, 0x00000000c2300000|  0%| F|  |TAMS 0x00000000c2200000, 0x00000000c2200000| Untracked 
|  35|0x00000000c2300000, 0x00000000c2300000, 0x00000000c2400000|  0%| F|  |TAMS 0x00000000c2300000, 0x00000000c2300000| Untracked 
|  36|0x00000000c2400000, 0x00000000c2400000, 0x00000000c2500000|  0%| F|  |TAMS 0x00000000c2400000, 0x00000000c2400000| Untracked 
|  37|0x00000000c2500000, 0x00000000c2500000, 0x00000000c2600000|  0%| F|  |TAMS 0x00000000c2500000, 0x00000000c2500000| Untracked 
|  38|0x00000000c2600000, 0x00000000c2600000, 0x00000000c2700000|  0%| F|  |TAMS 0x00000000c2600000, 0x00000000c2600000| Untracked 
|  39|0x00000000c2700000, 0x00000000c2700000, 0x00000000c2800000|  0%| F|  |TAMS 0x00000000c2700000, 0x00000000c2700000| Untracked 
|  40|0x00000000c2800000, 0x00000000c2800000, 0x00000000c2900000|  0%| F|  |TAMS 0x00000000c2800000, 0x00000000c2800000| Untracked 
|  41|0x00000000c2900000, 0x00000000c2900000, 0x00000000c2a00000|  0%| F|  |TAMS 0x00000000c2900000, 0x00000000c2900000| Untracked 
|  42|0x00000000c2a00000, 0x00000000c2a00000, 0x00000000c2b00000|  0%| F|  |TAMS 0x00000000c2a00000, 0x00000000c2a00000| Untracked 
|  43|0x00000000c2b00000, 0x00000000c2b00000, 0x00000000c2c00000|  0%| F|  |TAMS 0x00000000c2b00000, 0x00000000c2b00000| Untracked 
|  44|0x00000000c2c00000, 0x00000000c2c00000, 0x00000000c2d00000|  0%| F|  |TAMS 0x00000000c2c00000, 0x00000000c2c00000| Untracked 
|  45|0x00000000c2d00000, 0x00000000c2d00000, 0x00000000c2e00000|  0%| F|  |TAMS 0x00000000c2d00000, 0x00000000c2d00000| Untracked 
|  46|0x00000000c2e00000, 0x00000000c2e00000, 0x00000000c2f00000|  0%| F|  |TAMS 0x00000000c2e00000, 0x00000000c2e00000| Untracked 
|  47|0x00000000c2f00000, 0x00000000c2f00000, 0x00000000c3000000|  0%| F|  |TAMS 0x00000000c2f00000, 0x00000000c2f00000| Untracked 
|  48|0x00000000c3000000, 0x00000000c3000000, 0x00000000c3100000|  0%| F|  |TAMS 0x00000000c3000000, 0x00000000c3000000| Untracked 
|  49|0x00000000c3100000, 0x00000000c3100000, 0x00000000c3200000|  0%| F|  |TAMS 0x00000000c3100000, 0x00000000c3100000| Untracked 
|  50|0x00000000c3200000, 0x00000000c3200000, 0x00000000c3300000|  0%| F|  |TAMS 0x00000000c3200000, 0x00000000c3200000| Untracked 
|  51|0x00000000c3300000, 0x00000000c3300000, 0x00000000c3400000|  0%| F|  |TAMS 0x00000000c3300000, 0x00000000c3300000| Untracked 
|  52|0x00000000c3400000, 0x00000000c3400000, 0x00000000c3500000|  0%| F|  |TAMS 0x00000000c3400000, 0x00000000c3400000| Untracked 
|  53|0x00000000c3500000, 0x00000000c3500000, 0x00000000c3600000|  0%| F|  |TAMS 0x00000000c3500000, 0x00000000c3500000| Untracked 
|  54|0x00000000c3600000, 0x00000000c3600000, 0x00000000c3700000|  0%| F|  |TAMS 0x00000000c3600000, 0x00000000c3600000| Untracked 
|  55|0x00000000c3700000, 0x00000000c3700000, 0x00000000c3800000|  0%| F|  |TAMS 0x00000000c3700000, 0x00000000c3700000| Untracked 
|  56|0x00000000c3800000, 0x00000000c3800000, 0x00000000c3900000|  0%| F|  |TAMS 0x00000000c3800000, 0x00000000c3800000| Untracked 
|  57|0x00000000c3900000, 0x00000000c3900000, 0x00000000c3a00000|  0%| F|  |TAMS 0x00000000c3900000, 0x00000000c3900000| Untracked 
|  58|0x00000000c3a00000, 0x00000000c3a00000, 0x00000000c3b00000|  0%| F|  |TAMS 0x00000000c3a00000, 0x00000000c3a00000| Untracked 
|  59|0x00000000c3b00000, 0x00000000c3b00000, 0x00000000c3c00000|  0%| F|  |TAMS 0x00000000c3b00000, 0x00000000c3b00000| Untracked 
|  60|0x00000000c3c00000, 0x00000000c3c00000, 0x00000000c3d00000|  0%| F|  |TAMS 0x00000000c3c00000, 0x00000000c3c00000| Untracked 
|  61|0x00000000c3d00000, 0x00000000c3d00000, 0x00000000c3e00000|  0%| F|  |TAMS 0x00000000c3d00000, 0x00000000c3d00000| Untracked 
|  62|0x00000000c3e00000, 0x00000000c3e00000, 0x00000000c3f00000|  0%| F|  |TAMS 0x00000000c3e00000, 0x00000000c3e00000| Untracked 
|  63|0x00000000c3f00000, 0x00000000c3f00000, 0x00000000c4000000|  0%| F|  |TAMS 0x00000000c3f00000, 0x00000000c3f00000| Untracked 
|  64|0x00000000c4000000, 0x00000000c4100000, 0x00000000c4100000|100%|HS|  |TAMS 0x00000000c4100000, 0x00000000c4000000| Complete 
|  65|0x00000000c4100000, 0x00000000c4200000, 0x00000000c4200000|100%|HC|  |TAMS 0x00000000c4200000, 0x00000000c4100000| Complete 
|  66|0x00000000c4200000, 0x00000000c4300000, 0x00000000c4300000|100%|HC|  |TAMS 0x00000000c4300000, 0x00000000c4200000| Complete 
|  67|0x00000000c4300000, 0x00000000c4400000, 0x00000000c4400000|100%|HC|  |TAMS 0x00000000c4400000, 0x00000000c4300000| Complete 
|  68|0x00000000c4400000, 0x00000000c4500000, 0x00000000c4500000|100%|HC|  |TAMS 0x00000000c4500000, 0x00000000c4400000| Complete 
|  69|0x00000000c4500000, 0x00000000c4600000, 0x00000000c4600000|100%|HC|  |TAMS 0x00000000c4600000, 0x00000000c4500000| Complete 
|  70|0x00000000c4600000, 0x00000000c4700000, 0x00000000c4700000|100%|HC|  |TAMS 0x00000000c4700000, 0x00000000c4600000| Complete 
|  71|0x00000000c4700000, 0x00000000c4800000, 0x00000000c4800000|100%|HC|  |TAMS 0x00000000c4800000, 0x00000000c4700000| Complete 
|  72|0x00000000c4800000, 0x00000000c4900000, 0x00000000c4900000|100%|HC|  |TAMS 0x00000000c4900000, 0x00000000c4800000| Complete 
|  73|0x00000000c4900000, 0x00000000c4a00000, 0x00000000c4a00000|100%|HC|  |TAMS 0x00000000c4a00000, 0x00000000c4900000| Complete 
|  74|0x00000000c4a00000, 0x00000000c4b00000, 0x00000000c4b00000|100%|HC|  |TAMS 0x00000000c4b00000, 0x00000000c4a00000| Complete 
|  75|0x00000000c4b00000, 0x00000000c4c00000, 0x00000000c4c00000|100%|HC|  |TAMS 0x00000000c4c00000, 0x00000000c4b00000| Complete 
|  76|0x00000000c4c00000, 0x00000000c4d00000, 0x00000000c4d00000|100%|HC|  |TAMS 0x00000000c4d00000, 0x00000000c4c00000| Complete 
|  77|0x00000000c4d00000, 0x00000000c4e00000, 0x00000000c4e00000|100%|HC|  |TAMS 0x00000000c4e00000, 0x00000000c4d00000| Complete 
|  78|0x00000000c4e00000, 0x00000000c4f00000, 0x00000000c4f00000|100%|HC|  |TAMS 0x00000000c4f00000, 0x00000000c4e00000| Complete 
|  79|0x00000000c4f00000, 0x00000000c5000000, 0x00000000c5000000|100%|HC|  |TAMS 0x00000000c5000000, 0x00000000c4f00000| Complete 
|  80|0x00000000c5000000, 0x00000000c5100000, 0x00000000c5100000|100%|HC|  |TAMS 0x00000000c5100000, 0x00000000c5000000| Complete 
|  81|0x00000000c5100000, 0x00000000c5200000, 0x00000000c5200000|100%|HC|  |TAMS 0x00000000c5200000, 0x00000000c5100000| Complete 
|  82|0x00000000c5200000, 0x00000000c5300000, 0x00000000c5300000|100%|HC|  |TAMS 0x00000000c5300000, 0x00000000c5200000| Complete 
|  83|0x00000000c5300000, 0x00000000c5400000, 0x00000000c5400000|100%|HC|  |TAMS 0x00000000c5400000, 0x00000000c5300000| Complete 
|  84|0x00000000c5400000, 0x00000000c5500000, 0x00000000c5500000|100%|HC|  |TAMS 0x00000000c5500000, 0x00000000c5400000| Complete 
|  85|0x00000000c5500000, 0x00000000c5600000, 0x00000000c5600000|100%|HC|  |TAMS 0x00000000c5600000, 0x00000000c5500000| Complete 
|  86|0x00000000c5600000, 0x00000000c5700000, 0x00000000c5700000|100%|HC|  |TAMS 0x00000000c5700000, 0x00000000c5600000| Complete 
|  87|0x00000000c5700000, 0x00000000c5800000, 0x00000000c5800000|100%|HC|  |TAMS 0x00000000c5800000, 0x00000000c5700000| Complete 
|  88|0x00000000c5800000, 0x00000000c5900000, 0x00000000c5900000|100%|HC|  |TAMS 0x00000000c5900000, 0x00000000c5800000| Complete 
|  89|0x00000000c5900000, 0x00000000c5a00000, 0x00000000c5a00000|100%|HC|  |TAMS 0x00000000c5a00000, 0x00000000c5900000| Complete 
|  90|0x00000000c5a00000, 0x00000000c5b00000, 0x00000000c5b00000|100%|HC|  |TAMS 0x00000000c5b00000, 0x00000000c5a00000| Complete 
|  91|0x00000000c5b00000, 0x00000000c5c00000, 0x00000000c5c00000|100%|HC|  |TAMS 0x00000000c5c00000, 0x00000000c5b00000| Complete 
|  92|0x00000000c5c00000, 0x00000000c5d00000, 0x00000000c5d00000|100%|HC|  |TAMS 0x00000000c5d00000, 0x00000000c5c00000| Complete 
|  93|0x00000000c5d00000, 0x00000000c5e00000, 0x00000000c5e00000|100%|HC|  |TAMS 0x00000000c5e00000, 0x00000000c5d00000| Complete 
|  94|0x00000000c5e00000, 0x00000000c5f00000, 0x00000000c5f00000|100%|HC|  |TAMS 0x00000000c5f00000, 0x00000000c5e00000| Complete 
|  95|0x00000000c5f00000, 0x00000000c6000000, 0x00000000c6000000|100%|HC|  |TAMS 0x00000000c6000000, 0x00000000c5f00000| Complete 
|  96|0x00000000c6000000, 0x00000000c6100000, 0x00000000c6100000|100%|HC|  |TAMS 0x00000000c6100000, 0x00000000c6000000| Complete 
|  97|0x00000000c6100000, 0x00000000c6200000, 0x00000000c6200000|100%|HC|  |TAMS 0x00000000c6200000, 0x00000000c6100000| Complete 
|  98|0x00000000c6200000, 0x00000000c6300000, 0x00000000c6300000|100%|HC|  |TAMS 0x00000000c6300000, 0x00000000c6200000| Complete 
|  99|0x00000000c6300000, 0x00000000c6400000, 0x00000000c6400000|100%|HC|  |TAMS 0x00000000c6400000, 0x00000000c6300000| Complete 
| 100|0x00000000c6400000, 0x00000000c6500000, 0x00000000c6500000|100%|HC|  |TAMS 0x00000000c6500000, 0x00000000c6400000| Complete 
| 101|0x00000000c6500000, 0x00000000c6600000, 0x00000000c6600000|100%|HC|  |TAMS 0x00000000c6600000, 0x00000000c6500000| Complete 
| 102|0x00000000c6600000, 0x00000000c6700000, 0x00000000c6700000|100%|HC|  |TAMS 0x00000000c6700000, 0x00000000c6600000| Complete 
| 103|0x00000000c6700000, 0x00000000c6700000, 0x00000000c6800000|  0%| F|  |TAMS 0x00000000c6700000, 0x00000000c6700000| Untracked 
| 104|0x00000000c6800000, 0x00000000c6800000, 0x00000000c6900000|  0%| F|  |TAMS 0x00000000c6800000, 0x00000000c6800000| Untracked 
| 105|0x00000000c6900000, 0x00000000c6900000, 0x00000000c6a00000|  0%| F|  |TAMS 0x00000000c6900000, 0x00000000c6900000| Untracked 
| 106|0x00000000c6a00000, 0x00000000c6a00000, 0x00000000c6b00000|  0%| F|  |TAMS 0x00000000c6a00000, 0x00000000c6a00000| Untracked 
| 107|0x00000000c6b00000, 0x00000000c6b00000, 0x00000000c6c00000|  0%| F|  |TAMS 0x00000000c6b00000, 0x00000000c6b00000| Untracked 
| 108|0x00000000c6c00000, 0x00000000c6c00000, 0x00000000c6d00000|  0%| F|  |TAMS 0x00000000c6c00000, 0x00000000c6c00000| Untracked 
| 109|0x00000000c6d00000, 0x00000000c6d00000, 0x00000000c6e00000|  0%| F|  |TAMS 0x00000000c6d00000, 0x00000000c6d00000| Untracked 
| 110|0x00000000c6e00000, 0x00000000c6e00000, 0x00000000c6f00000|  0%| F|  |TAMS 0x00000000c6e00000, 0x00000000c6e00000| Untracked 
| 111|0x00000000c6f00000, 0x00000000c6fc69d8, 0x00000000c7000000| 77%| S|CS|TAMS 0x00000000c6f00000, 0x00000000c6f00000| Complete 
| 112|0x00000000c7000000, 0x00000000c7000000, 0x00000000c7100000|  0%| F|  |TAMS 0x00000000c7000000, 0x00000000c7000000| Untracked 
| 113|0x00000000c7100000, 0x00000000c7100000, 0x00000000c7200000|  0%| F|  |TAMS 0x00000000c7100000, 0x00000000c7100000| Untracked 
| 114|0x00000000c7200000, 0x00000000c7200000, 0x00000000c7300000|  0%| F|  |TAMS 0x00000000c7200000, 0x00000000c7200000| Untracked 
| 115|0x00000000c7300000, 0x00000000c7300000, 0x00000000c7400000|  0%| F|  |TAMS 0x00000000c7300000, 0x00000000c7300000| Untracked 
| 116|0x00000000c7400000, 0x00000000c7400000, 0x00000000c7500000|  0%| F|  |TAMS 0x00000000c7400000, 0x00000000c7400000| Untracked 
| 117|0x00000000c7500000, 0x00000000c7500000, 0x00000000c7600000|  0%| F|  |TAMS 0x00000000c7500000, 0x00000000c7500000| Untracked 
| 118|0x00000000c7600000, 0x00000000c7600000, 0x00000000c7700000|  0%| F|  |TAMS 0x00000000c7600000, 0x00000000c7600000| Untracked 
| 119|0x00000000c7700000, 0x00000000c7700000, 0x00000000c7800000|  0%| F|  |TAMS 0x00000000c7700000, 0x00000000c7700000| Untracked 
| 120|0x00000000c7800000, 0x00000000c7800000, 0x00000000c7900000|  0%| F|  |TAMS 0x00000000c7800000, 0x00000000c7800000| Untracked 
| 121|0x00000000c7900000, 0x00000000c7900000, 0x00000000c7a00000|  0%| F|  |TAMS 0x00000000c7900000, 0x00000000c7900000| Untracked 
| 122|0x00000000c7a00000, 0x00000000c7a00000, 0x00000000c7b00000|  0%| F|  |TAMS 0x00000000c7a00000, 0x00000000c7a00000| Untracked 
| 123|0x00000000c7b00000, 0x00000000c7b00000, 0x00000000c7c00000|  0%| F|  |TAMS 0x00000000c7b00000, 0x00000000c7b00000| Untracked 
| 124|0x00000000c7c00000, 0x00000000c7c00000, 0x00000000c7d00000|  0%| F|  |TAMS 0x00000000c7c00000, 0x00000000c7c00000| Untracked 
| 125|0x00000000c7d00000, 0x00000000c7d00000, 0x00000000c7e00000|  0%| F|  |TAMS 0x00000000c7d00000, 0x00000000c7d00000| Untracked 
| 126|0x00000000c7e00000, 0x00000000c7e00000, 0x00000000c7f00000|  0%| F|  |TAMS 0x00000000c7e00000, 0x00000000c7e00000| Untracked 
| 127|0x00000000c7f00000, 0x00000000c7f00000, 0x00000000c8000000|  0%| F|  |TAMS 0x00000000c7f00000, 0x00000000c7f00000| Untracked 
| 128|0x00000000c8000000, 0x00000000c8000000, 0x00000000c8100000|  0%| F|  |TAMS 0x00000000c8000000, 0x00000000c8000000| Untracked 
| 129|0x00000000c8100000, 0x00000000c8100000, 0x00000000c8200000|  0%| F|  |TAMS 0x00000000c8100000, 0x00000000c8100000| Untracked 
| 130|0x00000000c8200000, 0x00000000c8200000, 0x00000000c8300000|  0%| F|  |TAMS 0x00000000c8200000, 0x00000000c8200000| Untracked 
| 131|0x00000000c8300000, 0x00000000c8300000, 0x00000000c8400000|  0%| F|  |TAMS 0x00000000c8300000, 0x00000000c8300000| Untracked 
| 132|0x00000000c8400000, 0x00000000c8400000, 0x00000000c8500000|  0%| F|  |TAMS 0x00000000c8400000, 0x00000000c8400000| Untracked 
| 133|0x00000000c8500000, 0x00000000c8500000, 0x00000000c8600000|  0%| F|  |TAMS 0x00000000c8500000, 0x00000000c8500000| Untracked 
| 134|0x00000000c8600000, 0x00000000c8600000, 0x00000000c8700000|  0%| F|  |TAMS 0x00000000c8600000, 0x00000000c8600000| Untracked 
| 135|0x00000000c8700000, 0x00000000c8700000, 0x00000000c8800000|  0%| F|  |TAMS 0x00000000c8700000, 0x00000000c8700000| Untracked 
| 136|0x00000000c8800000, 0x00000000c8800000, 0x00000000c8900000|  0%| F|  |TAMS 0x00000000c8800000, 0x00000000c8800000| Untracked 
| 137|0x00000000c8900000, 0x00000000c8900000, 0x00000000c8a00000|  0%| F|  |TAMS 0x00000000c8900000, 0x00000000c8900000| Untracked 
| 138|0x00000000c8a00000, 0x00000000c8a00000, 0x00000000c8b00000|  0%| F|  |TAMS 0x00000000c8a00000, 0x00000000c8a00000| Untracked 
| 139|0x00000000c8b00000, 0x00000000c8b00000, 0x00000000c8c00000|  0%| F|  |TAMS 0x00000000c8b00000, 0x00000000c8b00000| Untracked 
| 140|0x00000000c8c00000, 0x00000000c8c00000, 0x00000000c8d00000|  0%| F|  |TAMS 0x00000000c8c00000, 0x00000000c8c00000| Untracked 
| 141|0x00000000c8d00000, 0x00000000c8d00000, 0x00000000c8e00000|  0%| F|  |TAMS 0x00000000c8d00000, 0x00000000c8d00000| Untracked 
| 142|0x00000000c8e00000, 0x00000000c8e00000, 0x00000000c8f00000|  0%| F|  |TAMS 0x00000000c8e00000, 0x00000000c8e00000| Untracked 
| 143|0x00000000c8f00000, 0x00000000c8f00000, 0x00000000c9000000|  0%| F|  |TAMS 0x00000000c8f00000, 0x00000000c8f00000| Untracked 
| 144|0x00000000c9000000, 0x00000000c9000000, 0x00000000c9100000|  0%| F|  |TAMS 0x00000000c9000000, 0x00000000c9000000| Untracked 
| 145|0x00000000c9100000, 0x00000000c9100000, 0x00000000c9200000|  0%| F|  |TAMS 0x00000000c9100000, 0x00000000c9100000| Untracked 
| 146|0x00000000c9200000, 0x00000000c9200000, 0x00000000c9300000|  0%| F|  |TAMS 0x00000000c9200000, 0x00000000c9200000| Untracked 
| 147|0x00000000c9300000, 0x00000000c9300000, 0x00000000c9400000|  0%| F|  |TAMS 0x00000000c9300000, 0x00000000c9300000| Untracked 
| 148|0x00000000c9400000, 0x00000000c9400000, 0x00000000c9500000|  0%| F|  |TAMS 0x00000000c9400000, 0x00000000c9400000| Untracked 
| 149|0x00000000c9500000, 0x00000000c9500000, 0x00000000c9600000|  0%| F|  |TAMS 0x00000000c9500000, 0x00000000c9500000| Untracked 
| 150|0x00000000c9600000, 0x00000000c9600000, 0x00000000c9700000|  0%| F|  |TAMS 0x00000000c9600000, 0x00000000c9600000| Untracked 
| 151|0x00000000c9700000, 0x00000000c9700000, 0x00000000c9800000|  0%| F|  |TAMS 0x00000000c9700000, 0x00000000c9700000| Untracked 
| 152|0x00000000c9800000, 0x00000000c9800000, 0x00000000c9900000|  0%| F|  |TAMS 0x00000000c9800000, 0x00000000c9800000| Untracked 
| 153|0x00000000c9900000, 0x00000000c9900000, 0x00000000c9a00000|  0%| F|  |TAMS 0x00000000c9900000, 0x00000000c9900000| Untracked 
| 154|0x00000000c9a00000, 0x00000000c9a00000, 0x00000000c9b00000|  0%| F|  |TAMS 0x00000000c9a00000, 0x00000000c9a00000| Untracked 
| 155|0x00000000c9b00000, 0x00000000c9b00000, 0x00000000c9c00000|  0%| F|  |TAMS 0x00000000c9b00000, 0x00000000c9b00000| Untracked 
| 156|0x00000000c9c00000, 0x00000000c9c00000, 0x00000000c9d00000|  0%| F|  |TAMS 0x00000000c9c00000, 0x00000000c9c00000| Untracked 
| 157|0x00000000c9d00000, 0x00000000c9d00000, 0x00000000c9e00000|  0%| F|  |TAMS 0x00000000c9d00000, 0x00000000c9d00000| Untracked 
| 158|0x00000000c9e00000, 0x00000000c9e00000, 0x00000000c9f00000|  0%| F|  |TAMS 0x00000000c9e00000, 0x00000000c9e00000| Untracked 
| 159|0x00000000c9f00000, 0x00000000c9f00000, 0x00000000ca000000|  0%| F|  |TAMS 0x00000000c9f00000, 0x00000000c9f00000| Untracked 
| 160|0x00000000ca000000, 0x00000000ca000000, 0x00000000ca100000|  0%| F|  |TAMS 0x00000000ca000000, 0x00000000ca000000| Untracked 
| 161|0x00000000ca100000, 0x00000000ca100000, 0x00000000ca200000|  0%| F|  |TAMS 0x00000000ca100000, 0x00000000ca100000| Untracked 
| 162|0x00000000ca200000, 0x00000000ca200000, 0x00000000ca300000|  0%| F|  |TAMS 0x00000000ca200000, 0x00000000ca200000| Untracked 
| 163|0x00000000ca300000, 0x00000000ca300000, 0x00000000ca400000|  0%| F|  |TAMS 0x00000000ca300000, 0x00000000ca300000| Untracked 
| 164|0x00000000ca400000, 0x00000000ca400000, 0x00000000ca500000|  0%| F|  |TAMS 0x00000000ca400000, 0x00000000ca400000| Untracked 
| 165|0x00000000ca500000, 0x00000000ca500000, 0x00000000ca600000|  0%| F|  |TAMS 0x00000000ca500000, 0x00000000ca500000| Untracked 
| 166|0x00000000ca600000, 0x00000000ca600000, 0x00000000ca700000|  0%| F|  |TAMS 0x00000000ca600000, 0x00000000ca600000| Untracked 
| 167|0x00000000ca700000, 0x00000000ca700000, 0x00000000ca800000|  0%| F|  |TAMS 0x00000000ca700000, 0x00000000ca700000| Untracked 
| 168|0x00000000ca800000, 0x00000000ca800000, 0x00000000ca900000|  0%| F|  |TAMS 0x00000000ca800000, 0x00000000ca800000| Untracked 
| 169|0x00000000ca900000, 0x00000000ca900000, 0x00000000caa00000|  0%| F|  |TAMS 0x00000000ca900000, 0x00000000ca900000| Untracked 
| 170|0x00000000caa00000, 0x00000000caa00000, 0x00000000cab00000|  0%| F|  |TAMS 0x00000000caa00000, 0x00000000caa00000| Untracked 
| 171|0x00000000cab00000, 0x00000000cab00000, 0x00000000cac00000|  0%| F|  |TAMS 0x00000000cab00000, 0x00000000cab00000| Untracked 
| 172|0x00000000cac00000, 0x00000000cac00000, 0x00000000cad00000|  0%| F|  |TAMS 0x00000000cac00000, 0x00000000cac00000| Untracked 
| 173|0x00000000cad00000, 0x00000000cad00000, 0x00000000cae00000|  0%| F|  |TAMS 0x00000000cad00000, 0x00000000cad00000| Untracked 
| 174|0x00000000cae00000, 0x00000000cae00000, 0x00000000caf00000|  0%| F|  |TAMS 0x00000000cae00000, 0x00000000cae00000| Untracked 
| 175|0x00000000caf00000, 0x00000000caf00000, 0x00000000cb000000|  0%| F|  |TAMS 0x00000000caf00000, 0x00000000caf00000| Untracked 
| 176|0x00000000cb000000, 0x00000000cb000000, 0x00000000cb100000|  0%| F|  |TAMS 0x00000000cb000000, 0x00000000cb000000| Untracked 
| 177|0x00000000cb100000, 0x00000000cb100000, 0x00000000cb200000|  0%| F|  |TAMS 0x00000000cb100000, 0x00000000cb100000| Untracked 
| 178|0x00000000cb200000, 0x00000000cb200000, 0x00000000cb300000|  0%| F|  |TAMS 0x00000000cb200000, 0x00000000cb200000| Untracked 
| 179|0x00000000cb300000, 0x00000000cb300000, 0x00000000cb400000|  0%| F|  |TAMS 0x00000000cb300000, 0x00000000cb300000| Untracked 
| 180|0x00000000cb400000, 0x00000000cb400000, 0x00000000cb500000|  0%| F|  |TAMS 0x00000000cb400000, 0x00000000cb400000| Untracked 
| 181|0x00000000cb500000, 0x00000000cb500000, 0x00000000cb600000|  0%| F|  |TAMS 0x00000000cb500000, 0x00000000cb500000| Untracked 
| 182|0x00000000cb600000, 0x00000000cb600000, 0x00000000cb700000|  0%| F|  |TAMS 0x00000000cb600000, 0x00000000cb600000| Untracked 
| 183|0x00000000cb700000, 0x00000000cb700000, 0x00000000cb800000|  0%| F|  |TAMS 0x00000000cb700000, 0x00000000cb700000| Untracked 
| 184|0x00000000cb800000, 0x00000000cb800000, 0x00000000cb900000|  0%| F|  |TAMS 0x00000000cb800000, 0x00000000cb800000| Untracked 
| 185|0x00000000cb900000, 0x00000000cb900000, 0x00000000cba00000|  0%| F|  |TAMS 0x00000000cb900000, 0x00000000cb900000| Untracked 
| 186|0x00000000cba00000, 0x00000000cba00000, 0x00000000cbb00000|  0%| F|  |TAMS 0x00000000cba00000, 0x00000000cba00000| Untracked 
| 187|0x00000000cbb00000, 0x00000000cbb00000, 0x00000000cbc00000|  0%| F|  |TAMS 0x00000000cbb00000, 0x00000000cbb00000| Untracked 
| 188|0x00000000cbc00000, 0x00000000cbc00000, 0x00000000cbd00000|  0%| F|  |TAMS 0x00000000cbc00000, 0x00000000cbc00000| Untracked 
| 189|0x00000000cbd00000, 0x00000000cbd00000, 0x00000000cbe00000|  0%| F|  |TAMS 0x00000000cbd00000, 0x00000000cbd00000| Untracked 
| 190|0x00000000cbe00000, 0x00000000cbe00000, 0x00000000cbf00000|  0%| F|  |TAMS 0x00000000cbe00000, 0x00000000cbe00000| Untracked 
| 191|0x00000000cbf00000, 0x00000000cbf00000, 0x00000000cc000000|  0%| F|  |TAMS 0x00000000cbf00000, 0x00000000cbf00000| Untracked 
| 192|0x00000000cc000000, 0x00000000cc000000, 0x00000000cc100000|  0%| F|  |TAMS 0x00000000cc000000, 0x00000000cc000000| Untracked 
| 193|0x00000000cc100000, 0x00000000cc100000, 0x00000000cc200000|  0%| F|  |TAMS 0x00000000cc100000, 0x00000000cc100000| Untracked 
| 194|0x00000000cc200000, 0x00000000cc200000, 0x00000000cc300000|  0%| F|  |TAMS 0x00000000cc200000, 0x00000000cc200000| Untracked 
| 195|0x00000000cc300000, 0x00000000cc300000, 0x00000000cc400000|  0%| F|  |TAMS 0x00000000cc300000, 0x00000000cc300000| Untracked 
| 196|0x00000000cc400000, 0x00000000cc400000, 0x00000000cc500000|  0%| F|  |TAMS 0x00000000cc400000, 0x00000000cc400000| Untracked 
| 197|0x00000000cc500000, 0x00000000cc500000, 0x00000000cc600000|  0%| F|  |TAMS 0x00000000cc500000, 0x00000000cc500000| Untracked 
| 198|0x00000000cc600000, 0x00000000cc600000, 0x00000000cc700000|  0%| F|  |TAMS 0x00000000cc600000, 0x00000000cc600000| Untracked 
| 199|0x00000000cc700000, 0x00000000cc700000, 0x00000000cc800000|  0%| F|  |TAMS 0x00000000cc700000, 0x00000000cc700000| Untracked 
| 200|0x00000000cc800000, 0x00000000cc800000, 0x00000000cc900000|  0%| F|  |TAMS 0x00000000cc800000, 0x00000000cc800000| Untracked 
| 201|0x00000000cc900000, 0x00000000cc900000, 0x00000000cca00000|  0%| F|  |TAMS 0x00000000cc900000, 0x00000000cc900000| Untracked 
| 202|0x00000000cca00000, 0x00000000cca00000, 0x00000000ccb00000|  0%| F|  |TAMS 0x00000000cca00000, 0x00000000cca00000| Untracked 
| 203|0x00000000ccb00000, 0x00000000ccb00000, 0x00000000ccc00000|  0%| F|  |TAMS 0x00000000ccb00000, 0x00000000ccb00000| Untracked 
| 204|0x00000000ccc00000, 0x00000000ccc00000, 0x00000000ccd00000|  0%| F|  |TAMS 0x00000000ccc00000, 0x00000000ccc00000| Untracked 
| 205|0x00000000ccd00000, 0x00000000ccd00000, 0x00000000cce00000|  0%| F|  |TAMS 0x00000000ccd00000, 0x00000000ccd00000| Untracked 
| 206|0x00000000cce00000, 0x00000000cce00000, 0x00000000ccf00000|  0%| F|  |TAMS 0x00000000cce00000, 0x00000000cce00000| Untracked 
| 207|0x00000000ccf00000, 0x00000000ccf00000, 0x00000000cd000000|  0%| F|  |TAMS 0x00000000ccf00000, 0x00000000ccf00000| Untracked 
| 208|0x00000000cd000000, 0x00000000cd000000, 0x00000000cd100000|  0%| F|  |TAMS 0x00000000cd000000, 0x00000000cd000000| Untracked 
| 209|0x00000000cd100000, 0x00000000cd1ceef0, 0x00000000cd200000| 80%| E|  |TAMS 0x00000000cd100000, 0x00000000cd100000| Complete 
| 210|0x00000000cd200000, 0x00000000cd300000, 0x00000000cd300000|100%| E|CS|TAMS 0x00000000cd200000, 0x00000000cd200000| Complete 
| 211|0x00000000cd300000, 0x00000000cd400000, 0x00000000cd400000|100%| E|CS|TAMS 0x00000000cd300000, 0x00000000cd300000| Complete 
| 212|0x00000000cd400000, 0x00000000cd500000, 0x00000000cd500000|100%| E|CS|TAMS 0x00000000cd400000, 0x00000000cd400000| Complete 
| 213|0x00000000cd500000, 0x00000000cd600000, 0x00000000cd600000|100%| E|CS|TAMS 0x00000000cd500000, 0x00000000cd500000| Complete 
| 214|0x00000000cd600000, 0x00000000cd700000, 0x00000000cd700000|100%| E|CS|TAMS 0x00000000cd600000, 0x00000000cd600000| Complete 
| 215|0x00000000cd700000, 0x00000000cd800000, 0x00000000cd800000|100%| E|CS|TAMS 0x00000000cd700000, 0x00000000cd700000| Complete 
| 216|0x00000000cd800000, 0x00000000cd900000, 0x00000000cd900000|100%| E|CS|TAMS 0x00000000cd800000, 0x00000000cd800000| Complete 
| 217|0x00000000cd900000, 0x00000000cda00000, 0x00000000cda00000|100%| E|CS|TAMS 0x00000000cd900000, 0x00000000cd900000| Complete 
| 218|0x00000000cda00000, 0x00000000cdb00000, 0x00000000cdb00000|100%| E|CS|TAMS 0x00000000cda00000, 0x00000000cda00000| Complete 
| 219|0x00000000cdb00000, 0x00000000cdc00000, 0x00000000cdc00000|100%| E|CS|TAMS 0x00000000cdb00000, 0x00000000cdb00000| Complete 
| 220|0x00000000cdc00000, 0x00000000cdd00000, 0x00000000cdd00000|100%| E|CS|TAMS 0x00000000cdc00000, 0x00000000cdc00000| Complete 
| 221|0x00000000cdd00000, 0x00000000cde00000, 0x00000000cde00000|100%| E|CS|TAMS 0x00000000cdd00000, 0x00000000cdd00000| Complete 

Card table byte_map: [0x00000131370b0000,0x00000131372b0000] _byte_map_base: 0x0000013136ab0000

Marking Bits (Prev, Next): (CMBitMap*) 0x000001311e38f8b0, (CMBitMap*) 0x000001311e38f8f0
 Prev Bits: [0x00000131374b0000, 0x00000131384b0000)
 Next Bits: [0x00000131384b0000, 0x00000131394b0000)

Polling page: 0x000001311e0f0000

Metaspace:

Usage:
  Non-class:     27.50 MB used.
      Class:      4.14 MB used.
       Both:     31.65 MB used.

Virtual space:
  Non-class space:       64.00 MB reserved,      27.69 MB ( 43%) committed,  1 nodes.
      Class space:        1.00 GB reserved,       4.31 MB ( <1%) committed,  1 nodes.
             Both:        1.06 GB reserved,      32.00 MB (  3%) committed. 

Chunk freelists:
   Non-Class:  3.59 MB
       Class:  3.64 MB
        Both:  7.23 MB

MaxMetaspaceSize: unlimited
CompressedClassSpaceSize: 1.00 GB
Initial GC threshold: 21.00 MB
Current GC threshold: 51.81 MB
CDS: on
MetaspaceReclaimPolicy: balanced
 - commit_granule_bytes: 65536.
 - commit_granule_words: 8192.
 - virtual_space_node_default_size: 8388608.
 - enlarge_chunks_in_place: 1.
 - new_chunks_are_fully_committed: 0.
 - uncommit_free_chunks: 1.
 - use_allocation_guard: 0.


Internal statistics:

num_allocs_failed_limit: 3.
num_arena_births: 456.
num_arena_deaths: 0.
num_vsnodes_births: 2.
num_vsnodes_deaths: 0.
num_space_committed: 512.
num_space_uncommitted: 0.
num_chunks_returned_to_freelist: 3.
num_chunks_taken_from_freelist: 1444.
num_chunk_merges: 3.
num_chunk_splits: 1037.
num_chunks_enlarged: 826.
num_inconsistent_stats: 0.

CodeHeap 'non-profiled nmethods': size=120064Kb used=2403Kb max_used=2403Kb free=117660Kb
 bounds [0x000001312f570000, 0x000001312f7e0000, 0x0000013136ab0000]
CodeHeap 'profiled nmethods': size=120000Kb used=12398Kb max_used=12398Kb free=107601Kb
 bounds [0x0000013127ab0000, 0x00000131286d0000, 0x000001312efe0000]
CodeHeap 'non-nmethods': size=5696Kb used=1637Kb max_used=1715Kb free=4058Kb
 bounds [0x000001312efe0000, 0x000001312f250000, 0x000001312f570000]
 total_blobs=6722 nmethods=5772 adapters=859
 compilation: enabled
              stopped_count=0, restarted_count=0
 full_count=0

Compilation events (20 events):
Event: 15.177 Thread 0x000001313b861eb0 5765       3       com.sun.prism.impl.BaseContext::validateMaskTexture (274 bytes)
Event: 15.184 Thread 0x000001313b861eb0 nmethod 5765 0x00000131286c2d10 code [0x00000131286c2fe0, 0x00000131286c4278]
Event: 15.186 Thread 0x000001313b861eb0 5766       3       com.sun.prism.impl.BaseContext::updateMaskTexture (465 bytes)
Event: 15.191 Thread 0x000001313b861eb0 nmethod 5766 0x00000131286c4790 code [0x00000131286c4a80, 0x00000131286c5f48]
Event: 15.193 Thread 0x000001313b861eb0 5767       3       com.sun.javafx.image.impl.BaseByteToByteConverter$ByteAnyToSameConverter::convert (24 bytes)
Event: 15.195 Thread 0x000001313b861eb0 nmethod 5767 0x00000131286c6590 code [0x00000131286c6740, 0x00000131286c6a88]
Event: 15.197 Thread 0x000001313b861eb0 5768       3       com.sun.prism.impl.VertexBuffer::addQuad (132 bytes)
Event: 15.202 Thread 0x000001313b861eb0 nmethod 5768 0x00000131286c6b90 code [0x00000131286c6d80, 0x00000131286c7288]
Event: 15.264 Thread 0x000001313b861eb0 5769       3       com.sun.marlin.TransformingPathConsumer2D::pathClipper (9 bytes)
Event: 15.274 Thread 0x000001313b861eb0 nmethod 5769 0x00000131286c7490 code [0x00000131286c7640, 0x00000131286c7868]
Event: 15.279 Thread 0x000001313b861eb0 5771       3       com.sun.marlin.TransformingPathConsumer2D$PathClipFilter::moveTo (49 bytes)
Event: 15.280 Thread 0x000001313b861eb0 nmethod 5771 0x00000131286c7990 code [0x00000131286c7b60, 0x00000131286c7f68]
Event: 15.280 Thread 0x000001313b861eb0 5770       3       com.sun.marlin.TransformingPathConsumer2D$PathClipFilter::init (31 bytes)
Event: 15.280 Thread 0x000001313b861eb0 nmethod 5770 0x00000131286c8110 code [0x00000131286c82c0, 0x00000131286c8488]
Event: 15.288 Thread 0x000001313b861eb0 5773       3       com.sun.prism.impl.ps.BaseShaderContext::validatePaintOp (17 bytes)
Event: 15.292 Thread 0x000001313b861eb0 nmethod 5773 0x00000131286c8590 code [0x00000131286c8740, 0x00000131286c8908]
Event: 15.293 Thread 0x000001313b861eb0 5774       3       com.sun.prism.impl.ps.BaseShaderGraphics::renderGeneralRoundedRect (388 bytes)
Event: 15.298 Thread 0x000001313b861eb0 nmethod 5774 0x00000131286c8a10 code [0x00000131286c8c40, 0x00000131286c9918]
Event: 15.299 Thread 0x000001313b861eb0 5775       3       com.sun.prism.impl.VertexBuffer::addMappedPgram (527 bytes)
Event: 15.303 Thread 0x000001313b861eb0 nmethod 5775 0x00000131286c9b90 code [0x00000131286c9dc0, 0x00000131286ca818]

GC Heap History (20 events):
Event: 0.987 GC heap before
{Heap before GC invocations=1 (full 0):
 garbage-first heap   total 65536K, used 6820K [0x00000000c0000000, 0x0000000100000000)
  region size 1024K, 8 young (8192K), 1 survivors (1024K)
 Metaspace       used 2788K, committed 2944K, reserved 1114112K
  class space    used 283K, committed 320K, reserved 1048576K
}
Event: 0.991 GC heap after
{Heap after GC invocations=2 (full 0):
 garbage-first heap   total 65536K, used 2933K [0x00000000c0000000, 0x0000000100000000)
  region size 1024K, 1 young (1024K), 1 survivors (1024K)
 Metaspace       used 2788K, committed 2944K, reserved 1114112K
  class space    used 283K, committed 320K, reserved 1048576K
}
Event: 1.375 GC heap before
{Heap before GC invocations=2 (full 0):
 garbage-first heap   total 65536K, used 12149K [0x00000000c0000000, 0x0000000100000000)
  region size 1024K, 11 young (11264K), 1 survivors (1024K)
 Metaspace       used 6916K, committed 7168K, reserved 1114112K
  class space    used 806K, committed 960K, reserved 1048576K
}
Event: 1.378 GC heap after
{Heap after GC invocations=3 (full 0):
 garbage-first heap   total 65536K, used 4341K [0x00000000c0000000, 0x0000000100000000)
  region size 1024K, 2 young (2048K), 2 survivors (2048K)
 Metaspace       used 6916K, committed 7168K, reserved 1114112K
  class space    used 806K, committed 960K, reserved 1048576K
}
Event: 2.042 GC heap before
{Heap before GC invocations=3 (full 0):
 garbage-first heap   total 65536K, used 22773K [0x00000000c0000000, 0x0000000100000000)
  region size 1024K, 16 young (16384K), 2 survivors (2048K)
 Metaspace       used 10496K, committed 10752K, reserved 1114112K
  class space    used 1422K, committed 1536K, reserved 1048576K
}
Event: 2.049 GC heap after
{Heap after GC invocations=4 (full 0):
 garbage-first heap   total 65536K, used 12286K [0x00000000c0000000, 0x0000000100000000)
  region size 1024K, 2 young (2048K), 2 survivors (2048K)
 Metaspace       used 10496K, committed 10752K, reserved 1114112K
  class space    used 1422K, committed 1536K, reserved 1048576K
}
Event: 5.103 GC heap before
{Heap before GC invocations=4 (full 0):
 garbage-first heap   total 65536K, used 39934K [0x00000000c0000000, 0x0000000100000000)
  region size 1024K, 27 young (27648K), 2 survivors (2048K)
 Metaspace       used 18495K, committed 18816K, reserved 1114112K
  class space    used 2479K, committed 2624K, reserved 1048576K
}
Event: 5.112 GC heap after
{Heap after GC invocations=5 (full 0):
 garbage-first heap   total 65536K, used 16966K [0x00000000c0000000, 0x0000000100000000)
  region size 1024K, 4 young (4096K), 4 survivors (4096K)
 Metaspace       used 18495K, committed 18816K, reserved 1114112K
  class space    used 2479K, committed 2624K, reserved 1048576K
}
Event: 5.442 GC heap before
{Heap before GC invocations=5 (full 0):
 garbage-first heap   total 65536K, used 22086K [0x00000000c0000000, 0x0000000100000000)
  region size 1024K, 11 young (11264K), 4 survivors (4096K)
 Metaspace       used 21126K, committed 21504K, reserved 1114112K
  class space    used 2746K, committed 2944K, reserved 1048576K
}
Event: 5.450 GC heap after
{Heap after GC invocations=6 (full 0):
 garbage-first heap   total 65536K, used 18333K [0x00000000c0000000, 0x0000000100000000)
  region size 1024K, 2 young (2048K), 2 survivors (2048K)
 Metaspace       used 21126K, committed 21504K, reserved 1114112K
  class space    used 2746K, committed 2944K, reserved 1048576K
}
Event: 8.027 GC heap before
{Heap before GC invocations=7 (full 0):
 garbage-first heap   total 105472K, used 82845K [0x00000000c0000000, 0x0000000100000000)
  region size 1024K, 27 young (27648K), 2 survivors (2048K)
 Metaspace       used 29137K, committed 29568K, reserved 1114112K
  class space    used 3830K, committed 4032K, reserved 1048576K
}
Event: 8.036 GC heap after
{Heap after GC invocations=8 (full 0):
 garbage-first heap   total 105472K, used 63783K [0x00000000c0000000, 0x0000000100000000)
  region size 1024K, 4 young (4096K), 4 survivors (4096K)
 Metaspace       used 29137K, committed 29568K, reserved 1114112K
  class space    used 3830K, committed 4032K, reserved 1048576K
}
Event: 8.066 GC heap before
{Heap before GC invocations=8 (full 0):
 garbage-first heap   total 105472K, used 64807K [0x00000000c0000000, 0x0000000100000000)
  region size 1024K, 5 young (5120K), 4 survivors (4096K)
 Metaspace       used 29227K, committed 29632K, reserved 1114112K
  class space    used 3830K, committed 4032K, reserved 1048576K
}
Event: 8.078 GC heap after
{Heap after GC invocations=9 (full 0):
 garbage-first heap   total 105472K, used 64407K [0x00000000c0000000, 0x0000000100000000)
  region size 1024K, 1 young (1024K), 1 survivors (1024K)
 Metaspace       used 29227K, committed 29632K, reserved 1114112K
  class space    used 3830K, committed 4032K, reserved 1048576K
}
Event: 8.909 GC heap before
{Heap before GC invocations=9 (full 0):
 garbage-first heap   total 105472K, used 81815K [0x00000000c0000000, 0x0000000100000000)
  region size 1024K, 18 young (18432K), 1 survivors (1024K)
 Metaspace       used 31411K, committed 31808K, reserved 1114112K
  class space    used 4204K, committed 4416K, reserved 1048576K
}
Event: 8.919 GC heap after
{Heap after GC invocations=10 (full 0):
 garbage-first heap   total 105472K, used 68004K [0x00000000c0000000, 0x0000000100000000)
  region size 1024K, 3 young (3072K), 3 survivors (3072K)
 Metaspace       used 31411K, committed 31808K, reserved 1114112K
  class space    used 4204K, committed 4416K, reserved 1048576K
}
Event: 9.428 GC heap before
{Heap before GC invocations=11 (full 0):
 garbage-first heap   total 116736K, used 82340K [0x00000000c0000000, 0x0000000100000000)
  region size 1024K, 17 young (17408K), 3 survivors (3072K)
 Metaspace       used 31676K, committed 32064K, reserved 1114112K
  class space    used 4208K, committed 4416K, reserved 1048576K
}
Event: 9.441 GC heap after
{Heap after GC invocations=12 (full 0):
 garbage-first heap   total 116736K, used 73017K [0x00000000c0000000, 0x0000000100000000)
  region size 1024K, 3 young (3072K), 3 survivors (3072K)
 Metaspace       used 31676K, committed 32064K, reserved 1114112K
  class space    used 4208K, committed 4416K, reserved 1048576K
}
Event: 9.494 GC heap before
{Heap before GC invocations=12 (full 0):
 garbage-first heap   total 116736K, used 75065K [0x00000000c0000000, 0x0000000100000000)
  region size 1024K, 5 young (5120K), 3 survivors (3072K)
 Metaspace       used 31679K, committed 32064K, reserved 1114112K
  class space    used 4208K, committed 4416K, reserved 1048576K
}
Event: 9.513 GC heap after
{Heap after GC invocations=13 (full 0):
 garbage-first heap   total 227328K, used 73498K [0x00000000c0000000, 0x0000000100000000)
  region size 1024K, 1 young (1024K), 1 survivors (1024K)
 Metaspace       used 31679K, committed 32064K, reserved 1114112K
  class space    used 4208K, committed 4416K, reserved 1048576K
}

Dll operation events (20 events):
Event: 0.754 Loaded shared library C:\Program Files\Java\javafx-sdk-19\bin\api-ms-win-crt-process-l1-1-0.dll
Event: 0.756 Loaded shared library C:\Program Files\Java\javafx-sdk-19\bin\api-ms-win-crt-runtime-l1-1-0.dll
Event: 0.759 Loaded shared library C:\Program Files\Java\javafx-sdk-19\bin\api-ms-win-crt-stdio-l1-1-0.dll
Event: 0.763 Loaded shared library C:\Program Files\Java\javafx-sdk-19\bin\api-ms-win-crt-string-l1-1-0.dll
Event: 0.765 Loaded shared library C:\Program Files\Java\javafx-sdk-19\bin\api-ms-win-crt-time-l1-1-0.dll
Event: 0.767 Loaded shared library C:\Program Files\Java\javafx-sdk-19\bin\api-ms-win-crt-utility-l1-1-0.dll
Event: 0.774 Loaded shared library C:\Program Files\Java\javafx-sdk-19\bin\ucrtbase.dll
Event: 0.778 Loaded shared library C:\Program Files\Java\javafx-sdk-19\bin\vcruntime140.dll
Event: 0.780 Loaded shared library C:\Program Files\Java\javafx-sdk-19\bin\vcruntime140_1.dll
Event: 0.792 Loaded shared library C:\Program Files\Java\javafx-sdk-19\bin\msvcp140.dll
Event: 0.796 Loaded shared library C:\Program Files\Java\javafx-sdk-19\bin\msvcp140_1.dll
Event: 0.806 Loaded shared library C:\Program Files\Java\javafx-sdk-19\bin\msvcp140_2.dll
Event: 0.908 Loaded shared library C:\Program Files\Java\javafx-sdk-19\bin\prism_d3d.dll
Event: 0.974 Loaded shared library C:\Program Files\Java\jdk-19\bin\jimage.dll
Event: 1.036 Loaded shared library C:\Program Files\Java\javafx-sdk-19\bin\glass.dll
Event: 1.702 Loaded shared library C:\Program Files\Java\javafx-sdk-19\bin\javafx_font.dll
Event: 5.122 Loaded shared library C:\Program Files\Java\jdk-19\bin\management.dll
Event: 5.141 Loaded shared library C:\Program Files\Java\jdk-19\bin\management_ext.dll
Event: 6.320 Loaded shared library C:\Program Files\Java\jdk-19\bin\sunmscapi.dll
Event: 7.590 Loaded shared library C:\Program Files\Java\javafx-sdk-19\bin\javafx_iio.dll

Deoptimization events (20 events):
Event: 11.175 Thread 0x000001313ff09280 Uncommon trap: trap_request=0xffffff45 fr.pc=0x000001312f633488 relative=0x0000000000000068
Event: 11.175 Thread 0x000001313ff09280 Uncommon trap: reason=unstable_if action=reinterpret pc=0x000001312f633488 method=java.lang.ref.ReferenceQueue.poll()Ljava/lang/ref/Reference; @ 4 c2
Event: 11.176 Thread 0x000001313ff09280 DEOPT PACKING pc=0x000001312f633488 sp=0x00000025c0bff310
Event: 11.176 Thread 0x000001313ff09280 DEOPT UNPACKING pc=0x000001312f046da3 sp=0x00000025c0bff2a0 mode 2
Event: 11.289 Thread 0x000001313ff09280 DEOPT PACKING pc=0x00000131285f8be9 sp=0x00000025c0bfdfc0
Event: 11.289 Thread 0x000001313ff09280 DEOPT UNPACKING pc=0x000001312f047543 sp=0x00000025c0bfd3f8 mode 0
Event: 11.641 Thread 0x000001313ff09280 DEOPT PACKING pc=0x00000131285ebfef sp=0x00000025c0bfd6b0
Event: 11.641 Thread 0x000001313ff09280 DEOPT UNPACKING pc=0x000001312f047543 sp=0x00000025c0bfcb18 mode 0
Event: 14.455 Thread 0x000001313ff09280 DEOPT PACKING pc=0x00000131285f8b7c sp=0x00000025c0bfd820
Event: 14.455 Thread 0x000001313ff09280 DEOPT UNPACKING pc=0x000001312f047543 sp=0x00000025c0bfcc58 mode 0
Event: 14.551 Thread 0x000001313ff09280 DEOPT PACKING pc=0x0000013127ec1ceb sp=0x00000025c0bfe180
Event: 14.551 Thread 0x000001313ff09280 DEOPT UNPACKING pc=0x000001312f047543 sp=0x00000025c0bfd630 mode 0
Event: 14.554 Thread 0x000001313ff09280 DEOPT PACKING pc=0x00000131285f86da sp=0x00000025c0bfd9a0
Event: 14.555 Thread 0x000001313ff09280 DEOPT UNPACKING pc=0x000001312f047543 sp=0x00000025c0bfcdd8 mode 0
Event: 14.584 Thread 0x0000013140446580 Uncommon trap: trap_request=0xffffff54 fr.pc=0x000001312f764748 relative=0x0000000000002308
Event: 14.595 Thread 0x0000013140446580 Uncommon trap: reason=speculate_null_assert action=make_not_entrant pc=0x000001312f764748 method=javafx.scene.CssStyleHelper.transitionToState(Ljavafx/scene/Node;)V @ 498 c2
Event: 14.595 Thread 0x0000013140446580 DEOPT PACKING pc=0x000001312f764748 sp=0x00000025c0ffe310
Event: 14.595 Thread 0x0000013140446580 DEOPT UNPACKING pc=0x000001312f046da3 sp=0x00000025c0ffe2b0 mode 2
Event: 14.788 Thread 0x0000013140446580 DEOPT PACKING pc=0x00000131281203eb sp=0x00000025c0ffc400
Event: 14.788 Thread 0x0000013140446580 DEOPT UNPACKING pc=0x000001312f047543 sp=0x00000025c0ffb898 mode 0

Classes loaded (20 events):
Event: 8.022 Loading class java/math/MathContext
Event: 8.023 Loading class java/math/MathContext done
Event: 8.064 Loading class sun/text/resources/cldr/FormatData_en
Event: 8.064 Loading class sun/text/resources/cldr/FormatData_en done
Event: 8.065 Loading class sun/text/resources/cldr/FormatData_en_US
Event: 8.065 Loading class sun/text/resources/cldr/FormatData_en_US done
Event: 8.225 Loading class java/security/DigestInputStream
Event: 8.225 Loading class java/security/DigestInputStream done
Event: 8.225 Loading class sun/security/provider/ByteArrayAccess$LE
Event: 8.226 Loading class sun/security/provider/ByteArrayAccess$LE done
Event: 8.318 Loading class java/util/BitSet$1BitSetSpliterator
Event: 8.318 Loading class java/util/BitSet$1BitSetSpliterator done
Event: 8.319 Loading class java/util/stream/IntPipeline$1
Event: 8.319 Loading class java/util/stream/IntPipeline$1 done
Event: 8.319 Loading class java/util/stream/IntPipeline$1$1
Event: 8.320 Loading class java/util/stream/IntPipeline$1$1 done
Event: 14.841 Loading class java/lang/Throwable$WrappedPrintStream
Event: 14.842 Loading class java/lang/Throwable$PrintStreamOrWriter
Event: 14.842 Loading class java/lang/Throwable$PrintStreamOrWriter done
Event: 14.842 Loading class java/lang/Throwable$WrappedPrintStream done

Classes unloaded (0 events):
No events

Classes redefined (0 events):
No events

Internal exceptions (20 events):
Event: 6.260 Thread 0x0000013140446580 Exception <a 'java/lang/NoSuchMethodError'{0x00000000c3bd6928}: 'int java.lang.invoke.DirectMethodHandle$Holder.invokeSpecialIFC(java.lang.Object, java.lang.Object, java.lang.Object)'> (0x00000000c3bd6928) 
thrown [s\open\src\hotspot\share\interpreter\linkResolver.cpp, line 774]
Event: 6.289 Thread 0x0000013140446580 Exception <a 'java/lang/NoSuchMethodError'{0x00000000c3a39258}: 'java.lang.Object java.lang.invoke.DirectMethodHandle$Holder.invokeVirtual(java.lang.Object, java.lang.Object, int)'> (0x00000000c3a39258) 
thrown [s\open\src\hotspot\share\interpreter\linkResolver.cpp, line 774]
Event: 6.648 Thread 0x0000013140446580 Implicit null exception at 0x000001312f6b6873 to 0x000001312f6b716c
Event: 6.676 Thread 0x0000013140446580 Exception <a 'java/lang/NoSuchMethodError'{0x00000000c35c8050}: 'void java.lang.invoke.DirectMethodHandle$Holder.invokeVirtual(java.lang.Object, java.lang.Object)'> (0x00000000c35c8050) 
thrown [s\open\src\hotspot\share\interpreter\linkResolver.cpp, line 774]
Event: 7.180 Thread 0x0000013140446580 Exception <a 'java/lang/NoSuchMethodError'{0x00000000c3125ce0}: 'long java.lang.invoke.DirectMethodHandle$Holder.invokeSpecial(java.lang.Object, java.lang.Object)'> (0x00000000c3125ce0) 
thrown [s\open\src\hotspot\share\interpreter\linkResolver.cpp, line 774]
Event: 7.180 Thread 0x0000013140446580 Exception <a 'java/lang/NoSuchMethodError'{0x00000000c31298e8}: 'long java.lang.invoke.Invokers$Holder.invokeExact_MT(java.lang.Object, java.lang.Object)'> (0x00000000c31298e8) 
thrown [s\open\src\hotspot\share\interpreter\linkResolver.cpp, line 774]
Event: 7.343 Thread 0x0000013140446580 Exception <a 'java/lang/NoSuchMethodError'{0x00000000c2ee6ff0}: 'java.lang.Object java.lang.invoke.DelegatingMethodHandle$Holder.reinvoke_L(java.lang.Object, double, double, double, double)'> (0x00000000c2ee6ff0) 
thrown [s\open\src\hotspot\share\interpreter\linkResolver.cpp, line 774]
Event: 7.346 Thread 0x0000013140446580 Exception <a 'java/lang/NoSuchMethodError'{0x00000000c2ef24e8}: 'java.lang.Object java.lang.invoke.DirectMethodHandle$Holder.invokeStatic(java.lang.Object, java.lang.Object, int)'> (0x00000000c2ef24e8) 
thrown [s\open\src\hotspot\share\interpreter\linkResolver.cpp, line 774]
Event: 7.346 Thread 0x0000013140446580 Exception <a 'java/lang/NoSuchMethodError'{0x00000000c2ef64d0}: 'void java.lang.invoke.DirectMethodHandle$Holder.invokeStatic(java.lang.Object, java.lang.Object, int, java.lang.Object)'> (0x00000000c2ef64d0) 
thrown [s\open\src\hotspot\share\interpreter\linkResolver.cpp, line 774]
Event: 7.347 Thread 0x0000013140446580 Exception <a 'java/lang/NoSuchMethodError'{0x00000000c2efd798}: 'void java.lang.invoke.DelegatingMethodHandle$Holder.delegate(java.lang.Object, java.lang.Object, int, java.lang.Object)'> (0x00000000c2efd798) 
thrown [s\open\src\hotspot\share\interpreter\linkResolver.cpp, line 774]
Event: 7.510 Thread 0x0000013140446580 Exception <a 'java/lang/NoSuchMethodError'{0x00000000c2ae7c58}: 'java.lang.Object java.lang.invoke.DirectMethodHandle$Holder.newInvokeSpecial(java.lang.Object, double)'> (0x00000000c2ae7c58) 
thrown [s\open\src\hotspot\share\interpreter\linkResolver.cpp, line 774]
Event: 8.179 Thread 0x0000013140446580 Implicit null exception at 0x000001312f6e3e00 to 0x000001312f6e4770
Event: 8.217 Thread 0x0000013140446580 Exception <a 'java/io/FileNotFoundException'{0x00000000c3fd5b58}> (0x00000000c3fd5b58) 
thrown [s\open\src\hotspot\share\prims\jni.cpp, line 517]
Event: 8.231 Thread 0x0000013140446580 Exception <a 'java/io/FileNotFoundException'{0x00000000c3d12de8}> (0x00000000c3d12de8) 
thrown [s\open\src\hotspot\share\prims\jni.cpp, line 517]
Event: 8.330 Thread 0x0000013140446580 Exception <a 'java/lang/NoSuchMethodError'{0x00000000c3b59fe8}: 'void java.lang.invoke.DirectMethodHandle$Holder.invokeSpecialIFC(java.lang.Object, java.lang.Object, java.lang.Object, java.lang.Object)'> (0x00000000c3b59fe8) 
thrown [s\open\src\hotspot\share\interpreter\linkResolver.cpp, line 774]
Event: 9.070 Thread 0x0000013140446580 Exception <a 'java/io/FileNotFoundException'{0x00000000c71c4778}> (0x00000000c71c4778) 
thrown [s\open\src\hotspot\share\prims\jni.cpp, line 517]
Event: 9.071 Thread 0x0000013140446580 Exception <a 'java/io/FileNotFoundException'{0x00000000c71c6598}> (0x00000000c71c6598) 
thrown [s\open\src\hotspot\share\prims\jni.cpp, line 517]
Event: 9.075 Thread 0x0000013140446580 Exception <a 'java/io/FileNotFoundException'{0x00000000c71cad38}> (0x00000000c71cad38) 
thrown [s\open\src\hotspot\share\prims\jni.cpp, line 517]
Event: 9.075 Thread 0x0000013140446580 Exception <a 'java/io/FileNotFoundException'{0x00000000c71cc618}> (0x00000000c71cc618) 
thrown [s\open\src\hotspot\share\prims\jni.cpp, line 517]
Event: 10.485 Thread 0x000001313ff09280 Exception <a 'java/lang/NoSuchMethodError'{0x00000000cd34bc60}: 'java.lang.Object java.lang.invoke.DirectMethodHandle$Holder.invokeStaticInit(java.lang.Object, int)'> (0x00000000cd34bc60) 
thrown [s\open\src\hotspot\share\interpreter\linkResolver.cpp, line 774]

VM Operations (20 events):
Event: 8.430 Executing VM operation: ICBufferFull
Event: 8.430 Executing VM operation: ICBufferFull done
Event: 8.850 Executing VM operation: ICBufferFull
Event: 8.855 Executing VM operation: ICBufferFull done
Event: 8.909 Executing VM operation: G1CollectForAllocation
Event: 8.930 Executing VM operation: G1CollectForAllocation done
Event: 8.953 Executing VM operation: G1PauseRemark
Event: 8.988 Executing VM operation: G1PauseRemark done
Event: 9.002 Executing VM operation: G1PauseCleanup
Event: 9.006 Executing VM operation: G1PauseCleanup done
Event: 9.427 Executing VM operation: G1CollectForAllocation
Event: 9.451 Executing VM operation: G1CollectForAllocation done
Event: 9.494 Executing VM operation: G1CollectForAllocation
Event: 9.513 Executing VM operation: G1CollectForAllocation done
Event: 11.514 Executing VM operation: Cleanup
Event: 11.666 Executing VM operation: Cleanup done
Event: 12.667 Executing VM operation: Cleanup
Event: 12.667 Executing VM operation: Cleanup done
Event: 14.669 Executing VM operation: Cleanup
Event: 14.669 Executing VM operation: Cleanup done

Events (20 events):
Event: 0.046 Thread 0x000001313b7f5d70 Thread added: 0x000001313b7f5d70
Event: 0.046 Thread 0x000001313b7f76b0 Thread added: 0x000001313b7f76b0
Event: 0.046 Thread 0x000001313b7f7fe0 Thread added: 0x000001313b7f7fe0
Event: 0.046 Thread 0x000001313b7f8910 Thread added: 0x000001313b7f8910
Event: 0.047 Thread 0x000001313b7f9570 Thread added: 0x000001313b7f9570
Event: 0.051 Thread 0x000001313b861eb0 Thread added: 0x000001313b861eb0
Event: 0.051 Thread 0x000001313b86c130 Thread added: 0x000001313b86c130
Event: 0.090 Thread 0x000001313b8c1ff0 Thread added: 0x000001313b8c1ff0
Event: 0.367 Thread 0x000001314031feb0 Thread added: 0x000001314031feb0
Event: 0.367 Thread 0x000001313fcd5e40 Thread added: 0x000001313fcd5e40
Event: 0.886 Thread 0x000001313ff09280 Thread added: 0x000001313ff09280
Event: 1.038 Thread 0x0000013140446040 Thread added: 0x0000013140446040
Event: 1.042 Thread 0x0000013140446580 Thread added: 0x0000013140446580
Event: 1.152 Thread 0x00000131404742a0 Thread added: 0x00000131404742a0
Event: 1.159 Thread 0x0000013140fb5070 Thread added: 0x0000013140fb5070
Event: 2.254 Thread 0x0000013140964f10 Thread added: 0x0000013140964f10
Event: 2.615 Thread 0x00000131409629e0 Thread added: 0x00000131409629e0
Event: 5.571 Thread 0x0000013140963f20 Thread added: 0x0000013140963f20
Event: 5.868 Thread 0x0000013140964470 Thread added: 0x0000013140964470
Event: 7.105 Thread 0x00000131409649c0 Thread added: 0x00000131409649c0


Dynamic libraries:
0x00007ff62a450000 - 0x00007ff62a460000 	C:\Program Files\Java\jdk-19\bin\java.exe
0x00007ff802750000 - 0x00007ff802948000 	C:\Windows\SYSTEM32\ntdll.dll
0x00007ff8007a0000 - 0x00007ff80085f000 	C:\Windows\System32\KERNEL32.DLL
0x00007fffffd10000 - 0x00007ffffffe2000 	C:\Windows\System32\KERNELBASE.dll
0x00007ff8001e0000 - 0x00007ff8002e0000 	C:\Windows\System32\ucrtbase.dll
0x00007ffffb8d0000 - 0x00007ffffb8eb000 	C:\Program Files\Java\jdk-19\bin\VCRUNTIME140.dll
0x00007ffffb850000 - 0x00007ffffb868000 	C:\Program Files\Java\jdk-19\bin\jli.dll
0x00007ff8024b0000 - 0x00007ff80255e000 	C:\Windows\System32\ADVAPI32.dll
0x00007ff802330000 - 0x00007ff8023ce000 	C:\Windows\System32\msvcrt.dll
0x00007ff801010000 - 0x00007ff8010ac000 	C:\Windows\System32\sechost.dll
0x00007ff8011e0000 - 0x00007ff801305000 	C:\Windows\System32\RPCRT4.dll
0x00007ff802570000 - 0x00007ff80270d000 	C:\Windows\System32\USER32.dll
0x00007ff800160000 - 0x00007ff800182000 	C:\Windows\System32\win32u.dll
0x00007ff801310000 - 0x00007ff80133b000 	C:\Windows\System32\GDI32.dll
0x00007ff800380000 - 0x00007ff80048f000 	C:\Windows\System32\gdi32full.dll
0x00007ff8002e0000 - 0x00007ff80037d000 	C:\Windows\System32\msvcp_win.dll
0x00007fffde700000 - 0x00007fffde99a000 	C:\Windows\WinSxS\amd64_microsoft.windows.common-controls_6595b64144ccf1df_6.0.19041.1110_none_60b5254171f9507e\COMCTL32.dll
0x00007ffff84c0000 - 0x00007ffff84ca000 	C:\Windows\SYSTEM32\VERSION.dll
0x00007ff801340000 - 0x00007ff801372000 	C:\Windows\System32\IMM32.DLL
0x00007ffffb950000 - 0x00007ffffb95c000 	C:\Program Files\Java\jdk-19\bin\vcruntime140_1.dll
0x00007fffe5bb0000 - 0x00007fffe5c3e000 	C:\Program Files\Java\jdk-19\bin\msvcp140.dll
0x00007fffcf0b0000 - 0x00007fffcfd70000 	C:\Program Files\Java\jdk-19\bin\server\jvm.dll
0x00007ffff84d0000 - 0x00007ffff84f7000 	C:\Windows\SYSTEM32\WINMM.dll
0x00007ffff0e90000 - 0x00007ffff0e99000 	C:\Windows\SYSTEM32\WSOCK32.dll
0x00007ff801170000 - 0x00007ff8011db000 	C:\Windows\System32\WS2_32.dll
0x00007ffffdc40000 - 0x00007ffffdc52000 	C:\Windows\SYSTEM32\kernel.appcore.dll
0x00007ffffb840000 - 0x00007ffffb84a000 	C:\Program Files\Java\jdk-19\bin\jimage.dll
0x00007ffff82d0000 - 0x00007ffff84b4000 	C:\Windows\SYSTEM32\DBGHELP.DLL
0x00007ffff82a0000 - 0x00007ffff82cc000 	C:\Windows\SYSTEM32\dbgcore.DLL
0x00007ff800660000 - 0x00007ff8006e2000 	C:\Windows\System32\bcryptPrimitives.dll
0x00007ffffa970000 - 0x00007ffffa97e000 	C:\Program Files\Java\jdk-19\bin\instrument.dll
0x00007fffe73b0000 - 0x00007fffe73d6000 	C:\Program Files\Java\jdk-19\bin\java.dll
0x00007fffe4e40000 - 0x00007fffe4f17000 	C:\Program Files\Java\jdk-19\bin\jsvml.dll
0x00007ff8014b0000 - 0x00007ff801bf3000 	C:\Windows\System32\SHELL32.dll
0x00007ffffdf20000 - 0x00007ffffe6b2000 	C:\Windows\SYSTEM32\windows.storage.dll
0x00007ff800cb0000 - 0x00007ff801004000 	C:\Windows\System32\combase.dll
0x00007fffff7c0000 - 0x00007fffff7f0000 	C:\Windows\SYSTEM32\Wldp.dll
0x00007ff8010b0000 - 0x00007ff80115d000 	C:\Windows\System32\SHCORE.dll
0x00007ff800aa0000 - 0x00007ff800af5000 	C:\Windows\System32\shlwapi.dll
0x00007ff800070000 - 0x00007ff80008f000 	C:\Windows\SYSTEM32\profapi.dll
0x00007ffff2450000 - 0x00007ffff2463000 	C:\Program Files\Java\jdk-19\bin\net.dll
0x00007ffff6d10000 - 0x00007ffff6e1c000 	C:\Windows\SYSTEM32\WINHTTP.dll
0x00007fffff520000 - 0x00007fffff58a000 	C:\Windows\system32\mswsock.dll
0x00007fffe8570000 - 0x00007fffe8586000 	C:\Program Files\Java\jdk-19\bin\nio.dll
0x00007fffe7390000 - 0x00007fffe73a8000 	C:\Program Files\Java\jdk-19\bin\zip.dll
0x00007fffe5b70000 - 0x00007fffe5b8a000 	C:\Program Files\JetBrains\IntelliJ IDEA 2022.3\bin\breakgen64.dll
0x00007ffff2990000 - 0x00007ffff2998000 	C:\Program Files\Java\jdk-19\bin\extnet.dll
0x000001311e440000 - 0x000001311e443000 	C:\Program Files\Java\javafx-sdk-19\bin\api-ms-win-core-console-l1-1-0.dll
0x000001311e450000 - 0x000001311e453000 	C:\Program Files\Java\javafx-sdk-19\bin\api-ms-win-core-console-l1-2-0.dll
0x000001313b9d0000 - 0x000001313b9d3000 	C:\Program Files\Java\javafx-sdk-19\bin\api-ms-win-core-datetime-l1-1-0.dll
0x000001313b9e0000 - 0x000001313b9e3000 	C:\Program Files\Java\javafx-sdk-19\bin\api-ms-win-core-debug-l1-1-0.dll
0x000001313b9f0000 - 0x000001313b9f3000 	C:\Program Files\Java\javafx-sdk-19\bin\api-ms-win-core-errorhandling-l1-1-0.dll
0x000001313ba00000 - 0x000001313ba04000 	C:\Program Files\Java\javafx-sdk-19\bin\api-ms-win-core-file-l1-1-0.dll
0x000001313ba10000 - 0x000001313ba13000 	C:\Program Files\Java\javafx-sdk-19\bin\api-ms-win-core-file-l1-2-0.dll
0x000001313ba20000 - 0x000001313ba23000 	C:\Program Files\Java\javafx-sdk-19\bin\api-ms-win-core-file-l2-1-0.dll
0x000001313ba30000 - 0x000001313ba33000 	C:\Program Files\Java\javafx-sdk-19\bin\api-ms-win-core-handle-l1-1-0.dll
0x000001313ba40000 - 0x000001313ba43000 	C:\Program Files\Java\javafx-sdk-19\bin\api-ms-win-core-heap-l1-1-0.dll
0x000001313ba50000 - 0x000001313ba53000 	C:\Program Files\Java\javafx-sdk-19\bin\api-ms-win-core-interlocked-l1-1-0.dll
0x000001313ba60000 - 0x000001313ba63000 	C:\Program Files\Java\javafx-sdk-19\bin\api-ms-win-core-libraryloader-l1-1-0.dll
0x000001313ba70000 - 0x000001313ba73000 	C:\Program Files\Java\javafx-sdk-19\bin\api-ms-win-core-localization-l1-2-0.dll
0x000001313ba80000 - 0x000001313ba83000 	C:\Program Files\Java\javafx-sdk-19\bin\api-ms-win-core-memory-l1-1-0.dll
0x000001313ba90000 - 0x000001313ba93000 	C:\Program Files\Java\javafx-sdk-19\bin\api-ms-win-core-namedpipe-l1-1-0.dll
0x000001313baa0000 - 0x000001313baa3000 	C:\Program Files\Java\javafx-sdk-19\bin\api-ms-win-core-processenvironment-l1-1-0.dll
0x000001313bab0000 - 0x000001313bab3000 	C:\Program Files\Java\javafx-sdk-19\bin\api-ms-win-core-processthreads-l1-1-0.dll
0x000001313bac0000 - 0x000001313bac3000 	C:\Program Files\Java\javafx-sdk-19\bin\api-ms-win-core-processthreads-l1-1-1.dll
0x000001313bad0000 - 0x000001313bad3000 	C:\Program Files\Java\javafx-sdk-19\bin\api-ms-win-core-profile-l1-1-0.dll
0x000001313bae0000 - 0x000001313bae3000 	C:\Program Files\Java\javafx-sdk-19\bin\api-ms-win-core-rtlsupport-l1-1-0.dll
0x000001313baf0000 - 0x000001313baf3000 	C:\Program Files\Java\javafx-sdk-19\bin\api-ms-win-core-string-l1-1-0.dll
0x000001313bb00000 - 0x000001313bb03000 	C:\Program Files\Java\javafx-sdk-19\bin\api-ms-win-core-synch-l1-1-0.dll
0x000001313bb10000 - 0x000001313bb13000 	C:\Program Files\Java\javafx-sdk-19\bin\api-ms-win-core-synch-l1-2-0.dll
0x000001313bb20000 - 0x000001313bb23000 	C:\Program Files\Java\javafx-sdk-19\bin\api-ms-win-core-sysinfo-l1-1-0.dll
0x000001313bb30000 - 0x000001313bb33000 	C:\Program Files\Java\javafx-sdk-19\bin\api-ms-win-core-timezone-l1-1-0.dll
0x000001313bb40000 - 0x000001313bb43000 	C:\Program Files\Java\javafx-sdk-19\bin\api-ms-win-core-util-l1-1-0.dll
0x000001313bb50000 - 0x000001313bb53000 	C:\Program Files\Java\javafx-sdk-19\bin\api-ms-win-crt-conio-l1-1-0.dll
0x000001313bb60000 - 0x000001313bb64000 	C:\Program Files\Java\javafx-sdk-19\bin\api-ms-win-crt-convert-l1-1-0.dll
0x000001313bb70000 - 0x000001313bb73000 	C:\Program Files\Java\javafx-sdk-19\bin\api-ms-win-crt-environment-l1-1-0.dll
0x000001313bb80000 - 0x000001313bb83000 	C:\Program Files\Java\javafx-sdk-19\bin\api-ms-win-crt-filesystem-l1-1-0.dll
0x000001313bb90000 - 0x000001313bb93000 	C:\Program Files\Java\javafx-sdk-19\bin\api-ms-win-crt-heap-l1-1-0.dll
0x000001313bba0000 - 0x000001313bba3000 	C:\Program Files\Java\javafx-sdk-19\bin\api-ms-win-crt-locale-l1-1-0.dll
0x000001313bbb0000 - 0x000001313bbb5000 	C:\Program Files\Java\javafx-sdk-19\bin\api-ms-win-crt-math-l1-1-0.dll
0x000001313bbc0000 - 0x000001313bbc5000 	C:\Program Files\Java\javafx-sdk-19\bin\api-ms-win-crt-multibyte-l1-1-0.dll
0x000001313bbd0000 - 0x000001313bbe0000 	C:\Program Files\Java\javafx-sdk-19\bin\api-ms-win-crt-private-l1-1-0.dll
0x000001313bbe0000 - 0x000001313bbe3000 	C:\Program Files\Java\javafx-sdk-19\bin\api-ms-win-crt-process-l1-1-0.dll
0x000001313bbf0000 - 0x000001313bbf4000 	C:\Program Files\Java\javafx-sdk-19\bin\api-ms-win-crt-runtime-l1-1-0.dll
0x00000131417d0000 - 0x00000131417d4000 	C:\Program Files\Java\javafx-sdk-19\bin\api-ms-win-crt-stdio-l1-1-0.dll
0x00000131417e0000 - 0x00000131417e4000 	C:\Program Files\Java\javafx-sdk-19\bin\api-ms-win-crt-string-l1-1-0.dll
0x00000131417f0000 - 0x00000131417f3000 	C:\Program Files\Java\javafx-sdk-19\bin\api-ms-win-crt-time-l1-1-0.dll
0x0000013141800000 - 0x0000013141803000 	C:\Program Files\Java\javafx-sdk-19\bin\api-ms-win-crt-utility-l1-1-0.dll
0x00007fffccf70000 - 0x00007fffcd06c000 	C:\Program Files\Java\javafx-sdk-19\bin\ucrtbase.dll
0x00007fffe5590000 - 0x00007fffe55ab000 	C:\Program Files\Java\javafx-sdk-19\bin\vcruntime140.dll
0x00007fffe7380000 - 0x00007fffe738c000 	C:\Program Files\Java\javafx-sdk-19\bin\vcruntime140_1.dll
0x00007fffdd370000 - 0x00007fffdd3fe000 	C:\Program Files\Java\javafx-sdk-19\bin\msvcp140.dll
0x00007fffe6c90000 - 0x00007fffe6c99000 	C:\Program Files\Java\javafx-sdk-19\bin\msvcp140_1.dll
0x00007fffe5560000 - 0x00007fffe5590000 	C:\Program Files\Java\javafx-sdk-19\bin\msvcp140_2.dll
0x00007fffe4d50000 - 0x00007fffe4d7c000 	C:\Program Files\Java\javafx-sdk-19\bin\prism_d3d.dll
0x00007fffc1f80000 - 0x00007fffc214f000 	C:\Windows\system32\d3d9.dll
0x00007ffffdc10000 - 0x00007ffffdc3f000 	C:\Windows\SYSTEM32\dwmapi.dll
0x00007ffffd850000 - 0x00007ffffd8ee000 	C:\Windows\system32\uxtheme.dll
0x00007ffff8690000 - 0x00007ffff86a9000 	C:\Windows\SYSTEM32\vm3dum64_loader.dll
0x00007ff801380000 - 0x00007ff8014aa000 	C:\Windows\System32\ole32.dll
0x00007fffff710000 - 0x00007fffff71c000 	C:\Windows\SYSTEM32\CRYPTBASE.DLL
0x00007fffdd230000 - 0x00007fffdd2a0000 	C:\Windows\system32\vm3dum64.dll
0x00007fffe4660000 - 0x00007fffe46a2000 	C:\Program Files\Java\javafx-sdk-19\bin\glass.dll
0x00007ff8023d0000 - 0x00007ff8024aa000 	C:\Windows\System32\COMDLG32.dll
0x00007ff800860000 - 0x00007ff80092d000 	C:\Windows\System32\OLEAUT32.dll
0x00007ff801d80000 - 0x00007ff801e95000 	C:\Windows\System32\MSCTF.dll
0x00007fffe5050000 - 0x00007fffe5064000 	C:\Program Files\Java\javafx-sdk-19\bin\javafx_font.dll
0x00007ffff46c0000 - 0x00007ffff493f000 	C:\Windows\SYSTEM32\dwrite.dll
0x00007ff800990000 - 0x00007ff800a3f000 	C:\Windows\System32\clbcatq.dll
0x00007ffffa3d0000 - 0x00007ffffa584000 	C:\Windows\SYSTEM32\WindowsCodecs.dll
0x00007ff800130000 - 0x00007ff800157000 	C:\Windows\System32\bcrypt.dll
0x00007fffda560000 - 0x00007fffda59e000 	C:\Windows\system32\dataexchange.dll
0x00007ffffca10000 - 0x00007ffffcbf3000 	C:\Windows\system32\dcomp.dll
0x00007ffffc140000 - 0x00007ffffc3a3000 	C:\Windows\system32\d3d11.dll
0x00007ffffe700000 - 0x00007ffffe7f3000 	C:\Windows\system32\dxgi.dll
0x00007ffffa630000 - 0x00007ffffa830000 	C:\Windows\system32\twinapi.appcore.dll
0x00007fffe3640000 - 0x00007fffe3674000 	C:\Program Files\Common Files\Microsoft Shared\Ink\rtscom.dll
0x00007ffff78c0000 - 0x00007ffff79b9000 	C:\Windows\SYSTEM32\textinputframework.dll
0x00007ffffd0d0000 - 0x00007ffffd42e000 	C:\Windows\System32\CoreUIComponents.dll
0x00007ffffd430000 - 0x00007ffffd522000 	C:\Windows\System32\CoreMessaging.dll
0x00007ffffef60000 - 0x00007ffffef93000 	C:\Windows\SYSTEM32\ntmarta.dll
0x00007ffffc8b0000 - 0x00007ffffca04000 	C:\Windows\SYSTEM32\wintypes.dll
0x00007fffde090000 - 0x00007fffde0f6000 	C:\Windows\system32\Oleacc.dll
0x00007fffe6b90000 - 0x00007fffe6b9a000 	C:\Program Files\Java\jdk-19\bin\management.dll
0x00007fffe6750000 - 0x00007fffe675b000 	C:\Program Files\Java\jdk-19\bin\management_ext.dll
0x00007ff802560000 - 0x00007ff802568000 	C:\Windows\System32\PSAPI.DLL
0x00007fffff720000 - 0x00007fffff738000 	C:\Windows\SYSTEM32\CRYPTSP.dll
0x00007ffffee40000 - 0x00007ffffee74000 	C:\Windows\system32\rsaenh.dll

dbghelp: loaded successfully - version: 4.0.5 - missing functions: none
symbol engine: initialized successfully - sym options: 0x614 - pdb path: .;C:\Program Files\Java\jdk-19\bin;C:\Windows\SYSTEM32;C:\Windows\WinSxS\amd64_microsoft.windows.common-controls_6595b64144ccf1df_6.0.19041.1110_none_60b5254171f9507e;C:\Program Files\Java\jdk-19\bin\server;C:\Program Files\JetBrains\IntelliJ IDEA 2022.3\bin;C:\Program Files\Java\javafx-sdk-19\bin;C:\Program Files\Common Files\Microsoft Shared\Ink

VM Arguments:
jvm_args: --module-path=C:\Program Files\Java\javafx-sdk-19\lib --add-modules=javafx.controls,javafx.fxml -javaagent:C:\Program Files\JetBrains\IntelliJ IDEA 2022.3\lib\idea_rt.jar=60852:C:\Program Files\JetBrains\IntelliJ IDEA 2022.3\bin -Dfile.encoding=UTF-8 -Dsun.stdout.encoding=UTF-8 -Dsun.stderr.encoding=UTF-8 
java_command: com.example.projectfx.HelloApplication
java_class_path (initial): C:\Users\MohammadRehan\IdeaProjects\ProjectFX\target\classes;C:\Program Files\Java\javafx-sdk-19\lib\javafx.web.jar;C:\Program Files\Java\javafx-sdk-19\lib\javafx.swing.jar;C:\Program Files\Java\javafx-sdk-19\lib\javafx.media.jar;C:\Program Files\Java\javafx-sdk-19\lib\javafx.graphics.jar;C:\Program Files\Java\javafx-sdk-19\lib\javafx.fxml.jar;C:\Program Files\Java\javafx-sdk-19\lib\javafx.controls.jar;C:\Program Files\Java\javafx-sdk-19\lib\javafx.base.jar;C:\Program Files\Java\javafx-sdk-19\lib\javafx-swt.jar;C:\Users\MohammadRehan\.m2\repository\com\oracle\database\jdbc\ojdbc11\21.7.0.0\ojdbc11-21.7.0.0.jar;C:\Users\MohammadRehan\.m2\repository\org\springframework\spring-jdbc\5.3.24\spring-jdbc-5.3.24.jar;C:\Users\MohammadRehan\.m2\repository\org\springframework\spring-beans\5.3.24\spring-beans-5.3.24.jar;C:\Users\MohammadRehan\.m2\repository\org\springframework\spring-core\5.3.24\spring-core-5.3.24.jar;C:\Users\MohammadRehan\.m2\repository\org\springframework\spring-jcl\5.3.24\spring-jcl-5.3.24.jar;C:\Users\MohammadRehan\.m2\repository\org\springframework\spring-tx\5.3.24\spring-tx-5.3.24.jar;C:\Users\MohammadRehan\.m2\repository\io\github\typhon0\AnimateFX\1.2.3\AnimateFX-1.2.3.jar
Launcher Type: SUN_STANDARD

[Global flags]
     intx CICompilerCount                          = 2                                         {product} {ergonomic}
     uint ConcGCThreads                            = 1                                         {product} {ergonomic}
     uint G1ConcRefinementThreads                  = 2                                         {product} {ergonomic}
   size_t G1HeapRegionSize                         = 1048576                                   {product} {ergonomic}
    uintx GCDrainStackTargetSize                   = 64                                        {product} {ergonomic}
   size_t InitialHeapSize                          = 67108864                                  {product} {ergonomic}
   size_t MarkStackSize                            = 4194304                                   {product} {ergonomic}
   size_t MaxHeapSize                              = 1073741824                                {product} {ergonomic}
   size_t MaxNewSize                               = 643825664                                 {product} {ergonomic}
   size_t MinHeapDeltaBytes                        = 1048576                                   {product} {ergonomic}
   size_t MinHeapSize                              = 8388608                                   {product} {ergonomic}
    uintx NonNMethodCodeHeapSize                   = 5826188                                {pd product} {ergonomic}
    uintx NonProfiledCodeHeapSize                  = 122916026                              {pd product} {ergonomic}
    uintx ProfiledCodeHeapSize                     = 122916026                              {pd product} {ergonomic}
    uintx ReservedCodeCacheSize                    = 251658240                              {pd product} {ergonomic}
     bool SegmentedCodeCache                       = true                                      {product} {ergonomic}
   size_t SoftMaxHeapSize                          = 1073741824                             {manageable} {ergonomic}
     bool UseCompressedClassPointers               = true                           {product lp64_product} {ergonomic}
     bool UseCompressedOops                        = true                           {product lp64_product} {ergonomic}
     bool UseG1GC                                  = true                                      {product} {ergonomic}
     bool UseLargePagesIndividualAllocation        = false                                  {pd product} {ergonomic}

Logging:
Log output configuration:
 #0: stdout all=warning uptime,level,tags foldmultilines=false
 #1: stderr all=off uptime,level,tags foldmultilines=false

Environment Variables:
PATH=C:\app\MohammadRehan\product\21c\dbhomeXE\bin;C:\Program Files\Common Files\Oracle\Java\javapath;C:\Windows\system32;C:\Windows;C:\Windows\System32\Wbem;C:\Windows\System32\WindowsPowerShell\v1.0\;C:\Windows\System32\OpenSSH\;C:\app\MohammadRehan\product\21c\dbhomeXE\jdbc\lib\ojdbc11.jar;C:\Program Files\Git\cmd;C:\Users\MohammadRehan\AppData\Local\Microsoft\WindowsApps;
USERNAME=MohammadRehan
OS=Windows_NT
PROCESSOR_IDENTIFIER=Intel64 Family 6 Model 158 Stepping 10, GenuineIntel
TMP=C:\Users\MOHAMM~1\AppData\Local\Temp
TEMP=C:\Users\MOHAMM~1\AppData\Local\Temp



---------------  S Y S T E M  ---------------

OS:
 Windows 10 , 64 bit Build 19041 (10.0.19041.2251)
OS uptime: 1 days 7:11 hours
VMWare virtualization detected

CPU: total 2 (initial active 2) (2 cores per cpu, 1 threads per core) family 6 model 158 stepping 10 microcode 0xb4, cx8, cmov, fxsr, mmx, 3dnowpref, sse, sse2, sse3, ssse3, sse4.1, sse4.2, popcnt, lzcnt, tsc, tscinvbit, avx, avx2, aes, erms, clmul, bmi1, bmi2, adx, fma, vzeroupper, clflush, clflushopt, hv, rdtscp

Memory: 4k page, system-wide physical 4095M (77M free)
TotalPageFile size 11705M (AvailPageFile size 7M)
current process WorkingSet (physical memory assigned to process): 203M, peak: 240M
current process commit charge ("private bytes"): 593M, peak: 595M

vm_info: Java HotSpot(TM) 64-Bit Server VM (19.0.1+10-21) for windows-amd64 JRE (19.0.1+10-21), built on 2022-09-14T12:45:06Z by "mach5one" with MS VC++ 17.1 (VS2022)

END.
