#
# There is insufficient memory for the Java Runtime Environment to continue.
# Native memory allocation (mmap) failed to map 222298112 bytes for G1 virtual space
# Possible reasons:
#   The system is out of physical RAM or swap space
#   The process is running with CompressedOops enabled, and the Java Heap may be blocking the growth of the native heap
# Possible solutions:
#   Reduce memory load on the system
#   Increase physical memory or swap space
#   Check if swap backing store is full
#   Decrease Java heap size (-Xmx/-Xms)
#   Decrease number of Java threads
#   Decrease Java thread stack sizes (-Xss)
#   Set larger code cache with -XX:ReservedCodeCacheSize=
#   JVM is running with Unscaled Compressed Oops mode in which the Java heap is
#     placed in the first 4GB address space. The Java Heap base address is the
#     maximum limit for the native heap growth. Please use -XX:HeapBaseMinAddress
#     to set the Java Heap base and to place the Java Heap above 4GB virtual address.
# This output file may be truncated or incomplete.
#
#  Out of Memory Error (os_windows.cpp:3527), pid=4148, tid=15140
#
# JRE version: Java(TM) SE Runtime Environment (19.0.1+10) (build 19.0.1+10-21)
# Java VM: Java HotSpot(TM) 64-Bit Server VM (19.0.1+10-21, mixed mode, sharing, tiered, compressed oops, compressed class ptrs, g1 gc, windows-amd64)
# No core dump will be written. Minidumps are not enabled by default on client versions of Windows
#

---------------  S U M M A R Y ------------

Command Line: --module-path=C:\Program Files\Java\javafx-sdk-19\lib --add-modules=javafx.controls,javafx.fxml -javaagent:C:\Program Files\JetBrains\IntelliJ IDEA 2022.3\lib\idea_rt.jar=61350:C:\Program Files\JetBrains\IntelliJ IDEA 2022.3\bin -Dfile.encoding=UTF-8 -Dsun.stdout.encoding=UTF-8 -Dsun.stderr.encoding=UTF-8 com.example.projectfx.HelloApplication

Host: Intel(R) Core(TM) i7-9750H CPU @ 2.60GHz, 2 cores, 3G,  Windows 10 , 64 bit Build 19041 (10.0.19041.2251)
Time: Sun Dec 11 15:34:32 2022 West Bank Gaza Standard Time elapsed time: 15.937401 seconds (0d 0h 0m 15s)

---------------  T H R E A D  ---------------

Current thread (0x000001a77b10cbd0):  VMThread "VM Thread" [stack: 0x0000002144500000,0x0000002144600000] [id=15140]

Stack: [0x0000002144500000,0x0000002144600000]
Native frames: (J=compiled Java code, j=interpreted, Vv=VM code, C=native code)
V  [jvm.dll+0x6ee8fa]
V  [jvm.dll+0x857a1e]
V  [jvm.dll+0x85940e]
V  [jvm.dll+0x859ac3]
V  [jvm.dll+0x28291f]
V  [jvm.dll+0x6eb6e9]
V  [jvm.dll+0x6e028a]
V  [jvm.dll+0x357136]
V  [jvm.dll+0x35eb96]
V  [jvm.dll+0x3b555e]
V  [jvm.dll+0x3b578f]
V  [jvm.dll+0x32c6ea]
V  [jvm.dll+0x32c797]
V  [jvm.dll+0x374b52]
V  [jvm.dll+0x37328f]
V  [jvm.dll+0x32bf10]
V  [jvm.dll+0x37282b]
V  [jvm.dll+0x85ef83]
V  [jvm.dll+0x85fd49]
V  [jvm.dll+0x86027d]
V  [jvm.dll+0x86070b]
V  [jvm.dll+0x8607c7]
V  [jvm.dll+0x8015fa]
V  [jvm.dll+0x6ed5eb]
C  [ucrtbase.dll+0x21bb2]
C  [KERNEL32.DLL+0x174b4]
C  [ntdll.dll+0x526a1]

VM_Operation (0x00000021456fd850): G1CollectForAllocation, mode: safepoint, requested by thread 0x000001a77f75cae0


---------------  P R O C E S S  ---------------

Threads class SMR info:
_java_thread_list=0x000001a71da80770, length=23, elements={
0x000001a77b0501a0, 0x000001a77f758060, 0x000001a77f75b300, 0x000001a77f75e570,
0x000001a77f760000, 0x000001a77f75e020, 0x000001a77f75dad0, 0x000001a77f762da0,
0x000001a77f7bd8b0, 0x000001a77f75eac0, 0x000001a77f75f560, 0x000001a77f75f010,
0x000001a77f75d030, 0x000001a77f75fab0, 0x000001a77f75d580, 0x000001a77f75cae0,
0x000001a71b84a3d0, 0x000001a71b84b3c0, 0x000001a71b845420, 0x000001a71b84a920,
0x000001a71b84b910, 0x000001a71b84c900, 0x000001a71b847950
}

Java Threads: ( => current thread )
  0x000001a77b0501a0 JavaThread "main" [_thread_blocked, id=15068, stack(0x0000002143f00000,0x0000002144000000)]
  0x000001a77f758060 JavaThread "Reference Handler" daemon [_thread_blocked, id=6596, stack(0x0000002144600000,0x0000002144700000)]
  0x000001a77f75b300 JavaThread "Finalizer" daemon [_thread_blocked, id=8672, stack(0x0000002144700000,0x0000002144800000)]
  0x000001a77f75e570 JavaThread "Signal Dispatcher" daemon [_thread_blocked, id=11280, stack(0x0000002144800000,0x0000002144900000)]
  0x000001a77f760000 JavaThread "Attach Listener" daemon [_thread_blocked, id=12564, stack(0x0000002144900000,0x0000002144a00000)]
  0x000001a77f75e020 JavaThread "Service Thread" daemon [_thread_blocked, id=7524, stack(0x0000002144a00000,0x0000002144b00000)]
  0x000001a77f75dad0 JavaThread "Monitor Deflation Thread" daemon [_thread_blocked, id=660, stack(0x0000002144b00000,0x0000002144c00000)]
  0x000001a77f762da0 JavaThread "C2 CompilerThread0" daemon [_thread_blocked, id=2088, stack(0x0000002144c00000,0x0000002144d00000)]
  0x000001a77f7bd8b0 JavaThread "C1 CompilerThread0" daemon [_thread_blocked, id=6972, stack(0x0000002144d00000,0x0000002144e00000)]
  0x000001a77f75eac0 JavaThread "Sweeper thread" daemon [_thread_blocked, id=15008, stack(0x0000002144e00000,0x0000002144f00000)]
  0x000001a77f75f560 JavaThread "Common-Cleaner" daemon [_thread_blocked, id=11216, stack(0x0000002144f00000,0x0000002145000000)]
  0x000001a77f75f010 JavaThread "Monitor Ctrl-Break" daemon [_thread_in_native, id=1116, stack(0x0000002145100000,0x0000002145200000)]
  0x000001a77f75d030 JavaThread "Notification Thread" daemon [_thread_blocked, id=7192, stack(0x0000002145200000,0x0000002145300000)]
  0x000001a77f75fab0 JavaThread "QuantumRenderer-0" daemon [_thread_blocked, id=11140, stack(0x0000002145400000,0x0000002145500000)]
  0x000001a77f75d580 JavaThread "InvokeLaterDispatcher" daemon [_thread_blocked, id=9964, stack(0x0000002145500000,0x0000002145600000)]
  0x000001a77f75cae0 JavaThread "JavaFX Application Thread" [_thread_blocked, id=10304, stack(0x0000002145600000,0x0000002145700000)]
  0x000001a71b84a3d0 JavaThread "JavaFX-Launcher" [_thread_blocked, id=11820, stack(0x0000002145800000,0x0000002145900000)]
  0x000001a71b84b3c0 JavaThread "Thread-2" daemon [_thread_blocked, id=14372, stack(0x0000002145700000,0x0000002145800000)]
  0x000001a71b845420 JavaThread "Prism Font Disposer" daemon [_thread_blocked, id=1972, stack(0x0000002145c00000,0x0000002145d00000)]
  0x000001a71b84a920 JavaThread "Cleaner-0" daemon [_thread_blocked, id=2840, stack(0x0000002145d00000,0x0000002145e00000)]
  0x000001a71b84b910 JavaThread "oracle.jdbc.driver.BlockSource.ThreadedCachingBlockSource.BlockReleaser" daemon [_thread_blocked, id=12916, stack(0x0000002145e00000,0x0000002145f00000)]
  0x000001a71b84c900 JavaThread "InterruptTimer" daemon [_thread_blocked, id=7772, stack(0x0000002145f00000,0x0000002146000000)]
  0x000001a71b847950 JavaThread "OJDBC-WORKER-THREAD-1" daemon [_thread_blocked, id=7372, stack(0x0000002146000000,0x0000002146100000)]

Other Threads:
=>0x000001a77b10cbd0 VMThread "VM Thread" [stack: 0x0000002144500000,0x0000002144600000] [id=15140]
  0x000001a71b4bf4b0 WatcherThread "VM Periodic Task Thread" [stack: 0x0000002145300000,0x0000002145400000] [id=12632]
  0x000001a77b090ce0 WorkerThread "GC Thread#0" [stack: 0x0000002144000000,0x0000002144100000] [id=10476]
  0x000001a71b052720 WorkerThread "GC Thread#1" [stack: 0x0000002145000000,0x0000002145100000] [id=8140]
  0x000001a77b09bb70 ConcurrentGCThread "G1 Main Marker" [stack: 0x0000002144100000,0x0000002144200000] [id=11204]
  0x000001a77b09c4b0 WorkerThread "G1 Conc#0" [stack: 0x0000002144200000,0x0000002144300000] [id=10420]
  0x000001a77b0e7510 ConcurrentGCThread "G1 Refine#0" [stack: 0x0000002144300000,0x0000002144400000] [id=10560]
  0x000001a77b0e7f60 ConcurrentGCThread "G1 Service" [stack: 0x0000002144400000,0x0000002144500000] [id=4428]

Threads with active compile tasks:
C2 CompilerThread0    15990 6719   !   4       javafx.scene.Parent$3::onProposedChange (753 bytes)

VM state: at safepoint (normal execution)

VM Mutex/Monitor currently owned by a thread:  ([mutex/lock_event])
[0x000001a77b04aab0] Threads_lock - owner thread: 0x000001a77b10cbd0
[0x000001a77b04b3b0] Heap_lock - owner thread: 0x000001a77f75cae0

Heap address: 0x00000000c0000000, size: 1024 MB, Compressed Oops mode: 32-bit

CDS archive(s) mapped at: [0x0000000800000000-0x0000000800c40000-0x0000000800c40000), size 12845056, SharedBaseAddress: 0x0000000800000000, ArchiveRelocationMode: 0.
Compressed class space mapped at: 0x0000000801000000-0x0000000841000000, reserved size: 1073741824
Narrow klass base: 0x0000000800000000, Narrow klass shift: 0, Narrow klass range: 0x100000000

GC Precious Log:
 CardTable entry size: 512
 Card Set container configuration: InlinePtr #cards 5 size 8 Array Of Cards #cards 12 size 40 Howl #buckets 4 coarsen threshold 1843 Howl Bitmap #cards 512 size 80 coarsen threshold 460 Card regions per heap region 1 cards per card region 2048
 CPUs: 2 total, 2 available
 Memory: 4095M
 Large Page Support: Disabled
 NUMA Support: Disabled
 Compressed Oops: Enabled (32-bit)
 Heap Region Size: 1M
 Heap Min Capacity: 8M
 Heap Initial Capacity: 64M
 Heap Max Capacity: 1G
 Pre-touch: Disabled
 Parallel Workers: 2
 Concurrent Workers: 1
 Concurrent Refinement Workers: 2
 Periodic GC: Disabled

Heap:
 garbage-first heap   total 171008K, used 111081K [0x00000000c0000000, 0x0000000100000000)
  region size 1024K, 4 young (4096K), 4 survivors (4096K)
 Metaspace       used 33009K, committed 33344K, reserved 1114112K
  class space    used 4264K, committed 4416K, reserved 1048576K

Heap Regions: E=young(eden), S=young(survivor), O=old, HS=humongous(starts), HC=humongous(continues), CS=collection set, F=free, OA=open archive, CA=closed archive, TAMS=top-at-mark-start (previous, next)
|   0|0x00000000c0000000, 0x00000000c0100000, 0x00000000c0100000|100%| O|  |TAMS 0x00000000c0100000, 0x00000000c0000000| Untracked 
|   1|0x00000000c0100000, 0x00000000c0200000, 0x00000000c0200000|100%| O|  |TAMS 0x00000000c0200000, 0x00000000c0100000| Untracked 
|   2|0x00000000c0200000, 0x00000000c0300000, 0x00000000c0300000|100%| O|  |TAMS 0x00000000c0300000, 0x00000000c0200000| Untracked 
|   3|0x00000000c0300000, 0x00000000c0400000, 0x00000000c0400000|100%| O|  |TAMS 0x00000000c0400000, 0x00000000c0300000| Untracked 
|   4|0x00000000c0400000, 0x00000000c0500000, 0x00000000c0500000|100%| O|  |TAMS 0x00000000c0500000, 0x00000000c0400000| Untracked 
|   5|0x00000000c0500000, 0x00000000c0600000, 0x00000000c0600000|100%| O|  |TAMS 0x00000000c0500000, 0x00000000c0500000| Untracked 
|   6|0x00000000c0600000, 0x00000000c0700000, 0x00000000c0700000|100%| O|  |TAMS 0x00000000c0600000, 0x00000000c0600000| Untracked 
|   7|0x00000000c0700000, 0x00000000c0800000, 0x00000000c0800000|100%| O|  |TAMS 0x00000000c0700000, 0x00000000c0700000| Untracked 
|   8|0x00000000c0800000, 0x00000000c0900000, 0x00000000c0900000|100%| O|  |TAMS 0x00000000c0800000, 0x00000000c0800000| Untracked 
|   9|0x00000000c0900000, 0x00000000c0a00000, 0x00000000c0a00000|100%| O|  |TAMS 0x00000000c0900000, 0x00000000c0900000| Untracked 
|  10|0x00000000c0a00000, 0x00000000c0b00000, 0x00000000c0b00000|100%|HS|  |TAMS 0x00000000c0b00000, 0x00000000c0a00000| Complete 
|  11|0x00000000c0b00000, 0x00000000c0c00000, 0x00000000c0c00000|100%|HC|  |TAMS 0x00000000c0c00000, 0x00000000c0b00000| Complete 
|  12|0x00000000c0c00000, 0x00000000c0d00000, 0x00000000c0d00000|100%| O|  |TAMS 0x00000000c0d00000, 0x00000000c0c00000| Untracked 
|  13|0x00000000c0d00000, 0x00000000c0e00000, 0x00000000c0e00000|100%| O|  |TAMS 0x00000000c0e00000, 0x00000000c0d00000| Untracked 
|  14|0x00000000c0e00000, 0x00000000c0f00000, 0x00000000c0f00000|100%| O|  |TAMS 0x00000000c0f00000, 0x00000000c0e00000| Untracked 
|  15|0x00000000c0f00000, 0x00000000c1000000, 0x00000000c1000000|100%| O|  |TAMS 0x00000000c1000000, 0x00000000c0f00000| Untracked 
|  16|0x00000000c1000000, 0x00000000c1100000, 0x00000000c1100000|100%| O|  |TAMS 0x00000000c1100000, 0x00000000c1000000| Untracked 
|  17|0x00000000c1100000, 0x00000000c1200000, 0x00000000c1200000|100%| O|  |TAMS 0x00000000c1200000, 0x00000000c1100000| Untracked 
|  18|0x00000000c1200000, 0x00000000c1300000, 0x00000000c1300000|100%| O|  |TAMS 0x00000000c1300000, 0x00000000c1200000| Untracked 
|  19|0x00000000c1300000, 0x00000000c1400000, 0x00000000c1400000|100%| O|  |TAMS 0x00000000c1400000, 0x00000000c1300000| Untracked 
|  20|0x00000000c1400000, 0x00000000c1500000, 0x00000000c1500000|100%| O|  |TAMS 0x00000000c1500000, 0x00000000c1400000| Untracked 
|  21|0x00000000c1500000, 0x00000000c1600000, 0x00000000c1600000|100%| O|  |TAMS 0x00000000c1600000, 0x00000000c1500000| Untracked 
|  22|0x00000000c1600000, 0x00000000c1700000, 0x00000000c1700000|100%| O|  |TAMS 0x00000000c1700000, 0x00000000c1600000| Untracked 
|  23|0x00000000c1700000, 0x00000000c1800000, 0x00000000c1800000|100%| O|  |TAMS 0x00000000c1800000, 0x00000000c1700000| Untracked 
|  24|0x00000000c1800000, 0x00000000c1900000, 0x00000000c1900000|100%| O|  |TAMS 0x00000000c1900000, 0x00000000c1800000| Untracked 
|  25|0x00000000c1900000, 0x00000000c1a00000, 0x00000000c1a00000|100%| O|  |TAMS 0x00000000c1a00000, 0x00000000c1900000| Untracked 
|  26|0x00000000c1a00000, 0x00000000c1b00000, 0x00000000c1b00000|100%| O|  |TAMS 0x00000000c1b00000, 0x00000000c1a00000| Untracked 
|  27|0x00000000c1b00000, 0x00000000c1c00000, 0x00000000c1c00000|100%| O|  |TAMS 0x00000000c1c00000, 0x00000000c1b00000| Untracked 
|  28|0x00000000c1c00000, 0x00000000c1d00000, 0x00000000c1d00000|100%| O|  |TAMS 0x00000000c1d00000, 0x00000000c1c00000| Untracked 
|  29|0x00000000c1d00000, 0x00000000c1e00000, 0x00000000c1e00000|100%| O|  |TAMS 0x00000000c1e00000, 0x00000000c1d00000| Untracked 
|  30|0x00000000c1e00000, 0x00000000c1f00000, 0x00000000c1f00000|100%| O|  |TAMS 0x00000000c1f00000, 0x00000000c1e00000| Untracked 
|  31|0x00000000c1f00000, 0x00000000c2000000, 0x00000000c2000000|100%| O|  |TAMS 0x00000000c2000000, 0x00000000c1f00000| Untracked 
|  32|0x00000000c2000000, 0x00000000c2100000, 0x00000000c2100000|100%| O|  |TAMS 0x00000000c2100000, 0x00000000c2000000| Untracked 
|  33|0x00000000c2100000, 0x00000000c2200000, 0x00000000c2200000|100%| O|  |TAMS 0x00000000c2100000, 0x00000000c2100000| Untracked 
|  34|0x00000000c2200000, 0x00000000c2300000, 0x00000000c2300000|100%| O|  |TAMS 0x00000000c2300000, 0x00000000c2200000| Untracked 
|  35|0x00000000c2300000, 0x00000000c2400000, 0x00000000c2400000|100%| O|  |TAMS 0x00000000c2400000, 0x00000000c2300000| Untracked 
|  36|0x00000000c2400000, 0x00000000c2500000, 0x00000000c2500000|100%| O|  |TAMS 0x00000000c2500000, 0x00000000c2400000| Untracked 
|  37|0x00000000c2500000, 0x00000000c2600000, 0x00000000c2600000|100%| O|  |TAMS 0x00000000c2600000, 0x00000000c2500000| Untracked 
|  38|0x00000000c2600000, 0x00000000c2700000, 0x00000000c2700000|100%| O|  |TAMS 0x00000000c2700000, 0x00000000c2600000| Untracked 
|  39|0x00000000c2700000, 0x00000000c2800000, 0x00000000c2800000|100%| O|  |TAMS 0x00000000c2800000, 0x00000000c2700000| Untracked 
|  40|0x00000000c2800000, 0x00000000c2900000, 0x00000000c2900000|100%| O|  |TAMS 0x00000000c2900000, 0x00000000c2800000| Untracked 
|  41|0x00000000c2900000, 0x00000000c2a00000, 0x00000000c2a00000|100%| O|  |TAMS 0x00000000c2a00000, 0x00000000c2900000| Untracked 
|  42|0x00000000c2a00000, 0x00000000c2b00000, 0x00000000c2b00000|100%| O|  |TAMS 0x00000000c2b00000, 0x00000000c2a00000| Untracked 
|  43|0x00000000c2b00000, 0x00000000c2c00000, 0x00000000c2c00000|100%| O|  |TAMS 0x00000000c2c00000, 0x00000000c2b00000| Untracked 
|  44|0x00000000c2c00000, 0x00000000c2d00000, 0x00000000c2d00000|100%| O|  |TAMS 0x00000000c2d00000, 0x00000000c2c00000| Untracked 
|  45|0x00000000c2d00000, 0x00000000c2e00000, 0x00000000c2e00000|100%| O|  |TAMS 0x00000000c2e00000, 0x00000000c2d00000| Untracked 
|  46|0x00000000c2e00000, 0x00000000c2f00000, 0x00000000c2f00000|100%| O|  |TAMS 0x00000000c2f00000, 0x00000000c2e00000| Untracked 
|  47|0x00000000c2f00000, 0x00000000c3000000, 0x00000000c3000000|100%| O|  |TAMS 0x00000000c3000000, 0x00000000c2f00000| Untracked 
|  48|0x00000000c3000000, 0x00000000c3100000, 0x00000000c3100000|100%| O|  |TAMS 0x00000000c3100000, 0x00000000c3000000| Untracked 
|  49|0x00000000c3100000, 0x00000000c3200000, 0x00000000c3200000|100%| O|  |TAMS 0x00000000c3200000, 0x00000000c3100000| Untracked 
|  50|0x00000000c3200000, 0x00000000c3300000, 0x00000000c3300000|100%| O|  |TAMS 0x00000000c3300000, 0x00000000c3200000| Untracked 
|  51|0x00000000c3300000, 0x00000000c3400000, 0x00000000c3400000|100%| O|  |TAMS 0x00000000c3300000, 0x00000000c3300000| Untracked 
|  52|0x00000000c3400000, 0x00000000c3500000, 0x00000000c3500000|100%| O|  |TAMS 0x00000000c3500000, 0x00000000c3400000| Untracked 
|  53|0x00000000c3500000, 0x00000000c3600000, 0x00000000c3600000|100%| O|  |TAMS 0x00000000c3600000, 0x00000000c3500000| Untracked 
|  54|0x00000000c3600000, 0x00000000c3700000, 0x00000000c3700000|100%| O|  |TAMS 0x00000000c3700000, 0x00000000c3600000| Untracked 
|  55|0x00000000c3700000, 0x00000000c3800000, 0x00000000c3800000|100%| O|  |TAMS 0x00000000c3800000, 0x00000000c3700000| Untracked 
|  56|0x00000000c3800000, 0x00000000c3900000, 0x00000000c3900000|100%| O|  |TAMS 0x00000000c3900000, 0x00000000c3800000| Untracked 
|  57|0x00000000c3900000, 0x00000000c3a00000, 0x00000000c3a00000|100%| O|  |TAMS 0x00000000c3900000, 0x00000000c3900000| Untracked 
|  58|0x00000000c3a00000, 0x00000000c3b00000, 0x00000000c3b00000|100%| O|  |TAMS 0x00000000c3a00000, 0x00000000c3a00000| Untracked 
|  59|0x00000000c3b00000, 0x00000000c3c00000, 0x00000000c3c00000|100%| O|  |TAMS 0x00000000c3b00000, 0x00000000c3b00000| Untracked 
|  60|0x00000000c3c00000, 0x00000000c3d00000, 0x00000000c3d00000|100%| O|  |TAMS 0x00000000c3c00000, 0x00000000c3c00000| Untracked 
|  61|0x00000000c3d00000, 0x00000000c3e00000, 0x00000000c3e00000|100%| O|  |TAMS 0x00000000c3d00000, 0x00000000c3d00000| Untracked 
|  62|0x00000000c3e00000, 0x00000000c3f00000, 0x00000000c3f00000|100%| O|  |TAMS 0x00000000c3e00000, 0x00000000c3e00000| Untracked 
|  63|0x00000000c3f00000, 0x00000000c4000000, 0x00000000c4000000|100%| O|  |TAMS 0x00000000c3f00000, 0x00000000c3f00000| Untracked 
|  64|0x00000000c4000000, 0x00000000c4100000, 0x00000000c4100000|100%|HS|  |TAMS 0x00000000c4100000, 0x00000000c4000000| Complete 
|  65|0x00000000c4100000, 0x00000000c4200000, 0x00000000c4200000|100%|HC|  |TAMS 0x00000000c4200000, 0x00000000c4100000| Complete 
|  66|0x00000000c4200000, 0x00000000c4300000, 0x00000000c4300000|100%|HC|  |TAMS 0x00000000c4300000, 0x00000000c4200000| Complete 
|  67|0x00000000c4300000, 0x00000000c4400000, 0x00000000c4400000|100%|HC|  |TAMS 0x00000000c4400000, 0x00000000c4300000| Complete 
|  68|0x00000000c4400000, 0x00000000c4500000, 0x00000000c4500000|100%|HC|  |TAMS 0x00000000c4500000, 0x00000000c4400000| Complete 
|  69|0x00000000c4500000, 0x00000000c4600000, 0x00000000c4600000|100%|HC|  |TAMS 0x00000000c4600000, 0x00000000c4500000| Complete 
|  70|0x00000000c4600000, 0x00000000c4700000, 0x00000000c4700000|100%|HC|  |TAMS 0x00000000c4700000, 0x00000000c4600000| Complete 
|  71|0x00000000c4700000, 0x00000000c4800000, 0x00000000c4800000|100%|HC|  |TAMS 0x00000000c4800000, 0x00000000c4700000| Complete 
|  72|0x00000000c4800000, 0x00000000c4900000, 0x00000000c4900000|100%|HC|  |TAMS 0x00000000c4900000, 0x00000000c4800000| Complete 
|  73|0x00000000c4900000, 0x00000000c4a00000, 0x00000000c4a00000|100%|HC|  |TAMS 0x00000000c4a00000, 0x00000000c4900000| Complete 
|  74|0x00000000c4a00000, 0x00000000c4b00000, 0x00000000c4b00000|100%|HC|  |TAMS 0x00000000c4b00000, 0x00000000c4a00000| Complete 
|  75|0x00000000c4b00000, 0x00000000c4c00000, 0x00000000c4c00000|100%|HC|  |TAMS 0x00000000c4c00000, 0x00000000c4b00000| Complete 
|  76|0x00000000c4c00000, 0x00000000c4d00000, 0x00000000c4d00000|100%|HC|  |TAMS 0x00000000c4d00000, 0x00000000c4c00000| Complete 
|  77|0x00000000c4d00000, 0x00000000c4e00000, 0x00000000c4e00000|100%|HC|  |TAMS 0x00000000c4e00000, 0x00000000c4d00000| Complete 
|  78|0x00000000c4e00000, 0x00000000c4f00000, 0x00000000c4f00000|100%|HC|  |TAMS 0x00000000c4f00000, 0x00000000c4e00000| Complete 
|  79|0x00000000c4f00000, 0x00000000c5000000, 0x00000000c5000000|100%|HC|  |TAMS 0x00000000c5000000, 0x00000000c4f00000| Complete 
|  80|0x00000000c5000000, 0x00000000c5100000, 0x00000000c5100000|100%|HC|  |TAMS 0x00000000c5100000, 0x00000000c5000000| Complete 
|  81|0x00000000c5100000, 0x00000000c5200000, 0x00000000c5200000|100%|HC|  |TAMS 0x00000000c5200000, 0x00000000c5100000| Complete 
|  82|0x00000000c5200000, 0x00000000c5300000, 0x00000000c5300000|100%|HC|  |TAMS 0x00000000c5300000, 0x00000000c5200000| Complete 
|  83|0x00000000c5300000, 0x00000000c5400000, 0x00000000c5400000|100%|HC|  |TAMS 0x00000000c5400000, 0x00000000c5300000| Complete 
|  84|0x00000000c5400000, 0x00000000c5500000, 0x00000000c5500000|100%|HC|  |TAMS 0x00000000c5500000, 0x00000000c5400000| Complete 
|  85|0x00000000c5500000, 0x00000000c5600000, 0x00000000c5600000|100%|HC|  |TAMS 0x00000000c5600000, 0x00000000c5500000| Complete 
|  86|0x00000000c5600000, 0x00000000c5700000, 0x00000000c5700000|100%|HC|  |TAMS 0x00000000c5700000, 0x00000000c5600000| Complete 
|  87|0x00000000c5700000, 0x00000000c5800000, 0x00000000c5800000|100%|HC|  |TAMS 0x00000000c5800000, 0x00000000c5700000| Complete 
|  88|0x00000000c5800000, 0x00000000c5900000, 0x00000000c5900000|100%|HC|  |TAMS 0x00000000c5900000, 0x00000000c5800000| Complete 
|  89|0x00000000c5900000, 0x00000000c5a00000, 0x00000000c5a00000|100%|HC|  |TAMS 0x00000000c5a00000, 0x00000000c5900000| Complete 
|  90|0x00000000c5a00000, 0x00000000c5b00000, 0x00000000c5b00000|100%|HC|  |TAMS 0x00000000c5b00000, 0x00000000c5a00000| Complete 
|  91|0x00000000c5b00000, 0x00000000c5c00000, 0x00000000c5c00000|100%|HC|  |TAMS 0x00000000c5c00000, 0x00000000c5b00000| Complete 
|  92|0x00000000c5c00000, 0x00000000c5d00000, 0x00000000c5d00000|100%|HC|  |TAMS 0x00000000c5d00000, 0x00000000c5c00000| Complete 
|  93|0x00000000c5d00000, 0x00000000c5e00000, 0x00000000c5e00000|100%|HC|  |TAMS 0x00000000c5e00000, 0x00000000c5d00000| Complete 
|  94|0x00000000c5e00000, 0x00000000c5f00000, 0x00000000c5f00000|100%|HC|  |TAMS 0x00000000c5f00000, 0x00000000c5e00000| Complete 
|  95|0x00000000c5f00000, 0x00000000c6000000, 0x00000000c6000000|100%|HC|  |TAMS 0x00000000c6000000, 0x00000000c5f00000| Complete 
|  96|0x00000000c6000000, 0x00000000c6100000, 0x00000000c6100000|100%|HC|  |TAMS 0x00000000c6100000, 0x00000000c6000000| Complete 
|  97|0x00000000c6100000, 0x00000000c6200000, 0x00000000c6200000|100%|HC|  |TAMS 0x00000000c6200000, 0x00000000c6100000| Complete 
|  98|0x00000000c6200000, 0x00000000c6300000, 0x00000000c6300000|100%|HC|  |TAMS 0x00000000c6300000, 0x00000000c6200000| Complete 
|  99|0x00000000c6300000, 0x00000000c6400000, 0x00000000c6400000|100%|HC|  |TAMS 0x00000000c6400000, 0x00000000c6300000| Complete 
| 100|0x00000000c6400000, 0x00000000c6500000, 0x00000000c6500000|100%|HC|  |TAMS 0x00000000c6500000, 0x00000000c6400000| Complete 
| 101|0x00000000c6500000, 0x00000000c6600000, 0x00000000c6600000|100%|HC|  |TAMS 0x00000000c6600000, 0x00000000c6500000| Complete 
| 102|0x00000000c6600000, 0x00000000c6700000, 0x00000000c6700000|100%|HC|  |TAMS 0x00000000c6700000, 0x00000000c6600000| Complete 
| 103|0x00000000c6700000, 0x00000000c6800000, 0x00000000c6800000|100%| O|  |TAMS 0x00000000c6700000, 0x00000000c6700000| Untracked 
| 104|0x00000000c6800000, 0x00000000c687a400, 0x00000000c6900000| 47%| O|  |TAMS 0x00000000c6800000, 0x00000000c6800000| Untracked 
| 105|0x00000000c6900000, 0x00000000c6900000, 0x00000000c6a00000|  0%| F|  |TAMS 0x00000000c6900000, 0x00000000c6900000| Untracked 
| 106|0x00000000c6a00000, 0x00000000c6a00000, 0x00000000c6b00000|  0%| F|  |TAMS 0x00000000c6a00000, 0x00000000c6a00000| Untracked 
| 107|0x00000000c6b00000, 0x00000000c6b00000, 0x00000000c6c00000|  0%| F|  |TAMS 0x00000000c6b00000, 0x00000000c6b00000| Untracked 
| 108|0x00000000c6c00000, 0x00000000c6c00000, 0x00000000c6d00000|  0%| F|  |TAMS 0x00000000c6c00000, 0x00000000c6c00000| Untracked 
| 109|0x00000000c6d00000, 0x00000000c6d00000, 0x00000000c6e00000|  0%| F|  |TAMS 0x00000000c6d00000, 0x00000000c6d00000| Untracked 
| 110|0x00000000c6e00000, 0x00000000c6e00000, 0x00000000c6f00000|  0%| F|  |TAMS 0x00000000c6e00000, 0x00000000c6e00000| Untracked 
| 111|0x00000000c6f00000, 0x00000000c6f00000, 0x00000000c7000000|  0%| F|  |TAMS 0x00000000c6f00000, 0x00000000c6f00000| Untracked 
| 112|0x00000000c7000000, 0x00000000c7000000, 0x00000000c7100000|  0%| F|  |TAMS 0x00000000c7000000, 0x00000000c7000000| Untracked 
| 113|0x00000000c7100000, 0x00000000c7100000, 0x00000000c7200000|  0%| F|  |TAMS 0x00000000c7100000, 0x00000000c7100000| Untracked 
| 114|0x00000000c7200000, 0x00000000c7200000, 0x00000000c7300000|  0%| F|  |TAMS 0x00000000c7200000, 0x00000000c7200000| Untracked 
| 115|0x00000000c7300000, 0x00000000c7300000, 0x00000000c7400000|  0%| F|  |TAMS 0x00000000c7300000, 0x00000000c7300000| Untracked 
| 116|0x00000000c7400000, 0x00000000c7400000, 0x00000000c7500000|  0%| F|  |TAMS 0x00000000c7400000, 0x00000000c7400000| Untracked 
| 117|0x00000000c7500000, 0x00000000c7500000, 0x00000000c7600000|  0%| F|  |TAMS 0x00000000c7500000, 0x00000000c7500000| Untracked 
| 118|0x00000000c7600000, 0x00000000c7600000, 0x00000000c7700000|  0%| F|  |TAMS 0x00000000c7600000, 0x00000000c7600000| Untracked 
| 119|0x00000000c7700000, 0x00000000c7700000, 0x00000000c7800000|  0%| F|  |TAMS 0x00000000c7700000, 0x00000000c7700000| Untracked 
| 120|0x00000000c7800000, 0x00000000c7800000, 0x00000000c7900000|  0%| F|  |TAMS 0x00000000c7800000, 0x00000000c7800000| Untracked 
| 121|0x00000000c7900000, 0x00000000c7900000, 0x00000000c7a00000|  0%| F|  |TAMS 0x00000000c7900000, 0x00000000c7900000| Untracked 
| 122|0x00000000c7a00000, 0x00000000c7a00000, 0x00000000c7b00000|  0%| F|  |TAMS 0x00000000c7a00000, 0x00000000c7a00000| Untracked 
| 123|0x00000000c7b00000, 0x00000000c7b00000, 0x00000000c7c00000|  0%| F|  |TAMS 0x00000000c7b00000, 0x00000000c7b00000| Untracked 
| 124|0x00000000c7c00000, 0x00000000c7c00000, 0x00000000c7d00000|  0%| F|  |TAMS 0x00000000c7c00000, 0x00000000c7c00000| Untracked 
| 125|0x00000000c7d00000, 0x00000000c7d00000, 0x00000000c7e00000|  0%| F|  |TAMS 0x00000000c7d00000, 0x00000000c7d00000| Untracked 
| 126|0x00000000c7e00000, 0x00000000c7e00000, 0x00000000c7f00000|  0%| F|  |TAMS 0x00000000c7e00000, 0x00000000c7e00000| Untracked 
| 127|0x00000000c7f00000, 0x00000000c7f00000, 0x00000000c8000000|  0%| F|  |TAMS 0x00000000c7f00000, 0x00000000c7f00000| Untracked 
| 128|0x00000000c8000000, 0x00000000c8000000, 0x00000000c8100000|  0%| F|  |TAMS 0x00000000c8000000, 0x00000000c8000000| Untracked 
| 129|0x00000000c8100000, 0x00000000c8100000, 0x00000000c8200000|  0%| F|  |TAMS 0x00000000c8100000, 0x00000000c8100000| Untracked 
| 130|0x00000000c8200000, 0x00000000c8200000, 0x00000000c8300000|  0%| F|  |TAMS 0x00000000c8200000, 0x00000000c8200000| Untracked 
| 131|0x00000000c8300000, 0x00000000c8300000, 0x00000000c8400000|  0%| F|  |TAMS 0x00000000c8300000, 0x00000000c8300000| Untracked 
| 132|0x00000000c8400000, 0x00000000c8400000, 0x00000000c8500000|  0%| F|  |TAMS 0x00000000c8400000, 0x00000000c8400000| Untracked 
| 133|0x00000000c8500000, 0x00000000c8500000, 0x00000000c8600000|  0%| F|  |TAMS 0x00000000c8500000, 0x00000000c8500000| Untracked 
| 134|0x00000000c8600000, 0x00000000c8600000, 0x00000000c8700000|  0%| F|  |TAMS 0x00000000c8600000, 0x00000000c8600000| Untracked 
| 135|0x00000000c8700000, 0x00000000c8800000, 0x00000000c8800000|100%| S|CS|TAMS 0x00000000c8700000, 0x00000000c8700000| Complete 
| 136|0x00000000c8800000, 0x00000000c8900000, 0x00000000c8900000|100%| S|CS|TAMS 0x00000000c8800000, 0x00000000c8800000| Complete 
| 137|0x00000000c8900000, 0x00000000c8a00000, 0x00000000c8a00000|100%| S|CS|TAMS 0x00000000c8900000, 0x00000000c8900000| Complete 
| 138|0x00000000c8a00000, 0x00000000c8b00000, 0x00000000c8b00000|100%| S|CS|TAMS 0x00000000c8a00000, 0x00000000c8a00000| Complete 
| 139|0x00000000c8b00000, 0x00000000c8b00000, 0x00000000c8c00000|  0%| F|  |TAMS 0x00000000c8b00000, 0x00000000c8b00000| Untracked 
| 140|0x00000000c8c00000, 0x00000000c8c00000, 0x00000000c8d00000|  0%| F|  |TAMS 0x00000000c8c00000, 0x00000000c8c00000| Untracked 
| 141|0x00000000c8d00000, 0x00000000c8d00000, 0x00000000c8e00000|  0%| F|  |TAMS 0x00000000c8d00000, 0x00000000c8d00000| Untracked 
| 142|0x00000000c8e00000, 0x00000000c8e00000, 0x00000000c8f00000|  0%| F|  |TAMS 0x00000000c8e00000, 0x00000000c8e00000| Untracked 
| 143|0x00000000c8f00000, 0x00000000c8f00000, 0x00000000c9000000|  0%| F|  |TAMS 0x00000000c8f00000, 0x00000000c8f00000| Untracked 
| 144|0x00000000c9000000, 0x00000000c9000000, 0x00000000c9100000|  0%| F|  |TAMS 0x00000000c9000000, 0x00000000c9000000| Untracked 
| 145|0x00000000c9100000, 0x00000000c9100000, 0x00000000c9200000|  0%| F|  |TAMS 0x00000000c9100000, 0x00000000c9100000| Untracked 
| 146|0x00000000c9200000, 0x00000000c9200000, 0x00000000c9300000|  0%| F|  |TAMS 0x00000000c9200000, 0x00000000c9200000| Untracked 
| 147|0x00000000c9300000, 0x00000000c9300000, 0x00000000c9400000|  0%| F|  |TAMS 0x00000000c9300000, 0x00000000c9300000| Untracked 
| 148|0x00000000c9400000, 0x00000000c9400000, 0x00000000c9500000|  0%| F|  |TAMS 0x00000000c9400000, 0x00000000c9400000| Untracked 
| 149|0x00000000c9500000, 0x00000000c9500000, 0x00000000c9600000|  0%| F|  |TAMS 0x00000000c9500000, 0x00000000c9500000| Untracked 
| 150|0x00000000c9600000, 0x00000000c9600000, 0x00000000c9700000|  0%| F|  |TAMS 0x00000000c9600000, 0x00000000c9600000| Untracked 
| 151|0x00000000c9700000, 0x00000000c9700000, 0x00000000c9800000|  0%| F|  |TAMS 0x00000000c9700000, 0x00000000c9700000| Untracked 
| 152|0x00000000c9800000, 0x00000000c9800000, 0x00000000c9900000|  0%| F|  |TAMS 0x00000000c9800000, 0x00000000c9800000| Untracked 
| 153|0x00000000c9900000, 0x00000000c9900000, 0x00000000c9a00000|  0%| F|  |TAMS 0x00000000c9900000, 0x00000000c9900000| Untracked 
| 154|0x00000000c9a00000, 0x00000000c9a00000, 0x00000000c9b00000|  0%| F|  |TAMS 0x00000000c9a00000, 0x00000000c9a00000| Untracked 
| 155|0x00000000c9b00000, 0x00000000c9b00000, 0x00000000c9c00000|  0%| F|  |TAMS 0x00000000c9b00000, 0x00000000c9b00000| Untracked 
| 156|0x00000000c9c00000, 0x00000000c9c00000, 0x00000000c9d00000|  0%| F|  |TAMS 0x00000000c9c00000, 0x00000000c9c00000| Untracked 
| 157|0x00000000c9d00000, 0x00000000c9d00000, 0x00000000c9e00000|  0%| F|  |TAMS 0x00000000c9d00000, 0x00000000c9d00000| Untracked 
| 158|0x00000000c9e00000, 0x00000000c9e00000, 0x00000000c9f00000|  0%| F|  |TAMS 0x00000000c9e00000, 0x00000000c9e00000| Untracked 
| 159|0x00000000c9f00000, 0x00000000c9f00000, 0x00000000ca000000|  0%| F|  |TAMS 0x00000000c9f00000, 0x00000000c9f00000| Untracked 
| 160|0x00000000ca000000, 0x00000000ca000000, 0x00000000ca100000|  0%| F|  |TAMS 0x00000000ca000000, 0x00000000ca000000| Untracked 
| 161|0x00000000ca100000, 0x00000000ca100000, 0x00000000ca200000|  0%| F|  |TAMS 0x00000000ca100000, 0x00000000ca100000| Untracked 
| 162|0x00000000ca200000, 0x00000000ca200000, 0x00000000ca300000|  0%| F|  |TAMS 0x00000000ca200000, 0x00000000ca200000| Untracked 
| 163|0x00000000ca300000, 0x00000000ca300000, 0x00000000ca400000|  0%| F|  |TAMS 0x00000000ca300000, 0x00000000ca300000| Untracked 
| 164|0x00000000ca400000, 0x00000000ca400000, 0x00000000ca500000|  0%| F|  |TAMS 0x00000000ca400000, 0x00000000ca400000| Untracked 
| 165|0x00000000ca500000, 0x00000000ca500000, 0x00000000ca600000|  0%| F|  |TAMS 0x00000000ca500000, 0x00000000ca500000| Untracked 
| 166|0x00000000ca600000, 0x00000000ca600000, 0x00000000ca700000|  0%| F|  |TAMS 0x00000000ca600000, 0x00000000ca600000| Untracked 

Card table byte_map: [0x000001a77b120000,0x000001a77b320000] _byte_map_base: 0x000001a77ab20000

Marking Bits (Prev, Next): (CMBitMap*) 0x000001a77b093240, (CMBitMap*) 0x000001a77b093280
 Prev Bits: [0x000001a77b520000, 0x000001a77c520000)
 Next Bits: [0x000001a77c520000, 0x000001a77d520000)

Polling page: 0x000001a7791f0000

Metaspace:

Usage:
  Non-class:     28.07 MB used.
      Class:      4.16 MB used.
       Both:     32.24 MB used.

Virtual space:
  Non-class space:       64.00 MB reserved,      28.25 MB ( 44%) committed,  1 nodes.
      Class space:        1.00 GB reserved,       4.31 MB ( <1%) committed,  1 nodes.
             Both:        1.06 GB reserved,      32.56 MB (  3%) committed. 

Chunk freelists:
   Non-Class:  3.56 MB
       Class:  3.58 MB
        Both:  7.14 MB

MaxMetaspaceSize: unlimited
CompressedClassSpaceSize: 1.00 GB
Initial GC threshold: 21.00 MB
Current GC threshold: 54.06 MB
CDS: on
MetaspaceReclaimPolicy: balanced
 - commit_granule_bytes: 65536.
 - commit_granule_words: 8192.
 - virtual_space_node_default_size: 8388608.
 - enlarge_chunks_in_place: 1.
 - new_chunks_are_fully_committed: 0.
 - uncommit_free_chunks: 1.
 - use_allocation_guard: 0.


Internal statistics:

num_allocs_failed_limit: 3.
num_arena_births: 452.
num_arena_deaths: 0.
num_vsnodes_births: 2.
num_vsnodes_deaths: 0.
num_space_committed: 521.
num_space_uncommitted: 0.
num_chunks_returned_to_freelist: 3.
num_chunks_taken_from_freelist: 1507.
num_chunk_merges: 3.
num_chunk_splits: 1075.
num_chunks_enlarged: 852.
num_inconsistent_stats: 0.

CodeHeap 'non-profiled nmethods': size=120064Kb used=2473Kb max_used=2689Kb free=117590Kb
 bounds [0x000001a70f960000, 0x000001a70fc10000, 0x000001a716ea0000]
CodeHeap 'profiled nmethods': size=120000Kb used=12633Kb max_used=14307Kb free=107366Kb
 bounds [0x000001a707ea0000, 0x000001a708ca0000, 0x000001a70f3d0000]
CodeHeap 'non-nmethods': size=5696Kb used=1637Kb max_used=1719Kb free=4058Kb
 bounds [0x000001a70f3d0000, 0x000001a70f640000, 0x000001a70f960000]
 total_blobs=6698 nmethods=5750 adapters=856
 compilation: enabled
              stopped_count=0, restarted_count=0
 full_count=0

Compilation events (20 events):
Event: 15.882 Thread 0x000001a77f7bd8b0 6818       3       javafx.scene.control.SkinBase::<init> (37 bytes)
Event: 15.883 Thread 0x000001a77f7bd8b0 nmethod 6818 0x000001a708463710 code [0x000001a708463980, 0x000001a7084642f8]
Event: 15.884 Thread 0x000001a77f7bd8b0 6819       3       javafx.scene.shape.Rectangle$4::invalidated (18 bytes)
Event: 15.884 Thread 0x000001a77f7bd8b0 nmethod 6819 0x000001a7085d5f10 code [0x000001a7085d6100, 0x000001a7085d64d8]
Event: 15.884 Thread 0x000001a77f7bd8b0 6820       3       javafx.scene.shape.Rectangle$5::invalidated (18 bytes)
Event: 15.884 Thread 0x000001a77f7bd8b0 nmethod 6820 0x000001a7087c4390 code [0x000001a7087c4580, 0x000001a7087c4958]
Event: 15.887 Thread 0x000001a77f7bd8b0 6821       3       com.sun.javafx.scene.control.LambdaMultiplePropertyChangeListenerHandler::<init> (113 bytes)
Event: 15.888 Thread 0x000001a77f7bd8b0 nmethod 6821 0x000001a707edfe90 code [0x000001a707ee02e0, 0x000001a707ee25e8]
Event: 15.897 Thread 0x000001a77f7bd8b0 6822       3       com.sun.javafx.scene.control.LabeledText::<init> (173 bytes)
Event: 15.900 Thread 0x000001a77f7bd8b0 nmethod 6822 0x000001a708a12a90 code [0x000001a708a130e0, 0x000001a708a16ed8]
Event: 15.901 Thread 0x000001a77f7bd8b0 6823       3       javafx.scene.control.Labeled::ellipsisStringProperty (26 bytes)
Event: 15.901 Thread 0x000001a77f7bd8b0 nmethod 6823 0x000001a708a11690 code [0x000001a708a11860, 0x000001a708a11c28]
Event: 15.901 Thread 0x000001a77f7bd8b0 6824       3       javafx.scene.control.Labeled::graphicTextGapProperty (27 bytes)
Event: 15.901 Thread 0x000001a77f7bd8b0 nmethod 6824 0x000001a708837790 code [0x000001a708837980, 0x000001a708837d48]
Event: 15.901 Thread 0x000001a77f7bd8b0 6825       3       javafx.scene.control.Labeled::textOverrunProperty (27 bytes)
Event: 15.902 Thread 0x000001a77f7bd8b0 nmethod 6825 0x000001a70887b290 code [0x000001a70887b460, 0x000001a70887b828]
Event: 15.902 Thread 0x000001a77f7bd8b0 6826       3       com.sun.javafx.event.CompositeEventHandler::remove (45 bytes)
Event: 15.903 Thread 0x000001a77f7bd8b0 nmethod 6826 0x000001a7088dfb90 code [0x000001a7088dfd60, 0x000001a7088e00b8]
Event: 15.906 Thread 0x000001a77f7bd8b0 6827       3       com.sun.javafx.scene.control.behavior.CellBehaviorBase::<init> (107 bytes)
Event: 15.907 Thread 0x000001a77f7bd8b0 nmethod 6827 0x000001a7080a2190 code [0x000001a7080a25c0, 0x000001a7080a4b48]

GC Heap History (20 events):
Event: 8.035 GC heap after
{Heap after GC invocations=8 (full 0):
 garbage-first heap   total 105472K, used 65501K [0x00000000c0000000, 0x0000000100000000)
  region size 1024K, 1 young (1024K), 1 survivors (1024K)
 Metaspace       used 28701K, committed 29056K, reserved 1114112K
  class space    used 3800K, committed 3968K, reserved 1048576K
}
Event: 8.766 GC heap before
{Heap before GC invocations=8 (full 0):
 garbage-first heap   total 105472K, used 83933K [0x00000000c0000000, 0x0000000100000000)
  region size 1024K, 19 young (19456K), 1 survivors (1024K)
 Metaspace       used 31154K, committed 31488K, reserved 1114112K
  class space    used 4201K, committed 4352K, reserved 1048576K
}
Event: 8.775 GC heap after
{Heap after GC invocations=9 (full 0):
 garbage-first heap   total 105472K, used 68564K [0x00000000c0000000, 0x0000000100000000)
  region size 1024K, 3 young (3072K), 3 survivors (3072K)
 Metaspace       used 31154K, committed 31488K, reserved 1114112K
  class space    used 4201K, committed 4352K, reserved 1048576K
}
Event: 9.130 GC heap before
{Heap before GC invocations=10 (full 0):
 garbage-first heap   total 116736K, used 83924K [0x00000000c0000000, 0x0000000100000000)
  region size 1024K, 18 young (18432K), 3 survivors (3072K)
 Metaspace       used 31547K, committed 31872K, reserved 1114112K
  class space    used 4207K, committed 4352K, reserved 1048576K
}
Event: 9.142 GC heap after
{Heap after GC invocations=11 (full 0):
 garbage-first heap   total 116736K, used 73375K [0x00000000c0000000, 0x0000000100000000)
  region size 1024K, 3 young (3072K), 3 survivors (3072K)
 Metaspace       used 31547K, committed 31872K, reserved 1114112K
  class space    used 4207K, committed 4352K, reserved 1048576K
}
Event: 9.237 GC heap before
{Heap before GC invocations=11 (full 0):
 garbage-first heap   total 116736K, used 74399K [0x00000000c0000000, 0x0000000100000000)
  region size 1024K, 5 young (5120K), 3 survivors (3072K)
 Metaspace       used 31612K, committed 32000K, reserved 1114112K
  class space    used 4210K, committed 4352K, reserved 1048576K
}
Event: 9.246 GC heap after
{Heap after GC invocations=12 (full 0):
 garbage-first heap   total 159744K, used 74484K [0x00000000c0000000, 0x0000000100000000)
  region size 1024K, 1 young (1024K), 1 survivors (1024K)
 Metaspace       used 31612K, committed 32000K, reserved 1114112K
  class space    used 4210K, committed 4352K, reserved 1048576K
}
Event: 9.847 GC heap before
{Heap before GC invocations=12 (full 0):
 garbage-first heap   total 159744K, used 116468K [0x00000000c0000000, 0x0000000100000000)
  region size 1024K, 42 young (43008K), 1 survivors (1024K)
 Metaspace       used 31813K, committed 32128K, reserved 1114112K
  class space    used 4210K, committed 4352K, reserved 1048576K
}
Event: 9.869 GC heap after
{Heap after GC invocations=13 (full 0):
 garbage-first heap   total 159744K, used 90476K [0x00000000c0000000, 0x0000000100000000)
  region size 1024K, 6 young (6144K), 6 survivors (6144K)
 Metaspace       used 31813K, committed 32128K, reserved 1114112K
  class space    used 4210K, committed 4352K, reserved 1048576K
}
Event: 13.855 GC heap before
{Heap before GC invocations=14 (full 0):
 garbage-first heap   total 159744K, used 119148K [0x00000000c0000000, 0x0000000100000000)
  region size 1024K, 34 young (34816K), 6 survivors (6144K)
 Metaspace       used 32766K, committed 33152K, reserved 1114112K
  class space    used 4257K, committed 4416K, reserved 1048576K
}
Event: 13.877 GC heap after
{Heap after GC invocations=15 (full 0):
 garbage-first heap   total 159744K, used 98304K [0x00000000c0000000, 0x0000000100000000)
  region size 1024K, 5 young (5120K), 5 survivors (5120K)
 Metaspace       used 32766K, committed 33152K, reserved 1114112K
  class space    used 4257K, committed 4416K, reserved 1048576K
}
Event: 13.889 GC heap before
{Heap before GC invocations=15 (full 0):
 garbage-first heap   total 159744K, used 100352K [0x00000000c0000000, 0x0000000100000000)
  region size 1024K, 7 young (7168K), 5 survivors (5120K)
 Metaspace       used 32767K, committed 33152K, reserved 1114112K
  class space    used 4257K, committed 4416K, reserved 1048576K
}
Event: 13.899 GC heap after
{Heap after GC invocations=16 (full 0):
 garbage-first heap   total 159744K, used 99328K [0x00000000c0000000, 0x0000000100000000)
  region size 1024K, 1 young (1024K), 1 survivors (1024K)
 Metaspace       used 32767K, committed 33152K, reserved 1114112K
  class space    used 4257K, committed 4416K, reserved 1048576K
}
Event: 14.699 GC heap before
{Heap before GC invocations=16 (full 0):
 garbage-first heap   total 159744K, used 123904K [0x00000000c0000000, 0x0000000100000000)
  region size 1024K, 25 young (25600K), 1 survivors (1024K)
 Metaspace       used 32866K, committed 33216K, reserved 1114112K
  class space    used 4257K, committed 4416K, reserved 1048576K
}
Event: 14.722 GC heap after
{Heap after GC invocations=17 (full 0):
 garbage-first heap   total 159744K, used 104960K [0x00000000c0000000, 0x0000000100000000)
  region size 1024K, 4 young (4096K), 4 survivors (4096K)
 Metaspace       used 32866K, committed 33216K, reserved 1114112K
  class space    used 4257K, committed 4416K, reserved 1048576K
}
Event: 15.604 GC heap before
{Heap before GC invocations=18 (full 0):
 garbage-first heap   total 171008K, used 121344K [0x00000000c0000000, 0x0000000100000000)
  region size 1024K, 25 young (25600K), 4 survivors (4096K)
 Metaspace       used 32903K, committed 33280K, reserved 1114112K
  class space    used 4257K, committed 4416K, reserved 1048576K
}
Event: 15.622 GC heap after
{Heap after GC invocations=19 (full 0):
 garbage-first heap   total 171008K, used 105418K [0x00000000c0000000, 0x0000000100000000)
  region size 1024K, 4 young (4096K), 4 survivors (4096K)
 Metaspace       used 32903K, committed 33280K, reserved 1114112K
  class space    used 4257K, committed 4416K, reserved 1048576K
}
Event: 15.669 GC heap before
{Heap before GC invocations=19 (full 0):
 garbage-first heap   total 171008K, used 109514K [0x00000000c0000000, 0x0000000100000000)
  region size 1024K, 8 young (8192K), 4 survivors (4096K)
 Metaspace       used 32907K, committed 33280K, reserved 1114112K
  class space    used 4257K, committed 4416K, reserved 1048576K
}
Event: 15.678 GC heap after
{Heap after GC invocations=20 (full 0):
 garbage-first heap   total 171008K, used 105236K [0x00000000c0000000, 0x0000000100000000)
  region size 1024K, 1 young (1024K), 1 survivors (1024K)
 Metaspace       used 32907K, committed 33280K, reserved 1114112K
  class space    used 4257K, committed 4416K, reserved 1048576K
}
Event: 15.909 GC heap before
{Heap before GC invocations=20 (full 0):
 garbage-first heap   total 171008K, used 132884K [0x00000000c0000000, 0x0000000100000000)
  region size 1024K, 28 young (28672K), 1 survivors (1024K)
 Metaspace       used 33009K, committed 33344K, reserved 1114112K
  class space    used 4264K, committed 4416K, reserved 1048576K
}

Dll operation events (20 events):
Event: 0.552 Loaded shared library C:\Program Files\Java\javafx-sdk-19\bin\api-ms-win-crt-private-l1-1-0.dll
Event: 0.555 Loaded shared library C:\Program Files\Java\javafx-sdk-19\bin\api-ms-win-crt-process-l1-1-0.dll
Event: 0.556 Loaded shared library C:\Program Files\Java\javafx-sdk-19\bin\api-ms-win-crt-runtime-l1-1-0.dll
Event: 0.558 Loaded shared library C:\Program Files\Java\javafx-sdk-19\bin\api-ms-win-crt-stdio-l1-1-0.dll
Event: 0.560 Loaded shared library C:\Program Files\Java\javafx-sdk-19\bin\api-ms-win-crt-string-l1-1-0.dll
Event: 0.562 Loaded shared library C:\Program Files\Java\javafx-sdk-19\bin\api-ms-win-crt-time-l1-1-0.dll
Event: 0.563 Loaded shared library C:\Program Files\Java\javafx-sdk-19\bin\api-ms-win-crt-utility-l1-1-0.dll
Event: 0.567 Loaded shared library C:\Program Files\Java\javafx-sdk-19\bin\ucrtbase.dll
Event: 0.571 Loaded shared library C:\Program Files\Java\javafx-sdk-19\bin\vcruntime140.dll
Event: 0.573 Loaded shared library C:\Program Files\Java\javafx-sdk-19\bin\vcruntime140_1.dll
Event: 0.582 Loaded shared library C:\Program Files\Java\javafx-sdk-19\bin\msvcp140.dll
Event: 0.585 Loaded shared library C:\Program Files\Java\javafx-sdk-19\bin\msvcp140_1.dll
Event: 0.591 Loaded shared library C:\Program Files\Java\javafx-sdk-19\bin\msvcp140_2.dll
Event: 0.651 Loaded shared library C:\Program Files\Java\javafx-sdk-19\bin\prism_d3d.dll
Event: 0.715 Loaded shared library C:\Program Files\Java\javafx-sdk-19\bin\glass.dll
Event: 0.824 Loaded shared library C:\Program Files\Java\jdk-19\bin\jimage.dll
Event: 1.301 Loaded shared library C:\Program Files\Java\javafx-sdk-19\bin\javafx_font.dll
Event: 5.904 Loaded shared library C:\Program Files\Java\jdk-19\bin\management.dll
Event: 5.918 Loaded shared library C:\Program Files\Java\jdk-19\bin\management_ext.dll
Event: 7.660 Loaded shared library C:\Program Files\Java\javafx-sdk-19\bin\javafx_iio.dll

Deoptimization events (20 events):
Event: 15.770 Thread 0x000001a77f75cae0 DEOPT PACKING pc=0x000001a708747b98 sp=0x00000021456fd180
Event: 15.770 Thread 0x000001a77f75cae0 DEOPT UNPACKING pc=0x000001a70f437543 sp=0x00000021456fc5e0 mode 0
Event: 15.783 Thread 0x000001a77f75cae0 DEOPT PACKING pc=0x000001a708747b98 sp=0x00000021456fd180
Event: 15.783 Thread 0x000001a77f75cae0 DEOPT UNPACKING pc=0x000001a70f437543 sp=0x00000021456fc5e0 mode 0
Event: 15.799 Thread 0x000001a77f75cae0 Uncommon trap: trap_request=0xffffff45 fr.pc=0x000001a70fb79250 relative=0x0000000000000850
Event: 15.799 Thread 0x000001a77f75cae0 Uncommon trap: reason=unstable_if action=reinterpret pc=0x000001a70fb79250 method=javafx.scene.text.Text.getFont()Ljavafx/scene/text/Font; @ 4 c2
Event: 15.799 Thread 0x000001a77f75cae0 DEOPT PACKING pc=0x000001a70fb79250 sp=0x00000021456fd490
Event: 15.799 Thread 0x000001a77f75cae0 DEOPT UNPACKING pc=0x000001a70f436da3 sp=0x00000021456fd370 mode 2
Event: 15.818 Thread 0x000001a77f75cae0 DEOPT PACKING pc=0x000001a708747b98 sp=0x00000021456fddf0
Event: 15.818 Thread 0x000001a77f75cae0 DEOPT UNPACKING pc=0x000001a70f437543 sp=0x00000021456fd250 mode 0
Event: 15.844 Thread 0x000001a77f75cae0 DEOPT PACKING pc=0x000001a708747b98 sp=0x00000021456fdd90
Event: 15.844 Thread 0x000001a77f75cae0 DEOPT UNPACKING pc=0x000001a70f437543 sp=0x00000021456fd1f0 mode 0
Event: 15.853 Thread 0x000001a77f75cae0 DEOPT PACKING pc=0x000001a708705e62 sp=0x00000021456fdbd0
Event: 15.853 Thread 0x000001a77f75cae0 DEOPT UNPACKING pc=0x000001a70f437543 sp=0x00000021456fd050 mode 0
Event: 15.859 Thread 0x000001a77f75cae0 DEOPT PACKING pc=0x000001a7089a5b0b sp=0x00000021456fdee0
Event: 15.859 Thread 0x000001a77f75cae0 DEOPT UNPACKING pc=0x000001a70f437543 sp=0x00000021456fd358 mode 0
Event: 15.877 Thread 0x000001a77f75cae0 DEOPT PACKING pc=0x000001a708747b98 sp=0x00000021456fdd90
Event: 15.877 Thread 0x000001a77f75cae0 DEOPT UNPACKING pc=0x000001a70f437543 sp=0x00000021456fd1f0 mode 0
Event: 15.897 Thread 0x000001a77f75cae0 DEOPT PACKING pc=0x000001a708747b98 sp=0x00000021456fdd90
Event: 15.897 Thread 0x000001a77f75cae0 DEOPT UNPACKING pc=0x000001a70f437543 sp=0x00000021456fd1f0 mode 0

Classes loaded (20 events):
Event: 15.801 Loading class sun/util/locale/provider/BreakIteratorProviderImpl
Event: 15.802 Loading class sun/util/locale/provider/BreakIteratorProviderImpl done
Event: 15.803 Loading class sun/text/resources/BreakIteratorInfo
Event: 15.803 Loading class sun/text/resources/BreakIteratorInfo done
Event: 15.804 Loading class sun/text/resources/BreakIteratorResources
Event: 15.804 Loading class sun/util/resources/BreakIteratorResourceBundle
Event: 15.804 Loading class sun/util/resources/BreakIteratorResourceBundle done
Event: 15.804 Loading class sun/text/resources/BreakIteratorResources done
Event: 15.804 Loading class sun/text/resources/BreakIteratorResources_en
Event: 15.804 Loading class sun/text/resources/BreakIteratorResources_en done
Event: 15.804 Loading class sun/text/resources/BreakIteratorResources_en_US
Event: 15.804 Loading class sun/text/resources/BreakIteratorResources_en_US done
Event: 15.805 Loading class sun/text/RuleBasedBreakIterator
Event: 15.806 Loading class sun/text/RuleBasedBreakIterator done
Event: 15.806 Loading class sun/text/CompactByteArray
Event: 15.807 Loading class sun/text/CompactByteArray done
Event: 15.808 Loading class sun/text/SupplementaryCharacterData
Event: 15.808 Loading class sun/text/SupplementaryCharacterData done
Event: 15.808 Loading class java/text/BreakIterator$BreakIteratorCache
Event: 15.808 Loading class java/text/BreakIterator$BreakIteratorCache done

Classes unloaded (0 events):
No events

Classes redefined (0 events):
No events

Internal exceptions (20 events):
Event: 7.351 Thread 0x000001a77f75cae0 Exception <a 'java/lang/NoSuchMethodError'{0x00000000c345e208}: 'long java.lang.invoke.Invokers$Holder.invokeExact_MT(java.lang.Object, java.lang.Object)'> (0x00000000c345e208) 
thrown [s\open\src\hotspot\share\interpreter\linkResolver.cpp, line 774]
Event: 7.504 Thread 0x000001a77f75cae0 Exception <a 'java/lang/NoSuchMethodError'{0x00000000c2d91a00}: 'java.lang.Object java.lang.invoke.DelegatingMethodHandle$Holder.reinvoke_L(java.lang.Object, double, double, double, double)'> (0x00000000c2d91a00) 
thrown [s\open\src\hotspot\share\interpreter\linkResolver.cpp, line 774]
Event: 7.505 Thread 0x000001a77f75cae0 Exception <a 'java/lang/NoSuchMethodError'{0x00000000c2d9cef8}: 'java.lang.Object java.lang.invoke.DirectMethodHandle$Holder.invokeStatic(java.lang.Object, java.lang.Object, int)'> (0x00000000c2d9cef8) 
thrown [s\open\src\hotspot\share\interpreter\linkResolver.cpp, line 774]
Event: 7.506 Thread 0x000001a77f75cae0 Exception <a 'java/lang/NoSuchMethodError'{0x00000000c2da0ee0}: 'void java.lang.invoke.DirectMethodHandle$Holder.invokeStatic(java.lang.Object, java.lang.Object, int, java.lang.Object)'> (0x00000000c2da0ee0) 
thrown [s\open\src\hotspot\share\interpreter\linkResolver.cpp, line 774]
Event: 7.506 Thread 0x000001a77f75cae0 Exception <a 'java/lang/NoSuchMethodError'{0x00000000c2da81a8}: 'void java.lang.invoke.DelegatingMethodHandle$Holder.delegate(java.lang.Object, java.lang.Object, int, java.lang.Object)'> (0x00000000c2da81a8) 
thrown [s\open\src\hotspot\share\interpreter\linkResolver.cpp, line 774]
Event: 7.574 Thread 0x000001a77f75cae0 Exception <a 'java/lang/NoSuchMethodError'{0x00000000c2b80e70}: 'java.lang.Object java.lang.invoke.DirectMethodHandle$Holder.newInvokeSpecial(java.lang.Object, double)'> (0x00000000c2b80e70) 
thrown [s\open\src\hotspot\share\interpreter\linkResolver.cpp, line 774]
Event: 8.109 Thread 0x000001a77f75cae0 Exception <a 'java/lang/NoSuchMethodError'{0x00000000c3de9c78}: 'java.lang.Object java.lang.invoke.DirectMethodHandle$Holder.newInvokeSpecial(java.lang.Object, java.lang.Object, int, int)'> (0x00000000c3de9c78) 
thrown [s\open\src\hotspot\share\interpreter\linkResolver.cpp, line 774]
Event: 8.110 Thread 0x000001a77f75cae0 Exception <a 'java/lang/NoSuchMethodError'{0x00000000c3dee130}: 'java.lang.Object java.lang.invoke.DirectMethodHandle$Holder.invokeSpecial(java.lang.Object, java.lang.Object, java.lang.Object, int, int)'> (0x00000000c3dee130) 
thrown [s\open\src\hotspot\share\interpreter\linkResolver.cpp, line 774]
Event: 8.166 Thread 0x000001a77f75cae0 Implicit null exception at 0x000001a70fab3f00 to 0x000001a70fab4870
Event: 8.361 Thread 0x000001a77f75cae0 Exception <a 'java/io/FileNotFoundException'{0x00000000c3ae3f20}> (0x00000000c3ae3f20) 
thrown [s\open\src\hotspot\share\prims\jni.cpp, line 517]
Event: 8.380 Thread 0x000001a77f75cae0 Exception <a 'java/io/FileNotFoundException'{0x00000000c39246e8}> (0x00000000c39246e8) 
thrown [s\open\src\hotspot\share\prims\jni.cpp, line 517]
Event: 8.547 Thread 0x000001a77f75cae0 Exception <a 'java/lang/NoSuchMethodError'{0x00000000c353a830}: 'void java.lang.invoke.DirectMethodHandle$Holder.invokeSpecialIFC(java.lang.Object, java.lang.Object, java.lang.Object, java.lang.Object)'> (0x00000000c353a830) 
thrown [s\open\src\hotspot\share\interpreter\linkResolver.cpp, line 774]
Event: 9.080 Thread 0x000001a77f75cae0 Implicit null exception at 0x000001a70fb1bf00 to 0x000001a70fb1ee40
Event: 9.193 Thread 0x000001a77f75cae0 Exception <a 'java/io/FileNotFoundException'{0x00000000c718a970}> (0x00000000c718a970) 
thrown [s\open\src\hotspot\share\prims\jni.cpp, line 517]
Event: 9.193 Thread 0x000001a77f75cae0 Exception <a 'java/io/FileNotFoundException'{0x00000000c718ca20}> (0x00000000c718ca20) 
thrown [s\open\src\hotspot\share\prims\jni.cpp, line 517]
Event: 9.196 Thread 0x000001a77f75cae0 Exception <a 'java/io/FileNotFoundException'{0x00000000c7190f70}> (0x00000000c7190f70) 
thrown [s\open\src\hotspot\share\prims\jni.cpp, line 517]
Event: 9.196 Thread 0x000001a77f75cae0 Exception <a 'java/io/FileNotFoundException'{0x00000000c7192850}> (0x00000000c7192850) 
thrown [s\open\src\hotspot\share\prims\jni.cpp, line 517]
Event: 10.314 Thread 0x000001a77f75fab0 Exception <a 'java/lang/NoSuchMethodError'{0x00000000c9642148}: 'java.lang.Object java.lang.invoke.DirectMethodHandle$Holder.invokeStaticInit(java.lang.Object, int)'> (0x00000000c9642148) 
thrown [s\open\src\hotspot\share\interpreter\linkResolver.cpp, line 774]
Event: 13.785 Thread 0x000001a77f75cae0 Implicit null exception at 0x000001a70fba2ed6 to 0x000001a70fba5988
Event: 15.799 Thread 0x000001a77f75cae0 Implicit null exception at 0x000001a70fb78bd7 to 0x000001a70fb79244

VM Operations (20 events):
Event: 13.899 Executing VM operation: G1CollectForAllocation done
Event: 14.471 Executing VM operation: HandshakeAllThreads
Event: 14.475 Executing VM operation: HandshakeAllThreads done
Event: 14.495 Executing VM operation: HandshakeAllThreads
Event: 14.495 Executing VM operation: HandshakeAllThreads done
Event: 14.540 Executing VM operation: HandshakeAllThreads
Event: 14.551 Executing VM operation: HandshakeAllThreads done
Event: 14.619 Executing VM operation: ICBufferFull
Event: 14.619 Executing VM operation: ICBufferFull done
Event: 14.699 Executing VM operation: G1CollectForAllocation
Event: 14.728 Executing VM operation: G1CollectForAllocation done
Event: 14.819 Executing VM operation: G1PauseRemark
Event: 14.828 Executing VM operation: G1PauseRemark done
Event: 14.904 Executing VM operation: G1PauseCleanup
Event: 14.908 Executing VM operation: G1PauseCleanup done
Event: 15.604 Executing VM operation: G1CollectForAllocation
Event: 15.622 Executing VM operation: G1CollectForAllocation done
Event: 15.668 Executing VM operation: G1CollectForAllocation
Event: 15.679 Executing VM operation: G1CollectForAllocation done
Event: 15.909 Executing VM operation: G1CollectForAllocation

Events (20 events):
Event: 14.557 Thread 0x000001a77f75eac0 flushing nmethod 0x000001a708a1bd90
Event: 14.557 Thread 0x000001a77f75eac0 flushing nmethod 0x000001a708a1dd10
Event: 14.557 Thread 0x000001a77f75eac0 flushing nmethod 0x000001a708a1eb90
Event: 14.557 Thread 0x000001a77f75eac0 flushing nmethod 0x000001a708a1f190
Event: 14.557 Thread 0x000001a77f75eac0 flushing nmethod 0x000001a708a22710
Event: 14.557 Thread 0x000001a77f75eac0 flushing nmethod 0x000001a708a24010
Event: 14.557 Thread 0x000001a77f75eac0 flushing nmethod 0x000001a708a25190
Event: 14.557 Thread 0x000001a77f75eac0 flushing nmethod 0x000001a708a26910
Event: 14.557 Thread 0x000001a77f75eac0 flushing nmethod 0x000001a708a27390
Event: 14.557 Thread 0x000001a77f75eac0 flushing nmethod 0x000001a708a27f90
Event: 14.557 Thread 0x000001a77f75eac0 flushing nmethod 0x000001a708a28b10
Event: 14.557 Thread 0x000001a77f75eac0 flushing nmethod 0x000001a708a68e10
Event: 14.557 Thread 0x000001a77f75eac0 flushing nmethod 0x000001a708a70210
Event: 14.557 Thread 0x000001a77f75eac0 flushing nmethod 0x000001a708a7af90
Event: 14.557 Thread 0x000001a77f75eac0 flushing nmethod 0x000001a708a82710
Event: 14.557 Thread 0x000001a77f75eac0 flushing nmethod 0x000001a708a88490
Event: 14.558 Thread 0x000001a77f75eac0 flushing nmethod 0x000001a708ad9c10
Event: 14.558 Thread 0x000001a77f75eac0 flushing nmethod 0x000001a708bafe10
Event: 14.558 Thread 0x000001a77f75eac0 flushing nmethod 0x000001a708c30b10
Event: 14.558 Thread 0x000001a77f75eac0 flushing nmethod 0x000001a708c39110


Dynamic libraries:
0x00007ff6c6ef0000 - 0x00007ff6c6f00000 	C:\Program Files\Java\jdk-19\bin\java.exe
0x00007ff802750000 - 0x00007ff802948000 	C:\Windows\SYSTEM32\ntdll.dll
0x00007ff8007a0000 - 0x00007ff80085f000 	C:\Windows\System32\KERNEL32.DLL
0x00007fffffd10000 - 0x00007ffffffe2000 	C:\Windows\System32\KERNELBASE.dll
0x00007ff8001e0000 - 0x00007ff8002e0000 	C:\Windows\System32\ucrtbase.dll
0x00007fffe5bb0000 - 0x00007fffe5bc8000 	C:\Program Files\Java\jdk-19\bin\jli.dll
0x00007fffe5bd0000 - 0x00007fffe5beb000 	C:\Program Files\Java\jdk-19\bin\VCRUNTIME140.dll
0x00007ff8024b0000 - 0x00007ff80255e000 	C:\Windows\System32\ADVAPI32.dll
0x00007ff802330000 - 0x00007ff8023ce000 	C:\Windows\System32\msvcrt.dll
0x00007ff801010000 - 0x00007ff8010ac000 	C:\Windows\System32\sechost.dll
0x00007ff8011e0000 - 0x00007ff801305000 	C:\Windows\System32\RPCRT4.dll
0x00007ff802570000 - 0x00007ff80270d000 	C:\Windows\System32\USER32.dll
0x00007ff800160000 - 0x00007ff800182000 	C:\Windows\System32\win32u.dll
0x00007ff801310000 - 0x00007ff80133b000 	C:\Windows\System32\GDI32.dll
0x00007ff800380000 - 0x00007ff80048f000 	C:\Windows\System32\gdi32full.dll
0x00007fffde700000 - 0x00007fffde99a000 	C:\Windows\WinSxS\amd64_microsoft.windows.common-controls_6595b64144ccf1df_6.0.19041.1110_none_60b5254171f9507e\COMCTL32.dll
0x00007ff8002e0000 - 0x00007ff80037d000 	C:\Windows\System32\msvcp_win.dll
0x00007ffff84c0000 - 0x00007ffff84ca000 	C:\Windows\SYSTEM32\VERSION.dll
0x00007ff801340000 - 0x00007ff801372000 	C:\Windows\System32\IMM32.DLL
0x00007ffffb950000 - 0x00007ffffb95c000 	C:\Program Files\Java\jdk-19\bin\vcruntime140_1.dll
0x00007fffe46b0000 - 0x00007fffe473e000 	C:\Program Files\Java\jdk-19\bin\msvcp140.dll
0x00007fffcf0b0000 - 0x00007fffcfd70000 	C:\Program Files\Java\jdk-19\bin\server\jvm.dll
0x00007ffff0e90000 - 0x00007ffff0e99000 	C:\Windows\SYSTEM32\WSOCK32.dll
0x00007ff801170000 - 0x00007ff8011db000 	C:\Windows\System32\WS2_32.dll
0x00007ffff84d0000 - 0x00007ffff84f7000 	C:\Windows\SYSTEM32\WINMM.dll
0x00007ffffdc40000 - 0x00007ffffdc52000 	C:\Windows\SYSTEM32\kernel.appcore.dll
0x00007fffe6090000 - 0x00007fffe609a000 	C:\Program Files\Java\jdk-19\bin\jimage.dll
0x00007ffff82d0000 - 0x00007ffff84b4000 	C:\Windows\SYSTEM32\DBGHELP.DLL
0x00007ffff82a0000 - 0x00007ffff82cc000 	C:\Windows\SYSTEM32\dbgcore.DLL
0x00007ff800660000 - 0x00007ff8006e2000 	C:\Windows\System32\bcryptPrimitives.dll
0x00007fffe5b70000 - 0x00007fffe5b7e000 	C:\Program Files\Java\jdk-19\bin\instrument.dll
0x00007fffe4e80000 - 0x00007fffe4ea6000 	C:\Program Files\Java\jdk-19\bin\java.dll
0x00007fffd19b0000 - 0x00007fffd1a87000 	C:\Program Files\Java\jdk-19\bin\jsvml.dll
0x00007ff8014b0000 - 0x00007ff801bf3000 	C:\Windows\System32\SHELL32.dll
0x00007ffffdf20000 - 0x00007ffffe6b2000 	C:\Windows\SYSTEM32\windows.storage.dll
0x00007ff800cb0000 - 0x00007ff801004000 	C:\Windows\System32\combase.dll
0x00007fffff7c0000 - 0x00007fffff7f0000 	C:\Windows\SYSTEM32\Wldp.dll
0x00007ff8010b0000 - 0x00007ff80115d000 	C:\Windows\System32\SHCORE.dll
0x00007ff800aa0000 - 0x00007ff800af5000 	C:\Windows\System32\shlwapi.dll
0x00007ff800070000 - 0x00007ff80008f000 	C:\Windows\SYSTEM32\profapi.dll
0x00007fffe4e60000 - 0x00007fffe4e73000 	C:\Program Files\Java\jdk-19\bin\net.dll
0x00007ffff6d10000 - 0x00007ffff6e1c000 	C:\Windows\SYSTEM32\WINHTTP.dll
0x00007fffff520000 - 0x00007fffff58a000 	C:\Windows\system32\mswsock.dll
0x00007fffe4e40000 - 0x00007fffe4e56000 	C:\Program Files\Java\jdk-19\bin\nio.dll
0x00007fffe4bf0000 - 0x00007fffe4c08000 	C:\Program Files\Java\jdk-19\bin\zip.dll
0x00007fffe4b90000 - 0x00007fffe4baa000 	C:\Program Files\JetBrains\IntelliJ IDEA 2022.3\bin\breakgen64.dll
0x00007fffe5ae0000 - 0x00007fffe5ae8000 	C:\Program Files\Java\jdk-19\bin\extnet.dll
0x000001a716fc0000 - 0x000001a716fc3000 	C:\Program Files\Java\javafx-sdk-19\bin\api-ms-win-core-console-l1-1-0.dll
0x000001a716fd0000 - 0x000001a716fd3000 	C:\Program Files\Java\javafx-sdk-19\bin\api-ms-win-core-console-l1-2-0.dll
0x000001a716fe0000 - 0x000001a716fe3000 	C:\Program Files\Java\javafx-sdk-19\bin\api-ms-win-core-datetime-l1-1-0.dll
0x000001a716ff0000 - 0x000001a716ff3000 	C:\Program Files\Java\javafx-sdk-19\bin\api-ms-win-core-debug-l1-1-0.dll
0x000001a71bc00000 - 0x000001a71bc03000 	C:\Program Files\Java\javafx-sdk-19\bin\api-ms-win-core-errorhandling-l1-1-0.dll
0x000001a71bc10000 - 0x000001a71bc14000 	C:\Program Files\Java\javafx-sdk-19\bin\api-ms-win-core-file-l1-1-0.dll
0x000001a71bc20000 - 0x000001a71bc23000 	C:\Program Files\Java\javafx-sdk-19\bin\api-ms-win-core-file-l1-2-0.dll
0x000001a71bc30000 - 0x000001a71bc33000 	C:\Program Files\Java\javafx-sdk-19\bin\api-ms-win-core-file-l2-1-0.dll
0x000001a71bc40000 - 0x000001a71bc43000 	C:\Program Files\Java\javafx-sdk-19\bin\api-ms-win-core-handle-l1-1-0.dll
0x000001a71bc50000 - 0x000001a71bc53000 	C:\Program Files\Java\javafx-sdk-19\bin\api-ms-win-core-heap-l1-1-0.dll
0x000001a71bc60000 - 0x000001a71bc63000 	C:\Program Files\Java\javafx-sdk-19\bin\api-ms-win-core-interlocked-l1-1-0.dll
0x000001a71bc70000 - 0x000001a71bc73000 	C:\Program Files\Java\javafx-sdk-19\bin\api-ms-win-core-libraryloader-l1-1-0.dll
0x000001a71bc80000 - 0x000001a71bc83000 	C:\Program Files\Java\javafx-sdk-19\bin\api-ms-win-core-localization-l1-2-0.dll
0x000001a71bc90000 - 0x000001a71bc93000 	C:\Program Files\Java\javafx-sdk-19\bin\api-ms-win-core-memory-l1-1-0.dll
0x000001a71bca0000 - 0x000001a71bca3000 	C:\Program Files\Java\javafx-sdk-19\bin\api-ms-win-core-namedpipe-l1-1-0.dll
0x000001a71bcb0000 - 0x000001a71bcb3000 	C:\Program Files\Java\javafx-sdk-19\bin\api-ms-win-core-processenvironment-l1-1-0.dll
0x000001a71bcc0000 - 0x000001a71bcc3000 	C:\Program Files\Java\javafx-sdk-19\bin\api-ms-win-core-processthreads-l1-1-0.dll
0x000001a71bcd0000 - 0x000001a71bcd3000 	C:\Program Files\Java\javafx-sdk-19\bin\api-ms-win-core-processthreads-l1-1-1.dll
0x000001a71bce0000 - 0x000001a71bce3000 	C:\Program Files\Java\javafx-sdk-19\bin\api-ms-win-core-profile-l1-1-0.dll
0x000001a71bcf0000 - 0x000001a71bcf3000 	C:\Program Files\Java\javafx-sdk-19\bin\api-ms-win-core-rtlsupport-l1-1-0.dll
0x000001a71bd00000 - 0x000001a71bd03000 	C:\Program Files\Java\javafx-sdk-19\bin\api-ms-win-core-string-l1-1-0.dll
0x000001a71bd10000 - 0x000001a71bd13000 	C:\Program Files\Java\javafx-sdk-19\bin\api-ms-win-core-synch-l1-1-0.dll
0x000001a71bd20000 - 0x000001a71bd23000 	C:\Program Files\Java\javafx-sdk-19\bin\api-ms-win-core-synch-l1-2-0.dll
0x000001a71bd30000 - 0x000001a71bd33000 	C:\Program Files\Java\javafx-sdk-19\bin\api-ms-win-core-sysinfo-l1-1-0.dll
0x000001a71bd40000 - 0x000001a71bd43000 	C:\Program Files\Java\javafx-sdk-19\bin\api-ms-win-core-timezone-l1-1-0.dll
0x000001a71bd50000 - 0x000001a71bd53000 	C:\Program Files\Java\javafx-sdk-19\bin\api-ms-win-core-util-l1-1-0.dll
0x000001a71bd60000 - 0x000001a71bd63000 	C:\Program Files\Java\javafx-sdk-19\bin\api-ms-win-crt-conio-l1-1-0.dll
0x000001a71bd70000 - 0x000001a71bd74000 	C:\Program Files\Java\javafx-sdk-19\bin\api-ms-win-crt-convert-l1-1-0.dll
0x000001a71bd80000 - 0x000001a71bd83000 	C:\Program Files\Java\javafx-sdk-19\bin\api-ms-win-crt-environment-l1-1-0.dll
0x000001a71bd90000 - 0x000001a71bd93000 	C:\Program Files\Java\javafx-sdk-19\bin\api-ms-win-crt-filesystem-l1-1-0.dll
0x000001a71bda0000 - 0x000001a71bda3000 	C:\Program Files\Java\javafx-sdk-19\bin\api-ms-win-crt-heap-l1-1-0.dll
0x000001a71bdb0000 - 0x000001a71bdb3000 	C:\Program Files\Java\javafx-sdk-19\bin\api-ms-win-crt-locale-l1-1-0.dll
0x000001a71bdc0000 - 0x000001a71bdc5000 	C:\Program Files\Java\javafx-sdk-19\bin\api-ms-win-crt-math-l1-1-0.dll
0x000001a71bdd0000 - 0x000001a71bdd5000 	C:\Program Files\Java\javafx-sdk-19\bin\api-ms-win-crt-multibyte-l1-1-0.dll
0x000001a71bde0000 - 0x000001a71bdf0000 	C:\Program Files\Java\javafx-sdk-19\bin\api-ms-win-crt-private-l1-1-0.dll
0x000001a71bdf0000 - 0x000001a71bdf3000 	C:\Program Files\Java\javafx-sdk-19\bin\api-ms-win-crt-process-l1-1-0.dll
0x000001a71be00000 - 0x000001a71be04000 	C:\Program Files\Java\javafx-sdk-19\bin\api-ms-win-crt-runtime-l1-1-0.dll
0x000001a71be10000 - 0x000001a71be14000 	C:\Program Files\Java\javafx-sdk-19\bin\api-ms-win-crt-stdio-l1-1-0.dll
0x000001a71be20000 - 0x000001a71be24000 	C:\Program Files\Java\javafx-sdk-19\bin\api-ms-win-crt-string-l1-1-0.dll
0x000001a71be30000 - 0x000001a71be33000 	C:\Program Files\Java\javafx-sdk-19\bin\api-ms-win-crt-time-l1-1-0.dll
0x000001a71be40000 - 0x000001a71be43000 	C:\Program Files\Java\javafx-sdk-19\bin\api-ms-win-crt-utility-l1-1-0.dll
0x00007fffd1be0000 - 0x00007fffd1cdc000 	C:\Program Files\Java\javafx-sdk-19\bin\ucrtbase.dll
0x00007fffe43e0000 - 0x00007fffe43fb000 	C:\Program Files\Java\javafx-sdk-19\bin\vcruntime140.dll
0x00007fffe5760000 - 0x00007fffe576c000 	C:\Program Files\Java\javafx-sdk-19\bin\vcruntime140_1.dll
0x00007fffe3540000 - 0x00007fffe35ce000 	C:\Program Files\Java\javafx-sdk-19\bin\msvcp140.dll
0x00007fffe56d0000 - 0x00007fffe56d9000 	C:\Program Files\Java\javafx-sdk-19\bin\msvcp140_1.dll
0x00007fffe42b0000 - 0x00007fffe42e0000 	C:\Program Files\Java\javafx-sdk-19\bin\msvcp140_2.dll
0x00007fffe4010000 - 0x00007fffe403c000 	C:\Program Files\Java\javafx-sdk-19\bin\prism_d3d.dll
0x00007fffdd620000 - 0x00007fffdd7ef000 	C:\Windows\system32\d3d9.dll
0x00007ffffdc10000 - 0x00007ffffdc3f000 	C:\Windows\SYSTEM32\dwmapi.dll
0x00007ffffd850000 - 0x00007ffffd8ee000 	C:\Windows\system32\uxtheme.dll
0x00007ffff8690000 - 0x00007ffff86a9000 	C:\Windows\SYSTEM32\vm3dum64_loader.dll
0x00007ff801380000 - 0x00007ff8014aa000 	C:\Windows\System32\ole32.dll
0x00007fffff710000 - 0x00007fffff71c000 	C:\Windows\SYSTEM32\CRYPTBASE.DLL
0x00007fffe4eb0000 - 0x00007fffe4f20000 	C:\Windows\system32\vm3dum64.dll
0x00007fffd69e0000 - 0x00007fffd6a22000 	C:\Program Files\Java\javafx-sdk-19\bin\glass.dll
0x00007ff8023d0000 - 0x00007ff8024aa000 	C:\Windows\System32\COMDLG32.dll
0x00007ff800860000 - 0x00007ff80092d000 	C:\Windows\System32\OLEAUT32.dll
0x00007ff801d80000 - 0x00007ff801e95000 	C:\Windows\System32\MSCTF.dll
0x00007fffe3fd0000 - 0x00007fffe3fe4000 	C:\Program Files\Java\javafx-sdk-19\bin\javafx_font.dll
0x00007ffff46c0000 - 0x00007ffff493f000 	C:\Windows\SYSTEM32\dwrite.dll
0x00007ff800990000 - 0x00007ff800a3f000 	C:\Windows\System32\clbcatq.dll
0x00007ffffa3d0000 - 0x00007ffffa584000 	C:\Windows\SYSTEM32\WindowsCodecs.dll
0x00007ff800130000 - 0x00007ff800157000 	C:\Windows\System32\bcrypt.dll
0x00007fffda560000 - 0x00007fffda59e000 	C:\Windows\system32\dataexchange.dll
0x00007ffffca10000 - 0x00007ffffcbf3000 	C:\Windows\system32\dcomp.dll
0x00007ffffc140000 - 0x00007ffffc3a3000 	C:\Windows\system32\d3d11.dll
0x00007ffffe700000 - 0x00007ffffe7f3000 	C:\Windows\system32\dxgi.dll
0x00007ffffa630000 - 0x00007ffffa830000 	C:\Windows\system32\twinapi.appcore.dll
0x00007fffe56f0000 - 0x00007fffe5724000 	C:\Program Files\Common Files\Microsoft Shared\Ink\rtscom.dll
0x00007ffff78c0000 - 0x00007ffff79b9000 	C:\Windows\SYSTEM32\textinputframework.dll
0x00007ffffd0d0000 - 0x00007ffffd42e000 	C:\Windows\System32\CoreUIComponents.dll
0x00007ffffef60000 - 0x00007ffffef93000 	C:\Windows\SYSTEM32\ntmarta.dll
0x00007ffffd430000 - 0x00007ffffd522000 	C:\Windows\System32\CoreMessaging.dll
0x00007ffffc8b0000 - 0x00007ffffca04000 	C:\Windows\SYSTEM32\wintypes.dll
0x00007fffde090000 - 0x00007fffde0f6000 	C:\Windows\system32\Oleacc.dll
0x00007fffe42a0000 - 0x00007fffe42aa000 	C:\Program Files\Java\jdk-19\bin\management.dll
0x00007fffe3f80000 - 0x00007fffe3f8b000 	C:\Program Files\Java\jdk-19\bin\management_ext.dll
0x00007ff802560000 - 0x00007ff802568000 	C:\Windows\System32\PSAPI.DLL
0x00007fffff720000 - 0x00007fffff738000 	C:\Windows\SYSTEM32\CRYPTSP.dll
0x00007ffffee40000 - 0x00007ffffee74000 	C:\Windows\system32\rsaenh.dll

dbghelp: loaded successfully - version: 4.0.5 - missing functions: none
symbol engine: initialized successfully - sym options: 0x614 - pdb path: .;C:\Program Files\Java\jdk-19\bin;C:\Windows\SYSTEM32;C:\Windows\WinSxS\amd64_microsoft.windows.common-controls_6595b64144ccf1df_6.0.19041.1110_none_60b5254171f9507e;C:\Program Files\Java\jdk-19\bin\server;C:\Program Files\JetBrains\IntelliJ IDEA 2022.3\bin;C:\Program Files\Java\javafx-sdk-19\bin;C:\Program Files\Common Files\Microsoft Shared\Ink

VM Arguments:
jvm_args: --module-path=C:\Program Files\Java\javafx-sdk-19\lib --add-modules=javafx.controls,javafx.fxml -javaagent:C:\Program Files\JetBrains\IntelliJ IDEA 2022.3\lib\idea_rt.jar=61350:C:\Program Files\JetBrains\IntelliJ IDEA 2022.3\bin -Dfile.encoding=UTF-8 -Dsun.stdout.encoding=UTF-8 -Dsun.stderr.encoding=UTF-8 
java_command: com.example.projectfx.HelloApplication
java_class_path (initial): C:\Users\MohammadRehan\IdeaProjects\ProjectFX\target\classes;C:\Program Files\Java\javafx-sdk-19\lib\javafx-swt.jar;C:\Program Files\Java\javafx-sdk-19\lib\javafx.web.jar;C:\Program Files\Java\javafx-sdk-19\lib\javafx.base.jar;C:\Program Files\Java\javafx-sdk-19\lib\javafx.fxml.jar;C:\Program Files\Java\javafx-sdk-19\lib\javafx.media.jar;C:\Program Files\Java\javafx-sdk-19\lib\javafx.swing.jar;C:\Program Files\Java\javafx-sdk-19\lib\javafx.controls.jar;C:\Program Files\Java\javafx-sdk-19\lib\javafx.graphics.jar;C:\Users\MohammadRehan\IdeaProjects\ProjectFX\lib\ojdbc11-21.7.0.0.jar;C:\Users\MohammadRehan\IdeaProjects\ProjectFX\lib\spring-jdbc-5.3.24.jar;C:\Users\MohammadRehan\IdeaProjects\ProjectFX\lib\spring-beans-5.3.24.jar;C:\Users\MohammadRehan\IdeaProjects\ProjectFX\lib\spring-core-5.3.24.jar;C:\Users\MohammadRehan\IdeaProjects\ProjectFX\lib\spring-jcl-5.3.24.jar;C:\Users\MohammadRehan\IdeaProjects\ProjectFX\lib\spring-tx-5.3.24.jar;C:\Users\MohammadRehan\IdeaProjects\ProjectFX\lib\AnimateFX-1.2.3.jar;C:\Users\MohammadRehan\IdeaProjects\ProjectFX\lib\jasperreports-6.20.0.jar;C:\Users\MohammadRehan\IdeaProjects\ProjectFX\lib\commons-beanutils-1.9.4.jar;C:\Users\MohammadRehan\IdeaProjects\ProjectFX\lib\commons-collections-3.2.2.jar;C:\Users\MohammadRehan\IdeaProjects\ProjectFX\lib\commons-digester-2.1.jar;C:\Users\MohammadRehan\IdeaProjects\ProjectFX\lib\commons-logging-1.1.1.jar;C:\Users\MohammadRehan\IdeaProjects\ProjectFX\lib\commons-collections4-4.2.jar;C:\Users\MohammadRehan\IdeaProjects\ProjectFX\lib\itext-2.1.7.js10.jar;C:\Users\MohammadRehan\IdeaProjects\ProjectFX\lib\bcprov-jdk15on-1.70.jar;C:\Users\MohammadRehan\IdeaProjects\ProjectFX\lib\bcutil-jdk15on-1.70.jar;C:\Users\MohammadRehan\IdeaProjects\ProjectFX\lib\jcommon-1.0.23.jar;C:\Users\MohammadRehan\IdeaProjects\ProjectFX\lib\jfreechart-1.0.19.jar;C:\Users\MohammadRehan\IdeaProjects\ProjectFX\lib\ecj-3.21.0.jar;C:\Users\MohammadRehan\IdeaProjects\ProjectFX\lib\jackson-core-2.13.3.jar;C:\Users\MohammadRehan\IdeaProjects\ProjectFX\lib\jackson-databind-2.13.3.jar;C:\Users\MohammadRehan\IdeaProjects\ProjectFX\lib\jackson-annotations-2.13.3.jar;C:\Users\MohammadRehan\IdeaProjects\ProjectFX\lib\jackson-dataformat-xml-2.13.3.jar;C:\Users\MohammadRehan\IdeaProjects\ProjectFX\lib\stax2-api-4.2.1.jar;C:\Users\MohammadRehan\IdeaProjects\ProjectFX\lib\woodstox-core-6.2.7.jar
Launcher Type: SUN_STANDARD

[Global flags]
     intx CICompilerCount                          = 2                                         {product} {ergonomic}
     uint ConcGCThreads                            = 1                                         {product} {ergonomic}
     uint G1ConcRefinementThreads                  = 2                                         {product} {ergonomic}
   size_t G1HeapRegionSize                         = 1048576                                   {product} {ergonomic}
    uintx GCDrainStackTargetSize                   = 64                                        {product} {ergonomic}
   size_t InitialHeapSize                          = 67108864                                  {product} {ergonomic}
   size_t MarkStackSize                            = 4194304                                   {product} {ergonomic}
   size_t MaxHeapSize                              = 1073741824                                {product} {ergonomic}
   size_t MaxNewSize                               = 643825664                                 {product} {ergonomic}
   size_t MinHeapDeltaBytes                        = 1048576                                   {product} {ergonomic}
   size_t MinHeapSize                              = 8388608                                   {product} {ergonomic}
    uintx NonNMethodCodeHeapSize                   = 5826188                                {pd product} {ergonomic}
    uintx NonProfiledCodeHeapSize                  = 122916026                              {pd product} {ergonomic}
    uintx ProfiledCodeHeapSize                     = 122916026                              {pd product} {ergonomic}
    uintx ReservedCodeCacheSize                    = 251658240                              {pd product} {ergonomic}
     bool SegmentedCodeCache                       = true                                      {product} {ergonomic}
   size_t SoftMaxHeapSize                          = 1073741824                             {manageable} {ergonomic}
     bool UseCompressedClassPointers               = true                           {product lp64_product} {ergonomic}
     bool UseCompressedOops                        = true                           {product lp64_product} {ergonomic}
     bool UseG1GC                                  = true                                      {product} {ergonomic}
     bool UseLargePagesIndividualAllocation        = false                                  {pd product} {ergonomic}

Logging:
Log output configuration:
 #0: stdout all=warning uptime,level,tags foldmultilines=false
 #1: stderr all=off uptime,level,tags foldmultilines=false

Environment Variables:
PATH=C:\app\MohammadRehan\product\21c\dbhomeXE\bin;C:\Program Files\Common Files\Oracle\Java\javapath;C:\Windows\system32;C:\Windows;C:\Windows\System32\Wbem;C:\Windows\System32\WindowsPowerShell\v1.0\;C:\Windows\System32\OpenSSH\;C:\app\MohammadRehan\product\21c\dbhomeXE\jdbc\lib\ojdbc11.jar;C:\Program Files\Git\cmd;C:\Users\MohammadRehan\AppData\Local\Microsoft\WindowsApps;
USERNAME=MohammadRehan
OS=Windows_NT
PROCESSOR_IDENTIFIER=Intel64 Family 6 Model 158 Stepping 10, GenuineIntel
TMP=C:\Users\MOHAMM~1\AppData\Local\Temp
TEMP=C:\Users\MOHAMM~1\AppData\Local\Temp



---------------  S Y S T E M  ---------------

OS:
 Windows 10 , 64 bit Build 19041 (10.0.19041.2251)
OS uptime: 2 days 9:23 hours
VMWare virtualization detected

CPU: total 2 (initial active 2) (2 cores per cpu, 1 threads per core) family 6 model 158 stepping 10 microcode 0xb4, cx8, cmov, fxsr, mmx, 3dnowpref, sse, sse2, sse3, ssse3, sse4.1, sse4.2, popcnt, lzcnt, tsc, tscinvbit, avx, avx2, aes, erms, clmul, bmi1, bmi2, adx, fma, vzeroupper, clflush, clflushopt, hv, rdtscp

Memory: 4k page, system-wide physical 4095M (337M free)
TotalPageFile size 11705M (AvailPageFile size 177M)
current process WorkingSet (physical memory assigned to process): 458M, peak: 463M
current process commit charge ("private bytes"): 563M, peak: 778M

vm_info: Java HotSpot(TM) 64-Bit Server VM (19.0.1+10-21) for windows-amd64 JRE (19.0.1+10-21), built on 2022-09-14T12:45:06Z by "mach5one" with MS VC++ 17.1 (VS2022)

END.
