#
# There is insufficient memory for the Java Runtime Environment to continue.
# Native memory allocation (malloc) failed to allocate 32744 bytes for Chunk::new
# Possible reasons:
#   The system is out of physical RAM or swap space
#   The process is running with CompressedOops enabled, and the Java Heap may be blocking the growth of the native heap
# Possible solutions:
#   Reduce memory load on the system
#   Increase physical memory or swap space
#   Check if swap backing store is full
#   Decrease Java heap size (-Xmx/-Xms)
#   Decrease number of Java threads
#   Decrease Java thread stack sizes (-Xss)
#   Set larger code cache with -XX:ReservedCodeCacheSize=
#   JVM is running with Unscaled Compressed Oops mode in which the Java heap is
#     placed in the first 4GB address space. The Java Heap base address is the
#     maximum limit for the native heap growth. Please use -XX:HeapBaseMinAddress
#     to set the Java Heap base and to place the Java Heap above 4GB virtual address.
# This output file may be truncated or incomplete.
#
#  Out of Memory Error (arena.cpp:184), pid=1000, tid=13688
#
# JRE version: Java(TM) SE Runtime Environment (19.0.1+10) (build 19.0.1+10-21)
# Java VM: Java HotSpot(TM) 64-Bit Server VM (19.0.1+10-21, mixed mode, sharing, tiered, compressed oops, compressed class ptrs, g1 gc, windows-amd64)
# No core dump will be written. Minidumps are not enabled by default on client versions of Windows
#

---------------  S U M M A R Y ------------

Command Line: --module-path=C:\Program Files\Java\javafx-sdk-19\lib --add-modules=javafx.controls,javafx.fxml -javaagent:C:\Program Files\JetBrains\IntelliJ IDEA 2022.3\lib\idea_rt.jar=63294:C:\Program Files\JetBrains\IntelliJ IDEA 2022.3\bin -Dfile.encoding=UTF-8 -Dsun.stdout.encoding=UTF-8 -Dsun.stderr.encoding=UTF-8 com.example.projectfx.HelloApplication

Host: Intel(R) Core(TM) i7-9750H CPU @ 2.60GHz, 2 cores, 3G,  Windows 10 , 64 bit Build 19041 (10.0.19041.2251)
Time: Sun Dec 11 18:43:05 2022 West Bank Gaza Standard Time elapsed time: 32.992774 seconds (0d 0h 0m 32s)

---------------  T H R E A D  ---------------

Current thread (0x000002393c70f3b0):  JavaThread "C1 CompilerThread0" daemon [_thread_in_native, id=13688, stack(0x0000007c3c300000,0x0000007c3c400000)]


Current CompileTask:
C1:  32992 6790       3       javafx.scene.layout.Region::position (148 bytes)

Stack: [0x0000007c3c300000,0x0000007c3c400000]
Native frames: (J=compiled Java code, j=interpreted, Vv=VM code, C=native code)
V  [jvm.dll+0x6ee8fa]
V  [jvm.dll+0x857a1e]
V  [jvm.dll+0x85940e]
V  [jvm.dll+0x859ac3]
V  [jvm.dll+0x28291f]
V  [jvm.dll+0xc9b5f]
V  [jvm.dll+0xc9ee5]
V  [jvm.dll+0x1a2b6a]
V  [jvm.dll+0x1a3832]
V  [jvm.dll+0x1a38ed]
V  [jvm.dll+0x1a60e4]
V  [jvm.dll+0x1a7c41]
V  [jvm.dll+0x161743]
V  [jvm.dll+0x161022]
V  [jvm.dll+0x161278]
V  [jvm.dll+0x1606d6]
V  [jvm.dll+0x1623cd]
V  [jvm.dll+0x25b0fa]
V  [jvm.dll+0x259588]
V  [jvm.dll+0x807928]
V  [jvm.dll+0x8015fa]
V  [jvm.dll+0x6ed5eb]
C  [ucrtbase.dll+0x21bb2]
C  [KERNEL32.DLL+0x174b4]
C  [ntdll.dll+0x526a1]


---------------  P R O C E S S  ---------------

Threads class SMR info:
_java_thread_list=0x00000239430feca0, length=23, elements={
0x000002392115dec0, 0x000002393c703fb0, 0x000002393c705aa0, 0x000002393c7090e0,
0x000002393c70aca0, 0x000002393c70c140, 0x000002393c70cc10, 0x000002393c70dc80,
0x000002393c70f3b0, 0x000002393c728af0, 0x000002393c7de4f0, 0x000002394108e670,
0x0000023940d597d0, 0x0000023940eec000, 0x0000023940cfddc0, 0x0000023941152560,
0x000002394121eea0, 0x000002394128d0b0, 0x000002394128db50, 0x000002394128e5f0,
0x0000023943105570, 0x0000023943105020, 0x0000023943101060
}

Java Threads: ( => current thread )
  0x000002392115dec0 JavaThread "main" [_thread_blocked, id=13244, stack(0x0000007c3b500000,0x0000007c3b600000)]
  0x000002393c703fb0 JavaThread "Reference Handler" daemon [_thread_blocked, id=6408, stack(0x0000007c3bc00000,0x0000007c3bd00000)]
  0x000002393c705aa0 JavaThread "Finalizer" daemon [_thread_blocked, id=12084, stack(0x0000007c3bd00000,0x0000007c3be00000)]
  0x000002393c7090e0 JavaThread "Signal Dispatcher" daemon [_thread_blocked, id=1772, stack(0x0000007c3be00000,0x0000007c3bf00000)]
  0x000002393c70aca0 JavaThread "Attach Listener" daemon [_thread_blocked, id=5352, stack(0x0000007c3bf00000,0x0000007c3c000000)]
  0x000002393c70c140 JavaThread "Service Thread" daemon [_thread_blocked, id=8012, stack(0x0000007c3c000000,0x0000007c3c100000)]
  0x000002393c70cc10 JavaThread "Monitor Deflation Thread" daemon [_thread_blocked, id=5392, stack(0x0000007c3c100000,0x0000007c3c200000)]
  0x000002393c70dc80 JavaThread "C2 CompilerThread0" daemon [_thread_blocked, id=9308, stack(0x0000007c3c200000,0x0000007c3c300000)]
=>0x000002393c70f3b0 JavaThread "C1 CompilerThread0" daemon [_thread_in_native, id=13688, stack(0x0000007c3c300000,0x0000007c3c400000)]
  0x000002393c728af0 JavaThread "Sweeper thread" daemon [_thread_blocked, id=2272, stack(0x0000007c3c400000,0x0000007c3c500000)]
  0x000002393c7de4f0 JavaThread "Common-Cleaner" daemon [_thread_blocked, id=15168, stack(0x0000007c3c500000,0x0000007c3c600000)]
  0x000002394108e670 JavaThread "Monitor Ctrl-Break" daemon [_thread_in_native, id=3832, stack(0x0000007c3c700000,0x0000007c3c800000)]
  0x0000023940d597d0 JavaThread "Notification Thread" daemon [_thread_blocked, id=14276, stack(0x0000007c3c800000,0x0000007c3c900000)]
  0x0000023940eec000 JavaThread "QuantumRenderer-0" daemon [_thread_blocked, id=12388, stack(0x0000007c3ca00000,0x0000007c3cb00000)]
  0x0000023940cfddc0 JavaThread "InvokeLaterDispatcher" daemon [_thread_blocked, id=15180, stack(0x0000007c3cc00000,0x0000007c3cd00000)]
  0x0000023941152560 JavaThread "JavaFX Application Thread" [_thread_in_native, id=9156, stack(0x0000007c3cd00000,0x0000007c3ce00000)]
  0x000002394121eea0 JavaThread "Thread-1" daemon [_thread_in_native, id=15148, stack(0x0000007c3ce00000,0x0000007c3cf00000)]
  0x000002394128d0b0 JavaThread "JavaFX-Launcher" [_thread_blocked, id=4664, stack(0x0000007c3cf00000,0x0000007c3d000000)]
  0x000002394128db50 JavaThread "Prism Font Disposer" daemon [_thread_blocked, id=11172, stack(0x0000007c3d300000,0x0000007c3d400000)]
  0x000002394128e5f0 JavaThread "Cleaner-0" daemon [_thread_blocked, id=9508, stack(0x0000007c3d400000,0x0000007c3d500000)]
  0x0000023943105570 JavaThread "oracle.jdbc.driver.BlockSource.ThreadedCachingBlockSource.BlockReleaser" daemon [_thread_blocked, id=768, stack(0x0000007c3d500000,0x0000007c3d600000)]
  0x0000023943105020 JavaThread "InterruptTimer" daemon [_thread_blocked, id=6812, stack(0x0000007c3d600000,0x0000007c3d700000)]
  0x0000023943101060 JavaThread "OJDBC-WORKER-THREAD-1" daemon [_thread_blocked, id=12680, stack(0x0000007c3d700000,0x0000007c3d800000)]

Other Threads:
  0x0000023921219d30 VMThread "VM Thread" [stack: 0x0000007c3bb00000,0x0000007c3bc00000] [id=9904]
  0x0000023940d64080 WatcherThread "VM Periodic Task Thread" [stack: 0x0000007c3c900000,0x0000007c3ca00000] [id=13760]
  0x000002392119fd20 WorkerThread "GC Thread#0" [stack: 0x0000007c3b600000,0x0000007c3b700000] [id=4748]
  0x00000239409508c0 WorkerThread "GC Thread#1" [stack: 0x0000007c3c600000,0x0000007c3c700000] [id=14116]
  0x00000239211a9c90 ConcurrentGCThread "G1 Main Marker" [stack: 0x0000007c3b700000,0x0000007c3b800000] [id=9624]
  0x00000239211ab870 WorkerThread "G1 Conc#0" [stack: 0x0000007c3b800000,0x0000007c3b900000] [id=9392]
  0x00000239211f4640 ConcurrentGCThread "G1 Refine#0" [stack: 0x0000007c3b900000,0x0000007c3ba00000] [id=11272]
  0x00000239211f5320 ConcurrentGCThread "G1 Service" [stack: 0x0000007c3ba00000,0x0000007c3bb00000] [id=9096]

Threads with active compile tasks:
C1 CompilerThread0    33038 6790       3       javafx.scene.layout.Region::position (148 bytes)

VM state: not at safepoint (normal execution)

VM Mutex/Monitor currently owned by a thread: None

Heap address: 0x00000000c0000000, size: 1024 MB, Compressed Oops mode: 32-bit

CDS archive(s) mapped at: [0x0000000800000000-0x0000000800c40000-0x0000000800c40000), size 12845056, SharedBaseAddress: 0x0000000800000000, ArchiveRelocationMode: 0.
Compressed class space mapped at: 0x0000000801000000-0x0000000841000000, reserved size: 1073741824
Narrow klass base: 0x0000000800000000, Narrow klass shift: 0, Narrow klass range: 0x100000000

GC Precious Log:
 CardTable entry size: 512
 Card Set container configuration: InlinePtr #cards 5 size 8 Array Of Cards #cards 12 size 40 Howl #buckets 4 coarsen threshold 1843 Howl Bitmap #cards 512 size 80 coarsen threshold 460 Card regions per heap region 1 cards per card region 2048
 CPUs: 2 total, 2 available
 Memory: 4095M
 Large Page Support: Disabled
 NUMA Support: Disabled
 Compressed Oops: Enabled (32-bit)
 Heap Region Size: 1M
 Heap Min Capacity: 8M
 Heap Initial Capacity: 64M
 Heap Max Capacity: 1G
 Pre-touch: Disabled
 Parallel Workers: 2
 Concurrent Workers: 1
 Concurrent Refinement Workers: 2
 Periodic GC: Disabled

Heap:
 garbage-first heap   total 171008K, used 105984K [0x00000000c0000000, 0x0000000100000000)
  region size 1024K, 11 young (11264K), 3 survivors (3072K)
 Metaspace       used 33212K, committed 33600K, reserved 1114112K
  class space    used 4272K, committed 4416K, reserved 1048576K

Heap Regions: E=young(eden), S=young(survivor), O=old, HS=humongous(starts), HC=humongous(continues), CS=collection set, F=free, OA=open archive, CA=closed archive, TAMS=top-at-mark-start (previous, next)
|   0|0x00000000c0000000, 0x00000000c0100000, 0x00000000c0100000|100%| O|  |TAMS 0x00000000c0100000, 0x00000000c0000000| Untracked 
|   1|0x00000000c0100000, 0x00000000c0200000, 0x00000000c0200000|100%| O|  |TAMS 0x00000000c0200000, 0x00000000c0100000| Untracked 
|   2|0x00000000c0200000, 0x00000000c0300000, 0x00000000c0300000|100%| O|  |TAMS 0x00000000c0300000, 0x00000000c0200000| Untracked 
|   3|0x00000000c0300000, 0x00000000c0400000, 0x00000000c0400000|100%| O|  |TAMS 0x00000000c0400000, 0x00000000c0300000| Untracked 
|   4|0x00000000c0400000, 0x00000000c0500000, 0x00000000c0500000|100%| O|  |TAMS 0x00000000c0500000, 0x00000000c0400000| Untracked 
|   5|0x00000000c0500000, 0x00000000c0500000, 0x00000000c0600000|  0%| F|  |TAMS 0x00000000c0500000, 0x00000000c0500000| Untracked 
|   6|0x00000000c0600000, 0x00000000c0600000, 0x00000000c0700000|  0%| F|  |TAMS 0x00000000c0600000, 0x00000000c0600000| Untracked 
|   7|0x00000000c0700000, 0x00000000c0700000, 0x00000000c0800000|  0%| F|  |TAMS 0x00000000c0700000, 0x00000000c0700000| Untracked 
|   8|0x00000000c0800000, 0x00000000c0800000, 0x00000000c0900000|  0%| F|  |TAMS 0x00000000c0800000, 0x00000000c0800000| Untracked 
|   9|0x00000000c0900000, 0x00000000c0900000, 0x00000000c0a00000|  0%| F|  |TAMS 0x00000000c0900000, 0x00000000c0900000| Untracked 
|  10|0x00000000c0a00000, 0x00000000c0b00000, 0x00000000c0b00000|100%|HS|  |TAMS 0x00000000c0b00000, 0x00000000c0a00000| Complete 
|  11|0x00000000c0b00000, 0x00000000c0c00000, 0x00000000c0c00000|100%|HC|  |TAMS 0x00000000c0c00000, 0x00000000c0b00000| Complete 
|  12|0x00000000c0c00000, 0x00000000c0d00000, 0x00000000c0d00000|100%| O|  |TAMS 0x00000000c0d00000, 0x00000000c0c00000| Untracked 
|  13|0x00000000c0d00000, 0x00000000c0e00000, 0x00000000c0e00000|100%| O|  |TAMS 0x00000000c0e00000, 0x00000000c0d00000| Untracked 
|  14|0x00000000c0e00000, 0x00000000c0f00000, 0x00000000c0f00000|100%| O|  |TAMS 0x00000000c0f00000, 0x00000000c0e00000| Untracked 
|  15|0x00000000c0f00000, 0x00000000c1000000, 0x00000000c1000000|100%| O|  |TAMS 0x00000000c1000000, 0x00000000c0f00000| Untracked 
|  16|0x00000000c1000000, 0x00000000c1100000, 0x00000000c1100000|100%| O|  |TAMS 0x00000000c1100000, 0x00000000c1000000| Untracked 
|  17|0x00000000c1100000, 0x00000000c1200000, 0x00000000c1200000|100%|HS|  |TAMS 0x00000000c1200000, 0x00000000c1100000| Complete 
|  18|0x00000000c1200000, 0x00000000c1300000, 0x00000000c1300000|100%|HC|  |TAMS 0x00000000c1300000, 0x00000000c1200000| Complete 
|  19|0x00000000c1300000, 0x00000000c1400000, 0x00000000c1400000|100%| O|  |TAMS 0x00000000c1400000, 0x00000000c1300000| Untracked 
|  20|0x00000000c1400000, 0x00000000c1500000, 0x00000000c1500000|100%| O|  |TAMS 0x00000000c1500000, 0x00000000c1400000| Untracked 
|  21|0x00000000c1500000, 0x00000000c1600000, 0x00000000c1600000|100%| O|  |TAMS 0x00000000c1600000, 0x00000000c1500000| Untracked 
|  22|0x00000000c1600000, 0x00000000c1700000, 0x00000000c1700000|100%| O|  |TAMS 0x00000000c1700000, 0x00000000c1600000| Untracked 
|  23|0x00000000c1700000, 0x00000000c1800000, 0x00000000c1800000|100%| O|  |TAMS 0x00000000c1800000, 0x00000000c1700000| Untracked 
|  24|0x00000000c1800000, 0x00000000c1900000, 0x00000000c1900000|100%| O|  |TAMS 0x00000000c1900000, 0x00000000c1800000| Untracked 
|  25|0x00000000c1900000, 0x00000000c1a00000, 0x00000000c1a00000|100%| O|  |TAMS 0x00000000c1a00000, 0x00000000c1900000| Untracked 
|  26|0x00000000c1a00000, 0x00000000c1b00000, 0x00000000c1b00000|100%| O|  |TAMS 0x00000000c1b00000, 0x00000000c1a00000| Untracked 
|  27|0x00000000c1b00000, 0x00000000c1c00000, 0x00000000c1c00000|100%| O|  |TAMS 0x00000000c1c00000, 0x00000000c1b00000| Untracked 
|  28|0x00000000c1c00000, 0x00000000c1d00000, 0x00000000c1d00000|100%| O|  |TAMS 0x00000000c1d00000, 0x00000000c1c00000| Untracked 
|  29|0x00000000c1d00000, 0x00000000c1e00000, 0x00000000c1e00000|100%| O|  |TAMS 0x00000000c1e00000, 0x00000000c1d00000| Untracked 
|  30|0x00000000c1e00000, 0x00000000c1f00000, 0x00000000c1f00000|100%| O|  |TAMS 0x00000000c1f00000, 0x00000000c1e00000| Untracked 
|  31|0x00000000c1f00000, 0x00000000c2000000, 0x00000000c2000000|100%| O|  |TAMS 0x00000000c2000000, 0x00000000c1f00000| Untracked 
|  32|0x00000000c2000000, 0x00000000c2100000, 0x00000000c2100000|100%| O|  |TAMS 0x00000000c2100000, 0x00000000c2000000| Untracked 
|  33|0x00000000c2100000, 0x00000000c2200000, 0x00000000c2200000|100%| O|  |TAMS 0x00000000c2200000, 0x00000000c2100000| Untracked 
|  34|0x00000000c2200000, 0x00000000c2300000, 0x00000000c2300000|100%| O|  |TAMS 0x00000000c2200000, 0x00000000c2200000| Untracked 
|  35|0x00000000c2300000, 0x00000000c2400000, 0x00000000c2400000|100%| O|  |TAMS 0x00000000c2400000, 0x00000000c2300000| Untracked 
|  36|0x00000000c2400000, 0x00000000c2500000, 0x00000000c2500000|100%| O|  |TAMS 0x00000000c2500000, 0x00000000c2400000| Untracked 
|  37|0x00000000c2500000, 0x00000000c2600000, 0x00000000c2600000|100%| O|  |TAMS 0x00000000c2600000, 0x00000000c2500000| Untracked 
|  38|0x00000000c2600000, 0x00000000c2700000, 0x00000000c2700000|100%| O|  |TAMS 0x00000000c2700000, 0x00000000c2600000| Untracked 
|  39|0x00000000c2700000, 0x00000000c2800000, 0x00000000c2800000|100%| O|  |TAMS 0x00000000c2800000, 0x00000000c2700000| Untracked 
|  40|0x00000000c2800000, 0x00000000c2900000, 0x00000000c2900000|100%| O|  |TAMS 0x00000000c2900000, 0x00000000c2800000| Untracked 
|  41|0x00000000c2900000, 0x00000000c2a00000, 0x00000000c2a00000|100%| O|  |TAMS 0x00000000c2a00000, 0x00000000c2900000| Complete 
|  42|0x00000000c2a00000, 0x00000000c2b00000, 0x00000000c2b00000|100%| O|  |TAMS 0x00000000c2b00000, 0x00000000c2a00000| Untracked 
|  43|0x00000000c2b00000, 0x00000000c2c00000, 0x00000000c2c00000|100%| O|  |TAMS 0x00000000c2c00000, 0x00000000c2b00000| Untracked 
|  44|0x00000000c2c00000, 0x00000000c2d00000, 0x00000000c2d00000|100%| O|  |TAMS 0x00000000c2d00000, 0x00000000c2c00000| Untracked 
|  45|0x00000000c2d00000, 0x00000000c2e00000, 0x00000000c2e00000|100%| O|  |TAMS 0x00000000c2e00000, 0x00000000c2d00000| Untracked 
|  46|0x00000000c2e00000, 0x00000000c2f00000, 0x00000000c2f00000|100%| O|  |TAMS 0x00000000c2f00000, 0x00000000c2e00000| Untracked 
|  47|0x00000000c2f00000, 0x00000000c3000000, 0x00000000c3000000|100%| O|  |TAMS 0x00000000c3000000, 0x00000000c2f00000| Untracked 
|  48|0x00000000c3000000, 0x00000000c3100000, 0x00000000c3100000|100%| O|  |TAMS 0x00000000c3100000, 0x00000000c3000000| Untracked 
|  49|0x00000000c3100000, 0x00000000c3200000, 0x00000000c3200000|100%| O|  |TAMS 0x00000000c3200000, 0x00000000c3100000| Untracked 
|  50|0x00000000c3200000, 0x00000000c3300000, 0x00000000c3300000|100%| O|  |TAMS 0x00000000c3300000, 0x00000000c3200000| Complete 
|  51|0x00000000c3300000, 0x00000000c3400000, 0x00000000c3400000|100%| O|  |TAMS 0x00000000c3400000, 0x00000000c3300000| Untracked 
|  52|0x00000000c3400000, 0x00000000c3500000, 0x00000000c3500000|100%| O|  |TAMS 0x00000000c3500000, 0x00000000c3400000| Untracked 
|  53|0x00000000c3500000, 0x00000000c3600000, 0x00000000c3600000|100%| O|  |TAMS 0x00000000c3600000, 0x00000000c3500000| Untracked 
|  54|0x00000000c3600000, 0x00000000c3700000, 0x00000000c3700000|100%| O|  |TAMS 0x00000000c3700000, 0x00000000c3600000| Untracked 
|  55|0x00000000c3700000, 0x00000000c3800000, 0x00000000c3800000|100%| O|  |TAMS 0x00000000c3800000, 0x00000000c3700000| Untracked 
|  56|0x00000000c3800000, 0x00000000c3900000, 0x00000000c3900000|100%| O|  |TAMS 0x00000000c3800000, 0x00000000c3800000| Untracked 
|  57|0x00000000c3900000, 0x00000000c3a00000, 0x00000000c3a00000|100%| O|  |TAMS 0x00000000c3900000, 0x00000000c3900000| Untracked 
|  58|0x00000000c3a00000, 0x00000000c3b00000, 0x00000000c3b00000|100%| O|  |TAMS 0x00000000c3a00000, 0x00000000c3a00000| Untracked 
|  59|0x00000000c3b00000, 0x00000000c3b80000, 0x00000000c3c00000| 50%| O|  |TAMS 0x00000000c3b00000, 0x00000000c3b00000| Untracked 
|  60|0x00000000c3c00000, 0x00000000c3c00000, 0x00000000c3d00000|  0%| F|  |TAMS 0x00000000c3c00000, 0x00000000c3c00000| Untracked 
|  61|0x00000000c3d00000, 0x00000000c3d00000, 0x00000000c3e00000|  0%| F|  |TAMS 0x00000000c3d00000, 0x00000000c3d00000| Untracked 
|  62|0x00000000c3e00000, 0x00000000c3e00000, 0x00000000c3f00000|  0%| F|  |TAMS 0x00000000c3e00000, 0x00000000c3e00000| Untracked 
|  63|0x00000000c3f00000, 0x00000000c3f00000, 0x00000000c4000000|  0%| F|  |TAMS 0x00000000c3f00000, 0x00000000c3f00000| Untracked 
|  64|0x00000000c4000000, 0x00000000c4100000, 0x00000000c4100000|100%|HS|  |TAMS 0x00000000c4100000, 0x00000000c4000000| Complete 
|  65|0x00000000c4100000, 0x00000000c4200000, 0x00000000c4200000|100%|HC|  |TAMS 0x00000000c4200000, 0x00000000c4100000| Complete 
|  66|0x00000000c4200000, 0x00000000c4300000, 0x00000000c4300000|100%|HC|  |TAMS 0x00000000c4300000, 0x00000000c4200000| Complete 
|  67|0x00000000c4300000, 0x00000000c4400000, 0x00000000c4400000|100%|HC|  |TAMS 0x00000000c4400000, 0x00000000c4300000| Complete 
|  68|0x00000000c4400000, 0x00000000c4500000, 0x00000000c4500000|100%|HC|  |TAMS 0x00000000c4500000, 0x00000000c4400000| Complete 
|  69|0x00000000c4500000, 0x00000000c4600000, 0x00000000c4600000|100%|HC|  |TAMS 0x00000000c4600000, 0x00000000c4500000| Complete 
|  70|0x00000000c4600000, 0x00000000c4700000, 0x00000000c4700000|100%|HC|  |TAMS 0x00000000c4700000, 0x00000000c4600000| Complete 
|  71|0x00000000c4700000, 0x00000000c4800000, 0x00000000c4800000|100%|HC|  |TAMS 0x00000000c4800000, 0x00000000c4700000| Complete 
|  72|0x00000000c4800000, 0x00000000c4900000, 0x00000000c4900000|100%|HC|  |TAMS 0x00000000c4900000, 0x00000000c4800000| Complete 
|  73|0x00000000c4900000, 0x00000000c4a00000, 0x00000000c4a00000|100%|HC|  |TAMS 0x00000000c4a00000, 0x00000000c4900000| Complete 
|  74|0x00000000c4a00000, 0x00000000c4b00000, 0x00000000c4b00000|100%|HC|  |TAMS 0x00000000c4b00000, 0x00000000c4a00000| Complete 
|  75|0x00000000c4b00000, 0x00000000c4c00000, 0x00000000c4c00000|100%|HC|  |TAMS 0x00000000c4c00000, 0x00000000c4b00000| Complete 
|  76|0x00000000c4c00000, 0x00000000c4d00000, 0x00000000c4d00000|100%|HC|  |TAMS 0x00000000c4d00000, 0x00000000c4c00000| Complete 
|  77|0x00000000c4d00000, 0x00000000c4e00000, 0x00000000c4e00000|100%|HC|  |TAMS 0x00000000c4e00000, 0x00000000c4d00000| Complete 
|  78|0x00000000c4e00000, 0x00000000c4f00000, 0x00000000c4f00000|100%|HC|  |TAMS 0x00000000c4f00000, 0x00000000c4e00000| Complete 
|  79|0x00000000c4f00000, 0x00000000c5000000, 0x00000000c5000000|100%|HC|  |TAMS 0x00000000c5000000, 0x00000000c4f00000| Complete 
|  80|0x00000000c5000000, 0x00000000c5100000, 0x00000000c5100000|100%|HC|  |TAMS 0x00000000c5100000, 0x00000000c5000000| Complete 
|  81|0x00000000c5100000, 0x00000000c5200000, 0x00000000c5200000|100%|HC|  |TAMS 0x00000000c5200000, 0x00000000c5100000| Complete 
|  82|0x00000000c5200000, 0x00000000c5300000, 0x00000000c5300000|100%|HC|  |TAMS 0x00000000c5300000, 0x00000000c5200000| Complete 
|  83|0x00000000c5300000, 0x00000000c5400000, 0x00000000c5400000|100%|HC|  |TAMS 0x00000000c5400000, 0x00000000c5300000| Complete 
|  84|0x00000000c5400000, 0x00000000c5500000, 0x00000000c5500000|100%|HC|  |TAMS 0x00000000c5500000, 0x00000000c5400000| Complete 
|  85|0x00000000c5500000, 0x00000000c5600000, 0x00000000c5600000|100%|HC|  |TAMS 0x00000000c5600000, 0x00000000c5500000| Complete 
|  86|0x00000000c5600000, 0x00000000c5700000, 0x00000000c5700000|100%|HC|  |TAMS 0x00000000c5700000, 0x00000000c5600000| Complete 
|  87|0x00000000c5700000, 0x00000000c5800000, 0x00000000c5800000|100%|HC|  |TAMS 0x00000000c5800000, 0x00000000c5700000| Complete 
|  88|0x00000000c5800000, 0x00000000c5900000, 0x00000000c5900000|100%|HC|  |TAMS 0x00000000c5900000, 0x00000000c5800000| Complete 
|  89|0x00000000c5900000, 0x00000000c5a00000, 0x00000000c5a00000|100%|HC|  |TAMS 0x00000000c5a00000, 0x00000000c5900000| Complete 
|  90|0x00000000c5a00000, 0x00000000c5b00000, 0x00000000c5b00000|100%|HC|  |TAMS 0x00000000c5b00000, 0x00000000c5a00000| Complete 
|  91|0x00000000c5b00000, 0x00000000c5c00000, 0x00000000c5c00000|100%|HC|  |TAMS 0x00000000c5c00000, 0x00000000c5b00000| Complete 
|  92|0x00000000c5c00000, 0x00000000c5d00000, 0x00000000c5d00000|100%|HC|  |TAMS 0x00000000c5d00000, 0x00000000c5c00000| Complete 
|  93|0x00000000c5d00000, 0x00000000c5e00000, 0x00000000c5e00000|100%|HC|  |TAMS 0x00000000c5e00000, 0x00000000c5d00000| Complete 
|  94|0x00000000c5e00000, 0x00000000c5f00000, 0x00000000c5f00000|100%|HC|  |TAMS 0x00000000c5f00000, 0x00000000c5e00000| Complete 
|  95|0x00000000c5f00000, 0x00000000c6000000, 0x00000000c6000000|100%|HC|  |TAMS 0x00000000c6000000, 0x00000000c5f00000| Complete 
|  96|0x00000000c6000000, 0x00000000c6100000, 0x00000000c6100000|100%|HC|  |TAMS 0x00000000c6100000, 0x00000000c6000000| Complete 
|  97|0x00000000c6100000, 0x00000000c6200000, 0x00000000c6200000|100%|HC|  |TAMS 0x00000000c6200000, 0x00000000c6100000| Complete 
|  98|0x00000000c6200000, 0x00000000c6300000, 0x00000000c6300000|100%|HC|  |TAMS 0x00000000c6300000, 0x00000000c6200000| Complete 
|  99|0x00000000c6300000, 0x00000000c6400000, 0x00000000c6400000|100%|HC|  |TAMS 0x00000000c6400000, 0x00000000c6300000| Complete 
| 100|0x00000000c6400000, 0x00000000c6500000, 0x00000000c6500000|100%|HC|  |TAMS 0x00000000c6500000, 0x00000000c6400000| Complete 
| 101|0x00000000c6500000, 0x00000000c6600000, 0x00000000c6600000|100%|HC|  |TAMS 0x00000000c6600000, 0x00000000c6500000| Complete 
| 102|0x00000000c6600000, 0x00000000c6700000, 0x00000000c6700000|100%|HC|  |TAMS 0x00000000c6700000, 0x00000000c6600000| Complete 
| 103|0x00000000c6700000, 0x00000000c6700000, 0x00000000c6800000|  0%| F|  |TAMS 0x00000000c6700000, 0x00000000c6700000| Untracked 
| 104|0x00000000c6800000, 0x00000000c6800000, 0x00000000c6900000|  0%| F|  |TAMS 0x00000000c6800000, 0x00000000c6800000| Untracked 
| 105|0x00000000c6900000, 0x00000000c6900000, 0x00000000c6a00000|  0%| F|  |TAMS 0x00000000c6900000, 0x00000000c6900000| Untracked 
| 106|0x00000000c6a00000, 0x00000000c6a00000, 0x00000000c6b00000|  0%| F|  |TAMS 0x00000000c6a00000, 0x00000000c6a00000| Untracked 
| 107|0x00000000c6b00000, 0x00000000c6b00000, 0x00000000c6c00000|  0%| F|  |TAMS 0x00000000c6b00000, 0x00000000c6b00000| Untracked 
| 108|0x00000000c6c00000, 0x00000000c6c00000, 0x00000000c6d00000|  0%| F|  |TAMS 0x00000000c6c00000, 0x00000000c6c00000| Untracked 
| 109|0x00000000c6d00000, 0x00000000c6d00000, 0x00000000c6e00000|  0%| F|  |TAMS 0x00000000c6d00000, 0x00000000c6d00000| Untracked 
| 110|0x00000000c6e00000, 0x00000000c6e00000, 0x00000000c6f00000|  0%| F|  |TAMS 0x00000000c6e00000, 0x00000000c6e00000| Untracked 
| 111|0x00000000c6f00000, 0x00000000c6f00000, 0x00000000c7000000|  0%| F|  |TAMS 0x00000000c6f00000, 0x00000000c6f00000| Untracked 
| 112|0x00000000c7000000, 0x00000000c7000000, 0x00000000c7100000|  0%| F|  |TAMS 0x00000000c7000000, 0x00000000c7000000| Untracked 
| 113|0x00000000c7100000, 0x00000000c7100000, 0x00000000c7200000|  0%| F|  |TAMS 0x00000000c7100000, 0x00000000c7100000| Untracked 
| 114|0x00000000c7200000, 0x00000000c7200000, 0x00000000c7300000|  0%| F|  |TAMS 0x00000000c7200000, 0x00000000c7200000| Untracked 
| 115|0x00000000c7300000, 0x00000000c7300000, 0x00000000c7400000|  0%| F|  |TAMS 0x00000000c7300000, 0x00000000c7300000| Untracked 
| 116|0x00000000c7400000, 0x00000000c7400000, 0x00000000c7500000|  0%| F|  |TAMS 0x00000000c7400000, 0x00000000c7400000| Untracked 
| 117|0x00000000c7500000, 0x00000000c7500000, 0x00000000c7600000|  0%| F|  |TAMS 0x00000000c7500000, 0x00000000c7500000| Untracked 
| 118|0x00000000c7600000, 0x00000000c7600000, 0x00000000c7700000|  0%| F|  |TAMS 0x00000000c7600000, 0x00000000c7600000| Untracked 
| 119|0x00000000c7700000, 0x00000000c7700000, 0x00000000c7800000|  0%| F|  |TAMS 0x00000000c7700000, 0x00000000c7700000| Untracked 
| 120|0x00000000c7800000, 0x00000000c7800000, 0x00000000c7900000|  0%| F|  |TAMS 0x00000000c7800000, 0x00000000c7800000| Untracked 
| 121|0x00000000c7900000, 0x00000000c7900000, 0x00000000c7a00000|  0%| F|  |TAMS 0x00000000c7900000, 0x00000000c7900000| Untracked 
| 122|0x00000000c7a00000, 0x00000000c7a00000, 0x00000000c7b00000|  0%| F|  |TAMS 0x00000000c7a00000, 0x00000000c7a00000| Untracked 
| 123|0x00000000c7b00000, 0x00000000c7c00000, 0x00000000c7c00000|100%| S|CS|TAMS 0x00000000c7b00000, 0x00000000c7b00000| Complete 
| 124|0x00000000c7c00000, 0x00000000c7d00000, 0x00000000c7d00000|100%| S|CS|TAMS 0x00000000c7c00000, 0x00000000c7c00000| Complete 
| 125|0x00000000c7d00000, 0x00000000c7e00000, 0x00000000c7e00000|100%| S|CS|TAMS 0x00000000c7d00000, 0x00000000c7d00000| Complete 
| 126|0x00000000c7e00000, 0x00000000c7e00000, 0x00000000c7f00000|  0%| F|  |TAMS 0x00000000c7e00000, 0x00000000c7e00000| Untracked 
| 127|0x00000000c7f00000, 0x00000000c7f00000, 0x00000000c8000000|  0%| F|  |TAMS 0x00000000c7f00000, 0x00000000c7f00000| Untracked 
| 128|0x00000000c8000000, 0x00000000c8000000, 0x00000000c8100000|  0%| F|  |TAMS 0x00000000c8000000, 0x00000000c8000000| Untracked 
| 129|0x00000000c8100000, 0x00000000c8100000, 0x00000000c8200000|  0%| F|  |TAMS 0x00000000c8100000, 0x00000000c8100000| Untracked 
| 130|0x00000000c8200000, 0x00000000c8200000, 0x00000000c8300000|  0%| F|  |TAMS 0x00000000c8200000, 0x00000000c8200000| Untracked 
| 131|0x00000000c8300000, 0x00000000c8300000, 0x00000000c8400000|  0%| F|  |TAMS 0x00000000c8300000, 0x00000000c8300000| Untracked 
| 132|0x00000000c8400000, 0x00000000c8400000, 0x00000000c8500000|  0%| F|  |TAMS 0x00000000c8400000, 0x00000000c8400000| Untracked 
| 133|0x00000000c8500000, 0x00000000c8500000, 0x00000000c8600000|  0%| F|  |TAMS 0x00000000c8500000, 0x00000000c8500000| Untracked 
| 134|0x00000000c8600000, 0x00000000c8600000, 0x00000000c8700000|  0%| F|  |TAMS 0x00000000c8600000, 0x00000000c8600000| Untracked 
| 135|0x00000000c8700000, 0x00000000c8700000, 0x00000000c8800000|  0%| F|  |TAMS 0x00000000c8700000, 0x00000000c8700000| Untracked 
| 136|0x00000000c8800000, 0x00000000c8800000, 0x00000000c8900000|  0%| F|  |TAMS 0x00000000c8800000, 0x00000000c8800000| Untracked 
| 137|0x00000000c8900000, 0x00000000c8900000, 0x00000000c8a00000|  0%| F|  |TAMS 0x00000000c8900000, 0x00000000c8900000| Untracked 
| 138|0x00000000c8a00000, 0x00000000c8a00000, 0x00000000c8b00000|  0%| F|  |TAMS 0x00000000c8a00000, 0x00000000c8a00000| Untracked 
| 139|0x00000000c8b00000, 0x00000000c8b00000, 0x00000000c8c00000|  0%| F|  |TAMS 0x00000000c8b00000, 0x00000000c8b00000| Untracked 
| 140|0x00000000c8c00000, 0x00000000c8c00000, 0x00000000c8d00000|  0%| F|  |TAMS 0x00000000c8c00000, 0x00000000c8c00000| Untracked 
| 141|0x00000000c8d00000, 0x00000000c8d00000, 0x00000000c8e00000|  0%| F|  |TAMS 0x00000000c8d00000, 0x00000000c8d00000| Untracked 
| 142|0x00000000c8e00000, 0x00000000c8e00000, 0x00000000c8f00000|  0%| F|  |TAMS 0x00000000c8e00000, 0x00000000c8e00000| Untracked 
| 143|0x00000000c8f00000, 0x00000000c9000000, 0x00000000c9000000|100%| E|CS|TAMS 0x00000000c8f00000, 0x00000000c8f00000| Complete 
| 144|0x00000000c9000000, 0x00000000c9100000, 0x00000000c9100000|100%| E|CS|TAMS 0x00000000c9000000, 0x00000000c9000000| Complete 
| 145|0x00000000c9100000, 0x00000000c9200000, 0x00000000c9200000|100%| E|CS|TAMS 0x00000000c9100000, 0x00000000c9100000| Complete 
| 146|0x00000000c9200000, 0x00000000c9200000, 0x00000000c9300000|  0%| F|  |TAMS 0x00000000c9200000, 0x00000000c9200000| Untracked 
| 147|0x00000000c9300000, 0x00000000c9300000, 0x00000000c9400000|  0%| F|  |TAMS 0x00000000c9300000, 0x00000000c9300000| Untracked 
| 148|0x00000000c9400000, 0x00000000c9400000, 0x00000000c9500000|  0%| F|  |TAMS 0x00000000c9400000, 0x00000000c9400000| Untracked 
| 149|0x00000000c9500000, 0x00000000c9500000, 0x00000000c9600000|  0%| F|  |TAMS 0x00000000c9500000, 0x00000000c9500000| Untracked 
| 150|0x00000000c9600000, 0x00000000c9600000, 0x00000000c9700000|  0%| F|  |TAMS 0x00000000c9600000, 0x00000000c9600000| Untracked 
| 151|0x00000000c9700000, 0x00000000c9700000, 0x00000000c9800000|  0%| F|  |TAMS 0x00000000c9700000, 0x00000000c9700000| Untracked 
| 152|0x00000000c9800000, 0x00000000c9800000, 0x00000000c9900000|  0%| F|  |TAMS 0x00000000c9800000, 0x00000000c9800000| Untracked 
| 153|0x00000000c9900000, 0x00000000c9900000, 0x00000000c9a00000|  0%| F|  |TAMS 0x00000000c9900000, 0x00000000c9900000| Untracked 
| 154|0x00000000c9a00000, 0x00000000c9a00000, 0x00000000c9b00000|  0%| F|  |TAMS 0x00000000c9a00000, 0x00000000c9a00000| Untracked 
| 155|0x00000000c9b00000, 0x00000000c9b00000, 0x00000000c9c00000|  0%| F|  |TAMS 0x00000000c9b00000, 0x00000000c9b00000| Untracked 
| 156|0x00000000c9c00000, 0x00000000c9c00000, 0x00000000c9d00000|  0%| F|  |TAMS 0x00000000c9c00000, 0x00000000c9c00000| Untracked 
| 157|0x00000000c9d00000, 0x00000000c9d00000, 0x00000000c9e00000|  0%| F|  |TAMS 0x00000000c9d00000, 0x00000000c9d00000| Untracked 
| 158|0x00000000c9e00000, 0x00000000c9e00000, 0x00000000c9f00000|  0%| F|  |TAMS 0x00000000c9e00000, 0x00000000c9e00000| Untracked 
| 159|0x00000000c9f00000, 0x00000000c9f00000, 0x00000000ca000000|  0%| F|  |TAMS 0x00000000c9f00000, 0x00000000c9f00000| Untracked 
| 160|0x00000000ca000000, 0x00000000ca000000, 0x00000000ca100000|  0%| F|  |TAMS 0x00000000ca000000, 0x00000000ca000000| Untracked 
| 161|0x00000000ca100000, 0x00000000ca100000, 0x00000000ca200000|  0%| F|  |TAMS 0x00000000ca100000, 0x00000000ca100000| Untracked 
| 162|0x00000000ca200000, 0x00000000ca20f5b0, 0x00000000ca300000|  5%| E|  |TAMS 0x00000000ca200000, 0x00000000ca200000| Complete 
| 163|0x00000000ca300000, 0x00000000ca400000, 0x00000000ca400000|100%| E|CS|TAMS 0x00000000ca300000, 0x00000000ca300000| Complete 
| 164|0x00000000ca400000, 0x00000000ca500000, 0x00000000ca500000|100%| E|CS|TAMS 0x00000000ca400000, 0x00000000ca400000| Complete 
| 165|0x00000000ca500000, 0x00000000ca600000, 0x00000000ca600000|100%| E|CS|TAMS 0x00000000ca500000, 0x00000000ca500000| Complete 
| 166|0x00000000ca600000, 0x00000000ca700000, 0x00000000ca700000|100%| E|CS|TAMS 0x00000000ca600000, 0x00000000ca600000| Complete 

Card table byte_map: [0x00000239380d0000,0x00000239382d0000] _byte_map_base: 0x0000023937ad0000

Marking Bits (Prev, Next): (CMBitMap*) 0x00000239211a1360, (CMBitMap*) 0x00000239211a13a0
 Prev Bits: [0x00000239384d0000, 0x00000239394d0000)
 Next Bits: [0x00000239394d0000, 0x000002393a4d0000)

Polling page: 0x0000023920930000

Metaspace:

Usage:
  Non-class:     28.26 MB used.
      Class:      4.17 MB used.
       Both:     32.43 MB used.

Virtual space:
  Non-class space:       64.00 MB reserved,      28.50 MB ( 45%) committed,  1 nodes.
      Class space:        1.00 GB reserved,       4.31 MB ( <1%) committed,  1 nodes.
             Both:        1.06 GB reserved,      32.81 MB (  3%) committed. 

Chunk freelists:
   Non-Class:  3.35 MB
       Class:  3.58 MB
        Both:  6.93 MB

MaxMetaspaceSize: unlimited
CompressedClassSpaceSize: 1.00 GB
Initial GC threshold: 21.00 MB
Current GC threshold: 54.31 MB
CDS: on
MetaspaceReclaimPolicy: balanced
 - commit_granule_bytes: 65536.
 - commit_granule_words: 8192.
 - virtual_space_node_default_size: 8388608.
 - enlarge_chunks_in_place: 1.
 - new_chunks_are_fully_committed: 0.
 - uncommit_free_chunks: 1.
 - use_allocation_guard: 0.


Internal statistics:

num_allocs_failed_limit: 3.
num_arena_births: 452.
num_arena_deaths: 0.
num_vsnodes_births: 2.
num_vsnodes_deaths: 0.
num_space_committed: 525.
num_space_uncommitted: 0.
num_chunks_returned_to_freelist: 3.
num_chunks_taken_from_freelist: 1518.
num_chunk_merges: 3.
num_chunk_splits: 1082.
num_chunks_enlarged: 856.
num_inconsistent_stats: 0.

CodeHeap 'non-profiled nmethods': size=120064Kb used=2754Kb max_used=3051Kb free=117309Kb
 bounds [0x0000023930b90000, 0x0000023930e90000, 0x00000239380d0000]
CodeHeap 'profiled nmethods': size=120000Kb used=12562Kb max_used=14977Kb free=107437Kb
 bounds [0x00000239290d0000, 0x0000023929f80000, 0x0000023930600000]
CodeHeap 'non-nmethods': size=5696Kb used=1637Kb max_used=1717Kb free=4058Kb
 bounds [0x0000023930600000, 0x0000023930870000, 0x0000023930b90000]
 total_blobs=6816 nmethods=5867 adapters=856
 compilation: enabled
              stopped_count=0, restarted_count=0
 full_count=0

Compilation events (20 events):
Event: 28.846 Thread 0x000002393c70f3b0 6786       3       com.sun.prism.impl.BaseGraphics::drawTexture3SliceH (369 bytes)
Event: 28.847 Thread 0x000002393c70f3b0 nmethod 6786 0x00000239292bca90 code [0x00000239292bcd20, 0x00000239292bdcd8]
Event: 28.850 Thread 0x000002393c70f3b0 6788       2       com.sun.marlin.Helpers$IndexStack::dispose (54 bytes)
Event: 28.850 Thread 0x000002393c70f3b0 nmethod 6788 0x000002392918eb90 code [0x000002392918ed40, 0x000002392918eee8]
Event: 28.859 Thread 0x000002393c70dc80 nmethod 6772 0x0000023930bff710 code [0x0000023930bff940, 0x0000023930c008e8]
Event: 28.859 Thread 0x000002393c70dc80 6775       4       com.sun.javafx.sg.prism.NGNode::clearDirtyTree (84 bytes)
Event: 28.866 Thread 0x000002393c70dc80 nmethod 6775 0x0000023930c0d290 code [0x0000023930c0d4a0, 0x0000023930c0da78]
Event: 28.866 Thread 0x000002393c70dc80 6773       4       com.sun.prism.impl.ps.BaseShaderContext::updatePerVertexColor (46 bytes)
Event: 28.867 Thread 0x000002393c70dc80 nmethod 6773 0x0000023930d0c410 code [0x0000023930d0c5e0, 0x0000023930d0c7f8]
Event: 28.867 Thread 0x000002393c70dc80 6787       4       com.sun.javafx.geom.transform.AffineBase::transform2DBounds (576 bytes)
Event: 28.868 Thread 0x000002393c70dc80 nmethod 6787 0x0000023930bc0510 code [0x0000023930bc06a0, 0x0000023930bc0828]
Event: 28.868 Thread 0x000002393c70dc80 6776       4       com.sun.prism.impl.VertexBuffer::addQuad (444 bytes)
Event: 28.871 Thread 0x000002393c70dc80 nmethod 6776 0x0000023930ca0790 code [0x0000023930ca0920, 0x0000023930ca0c58]
Event: 28.871 Thread 0x000002393c70dc80 6770       4       com.sun.javafx.geom.transform.Identity::transform (20 bytes)
Event: 28.871 Thread 0x000002393c70dc80 nmethod 6770 0x0000023930c97710 code [0x0000023930c978a0, 0x0000023930c97978]
Event: 28.872 Thread 0x000002393c70dc80 6774   !   4       java.util.Collections$SynchronizedMap::get (25 bytes)
Event: 28.873 Thread 0x000002393c70dc80 nmethod 6774 0x0000023930bbf810 code [0x0000023930bbf9a0, 0x0000023930bbfc58]
Event: 30.060 Thread 0x000002393c70f3b0 6789       3       javafx.scene.layout.GridPane$CompositeSize::isPreset (18 bytes)
Event: 30.061 Thread 0x000002393c70f3b0 nmethod 6789 0x00000239291b5210 code [0x00000239291b53c0, 0x00000239291b5588]
Event: 32.986 Thread 0x000002393c70f3b0 6790       3       javafx.scene.layout.Region::position (148 bytes)

GC Heap History (20 events):
Event: 7.876 GC heap before
{Heap before GC invocations=4 (full 0):
 garbage-first heap   total 65536K, used 31870K [0x00000000c0000000, 0x0000000100000000)
  region size 1024K, 20 young (20480K), 5 survivors (5120K)
 Metaspace       used 21205K, committed 21504K, reserved 1114112K
  class space    used 2772K, committed 2944K, reserved 1048576K
}
Event: 7.887 GC heap after
{Heap after GC invocations=5 (full 0):
 garbage-first heap   total 65536K, used 19526K [0x00000000c0000000, 0x0000000100000000)
  region size 1024K, 3 young (3072K), 3 survivors (3072K)
 Metaspace       used 21205K, committed 21504K, reserved 1114112K
  class space    used 2772K, committed 2944K, reserved 1048576K
}
Event: 11.116 GC heap before
{Heap before GC invocations=6 (full 0):
 garbage-first heap   total 105472K, used 86086K [0x00000000c0000000, 0x0000000100000000)
  region size 1024K, 28 young (28672K), 3 survivors (3072K)
 Metaspace       used 28754K, committed 29120K, reserved 1114112K
  class space    used 3793K, committed 3968K, reserved 1048576K
}
Event: 11.124 GC heap after
{Heap after GC invocations=7 (full 0):
 garbage-first heap   total 105472K, used 67129K [0x00000000c0000000, 0x0000000100000000)
  region size 1024K, 4 young (4096K), 4 survivors (4096K)
 Metaspace       used 28754K, committed 29120K, reserved 1114112K
  class space    used 3793K, committed 3968K, reserved 1048576K
}
Event: 11.364 GC heap before
{Heap before GC invocations=7 (full 0):
 garbage-first heap   total 105472K, used 68153K [0x00000000c0000000, 0x0000000100000000)
  region size 1024K, 5 young (5120K), 4 survivors (4096K)
 Metaspace       used 28930K, committed 29312K, reserved 1114112K
  class space    used 3825K, committed 3968K, reserved 1048576K
}
Event: 11.380 GC heap after
{Heap after GC invocations=8 (full 0):
 garbage-first heap   total 105472K, used 67599K [0x00000000c0000000, 0x0000000100000000)
  region size 1024K, 1 young (1024K), 1 survivors (1024K)
 Metaspace       used 28930K, committed 29312K, reserved 1114112K
  class space    used 3825K, committed 3968K, reserved 1048576K
}
Event: 12.289 GC heap before
{Heap before GC invocations=8 (full 0):
 garbage-first heap   total 105472K, used 82959K [0x00000000c0000000, 0x0000000100000000)
  region size 1024K, 17 young (17408K), 1 survivors (1024K)
 Metaspace       used 31244K, committed 31552K, reserved 1114112K
  class space    used 4207K, committed 4352K, reserved 1048576K
}
Event: 12.295 GC heap after
{Heap after GC invocations=9 (full 0):
 garbage-first heap   total 105472K, used 70398K [0x00000000c0000000, 0x0000000100000000)
  region size 1024K, 3 young (3072K), 3 survivors (3072K)
 Metaspace       used 31244K, committed 31552K, reserved 1114112K
  class space    used 4207K, committed 4352K, reserved 1048576K
}
Event: 12.902 GC heap before
{Heap before GC invocations=10 (full 0):
 garbage-first heap   total 119808K, used 84734K [0x00000000c0000000, 0x0000000100000000)
  region size 1024K, 17 young (17408K), 3 survivors (3072K)
 Metaspace       used 31607K, committed 31936K, reserved 1114112K
  class space    used 4214K, committed 4352K, reserved 1048576K
}
Event: 12.914 GC heap after
{Heap after GC invocations=11 (full 0):
 garbage-first heap   total 119808K, used 75126K [0x00000000c0000000, 0x0000000100000000)
  region size 1024K, 3 young (3072K), 3 survivors (3072K)
 Metaspace       used 31607K, committed 31936K, reserved 1114112K
  class space    used 4214K, committed 4352K, reserved 1048576K
}
Event: 12.956 GC heap before
{Heap before GC invocations=11 (full 0):
 garbage-first heap   total 119808K, used 77174K [0x00000000c0000000, 0x0000000100000000)
  region size 1024K, 5 young (5120K), 3 survivors (3072K)
 Metaspace       used 31640K, committed 32000K, reserved 1114112K
  class space    used 4214K, committed 4352K, reserved 1048576K
}
Event: 12.979 GC heap after
{Heap after GC invocations=12 (full 0):
 garbage-first heap   total 149504K, used 75776K [0x00000000c0000000, 0x0000000100000000)
  region size 1024K, 1 young (1024K), 1 survivors (1024K)
 Metaspace       used 31640K, committed 32000K, reserved 1114112K
  class space    used 4214K, committed 4352K, reserved 1048576K
}
Event: 13.644 GC heap before
{Heap before GC invocations=12 (full 0):
 garbage-first heap   total 149504K, used 107520K [0x00000000c0000000, 0x0000000100000000)
  region size 1024K, 33 young (33792K), 1 survivors (1024K)
 Metaspace       used 31918K, committed 32320K, reserved 1114112K
  class space    used 4217K, committed 4352K, reserved 1048576K
}
Event: 13.673 GC heap after
{Heap after GC invocations=13 (full 0):
 garbage-first heap   total 149504K, used 88064K [0x00000000c0000000, 0x0000000100000000)
  region size 1024K, 5 young (5120K), 5 survivors (5120K)
 Metaspace       used 31918K, committed 32320K, reserved 1114112K
  class space    used 4217K, committed 4352K, reserved 1048576K
}
Event: 21.264 GC heap before
{Heap before GC invocations=14 (full 0):
 garbage-first heap   total 149504K, used 112640K [0x00000000c0000000, 0x0000000100000000)
  region size 1024K, 29 young (29696K), 5 survivors (5120K)
 Metaspace       used 32949K, committed 33280K, reserved 1114112K
  class space    used 4272K, committed 4416K, reserved 1048576K
}
Event: 21.340 GC heap after
{Heap after GC invocations=15 (full 0):
 garbage-first heap   total 149504K, used 96256K [0x00000000c0000000, 0x0000000100000000)
  region size 1024K, 4 young (4096K), 4 survivors (4096K)
 Metaspace       used 32949K, committed 33280K, reserved 1114112K
  class space    used 4272K, committed 4416K, reserved 1048576K
}
Event: 21.439 GC heap before
{Heap before GC invocations=15 (full 0):
 garbage-first heap   total 149504K, used 99328K [0x00000000c0000000, 0x0000000100000000)
  region size 1024K, 7 young (7168K), 4 survivors (4096K)
 Metaspace       used 32989K, committed 33344K, reserved 1114112K
  class space    used 4272K, committed 4416K, reserved 1048576K
}
Event: 21.455 GC heap after
{Heap after GC invocations=16 (full 0):
 garbage-first heap   total 149504K, used 97280K [0x00000000c0000000, 0x0000000100000000)
  region size 1024K, 1 young (1024K), 1 survivors (1024K)
 Metaspace       used 32989K, committed 33344K, reserved 1114112K
  class space    used 4272K, committed 4416K, reserved 1048576K
}
Event: 21.721 GC heap before
{Heap before GC invocations=16 (full 0):
 garbage-first heap   total 149504K, used 116736K [0x00000000c0000000, 0x0000000100000000)
  region size 1024K, 20 young (20480K), 1 survivors (1024K)
 Metaspace       used 33015K, committed 33344K, reserved 1114112K
  class space    used 4272K, committed 4416K, reserved 1048576K
}
Event: 21.740 GC heap after
{Heap after GC invocations=17 (full 0):
 garbage-first heap   total 149504K, used 103936K [0x00000000c0000000, 0x0000000100000000)
  region size 1024K, 3 young (3072K), 3 survivors (3072K)
 Metaspace       used 33015K, committed 33344K, reserved 1114112K
  class space    used 4272K, committed 4416K, reserved 1048576K
}

Dll operation events (20 events):
Event: 0.704 Loaded shared library C:\Program Files\Java\javafx-sdk-19\bin\api-ms-win-crt-process-l1-1-0.dll
Event: 0.706 Loaded shared library C:\Program Files\Java\javafx-sdk-19\bin\api-ms-win-crt-runtime-l1-1-0.dll
Event: 0.708 Loaded shared library C:\Program Files\Java\javafx-sdk-19\bin\api-ms-win-crt-stdio-l1-1-0.dll
Event: 0.710 Loaded shared library C:\Program Files\Java\javafx-sdk-19\bin\api-ms-win-crt-string-l1-1-0.dll
Event: 0.712 Loaded shared library C:\Program Files\Java\javafx-sdk-19\bin\api-ms-win-crt-time-l1-1-0.dll
Event: 0.713 Loaded shared library C:\Program Files\Java\javafx-sdk-19\bin\api-ms-win-crt-utility-l1-1-0.dll
Event: 0.720 Loaded shared library C:\Program Files\Java\javafx-sdk-19\bin\ucrtbase.dll
Event: 0.724 Loaded shared library C:\Program Files\Java\javafx-sdk-19\bin\vcruntime140.dll
Event: 0.726 Loaded shared library C:\Program Files\Java\javafx-sdk-19\bin\vcruntime140_1.dll
Event: 0.737 Loaded shared library C:\Program Files\Java\javafx-sdk-19\bin\msvcp140.dll
Event: 0.741 Loaded shared library C:\Program Files\Java\javafx-sdk-19\bin\msvcp140_1.dll
Event: 0.752 Loaded shared library C:\Program Files\Java\javafx-sdk-19\bin\msvcp140_2.dll
Event: 0.825 Loaded shared library C:\Program Files\Java\javafx-sdk-19\bin\prism_d3d.dll
Event: 0.897 Loaded shared library C:\Program Files\Java\javafx-sdk-19\bin\glass.dll
Event: 1.103 Loaded shared library C:\Program Files\Java\jdk-19\bin\jimage.dll
Event: 2.213 Loaded shared library C:\Program Files\Java\javafx-sdk-19\bin\javafx_font.dll
Event: 7.548 Loaded shared library C:\Program Files\Java\jdk-19\bin\management.dll
Event: 7.569 Loaded shared library C:\Program Files\Java\jdk-19\bin\management_ext.dll
Event: 9.415 Loaded shared library C:\Program Files\Java\jdk-19\bin\sunmscapi.dll
Event: 10.626 Loaded shared library C:\Program Files\Java\javafx-sdk-19\bin\javafx_iio.dll

Deoptimization events (20 events):
Event: 28.675 Thread 0x0000023940eec000 DEOPT PACKING pc=0x0000023929d7fea7 sp=0x0000007c3cafc550
Event: 28.675 Thread 0x0000023940eec000 DEOPT UNPACKING pc=0x0000023930667543 sp=0x0000007c3cafba48 mode 0
Event: 28.676 Thread 0x0000023940eec000 DEOPT PACKING pc=0x0000023929d7fd26 sp=0x0000007c3cafc550
Event: 28.676 Thread 0x0000023940eec000 DEOPT UNPACKING pc=0x0000023930667543 sp=0x0000007c3cafba48 mode 0
Event: 28.677 Thread 0x0000023940eec000 DEOPT PACKING pc=0x0000023929d7fcba sp=0x0000007c3cafc550
Event: 28.677 Thread 0x0000023940eec000 DEOPT UNPACKING pc=0x0000023930667543 sp=0x0000007c3cafba48 mode 0
Event: 28.679 Thread 0x0000023940eec000 DEOPT PACKING pc=0x0000023929d7fd97 sp=0x0000007c3cafc550
Event: 28.679 Thread 0x0000023940eec000 DEOPT UNPACKING pc=0x0000023930667543 sp=0x0000007c3cafba48 mode 0
Event: 28.681 Thread 0x0000023940eec000 DEOPT PACKING pc=0x0000023929d7fd26 sp=0x0000007c3cafc550
Event: 28.681 Thread 0x0000023940eec000 DEOPT UNPACKING pc=0x0000023930667543 sp=0x0000007c3cafba48 mode 0
Event: 28.682 Thread 0x0000023940eec000 DEOPT PACKING pc=0x0000023929d7fcba sp=0x0000007c3cafc550
Event: 28.682 Thread 0x0000023940eec000 DEOPT UNPACKING pc=0x0000023930667543 sp=0x0000007c3cafba48 mode 0
Event: 28.814 Thread 0x0000023940eec000 DEOPT PACKING pc=0x0000023929d7fcba sp=0x0000007c3cafd520
Event: 28.814 Thread 0x0000023940eec000 DEOPT UNPACKING pc=0x0000023930667543 sp=0x0000007c3cafca18 mode 0
Event: 28.815 Thread 0x0000023940eec000 DEOPT PACKING pc=0x0000023929d7fd26 sp=0x0000007c3cafd520
Event: 28.815 Thread 0x0000023940eec000 DEOPT UNPACKING pc=0x0000023930667543 sp=0x0000007c3cafca18 mode 0
Event: 28.817 Thread 0x0000023940eec000 DEOPT PACKING pc=0x0000023929d7fcba sp=0x0000007c3cafd520
Event: 28.817 Thread 0x0000023940eec000 DEOPT UNPACKING pc=0x0000023930667543 sp=0x0000007c3cafca18 mode 0
Event: 28.819 Thread 0x0000023940eec000 DEOPT PACKING pc=0x0000023929d7fea7 sp=0x0000007c3cafddc0
Event: 28.819 Thread 0x0000023940eec000 DEOPT UNPACKING pc=0x0000023930667543 sp=0x0000007c3cafd2b8 mode 0

Classes loaded (20 events):
Event: 17.526 Loading class sun/util/locale/provider/BreakIteratorProviderImpl
Event: 17.526 Loading class sun/util/locale/provider/BreakIteratorProviderImpl done
Event: 17.531 Loading class sun/text/resources/BreakIteratorInfo
Event: 17.531 Loading class sun/text/resources/BreakIteratorInfo done
Event: 17.532 Loading class sun/text/resources/BreakIteratorResources
Event: 17.532 Loading class sun/util/resources/BreakIteratorResourceBundle
Event: 17.533 Loading class sun/util/resources/BreakIteratorResourceBundle done
Event: 17.533 Loading class sun/text/resources/BreakIteratorResources done
Event: 17.533 Loading class sun/text/resources/BreakIteratorResources_en
Event: 17.533 Loading class sun/text/resources/BreakIteratorResources_en done
Event: 17.533 Loading class sun/text/resources/BreakIteratorResources_en_US
Event: 17.533 Loading class sun/text/resources/BreakIteratorResources_en_US done
Event: 17.535 Loading class sun/text/RuleBasedBreakIterator
Event: 17.536 Loading class sun/text/RuleBasedBreakIterator done
Event: 17.536 Loading class sun/text/CompactByteArray
Event: 17.537 Loading class sun/text/CompactByteArray done
Event: 17.537 Loading class sun/text/SupplementaryCharacterData
Event: 17.537 Loading class sun/text/SupplementaryCharacterData done
Event: 17.537 Loading class java/text/BreakIterator$BreakIteratorCache
Event: 17.537 Loading class java/text/BreakIterator$BreakIteratorCache done

Classes unloaded (0 events):
No events

Classes redefined (0 events):
No events

Internal exceptions (20 events):
Event: 10.434 Thread 0x0000023941152560 Exception <a 'java/lang/NoSuchMethodError'{0x00000000c2d996c0}: 'java.lang.Object java.lang.invoke.DirectMethodHandle$Holder.invokeStatic(java.lang.Object, java.lang.Object, int)'> (0x00000000c2d996c0) 
thrown [s\open\src\hotspot\share\interpreter\linkResolver.cpp, line 774]
Event: 10.434 Thread 0x0000023941152560 Exception <a 'java/lang/NoSuchMethodError'{0x00000000c2d9d6a8}: 'void java.lang.invoke.DirectMethodHandle$Holder.invokeStatic(java.lang.Object, java.lang.Object, int, java.lang.Object)'> (0x00000000c2d9d6a8) 
thrown [s\open\src\hotspot\share\interpreter\linkResolver.cpp, line 774]
Event: 10.434 Thread 0x0000023941152560 Exception <a 'java/lang/NoSuchMethodError'{0x00000000c2da4970}: 'void java.lang.invoke.DelegatingMethodHandle$Holder.delegate(java.lang.Object, java.lang.Object, int, java.lang.Object)'> (0x00000000c2da4970) 
thrown [s\open\src\hotspot\share\interpreter\linkResolver.cpp, line 774]
Event: 10.563 Thread 0x0000023941152560 Exception <a 'java/lang/NoSuchMethodError'{0x00000000c2b8be60}: 'java.lang.Object java.lang.invoke.DirectMethodHandle$Holder.newInvokeSpecial(java.lang.Object, double)'> (0x00000000c2b8be60) 
thrown [s\open\src\hotspot\share\interpreter\linkResolver.cpp, line 774]
Event: 11.515 Thread 0x0000023941152560 Exception <a 'java/lang/NoSuchMethodError'{0x00000000c3d9d300}: 'java.lang.Object java.lang.invoke.DirectMethodHandle$Holder.newInvokeSpecial(java.lang.Object, java.lang.Object, int, int)'> (0x00000000c3d9d300) 
thrown [s\open\src\hotspot\share\interpreter\linkResolver.cpp, line 774]
Event: 11.516 Thread 0x0000023941152560 Exception <a 'java/lang/NoSuchMethodError'{0x00000000c3da17b8}: 'java.lang.Object java.lang.invoke.DirectMethodHandle$Holder.invokeSpecial(java.lang.Object, java.lang.Object, java.lang.Object, int, int)'> (0x00000000c3da17b8) 
thrown [s\open\src\hotspot\share\interpreter\linkResolver.cpp, line 774]
Event: 11.665 Thread 0x0000023941152560 Implicit null exception at 0x0000023930d00900 to 0x0000023930d01270
Event: 11.665 Thread 0x0000023941152560 Implicit null exception at 0x0000023930d0c2d7 to 0x0000023930d0c5c4
Event: 11.902 Thread 0x0000023941152560 Exception <a 'java/io/FileNotFoundException'{0x00000000c3a8f2e8}> (0x00000000c3a8f2e8) 
thrown [s\open\src\hotspot\share\prims\jni.cpp, line 517]
Event: 11.912 Thread 0x0000023941152560 Exception <a 'java/io/FileNotFoundException'{0x00000000c3ad7370}> (0x00000000c3ad7370) 
thrown [s\open\src\hotspot\share\prims\jni.cpp, line 517]
Event: 12.040 Thread 0x0000023941152560 Exception <a 'java/lang/NoSuchMethodError'{0x00000000c3505f70}: 'void java.lang.invoke.DirectMethodHandle$Holder.invokeSpecialIFC(java.lang.Object, java.lang.Object, java.lang.Object, java.lang.Object)'> (0x00000000c3505f70) 
thrown [s\open\src\hotspot\share\interpreter\linkResolver.cpp, line 774]
Event: 12.187 Thread 0x0000023941152560 Implicit null exception at 0x0000023930d3ee64 to 0x0000023930d3f5e8
Event: 13.078 Thread 0x0000023941152560 Exception <a 'java/io/FileNotFoundException'{0x00000000c90eef10}> (0x00000000c90eef10) 
thrown [s\open\src\hotspot\share\prims\jni.cpp, line 517]
Event: 13.079 Thread 0x0000023941152560 Exception <a 'java/io/FileNotFoundException'{0x00000000c90f0d80}> (0x00000000c90f0d80) 
thrown [s\open\src\hotspot\share\prims\jni.cpp, line 517]
Event: 13.085 Thread 0x0000023941152560 Exception <a 'java/io/FileNotFoundException'{0x00000000c90fe710}> (0x00000000c90fe710) 
thrown [s\open\src\hotspot\share\prims\jni.cpp, line 517]
Event: 13.085 Thread 0x0000023941152560 Exception <a 'java/io/FileNotFoundException'{0x00000000c8f1fc10}> (0x00000000c8f1fc10) 
thrown [s\open\src\hotspot\share\prims\jni.cpp, line 517]
Event: 14.170 Thread 0x0000023940eec000 Exception <a 'java/lang/NoSuchMethodError'{0x00000000c80c3020}: 'java.lang.Object java.lang.invoke.DirectMethodHandle$Holder.invokeStaticInit(java.lang.Object, int)'> (0x00000000c80c3020) 
thrown [s\open\src\hotspot\share\interpreter\linkResolver.cpp, line 774]
Event: 21.713 Thread 0x0000023941152560 Implicit null exception at 0x0000023930e22656 to 0x0000023930e23608
Event: 21.713 Thread 0x0000023941152560 Implicit null exception at 0x0000023930df0981 to 0x0000023930df4180
Event: 21.713 Thread 0x0000023941152560 Implicit null exception at 0x0000023930e1c896 to 0x0000023930e1dff8

VM Operations (20 events):
Event: 21.870 Executing VM operation: G1PauseRemark
Event: 21.915 Executing VM operation: G1PauseRemark done
Event: 21.959 Executing VM operation: G1PauseCleanup
Event: 21.959 Executing VM operation: G1PauseCleanup done
Event: 23.584 Executing VM operation: HandshakeAllThreads
Event: 23.590 Executing VM operation: HandshakeAllThreads done
Event: 23.594 Executing VM operation: Cleanup
Event: 23.638 Executing VM operation: Cleanup done
Event: 23.638 Executing VM operation: HandshakeAllThreads
Event: 23.638 Executing VM operation: HandshakeAllThreads done
Event: 23.676 Executing VM operation: HandshakeAllThreads
Event: 23.676 Executing VM operation: HandshakeAllThreads done
Event: 24.676 Executing VM operation: Cleanup
Event: 24.676 Executing VM operation: Cleanup done
Event: 25.677 Executing VM operation: Cleanup
Event: 25.677 Executing VM operation: Cleanup done
Event: 29.678 Executing VM operation: Cleanup
Event: 29.678 Executing VM operation: Cleanup done
Event: 30.681 Executing VM operation: Cleanup
Event: 30.681 Executing VM operation: Cleanup done

Events (20 events):
Event: 23.687 Thread 0x000002393c728af0 flushing nmethod 0x0000023929cd5690
Event: 23.687 Thread 0x000002393c728af0 flushing nmethod 0x0000023929ce2390
Event: 23.687 Thread 0x000002393c728af0 flushing nmethod 0x0000023929ce2f10
Event: 23.687 Thread 0x000002393c728af0 flushing nmethod 0x0000023929cf5d10
Event: 23.687 Thread 0x000002393c728af0 flushing nmethod 0x0000023929cfdc10
Event: 23.687 Thread 0x000002393c728af0 flushing nmethod 0x0000023929d00690
Event: 23.687 Thread 0x000002393c728af0 flushing nmethod 0x0000023929d00b10
Event: 23.687 Thread 0x000002393c728af0 flushing nmethod 0x0000023929d00e90
Event: 23.687 Thread 0x000002393c728af0 flushing nmethod 0x0000023929d06b10
Event: 23.687 Thread 0x000002393c728af0 flushing nmethod 0x0000023929d08010
Event: 23.687 Thread 0x000002393c728af0 flushing nmethod 0x0000023929d08390
Event: 23.687 Thread 0x000002393c728af0 flushing nmethod 0x0000023929d0aa90
Event: 23.687 Thread 0x000002393c728af0 flushing nmethod 0x0000023929d13e90
Event: 23.687 Thread 0x000002393c728af0 flushing nmethod 0x0000023929d14d10
Event: 23.687 Thread 0x000002393c728af0 flushing nmethod 0x0000023929d44910
Event: 23.688 Thread 0x000002393c728af0 flushing nmethod 0x0000023929e59210
Event: 23.688 Thread 0x000002393c728af0 flushing nmethod 0x0000023929e7ba90
Event: 23.688 Thread 0x000002393c728af0 flushing nmethod 0x0000023929ec9410
Event: 23.688 Thread 0x000002393c728af0 flushing nmethod 0x0000023929ecab10
Event: 23.688 Thread 0x000002393c728af0 flushing nmethod 0x0000023929ecba90


Dynamic libraries:
0x00007ff6c6ef0000 - 0x00007ff6c6f00000 	C:\Program Files\Java\jdk-19\bin\java.exe
0x00007ff802750000 - 0x00007ff802948000 	C:\Windows\SYSTEM32\ntdll.dll
0x00007ff8007a0000 - 0x00007ff80085f000 	C:\Windows\System32\KERNEL32.DLL
0x00007fffffd10000 - 0x00007ffffffe2000 	C:\Windows\System32\KERNELBASE.dll
0x00007ff8001e0000 - 0x00007ff8002e0000 	C:\Windows\System32\ucrtbase.dll
0x00007ffff2680000 - 0x00007ffff269b000 	C:\Program Files\Java\jdk-19\bin\VCRUNTIME140.dll
0x00007ffff2450000 - 0x00007ffff2468000 	C:\Program Files\Java\jdk-19\bin\jli.dll
0x00007ff8024b0000 - 0x00007ff80255e000 	C:\Windows\System32\ADVAPI32.dll
0x00007ff802330000 - 0x00007ff8023ce000 	C:\Windows\System32\msvcrt.dll
0x00007ff801010000 - 0x00007ff8010ac000 	C:\Windows\System32\sechost.dll
0x00007ff8011e0000 - 0x00007ff801305000 	C:\Windows\System32\RPCRT4.dll
0x00007ff802570000 - 0x00007ff80270d000 	C:\Windows\System32\USER32.dll
0x00007ff800160000 - 0x00007ff800182000 	C:\Windows\System32\win32u.dll
0x00007ff801310000 - 0x00007ff80133b000 	C:\Windows\System32\GDI32.dll
0x00007ff800380000 - 0x00007ff80048f000 	C:\Windows\System32\gdi32full.dll
0x00007ff8002e0000 - 0x00007ff80037d000 	C:\Windows\System32\msvcp_win.dll
0x00007fffde700000 - 0x00007fffde99a000 	C:\Windows\WinSxS\amd64_microsoft.windows.common-controls_6595b64144ccf1df_6.0.19041.1110_none_60b5254171f9507e\COMCTL32.dll
0x00007ffff84c0000 - 0x00007ffff84ca000 	C:\Windows\SYSTEM32\VERSION.dll
0x00007ff801340000 - 0x00007ff801372000 	C:\Windows\System32\IMM32.DLL
0x00007ffffb970000 - 0x00007ffffb97c000 	C:\Program Files\Java\jdk-19\bin\vcruntime140_1.dll
0x00007fffe46b0000 - 0x00007fffe473e000 	C:\Program Files\Java\jdk-19\bin\msvcp140.dll
0x00007fffcf0b0000 - 0x00007fffcfd70000 	C:\Program Files\Java\jdk-19\bin\server\jvm.dll
0x00007ffff84d0000 - 0x00007ffff84f7000 	C:\Windows\SYSTEM32\WINMM.dll
0x00007ffff0e90000 - 0x00007ffff0e99000 	C:\Windows\SYSTEM32\WSOCK32.dll
0x00007ff801170000 - 0x00007ff8011db000 	C:\Windows\System32\WS2_32.dll
0x00007ffffdc40000 - 0x00007ffffdc52000 	C:\Windows\SYSTEM32\kernel.appcore.dll
0x00007ffffb950000 - 0x00007ffffb95a000 	C:\Program Files\Java\jdk-19\bin\jimage.dll
0x00007ffff82d0000 - 0x00007ffff84b4000 	C:\Windows\SYSTEM32\DBGHELP.DLL
0x00007ffff82a0000 - 0x00007ffff82cc000 	C:\Windows\SYSTEM32\dbgcore.DLL
0x00007ff800660000 - 0x00007ff8006e2000 	C:\Windows\System32\bcryptPrimitives.dll
0x00007fffe6750000 - 0x00007fffe675e000 	C:\Program Files\Java\jdk-19\bin\instrument.dll
0x00007fffe4e50000 - 0x00007fffe4e76000 	C:\Program Files\Java\jdk-19\bin\java.dll
0x00007fffd0910000 - 0x00007fffd09e7000 	C:\Program Files\Java\jdk-19\bin\jsvml.dll
0x00007ff8014b0000 - 0x00007ff801bf3000 	C:\Windows\System32\SHELL32.dll
0x00007ffffdf20000 - 0x00007ffffe6b2000 	C:\Windows\SYSTEM32\windows.storage.dll
0x00007ff800cb0000 - 0x00007ff801004000 	C:\Windows\System32\combase.dll
0x00007fffff7c0000 - 0x00007fffff7f0000 	C:\Windows\SYSTEM32\Wldp.dll
0x00007ff8010b0000 - 0x00007ff80115d000 	C:\Windows\System32\SHCORE.dll
0x00007ff800aa0000 - 0x00007ff800af5000 	C:\Windows\System32\shlwapi.dll
0x00007ff800070000 - 0x00007ff80008f000 	C:\Windows\SYSTEM32\profapi.dll
0x00007fffe5bd0000 - 0x00007fffe5be3000 	C:\Program Files\Java\jdk-19\bin\net.dll
0x00007ffff6d10000 - 0x00007ffff6e1c000 	C:\Windows\SYSTEM32\WINHTTP.dll
0x00007fffff520000 - 0x00007fffff58a000 	C:\Windows\system32\mswsock.dll
0x00007fffe4e90000 - 0x00007fffe4ea6000 	C:\Program Files\Java\jdk-19\bin\nio.dll
0x00007fffe4bf0000 - 0x00007fffe4c08000 	C:\Program Files\Java\jdk-19\bin\zip.dll
0x00007fffe4b90000 - 0x00007fffe4baa000 	C:\Program Files\JetBrains\IntelliJ IDEA 2022.3\bin\breakgen64.dll
0x00007fffe6090000 - 0x00007fffe6098000 	C:\Program Files\Java\jdk-19\bin\extnet.dll
0x00000239210c0000 - 0x00000239210c3000 	C:\Program Files\Java\javafx-sdk-19\bin\api-ms-win-core-console-l1-1-0.dll
0x00000239210d0000 - 0x00000239210d3000 	C:\Program Files\Java\javafx-sdk-19\bin\api-ms-win-core-console-l1-2-0.dll
0x00000239210e0000 - 0x00000239210e3000 	C:\Program Files\Java\javafx-sdk-19\bin\api-ms-win-core-datetime-l1-1-0.dll
0x00000239210f0000 - 0x00000239210f3000 	C:\Program Files\Java\javafx-sdk-19\bin\api-ms-win-core-debug-l1-1-0.dll
0x0000023921100000 - 0x0000023921103000 	C:\Program Files\Java\javafx-sdk-19\bin\api-ms-win-core-errorhandling-l1-1-0.dll
0x0000023921110000 - 0x0000023921114000 	C:\Program Files\Java\javafx-sdk-19\bin\api-ms-win-core-file-l1-1-0.dll
0x0000023921120000 - 0x0000023921123000 	C:\Program Files\Java\javafx-sdk-19\bin\api-ms-win-core-file-l1-2-0.dll
0x000002393c7e0000 - 0x000002393c7e3000 	C:\Program Files\Java\javafx-sdk-19\bin\api-ms-win-core-file-l2-1-0.dll
0x000002393c7f0000 - 0x000002393c7f3000 	C:\Program Files\Java\javafx-sdk-19\bin\api-ms-win-core-handle-l1-1-0.dll
0x0000023941500000 - 0x0000023941503000 	C:\Program Files\Java\javafx-sdk-19\bin\api-ms-win-core-heap-l1-1-0.dll
0x0000023941510000 - 0x0000023941513000 	C:\Program Files\Java\javafx-sdk-19\bin\api-ms-win-core-interlocked-l1-1-0.dll
0x0000023941520000 - 0x0000023941523000 	C:\Program Files\Java\javafx-sdk-19\bin\api-ms-win-core-libraryloader-l1-1-0.dll
0x0000023941530000 - 0x0000023941533000 	C:\Program Files\Java\javafx-sdk-19\bin\api-ms-win-core-localization-l1-2-0.dll
0x0000023941540000 - 0x0000023941543000 	C:\Program Files\Java\javafx-sdk-19\bin\api-ms-win-core-memory-l1-1-0.dll
0x0000023941550000 - 0x0000023941553000 	C:\Program Files\Java\javafx-sdk-19\bin\api-ms-win-core-namedpipe-l1-1-0.dll
0x0000023941560000 - 0x0000023941563000 	C:\Program Files\Java\javafx-sdk-19\bin\api-ms-win-core-processenvironment-l1-1-0.dll
0x0000023941570000 - 0x0000023941573000 	C:\Program Files\Java\javafx-sdk-19\bin\api-ms-win-core-processthreads-l1-1-0.dll
0x0000023941580000 - 0x0000023941583000 	C:\Program Files\Java\javafx-sdk-19\bin\api-ms-win-core-processthreads-l1-1-1.dll
0x0000023941590000 - 0x0000023941593000 	C:\Program Files\Java\javafx-sdk-19\bin\api-ms-win-core-profile-l1-1-0.dll
0x00000239415a0000 - 0x00000239415a3000 	C:\Program Files\Java\javafx-sdk-19\bin\api-ms-win-core-rtlsupport-l1-1-0.dll
0x00000239415b0000 - 0x00000239415b3000 	C:\Program Files\Java\javafx-sdk-19\bin\api-ms-win-core-string-l1-1-0.dll
0x00000239415c0000 - 0x00000239415c3000 	C:\Program Files\Java\javafx-sdk-19\bin\api-ms-win-core-synch-l1-1-0.dll
0x00000239415d0000 - 0x00000239415d3000 	C:\Program Files\Java\javafx-sdk-19\bin\api-ms-win-core-synch-l1-2-0.dll
0x00000239415e0000 - 0x00000239415e3000 	C:\Program Files\Java\javafx-sdk-19\bin\api-ms-win-core-sysinfo-l1-1-0.dll
0x00000239415f0000 - 0x00000239415f3000 	C:\Program Files\Java\javafx-sdk-19\bin\api-ms-win-core-timezone-l1-1-0.dll
0x0000023941600000 - 0x0000023941603000 	C:\Program Files\Java\javafx-sdk-19\bin\api-ms-win-core-util-l1-1-0.dll
0x0000023941610000 - 0x0000023941613000 	C:\Program Files\Java\javafx-sdk-19\bin\api-ms-win-crt-conio-l1-1-0.dll
0x0000023941620000 - 0x0000023941624000 	C:\Program Files\Java\javafx-sdk-19\bin\api-ms-win-crt-convert-l1-1-0.dll
0x0000023941630000 - 0x0000023941633000 	C:\Program Files\Java\javafx-sdk-19\bin\api-ms-win-crt-environment-l1-1-0.dll
0x0000023941640000 - 0x0000023941643000 	C:\Program Files\Java\javafx-sdk-19\bin\api-ms-win-crt-filesystem-l1-1-0.dll
0x0000023941650000 - 0x0000023941653000 	C:\Program Files\Java\javafx-sdk-19\bin\api-ms-win-crt-heap-l1-1-0.dll
0x0000023941660000 - 0x0000023941663000 	C:\Program Files\Java\javafx-sdk-19\bin\api-ms-win-crt-locale-l1-1-0.dll
0x0000023941670000 - 0x0000023941675000 	C:\Program Files\Java\javafx-sdk-19\bin\api-ms-win-crt-math-l1-1-0.dll
0x0000023941680000 - 0x0000023941685000 	C:\Program Files\Java\javafx-sdk-19\bin\api-ms-win-crt-multibyte-l1-1-0.dll
0x0000023941690000 - 0x00000239416a0000 	C:\Program Files\Java\javafx-sdk-19\bin\api-ms-win-crt-private-l1-1-0.dll
0x00000239416a0000 - 0x00000239416a3000 	C:\Program Files\Java\javafx-sdk-19\bin\api-ms-win-crt-process-l1-1-0.dll
0x00000239416b0000 - 0x00000239416b4000 	C:\Program Files\Java\javafx-sdk-19\bin\api-ms-win-crt-runtime-l1-1-0.dll
0x00000239416c0000 - 0x00000239416c4000 	C:\Program Files\Java\javafx-sdk-19\bin\api-ms-win-crt-stdio-l1-1-0.dll
0x00000239416d0000 - 0x00000239416d4000 	C:\Program Files\Java\javafx-sdk-19\bin\api-ms-win-crt-string-l1-1-0.dll
0x00000239416e0000 - 0x00000239416e3000 	C:\Program Files\Java\javafx-sdk-19\bin\api-ms-win-crt-time-l1-1-0.dll
0x00000239416f0000 - 0x00000239416f3000 	C:\Program Files\Java\javafx-sdk-19\bin\api-ms-win-crt-utility-l1-1-0.dll
0x00007fffdd8b0000 - 0x00007fffdd9ac000 	C:\Program Files\Java\javafx-sdk-19\bin\ucrtbase.dll
0x00007fffe4820000 - 0x00007fffe483b000 	C:\Program Files\Java\javafx-sdk-19\bin\vcruntime140.dll
0x00007fffe5ae0000 - 0x00007fffe5aec000 	C:\Program Files\Java\javafx-sdk-19\bin\vcruntime140_1.dll
0x00007fffdd820000 - 0x00007fffdd8ae000 	C:\Program Files\Java\javafx-sdk-19\bin\msvcp140.dll
0x00007fffe5760000 - 0x00007fffe5769000 	C:\Program Files\Java\javafx-sdk-19\bin\msvcp140_1.dll
0x00007fffe47f0000 - 0x00007fffe4820000 	C:\Program Files\Java\javafx-sdk-19\bin\msvcp140_2.dll
0x00007fffe4660000 - 0x00007fffe468c000 	C:\Program Files\Java\javafx-sdk-19\bin\prism_d3d.dll
0x00007fffdd620000 - 0x00007fffdd7ef000 	C:\Windows\system32\d3d9.dll
0x00007ffffdc10000 - 0x00007ffffdc3f000 	C:\Windows\SYSTEM32\dwmapi.dll
0x00007ffffd850000 - 0x00007ffffd8ee000 	C:\Windows\system32\uxtheme.dll
0x00007ffff8690000 - 0x00007ffff86a9000 	C:\Windows\SYSTEM32\vm3dum64_loader.dll
0x00007ff801380000 - 0x00007ff8014aa000 	C:\Windows\System32\ole32.dll
0x00007fffff710000 - 0x00007fffff71c000 	C:\Windows\SYSTEM32\CRYPTBASE.DLL
0x00007fffe4eb0000 - 0x00007fffe4f20000 	C:\Windows\system32\vm3dum64.dll
0x00007fffd8310000 - 0x00007fffd8352000 	C:\Program Files\Java\javafx-sdk-19\bin\glass.dll
0x00007ff8023d0000 - 0x00007ff8024aa000 	C:\Windows\System32\COMDLG32.dll
0x00007ff800860000 - 0x00007ff80092d000 	C:\Windows\System32\OLEAUT32.dll
0x00007ff801d80000 - 0x00007ff801e95000 	C:\Windows\System32\MSCTF.dll
0x00007fffe47d0000 - 0x00007fffe47e4000 	C:\Program Files\Java\javafx-sdk-19\bin\javafx_font.dll
0x00007ffff46c0000 - 0x00007ffff493f000 	C:\Windows\SYSTEM32\dwrite.dll
0x00007ff800990000 - 0x00007ff800a3f000 	C:\Windows\System32\clbcatq.dll
0x00007ffffa3d0000 - 0x00007ffffa584000 	C:\Windows\SYSTEM32\WindowsCodecs.dll
0x00007ff800130000 - 0x00007ff800157000 	C:\Windows\System32\bcrypt.dll
0x00007fffda560000 - 0x00007fffda59e000 	C:\Windows\system32\dataexchange.dll
0x00007ffffc140000 - 0x00007ffffc3a3000 	C:\Windows\system32\d3d11.dll
0x00007ffffca10000 - 0x00007ffffcbf3000 	C:\Windows\system32\dcomp.dll
0x00007ffffe700000 - 0x00007ffffe7f3000 	C:\Windows\system32\dxgi.dll
0x00007ffffa630000 - 0x00007ffffa830000 	C:\Windows\system32\twinapi.appcore.dll
0x00007fffe56f0000 - 0x00007fffe5724000 	C:\Program Files\Common Files\Microsoft Shared\Ink\rtscom.dll
0x00007ffff78c0000 - 0x00007ffff79b9000 	C:\Windows\SYSTEM32\textinputframework.dll
0x00007ffffd0d0000 - 0x00007ffffd42e000 	C:\Windows\System32\CoreUIComponents.dll
0x00007ffffd430000 - 0x00007ffffd522000 	C:\Windows\System32\CoreMessaging.dll
0x00007ffffef60000 - 0x00007ffffef93000 	C:\Windows\SYSTEM32\ntmarta.dll
0x00007ffffc8b0000 - 0x00007ffffca04000 	C:\Windows\SYSTEM32\wintypes.dll
0x00007fffde090000 - 0x00007fffde0f6000 	C:\Windows\system32\Oleacc.dll
0x00007fffe56d0000 - 0x00007fffe56da000 	C:\Program Files\Java\jdk-19\bin\management.dll
0x00007fffe5050000 - 0x00007fffe505b000 	C:\Program Files\Java\jdk-19\bin\management_ext.dll
0x00007ff802560000 - 0x00007ff802568000 	C:\Windows\System32\PSAPI.DLL
0x00007fffff720000 - 0x00007fffff738000 	C:\Windows\SYSTEM32\CRYPTSP.dll
0x00007ffffee40000 - 0x00007ffffee74000 	C:\Windows\system32\rsaenh.dll

dbghelp: loaded successfully - version: 4.0.5 - missing functions: none
symbol engine: initialized successfully - sym options: 0x614 - pdb path: .;C:\Program Files\Java\jdk-19\bin;C:\Windows\SYSTEM32;C:\Windows\WinSxS\amd64_microsoft.windows.common-controls_6595b64144ccf1df_6.0.19041.1110_none_60b5254171f9507e;C:\Program Files\Java\jdk-19\bin\server;C:\Program Files\JetBrains\IntelliJ IDEA 2022.3\bin;C:\Program Files\Java\javafx-sdk-19\bin;C:\Program Files\Common Files\Microsoft Shared\Ink

VM Arguments:
jvm_args: --module-path=C:\Program Files\Java\javafx-sdk-19\lib --add-modules=javafx.controls,javafx.fxml -javaagent:C:\Program Files\JetBrains\IntelliJ IDEA 2022.3\lib\idea_rt.jar=63294:C:\Program Files\JetBrains\IntelliJ IDEA 2022.3\bin -Dfile.encoding=UTF-8 -Dsun.stdout.encoding=UTF-8 -Dsun.stderr.encoding=UTF-8 
java_command: com.example.projectfx.HelloApplication
java_class_path (initial): C:\Users\MohammadRehan\IdeaProjects\ProjectFX\target\classes;C:\Program Files\Java\javafx-sdk-19\lib\javafx-swt.jar;C:\Program Files\Java\javafx-sdk-19\lib\javafx.web.jar;C:\Program Files\Java\javafx-sdk-19\lib\javafx.base.jar;C:\Program Files\Java\javafx-sdk-19\lib\javafx.fxml.jar;C:\Program Files\Java\javafx-sdk-19\lib\javafx.media.jar;C:\Program Files\Java\javafx-sdk-19\lib\javafx.swing.jar;C:\Program Files\Java\javafx-sdk-19\lib\javafx.controls.jar;C:\Program Files\Java\javafx-sdk-19\lib\javafx.graphics.jar;C:\Users\MohammadRehan\IdeaProjects\ProjectFX\lib\ojdbc11-21.7.0.0.jar;C:\Users\MohammadRehan\IdeaProjects\ProjectFX\lib\spring-jdbc-5.3.24.jar;C:\Users\MohammadRehan\IdeaProjects\ProjectFX\lib\spring-beans-5.3.24.jar;C:\Users\MohammadRehan\IdeaProjects\ProjectFX\lib\spring-core-5.3.24.jar;C:\Users\MohammadRehan\IdeaProjects\ProjectFX\lib\spring-jcl-5.3.24.jar;C:\Users\MohammadRehan\IdeaProjects\ProjectFX\lib\spring-tx-5.3.24.jar;C:\Users\MohammadRehan\IdeaProjects\ProjectFX\lib\AnimateFX-1.2.3.jar;C:\Users\MohammadRehan\IdeaProjects\ProjectFX\lib\jasperreports-6.20.0.jar;C:\Users\MohammadRehan\IdeaProjects\ProjectFX\lib\commons-beanutils-1.9.4.jar;C:\Users\MohammadRehan\IdeaProjects\ProjectFX\lib\commons-collections-3.2.2.jar;C:\Users\MohammadRehan\IdeaProjects\ProjectFX\lib\commons-digester-2.1.jar;C:\Users\MohammadRehan\IdeaProjects\ProjectFX\lib\commons-logging-1.1.1.jar;C:\Users\MohammadRehan\IdeaProjects\ProjectFX\lib\commons-collections4-4.2.jar;C:\Users\MohammadRehan\IdeaProjects\ProjectFX\lib\itext-2.1.7.js10.jar;C:\Users\MohammadRehan\IdeaProjects\ProjectFX\lib\bcprov-jdk15on-1.70.jar;C:\Users\MohammadRehan\IdeaProjects\ProjectFX\lib\bcutil-jdk15on-1.70.jar;C:\Users\MohammadRehan\IdeaProjects\ProjectFX\lib\jcommon-1.0.23.jar;C:\Users\MohammadRehan\IdeaProjects\ProjectFX\lib\jfreechart-1.0.19.jar;C:\Users\MohammadRehan\IdeaProjects\ProjectFX\lib\ecj-3.21.0.jar;C:\Users\MohammadRehan\IdeaProjects\ProjectFX\lib\jackson-core-2.13.3.jar;C:\Users\MohammadRehan\IdeaProjects\ProjectFX\lib\jackson-databind-2.13.3.jar;C:\Users\MohammadRehan\IdeaProjects\ProjectFX\lib\jackson-annotations-2.13.3.jar;C:\Users\MohammadRehan\IdeaProjects\ProjectFX\lib\jackson-dataformat-xml-2.13.3.jar;C:\Users\MohammadRehan\IdeaProjects\ProjectFX\lib\stax2-api-4.2.1.jar;C:\Users\MohammadRehan\IdeaProjects\ProjectFX\lib\woodstox-core-6.2.7.jar
Launcher Type: SUN_STANDARD

[Global flags]
     intx CICompilerCount                          = 2                                         {product} {ergonomic}
     uint ConcGCThreads                            = 1                                         {product} {ergonomic}
     uint G1ConcRefinementThreads                  = 2                                         {product} {ergonomic}
   size_t G1HeapRegionSize                         = 1048576                                   {product} {ergonomic}
    uintx GCDrainStackTargetSize                   = 64                                        {product} {ergonomic}
   size_t InitialHeapSize                          = 67108864                                  {product} {ergonomic}
   size_t MarkStackSize                            = 4194304                                   {product} {ergonomic}
   size_t MaxHeapSize                              = 1073741824                                {product} {ergonomic}
   size_t MaxNewSize                               = 643825664                                 {product} {ergonomic}
   size_t MinHeapDeltaBytes                        = 1048576                                   {product} {ergonomic}
   size_t MinHeapSize                              = 8388608                                   {product} {ergonomic}
    uintx NonNMethodCodeHeapSize                   = 5826188                                {pd product} {ergonomic}
    uintx NonProfiledCodeHeapSize                  = 122916026                              {pd product} {ergonomic}
    uintx ProfiledCodeHeapSize                     = 122916026                              {pd product} {ergonomic}
    uintx ReservedCodeCacheSize                    = 251658240                              {pd product} {ergonomic}
     bool SegmentedCodeCache                       = true                                      {product} {ergonomic}
   size_t SoftMaxHeapSize                          = 1073741824                             {manageable} {ergonomic}
     bool UseCompressedClassPointers               = true                           {product lp64_product} {ergonomic}
     bool UseCompressedOops                        = true                           {product lp64_product} {ergonomic}
     bool UseG1GC                                  = true                                      {product} {ergonomic}
     bool UseLargePagesIndividualAllocation        = false                                  {pd product} {ergonomic}

Logging:
Log output configuration:
 #0: stdout all=warning uptime,level,tags foldmultilines=false
 #1: stderr all=off uptime,level,tags foldmultilines=false

Environment Variables:
PATH=C:\app\MohammadRehan\product\21c\dbhomeXE\bin;C:\Program Files\Common Files\Oracle\Java\javapath;C:\Windows\system32;C:\Windows;C:\Windows\System32\Wbem;C:\Windows\System32\WindowsPowerShell\v1.0\;C:\Windows\System32\OpenSSH\;C:\app\MohammadRehan\product\21c\dbhomeXE\jdbc\lib\ojdbc11.jar;C:\Program Files\Git\cmd;C:\Users\MohammadRehan\AppData\Local\Microsoft\WindowsApps;
USERNAME=MohammadRehan
OS=Windows_NT
PROCESSOR_IDENTIFIER=Intel64 Family 6 Model 158 Stepping 10, GenuineIntel
TMP=C:\Users\MOHAMM~1\AppData\Local\Temp
TEMP=C:\Users\MOHAMM~1\AppData\Local\Temp



---------------  S Y S T E M  ---------------

OS:
 Windows 10 , 64 bit Build 19041 (10.0.19041.2251)
OS uptime: 2 days 12:12 hours
VMWare virtualization detected

CPU: total 2 (initial active 2) (2 cores per cpu, 1 threads per core) family 6 model 158 stepping 10 microcode 0xb4, cx8, cmov, fxsr, mmx, 3dnowpref, sse, sse2, sse3, ssse3, sse4.1, sse4.2, popcnt, lzcnt, tsc, tscinvbit, avx, avx2, aes, erms, clmul, bmi1, bmi2, adx, fma, vzeroupper, clflush, clflushopt, hv, rdtscp

Memory: 4k page, system-wide physical 4095M (361M free)
TotalPageFile size 11705M (AvailPageFile size 0M)
current process WorkingSet (physical memory assigned to process): 273M, peak: 286M
current process commit charge ("private bytes"): 526M, peak: 544M

vm_info: Java HotSpot(TM) 64-Bit Server VM (19.0.1+10-21) for windows-amd64 JRE (19.0.1+10-21), built on 2022-09-14T12:45:06Z by "mach5one" with MS VC++ 17.1 (VS2022)

END.
