#
# There is insufficient memory for the Java Runtime Environment to continue.
# Native memory allocation (malloc) failed to allocate 756656 bytes for Chunk::new
# Possible reasons:
#   The system is out of physical RAM or swap space
#   The process is running with CompressedOops enabled, and the Java Heap may be blocking the growth of the native heap
# Possible solutions:
#   Reduce memory load on the system
#   Increase physical memory or swap space
#   Check if swap backing store is full
#   Decrease Java heap size (-Xmx/-Xms)
#   Decrease number of Java threads
#   Decrease Java thread stack sizes (-Xss)
#   Set larger code cache with -XX:ReservedCodeCacheSize=
#   JVM is running with Unscaled Compressed Oops mode in which the Java heap is
#     placed in the first 4GB address space. The Java Heap base address is the
#     maximum limit for the native heap growth. Please use -XX:HeapBaseMinAddress
#     to set the Java Heap base and to place the Java Heap above 4GB virtual address.
# This output file may be truncated or incomplete.
#
#  Out of Memory Error (arena.cpp:184), pid=724, tid=2232
#
# JRE version: Java(TM) SE Runtime Environment (19.0.1+10) (build 19.0.1+10-21)
# Java VM: Java HotSpot(TM) 64-Bit Server VM (19.0.1+10-21, mixed mode, sharing, tiered, compressed oops, compressed class ptrs, g1 gc, windows-amd64)
# No core dump will be written. Minidumps are not enabled by default on client versions of Windows
#

---------------  S U M M A R Y ------------

Command Line: --module-path=C:\Program Files\Java\javafx-sdk-19\lib --add-modules=javafx.controls,javafx.fxml -javaagent:C:\Program Files\JetBrains\IntelliJ IDEA 2022.3\lib\idea_rt.jar=54466:C:\Program Files\JetBrains\IntelliJ IDEA 2022.3\bin -Dfile.encoding=UTF-8 -Dsun.stdout.encoding=UTF-8 -Dsun.stderr.encoding=UTF-8 com.example.projectfx.HelloApplication

Host: Intel(R) Core(TM) i7-9750H CPU @ 2.60GHz, 2 cores, 3G,  Windows 10 , 64 bit Build 19041 (10.0.19041.2251)
Time: Wed Dec 14 21:14:56 2022 West Bank Gaza Standard Time elapsed time: 11.641200 seconds (0d 0h 0m 11s)

---------------  T H R E A D  ---------------

Current thread (0x000001ac0f353660):  JavaThread "C2 CompilerThread0" daemon [_thread_in_native, id=2232, stack(0x000000a9db600000,0x000000a9db700000)]


Current CompileTask:
C2:  11641 6602   !   4       javafx.scene.CssStyleHelper::transitionToState (1033 bytes)

Stack: [0x000000a9db600000,0x000000a9db700000]
Native frames: (J=compiled Java code, j=interpreted, Vv=VM code, C=native code)
V  [jvm.dll+0x6ee8fa]
V  [jvm.dll+0x857a1e]
V  [jvm.dll+0x85940e]
V  [jvm.dll+0x859ac3]
V  [jvm.dll+0x28291f]
V  [jvm.dll+0xc9b5f]
V  [jvm.dll+0xc9ee5]
V  [jvm.dll+0x2f7c6f]
V  [jvm.dll+0x5f0c5b]
V  [jvm.dll+0x254d73]
V  [jvm.dll+0x24dbf0]
V  [jvm.dll+0x24b563]
V  [jvm.dll+0x1d6d61]
V  [jvm.dll+0x25b0fa]
V  [jvm.dll+0x259588]
V  [jvm.dll+0x807928]
V  [jvm.dll+0x8015fa]
V  [jvm.dll+0x6ed5eb]
C  [ucrtbase.dll+0x21bb2]
C  [KERNEL32.DLL+0x174b4]
C  [ntdll.dll+0x526a1]


---------------  P R O C E S S  ---------------

Threads class SMR info:
_java_thread_list=0x000001ac1676a930, length=23, elements={
0x000001ac71df4fe0, 0x000001ac0f3478e0, 0x000001ac0f348770, 0x000001ac0f34f040,
0x000001ac0f350980, 0x000001ac0f3512b0, 0x000001ac0f351d80, 0x000001ac0f353660,
0x000001ac0f356aa0, 0x000001ac0f35cc80, 0x000001ac0f33c4d0, 0x000001ac139c7490,
0x000001ac139c79d0, 0x000001ac13e9a9d0, 0x000001ac13f3a7a0, 0x000001ac13f445a0,
0x000001ac14019050, 0x000001ac14019960, 0x000001ac1412d5c0, 0x000001ac1412db10,
0x000001ac1412e5b0, 0x000001ac1412c5d0, 0x000001ac1412d070
}

Java Threads: ( => current thread )
  0x000001ac71df4fe0 JavaThread "main" [_thread_blocked, id=3192, stack(0x000000a9da900000,0x000000a9daa00000)]
  0x000001ac0f3478e0 JavaThread "Reference Handler" daemon [_thread_blocked, id=3720, stack(0x000000a9db000000,0x000000a9db100000)]
  0x000001ac0f348770 JavaThread "Finalizer" daemon [_thread_blocked, id=11900, stack(0x000000a9db100000,0x000000a9db200000)]
  0x000001ac0f34f040 JavaThread "Signal Dispatcher" daemon [_thread_blocked, id=11024, stack(0x000000a9db200000,0x000000a9db300000)]
  0x000001ac0f350980 JavaThread "Attach Listener" daemon [_thread_blocked, id=9644, stack(0x000000a9db300000,0x000000a9db400000)]
  0x000001ac0f3512b0 JavaThread "Service Thread" daemon [_thread_blocked, id=4008, stack(0x000000a9db400000,0x000000a9db500000)]
  0x000001ac0f351d80 JavaThread "Monitor Deflation Thread" daemon [_thread_blocked, id=11456, stack(0x000000a9db500000,0x000000a9db600000)]
=>0x000001ac0f353660 JavaThread "C2 CompilerThread0" daemon [_thread_in_native, id=2232, stack(0x000000a9db600000,0x000000a9db700000)]
  0x000001ac0f356aa0 JavaThread "C1 CompilerThread0" daemon [_thread_blocked, id=1300, stack(0x000000a9db700000,0x000000a9db800000)]
  0x000001ac0f35cc80 JavaThread "Sweeper thread" daemon [_thread_blocked, id=9764, stack(0x000000a9db800000,0x000000a9db900000)]
  0x000001ac0f33c4d0 JavaThread "Common-Cleaner" daemon [_thread_blocked, id=10748, stack(0x000000a9db900000,0x000000a9dba00000)]
  0x000001ac139c7490 JavaThread "Monitor Ctrl-Break" daemon [_thread_in_native, id=9312, stack(0x000000a9dbb00000,0x000000a9dbc00000)]
  0x000001ac139c79d0 JavaThread "Notification Thread" daemon [_thread_blocked, id=6684, stack(0x000000a9dbc00000,0x000000a9dbd00000)]
  0x000001ac13e9a9d0 JavaThread "QuantumRenderer-0" daemon [_thread_blocked, id=3324, stack(0x000000a9dbf00000,0x000000a9dc000000)]
  0x000001ac13f3a7a0 JavaThread "InvokeLaterDispatcher" daemon [_thread_blocked, id=8188, stack(0x000000a9dbe00000,0x000000a9dbf00000)]
  0x000001ac13f445a0 JavaThread "JavaFX Application Thread" [_thread_in_native, id=9708, stack(0x000000a9dc000000,0x000000a9dc100000)]
  0x000001ac14019050 JavaThread "JavaFX-Launcher" [_thread_blocked, id=1036, stack(0x000000a9dc200000,0x000000a9dc300000)]
  0x000001ac14019960 JavaThread "Thread-2" daemon [_thread_in_native, id=5976, stack(0x000000a9dc100000,0x000000a9dc200000)]
  0x000001ac1412d5c0 JavaThread "Prism Font Disposer" daemon [_thread_blocked, id=2196, stack(0x000000a9dc600000,0x000000a9dc700000)]
  0x000001ac1412db10 JavaThread "Cleaner-0" daemon [_thread_blocked, id=11772, stack(0x000000a9dc700000,0x000000a9dc800000)]
  0x000001ac1412e5b0 JavaThread "oracle.jdbc.driver.BlockSource.ThreadedCachingBlockSource.BlockReleaser" daemon [_thread_blocked, id=7072, stack(0x000000a9dc800000,0x000000a9dc900000)]
  0x000001ac1412c5d0 JavaThread "InterruptTimer" daemon [_thread_blocked, id=10684, stack(0x000000a9dc900000,0x000000a9dca00000)]
  0x000001ac1412d070 JavaThread "OJDBC-WORKER-THREAD-1" daemon [_thread_blocked, id=3152, stack(0x000000a9dca00000,0x000000a9dcb00000)]

Other Threads:
  0x000001ac71ead8f0 VMThread "VM Thread" [stack: 0x000000a9daf00000,0x000000a9db000000] [id=4452]
  0x000001ac139c8390 WatcherThread "VM Periodic Task Thread" [stack: 0x000000a9dbd00000,0x000000a9dbe00000] [id=10828]
  0x000001ac71e35bb0 WorkerThread "GC Thread#0" [stack: 0x000000a9daa00000,0x000000a9dab00000] [id=5840]
  0x000001ac1397bf00 WorkerThread "GC Thread#1" [stack: 0x000000a9dba00000,0x000000a9dbb00000] [id=3296]
  0x000001ac71e3fb20 ConcurrentGCThread "G1 Main Marker" [stack: 0x000000a9dab00000,0x000000a9dac00000] [id=10184]
  0x000001ac71e41700 WorkerThread "G1 Conc#0" [stack: 0x000000a9dac00000,0x000000a9dad00000] [id=4152]
  0x000001ac71e89e40 ConcurrentGCThread "G1 Refine#0" [stack: 0x000000a9dad00000,0x000000a9dae00000] [id=4468]
  0x000001ac71e8ab20 ConcurrentGCThread "G1 Service" [stack: 0x000000a9dae00000,0x000000a9daf00000] [id=3616]

Threads with active compile tasks:
C2 CompilerThread0    11692 6602   !   4       javafx.scene.CssStyleHelper::transitionToState (1033 bytes)

VM state: not at safepoint (normal execution)

VM Mutex/Monitor currently owned by a thread: None

Heap address: 0x00000000c0000000, size: 1024 MB, Compressed Oops mode: 32-bit

CDS archive(s) mapped at: [0x0000000800000000-0x0000000800c40000-0x0000000800c40000), size 12845056, SharedBaseAddress: 0x0000000800000000, ArchiveRelocationMode: 0.
Compressed class space mapped at: 0x0000000801000000-0x0000000841000000, reserved size: 1073741824
Narrow klass base: 0x0000000800000000, Narrow klass shift: 0, Narrow klass range: 0x100000000

GC Precious Log:
 CardTable entry size: 512
 Card Set container configuration: InlinePtr #cards 5 size 8 Array Of Cards #cards 12 size 40 Howl #buckets 4 coarsen threshold 1843 Howl Bitmap #cards 512 size 80 coarsen threshold 460 Card regions per heap region 1 cards per card region 2048
 CPUs: 2 total, 2 available
 Memory: 4095M
 Large Page Support: Disabled
 NUMA Support: Disabled
 Compressed Oops: Enabled (32-bit)
 Heap Region Size: 1M
 Heap Min Capacity: 8M
 Heap Initial Capacity: 64M
 Heap Max Capacity: 1G
 Pre-touch: Disabled
 Parallel Workers: 2
 Concurrent Workers: 1
 Concurrent Refinement Workers: 2
 Periodic GC: Disabled

Heap:
 garbage-first heap   total 161792K, used 114670K [0x00000000c0000000, 0x0000000100000000)
  region size 1024K, 19 young (19456K), 1 survivors (1024K)
 Metaspace       used 33152K, committed 33536K, reserved 1114112K
  class space    used 4292K, committed 4480K, reserved 1048576K

Heap Regions: E=young(eden), S=young(survivor), O=old, HS=humongous(starts), HC=humongous(continues), CS=collection set, F=free, OA=open archive, CA=closed archive, TAMS=top-at-mark-start (previous, next)
|   0|0x00000000c0000000, 0x00000000c0100000, 0x00000000c0100000|100%|HS|  |TAMS 0x00000000c0100000, 0x00000000c0000000| Complete 
|   1|0x00000000c0100000, 0x00000000c0200000, 0x00000000c0200000|100%| O|  |TAMS 0x00000000c0200000, 0x00000000c0100000| Untracked 
|   2|0x00000000c0200000, 0x00000000c0300000, 0x00000000c0300000|100%| O|  |TAMS 0x00000000c0300000, 0x00000000c0200000| Untracked 
|   3|0x00000000c0300000, 0x00000000c0400000, 0x00000000c0400000|100%| O|  |TAMS 0x00000000c0400000, 0x00000000c0300000| Untracked 
|   4|0x00000000c0400000, 0x00000000c0500000, 0x00000000c0500000|100%| O|  |TAMS 0x00000000c0500000, 0x00000000c0400000| Untracked 
|   5|0x00000000c0500000, 0x00000000c0600000, 0x00000000c0600000|100%| O|  |TAMS 0x00000000c0600000, 0x00000000c0500000| Untracked 
|   6|0x00000000c0600000, 0x00000000c0700000, 0x00000000c0700000|100%| O|  |TAMS 0x00000000c0700000, 0x00000000c0600000| Untracked 
|   7|0x00000000c0700000, 0x00000000c0800000, 0x00000000c0800000|100%| O|  |TAMS 0x00000000c0800000, 0x00000000c0700000| Untracked 
|   8|0x00000000c0800000, 0x00000000c0900000, 0x00000000c0900000|100%| O|  |TAMS 0x00000000c0900000, 0x00000000c0800000| Untracked 
|   9|0x00000000c0900000, 0x00000000c0a00000, 0x00000000c0a00000|100%|HS|  |TAMS 0x00000000c0a00000, 0x00000000c0900000| Complete 
|  10|0x00000000c0a00000, 0x00000000c0b00000, 0x00000000c0b00000|100%|HC|  |TAMS 0x00000000c0b00000, 0x00000000c0a00000| Complete 
|  11|0x00000000c0b00000, 0x00000000c0c00000, 0x00000000c0c00000|100%|HC|  |TAMS 0x00000000c0c00000, 0x00000000c0b00000| Complete 
|  12|0x00000000c0c00000, 0x00000000c0d00000, 0x00000000c0d00000|100%|HC|  |TAMS 0x00000000c0d00000, 0x00000000c0c00000| Complete 
|  13|0x00000000c0d00000, 0x00000000c0e00000, 0x00000000c0e00000|100%|HC|  |TAMS 0x00000000c0e00000, 0x00000000c0d00000| Complete 
|  14|0x00000000c0e00000, 0x00000000c0f00000, 0x00000000c0f00000|100%| O|  |TAMS 0x00000000c0f00000, 0x00000000c0e00000| Untracked 
|  15|0x00000000c0f00000, 0x00000000c1000000, 0x00000000c1000000|100%|HS|  |TAMS 0x00000000c1000000, 0x00000000c0f00000| Complete 
|  16|0x00000000c1000000, 0x00000000c1100000, 0x00000000c1100000|100%|HC|  |TAMS 0x00000000c1100000, 0x00000000c1000000| Complete 
|  17|0x00000000c1100000, 0x00000000c1200000, 0x00000000c1200000|100%| O|  |TAMS 0x00000000c1200000, 0x00000000c1100000| Untracked 
|  18|0x00000000c1200000, 0x00000000c1300000, 0x00000000c1300000|100%| O|  |TAMS 0x00000000c1300000, 0x00000000c1200000| Untracked 
|  19|0x00000000c1300000, 0x00000000c1400000, 0x00000000c1400000|100%| O|  |TAMS 0x00000000c1400000, 0x00000000c1300000| Untracked 
|  20|0x00000000c1400000, 0x00000000c1500000, 0x00000000c1500000|100%| O|  |TAMS 0x00000000c1500000, 0x00000000c1400000| Untracked 
|  21|0x00000000c1500000, 0x00000000c1600000, 0x00000000c1600000|100%| O|  |TAMS 0x00000000c1600000, 0x00000000c1500000| Untracked 
|  22|0x00000000c1600000, 0x00000000c1700000, 0x00000000c1700000|100%| O|  |TAMS 0x00000000c1600000, 0x00000000c1600000| Untracked 
|  23|0x00000000c1700000, 0x00000000c1700000, 0x00000000c1800000|  0%| F|  |TAMS 0x00000000c1700000, 0x00000000c1700000| Untracked 
|  24|0x00000000c1800000, 0x00000000c1900000, 0x00000000c1900000|100%| O|  |TAMS 0x00000000c1900000, 0x00000000c1800000| Untracked 
|  25|0x00000000c1900000, 0x00000000c1a00000, 0x00000000c1a00000|100%| O|  |TAMS 0x00000000c1a00000, 0x00000000c1900000| Untracked 
|  26|0x00000000c1a00000, 0x00000000c1b00000, 0x00000000c1b00000|100%| O|  |TAMS 0x00000000c1b00000, 0x00000000c1a00000| Untracked 
|  27|0x00000000c1b00000, 0x00000000c1c00000, 0x00000000c1c00000|100%| O|  |TAMS 0x00000000c1c00000, 0x00000000c1b00000| Untracked 
|  28|0x00000000c1c00000, 0x00000000c1d00000, 0x00000000c1d00000|100%| O|  |TAMS 0x00000000c1d00000, 0x00000000c1c00000| Untracked 
|  29|0x00000000c1d00000, 0x00000000c1e00000, 0x00000000c1e00000|100%| O|  |TAMS 0x00000000c1e00000, 0x00000000c1d00000| Untracked 
|  30|0x00000000c1e00000, 0x00000000c1f00000, 0x00000000c1f00000|100%|HS|  |TAMS 0x00000000c1f00000, 0x00000000c1e00000| Complete 
|  31|0x00000000c1f00000, 0x00000000c2000000, 0x00000000c2000000|100%|HC|  |TAMS 0x00000000c2000000, 0x00000000c1f00000| Complete 
|  32|0x00000000c2000000, 0x00000000c2100000, 0x00000000c2100000|100%| O|  |TAMS 0x00000000c2100000, 0x00000000c2000000| Untracked 
|  33|0x00000000c2100000, 0x00000000c2200000, 0x00000000c2200000|100%| O|  |TAMS 0x00000000c2166600, 0x00000000c2100000| Untracked 
|  34|0x00000000c2200000, 0x00000000c2300000, 0x00000000c2300000|100%| O|  |TAMS 0x00000000c2200000, 0x00000000c2200000| Untracked 
|  35|0x00000000c2300000, 0x00000000c2400000, 0x00000000c2400000|100%| O|  |TAMS 0x00000000c2300000, 0x00000000c2300000| Untracked 
|  36|0x00000000c2400000, 0x00000000c2500000, 0x00000000c2500000|100%| O|  |TAMS 0x00000000c2400000, 0x00000000c2400000| Untracked 
|  37|0x00000000c2500000, 0x00000000c2600000, 0x00000000c2600000|100%| O|  |TAMS 0x00000000c2500000, 0x00000000c2500000| Untracked 
|  38|0x00000000c2600000, 0x00000000c2700000, 0x00000000c2700000|100%| O|  |TAMS 0x00000000c2600000, 0x00000000c2600000| Untracked 
|  39|0x00000000c2700000, 0x00000000c2800000, 0x00000000c2800000|100%| O|  |TAMS 0x00000000c2700000, 0x00000000c2700000| Untracked 
|  40|0x00000000c2800000, 0x00000000c2900000, 0x00000000c2900000|100%| O|  |TAMS 0x00000000c2800000, 0x00000000c2800000| Untracked 
|  41|0x00000000c2900000, 0x00000000c2a00000, 0x00000000c2a00000|100%| O|  |TAMS 0x00000000c2900000, 0x00000000c2900000| Untracked 
|  42|0x00000000c2a00000, 0x00000000c2b00000, 0x00000000c2b00000|100%| O|  |TAMS 0x00000000c2a00000, 0x00000000c2a00000| Untracked 
|  43|0x00000000c2b00000, 0x00000000c2c00000, 0x00000000c2c00000|100%| O|  |TAMS 0x00000000c2b00000, 0x00000000c2b00000| Untracked 
|  44|0x00000000c2c00000, 0x00000000c2d00000, 0x00000000c2d00000|100%| O|  |TAMS 0x00000000c2c00000, 0x00000000c2c00000| Untracked 
|  45|0x00000000c2d00000, 0x00000000c2e00000, 0x00000000c2e00000|100%| O|  |TAMS 0x00000000c2d00000, 0x00000000c2d00000| Untracked 
|  46|0x00000000c2e00000, 0x00000000c2f00000, 0x00000000c2f00000|100%| O|  |TAMS 0x00000000c2e00000, 0x00000000c2e00000| Untracked 
|  47|0x00000000c2f00000, 0x00000000c3000000, 0x00000000c3000000|100%| O|  |TAMS 0x00000000c2f00000, 0x00000000c2f00000| Untracked 
|  48|0x00000000c3000000, 0x00000000c3100000, 0x00000000c3100000|100%| O|  |TAMS 0x00000000c3000000, 0x00000000c3000000| Untracked 
|  49|0x00000000c3100000, 0x00000000c3200000, 0x00000000c3200000|100%| O|  |TAMS 0x00000000c3100000, 0x00000000c3100000| Untracked 
|  50|0x00000000c3200000, 0x00000000c3300000, 0x00000000c3300000|100%| O|  |TAMS 0x00000000c3200000, 0x00000000c3200000| Untracked 
|  51|0x00000000c3300000, 0x00000000c3400000, 0x00000000c3400000|100%| O|  |TAMS 0x00000000c3300000, 0x00000000c3300000| Untracked 
|  52|0x00000000c3400000, 0x00000000c3500000, 0x00000000c3500000|100%| O|  |TAMS 0x00000000c3400000, 0x00000000c3400000| Untracked 
|  53|0x00000000c3500000, 0x00000000c3600000, 0x00000000c3600000|100%| O|  |TAMS 0x00000000c3500000, 0x00000000c3500000| Untracked 
|  54|0x00000000c3600000, 0x00000000c3700000, 0x00000000c3700000|100%| O|  |TAMS 0x00000000c3600000, 0x00000000c3600000| Untracked 
|  55|0x00000000c3700000, 0x00000000c3800000, 0x00000000c3800000|100%| O|  |TAMS 0x00000000c3700000, 0x00000000c3700000| Untracked 
|  56|0x00000000c3800000, 0x00000000c3800000, 0x00000000c3900000|  0%| F|  |TAMS 0x00000000c3800000, 0x00000000c3800000| Untracked 
|  57|0x00000000c3900000, 0x00000000c3900000, 0x00000000c3a00000|  0%| F|  |TAMS 0x00000000c3900000, 0x00000000c3900000| Untracked 
|  58|0x00000000c3a00000, 0x00000000c3a00000, 0x00000000c3b00000|  0%| F|  |TAMS 0x00000000c3a00000, 0x00000000c3a00000| Untracked 
|  59|0x00000000c3b00000, 0x00000000c3b00000, 0x00000000c3c00000|  0%| F|  |TAMS 0x00000000c3b00000, 0x00000000c3b00000| Untracked 
|  60|0x00000000c3c00000, 0x00000000c3c00000, 0x00000000c3d00000|  0%| F|  |TAMS 0x00000000c3c00000, 0x00000000c3c00000| Untracked 
|  61|0x00000000c3d00000, 0x00000000c3d00000, 0x00000000c3e00000|  0%| F|  |TAMS 0x00000000c3d00000, 0x00000000c3d00000| Untracked 
|  62|0x00000000c3e00000, 0x00000000c3e00000, 0x00000000c3f00000|  0%| F|  |TAMS 0x00000000c3e00000, 0x00000000c3e00000| Untracked 
|  63|0x00000000c3f00000, 0x00000000c3f00000, 0x00000000c4000000|  0%| F|  |TAMS 0x00000000c3f00000, 0x00000000c3f00000| Untracked 
|  64|0x00000000c4000000, 0x00000000c4100000, 0x00000000c4100000|100%|HS|  |TAMS 0x00000000c4100000, 0x00000000c4000000| Complete 
|  65|0x00000000c4100000, 0x00000000c4200000, 0x00000000c4200000|100%|HC|  |TAMS 0x00000000c4200000, 0x00000000c4100000| Complete 
|  66|0x00000000c4200000, 0x00000000c4300000, 0x00000000c4300000|100%|HC|  |TAMS 0x00000000c4300000, 0x00000000c4200000| Complete 
|  67|0x00000000c4300000, 0x00000000c4400000, 0x00000000c4400000|100%|HC|  |TAMS 0x00000000c4400000, 0x00000000c4300000| Complete 
|  68|0x00000000c4400000, 0x00000000c4500000, 0x00000000c4500000|100%|HC|  |TAMS 0x00000000c4500000, 0x00000000c4400000| Complete 
|  69|0x00000000c4500000, 0x00000000c4600000, 0x00000000c4600000|100%|HC|  |TAMS 0x00000000c4600000, 0x00000000c4500000| Complete 
|  70|0x00000000c4600000, 0x00000000c4700000, 0x00000000c4700000|100%|HC|  |TAMS 0x00000000c4700000, 0x00000000c4600000| Complete 
|  71|0x00000000c4700000, 0x00000000c4800000, 0x00000000c4800000|100%|HC|  |TAMS 0x00000000c4800000, 0x00000000c4700000| Complete 
|  72|0x00000000c4800000, 0x00000000c4900000, 0x00000000c4900000|100%|HC|  |TAMS 0x00000000c4900000, 0x00000000c4800000| Complete 
|  73|0x00000000c4900000, 0x00000000c4a00000, 0x00000000c4a00000|100%|HC|  |TAMS 0x00000000c4a00000, 0x00000000c4900000| Complete 
|  74|0x00000000c4a00000, 0x00000000c4b00000, 0x00000000c4b00000|100%|HC|  |TAMS 0x00000000c4b00000, 0x00000000c4a00000| Complete 
|  75|0x00000000c4b00000, 0x00000000c4c00000, 0x00000000c4c00000|100%|HC|  |TAMS 0x00000000c4c00000, 0x00000000c4b00000| Complete 
|  76|0x00000000c4c00000, 0x00000000c4d00000, 0x00000000c4d00000|100%|HC|  |TAMS 0x00000000c4d00000, 0x00000000c4c00000| Complete 
|  77|0x00000000c4d00000, 0x00000000c4e00000, 0x00000000c4e00000|100%|HC|  |TAMS 0x00000000c4e00000, 0x00000000c4d00000| Complete 
|  78|0x00000000c4e00000, 0x00000000c4f00000, 0x00000000c4f00000|100%|HC|  |TAMS 0x00000000c4f00000, 0x00000000c4e00000| Complete 
|  79|0x00000000c4f00000, 0x00000000c5000000, 0x00000000c5000000|100%|HC|  |TAMS 0x00000000c5000000, 0x00000000c4f00000| Complete 
|  80|0x00000000c5000000, 0x00000000c5100000, 0x00000000c5100000|100%|HC|  |TAMS 0x00000000c5100000, 0x00000000c5000000| Complete 
|  81|0x00000000c5100000, 0x00000000c5200000, 0x00000000c5200000|100%|HC|  |TAMS 0x00000000c5200000, 0x00000000c5100000| Complete 
|  82|0x00000000c5200000, 0x00000000c5300000, 0x00000000c5300000|100%|HC|  |TAMS 0x00000000c5300000, 0x00000000c5200000| Complete 
|  83|0x00000000c5300000, 0x00000000c5400000, 0x00000000c5400000|100%|HC|  |TAMS 0x00000000c5400000, 0x00000000c5300000| Complete 
|  84|0x00000000c5400000, 0x00000000c5500000, 0x00000000c5500000|100%|HC|  |TAMS 0x00000000c5500000, 0x00000000c5400000| Complete 
|  85|0x00000000c5500000, 0x00000000c5600000, 0x00000000c5600000|100%|HC|  |TAMS 0x00000000c5600000, 0x00000000c5500000| Complete 
|  86|0x00000000c5600000, 0x00000000c5700000, 0x00000000c5700000|100%|HC|  |TAMS 0x00000000c5700000, 0x00000000c5600000| Complete 
|  87|0x00000000c5700000, 0x00000000c5800000, 0x00000000c5800000|100%|HC|  |TAMS 0x00000000c5800000, 0x00000000c5700000| Complete 
|  88|0x00000000c5800000, 0x00000000c5900000, 0x00000000c5900000|100%|HC|  |TAMS 0x00000000c5900000, 0x00000000c5800000| Complete 
|  89|0x00000000c5900000, 0x00000000c5a00000, 0x00000000c5a00000|100%|HC|  |TAMS 0x00000000c5a00000, 0x00000000c5900000| Complete 
|  90|0x00000000c5a00000, 0x00000000c5b00000, 0x00000000c5b00000|100%|HC|  |TAMS 0x00000000c5b00000, 0x00000000c5a00000| Complete 
|  91|0x00000000c5b00000, 0x00000000c5c00000, 0x00000000c5c00000|100%|HC|  |TAMS 0x00000000c5c00000, 0x00000000c5b00000| Complete 
|  92|0x00000000c5c00000, 0x00000000c5d00000, 0x00000000c5d00000|100%|HC|  |TAMS 0x00000000c5d00000, 0x00000000c5c00000| Complete 
|  93|0x00000000c5d00000, 0x00000000c5e00000, 0x00000000c5e00000|100%|HC|  |TAMS 0x00000000c5e00000, 0x00000000c5d00000| Complete 
|  94|0x00000000c5e00000, 0x00000000c5f00000, 0x00000000c5f00000|100%|HC|  |TAMS 0x00000000c5f00000, 0x00000000c5e00000| Complete 
|  95|0x00000000c5f00000, 0x00000000c6000000, 0x00000000c6000000|100%|HC|  |TAMS 0x00000000c6000000, 0x00000000c5f00000| Complete 
|  96|0x00000000c6000000, 0x00000000c6100000, 0x00000000c6100000|100%|HC|  |TAMS 0x00000000c6100000, 0x00000000c6000000| Complete 
|  97|0x00000000c6100000, 0x00000000c6200000, 0x00000000c6200000|100%|HC|  |TAMS 0x00000000c6200000, 0x00000000c6100000| Complete 
|  98|0x00000000c6200000, 0x00000000c6300000, 0x00000000c6300000|100%|HC|  |TAMS 0x00000000c6300000, 0x00000000c6200000| Complete 
|  99|0x00000000c6300000, 0x00000000c6400000, 0x00000000c6400000|100%|HC|  |TAMS 0x00000000c6400000, 0x00000000c6300000| Complete 
| 100|0x00000000c6400000, 0x00000000c6500000, 0x00000000c6500000|100%|HC|  |TAMS 0x00000000c6500000, 0x00000000c6400000| Complete 
| 101|0x00000000c6500000, 0x00000000c6600000, 0x00000000c6600000|100%|HC|  |TAMS 0x00000000c6600000, 0x00000000c6500000| Complete 
| 102|0x00000000c6600000, 0x00000000c6700000, 0x00000000c6700000|100%|HC|  |TAMS 0x00000000c6700000, 0x00000000c6600000| Complete 
| 103|0x00000000c6700000, 0x00000000c6700000, 0x00000000c6800000|  0%| F|  |TAMS 0x00000000c6700000, 0x00000000c6700000| Untracked 
| 104|0x00000000c6800000, 0x00000000c6800000, 0x00000000c6900000|  0%| F|  |TAMS 0x00000000c6800000, 0x00000000c6800000| Untracked 
| 105|0x00000000c6900000, 0x00000000c6900000, 0x00000000c6a00000|  0%| F|  |TAMS 0x00000000c6900000, 0x00000000c6900000| Untracked 
| 106|0x00000000c6a00000, 0x00000000c6a00000, 0x00000000c6b00000|  0%| F|  |TAMS 0x00000000c6a00000, 0x00000000c6a00000| Untracked 
| 107|0x00000000c6b00000, 0x00000000c6b00000, 0x00000000c6c00000|  0%| F|  |TAMS 0x00000000c6b00000, 0x00000000c6b00000| Untracked 
| 108|0x00000000c6c00000, 0x00000000c6c00000, 0x00000000c6d00000|  0%| F|  |TAMS 0x00000000c6c00000, 0x00000000c6c00000| Untracked 
| 109|0x00000000c6d00000, 0x00000000c6d00000, 0x00000000c6e00000|  0%| F|  |TAMS 0x00000000c6d00000, 0x00000000c6d00000| Untracked 
| 110|0x00000000c6e00000, 0x00000000c6e00000, 0x00000000c6f00000|  0%| F|  |TAMS 0x00000000c6e00000, 0x00000000c6e00000| Untracked 
| 111|0x00000000c6f00000, 0x00000000c6f00000, 0x00000000c7000000|  0%| F|  |TAMS 0x00000000c6f00000, 0x00000000c6f00000| Untracked 
| 112|0x00000000c7000000, 0x00000000c7000000, 0x00000000c7100000|  0%| F|  |TAMS 0x00000000c7000000, 0x00000000c7000000| Untracked 
| 113|0x00000000c7100000, 0x00000000c7100000, 0x00000000c7200000|  0%| F|  |TAMS 0x00000000c7100000, 0x00000000c7100000| Untracked 
| 114|0x00000000c7200000, 0x00000000c7200000, 0x00000000c7300000|  0%| F|  |TAMS 0x00000000c7200000, 0x00000000c7200000| Untracked 
| 115|0x00000000c7300000, 0x00000000c7300000, 0x00000000c7400000|  0%| F|  |TAMS 0x00000000c7300000, 0x00000000c7300000| Untracked 
| 116|0x00000000c7400000, 0x00000000c7400000, 0x00000000c7500000|  0%| F|  |TAMS 0x00000000c7400000, 0x00000000c7400000| Untracked 
| 117|0x00000000c7500000, 0x00000000c7500000, 0x00000000c7600000|  0%| F|  |TAMS 0x00000000c7500000, 0x00000000c7500000| Untracked 
| 118|0x00000000c7600000, 0x00000000c7600000, 0x00000000c7700000|  0%| F|  |TAMS 0x00000000c7600000, 0x00000000c7600000| Untracked 
| 119|0x00000000c7700000, 0x00000000c7700000, 0x00000000c7800000|  0%| F|  |TAMS 0x00000000c7700000, 0x00000000c7700000| Untracked 
| 120|0x00000000c7800000, 0x00000000c7800000, 0x00000000c7900000|  0%| F|  |TAMS 0x00000000c7800000, 0x00000000c7800000| Untracked 
| 121|0x00000000c7900000, 0x00000000c7900000, 0x00000000c7a00000|  0%| F|  |TAMS 0x00000000c7900000, 0x00000000c7900000| Untracked 
| 122|0x00000000c7a00000, 0x00000000c7a00000, 0x00000000c7b00000|  0%| F|  |TAMS 0x00000000c7a00000, 0x00000000c7a00000| Untracked 
| 123|0x00000000c7b00000, 0x00000000c7b00000, 0x00000000c7c00000|  0%| F|  |TAMS 0x00000000c7b00000, 0x00000000c7b00000| Untracked 
| 124|0x00000000c7c00000, 0x00000000c7c00000, 0x00000000c7d00000|  0%| F|  |TAMS 0x00000000c7c00000, 0x00000000c7c00000| Untracked 
| 125|0x00000000c7d00000, 0x00000000c7d00000, 0x00000000c7e00000|  0%| F|  |TAMS 0x00000000c7d00000, 0x00000000c7d00000| Untracked 
| 126|0x00000000c7e00000, 0x00000000c7e00000, 0x00000000c7f00000|  0%| F|  |TAMS 0x00000000c7e00000, 0x00000000c7e00000| Untracked 
| 127|0x00000000c7f00000, 0x00000000c7f00000, 0x00000000c8000000|  0%| F|  |TAMS 0x00000000c7f00000, 0x00000000c7f00000| Untracked 
| 128|0x00000000c8000000, 0x00000000c8000000, 0x00000000c8100000|  0%| F|  |TAMS 0x00000000c8000000, 0x00000000c8000000| Untracked 
| 129|0x00000000c8100000, 0x00000000c8100000, 0x00000000c8200000|  0%| F|  |TAMS 0x00000000c8100000, 0x00000000c8100000| Untracked 
| 130|0x00000000c8200000, 0x00000000c8200000, 0x00000000c8300000|  0%| F|  |TAMS 0x00000000c8200000, 0x00000000c8200000| Untracked 
| 131|0x00000000c8300000, 0x00000000c8300000, 0x00000000c8400000|  0%| F|  |TAMS 0x00000000c8300000, 0x00000000c8300000| Untracked 
| 132|0x00000000c8400000, 0x00000000c8400000, 0x00000000c8500000|  0%| F|  |TAMS 0x00000000c8400000, 0x00000000c8400000| Untracked 
| 133|0x00000000c8500000, 0x00000000c8500000, 0x00000000c8600000|  0%| F|  |TAMS 0x00000000c8500000, 0x00000000c8500000| Untracked 
| 134|0x00000000c8600000, 0x00000000c8600000, 0x00000000c8700000|  0%| F|  |TAMS 0x00000000c8600000, 0x00000000c8600000| Untracked 
| 135|0x00000000c8700000, 0x00000000c8700000, 0x00000000c8800000|  0%| F|  |TAMS 0x00000000c8700000, 0x00000000c8700000| Untracked 
| 136|0x00000000c8800000, 0x00000000c8800000, 0x00000000c8900000|  0%| F|  |TAMS 0x00000000c8800000, 0x00000000c8800000| Untracked 
| 137|0x00000000c8900000, 0x00000000c8900000, 0x00000000c8a00000|  0%| F|  |TAMS 0x00000000c8900000, 0x00000000c8900000| Untracked 
| 138|0x00000000c8a00000, 0x00000000c8a00000, 0x00000000c8b00000|  0%| F|  |TAMS 0x00000000c8a00000, 0x00000000c8a00000| Untracked 
| 139|0x00000000c8b00000, 0x00000000c8bffed8, 0x00000000c8c00000| 99%| E|  |TAMS 0x00000000c8b00000, 0x00000000c8b00000| Complete 
| 140|0x00000000c8c00000, 0x00000000c8d00000, 0x00000000c8d00000|100%| E|CS|TAMS 0x00000000c8c00000, 0x00000000c8c00000| Complete 
| 141|0x00000000c8d00000, 0x00000000c8e00000, 0x00000000c8e00000|100%| E|CS|TAMS 0x00000000c8d00000, 0x00000000c8d00000| Complete 
| 142|0x00000000c8e00000, 0x00000000c8f00000, 0x00000000c8f00000|100%| E|CS|TAMS 0x00000000c8e00000, 0x00000000c8e00000| Complete 
| 143|0x00000000c8f00000, 0x00000000c9000000, 0x00000000c9000000|100%| E|CS|TAMS 0x00000000c8f00000, 0x00000000c8f00000| Complete 
| 144|0x00000000c9000000, 0x00000000c9100000, 0x00000000c9100000|100%| E|CS|TAMS 0x00000000c9000000, 0x00000000c9000000| Complete 
| 145|0x00000000c9100000, 0x00000000c9200000, 0x00000000c9200000|100%| E|CS|TAMS 0x00000000c9100000, 0x00000000c9100000| Complete 
| 146|0x00000000c9200000, 0x00000000c9300000, 0x00000000c9300000|100%| E|CS|TAMS 0x00000000c9200000, 0x00000000c9200000| Complete 
| 147|0x00000000c9300000, 0x00000000c9400000, 0x00000000c9400000|100%| E|CS|TAMS 0x00000000c9300000, 0x00000000c9300000| Complete 
| 148|0x00000000c9400000, 0x00000000c9500000, 0x00000000c9500000|100%| E|CS|TAMS 0x00000000c9400000, 0x00000000c9400000| Complete 
| 149|0x00000000c9500000, 0x00000000c9600000, 0x00000000c9600000|100%| E|CS|TAMS 0x00000000c9500000, 0x00000000c9500000| Complete 
| 150|0x00000000c9600000, 0x00000000c9700000, 0x00000000c9700000|100%| E|CS|TAMS 0x00000000c9600000, 0x00000000c9600000| Complete 
| 151|0x00000000c9700000, 0x00000000c9800000, 0x00000000c9800000|100%| E|CS|TAMS 0x00000000c9700000, 0x00000000c9700000| Complete 
| 152|0x00000000c9800000, 0x00000000c9900000, 0x00000000c9900000|100%| E|CS|TAMS 0x00000000c9800000, 0x00000000c9800000| Complete 
| 153|0x00000000c9900000, 0x00000000c9a00000, 0x00000000c9a00000|100%| E|CS|TAMS 0x00000000c9900000, 0x00000000c9900000| Complete 
| 154|0x00000000c9a00000, 0x00000000c9b00000, 0x00000000c9b00000|100%| E|CS|TAMS 0x00000000c9a00000, 0x00000000c9a00000| Complete 
| 155|0x00000000c9b00000, 0x00000000c9c00000, 0x00000000c9c00000|100%| E|CS|TAMS 0x00000000c9b00000, 0x00000000c9b00000| Complete 
| 156|0x00000000c9c00000, 0x00000000c9cfb800, 0x00000000c9d00000| 98%| S|CS|TAMS 0x00000000c9c00000, 0x00000000c9c00000| Complete 
| 157|0x00000000c9d00000, 0x00000000c9e00000, 0x00000000c9e00000|100%| E|CS|TAMS 0x00000000c9d00000, 0x00000000c9d00000| Complete 

Card table byte_map: [0x000001ac7bb60000,0x000001ac7bd60000] _byte_map_base: 0x000001ac7b560000

Marking Bits (Prev, Next): (CMBitMap*) 0x000001ac71e37230, (CMBitMap*) 0x000001ac71e371f0
 Prev Bits: [0x000001ac7cf60000, 0x000001ac7df60000)
 Next Bits: [0x000001ac7bf60000, 0x000001ac7cf60000)

Polling page: 0x000001ac71bd0000

Metaspace:

Usage:
  Non-class:     28.18 MB used.
      Class:      4.19 MB used.
       Both:     32.38 MB used.

Virtual space:
  Non-class space:       64.00 MB reserved,      28.38 MB ( 44%) committed,  1 nodes.
      Class space:        1.00 GB reserved,       4.38 MB ( <1%) committed,  1 nodes.
             Both:        1.06 GB reserved,      32.75 MB (  3%) committed. 

Chunk freelists:
   Non-Class:  3.25 MB
       Class:  3.58 MB
        Both:  6.83 MB

MaxMetaspaceSize: unlimited
CompressedClassSpaceSize: 1.00 GB
Initial GC threshold: 21.00 MB
Current GC threshold: 52.75 MB
CDS: on
MetaspaceReclaimPolicy: balanced
 - commit_granule_bytes: 65536.
 - commit_granule_words: 8192.
 - virtual_space_node_default_size: 8388608.
 - enlarge_chunks_in_place: 1.
 - new_chunks_are_fully_committed: 0.
 - uncommit_free_chunks: 1.
 - use_allocation_guard: 0.


Internal statistics:

num_allocs_failed_limit: 3.
num_arena_births: 462.
num_arena_deaths: 0.
num_vsnodes_births: 2.
num_vsnodes_deaths: 0.
num_space_committed: 524.
num_space_uncommitted: 0.
num_chunks_returned_to_freelist: 3.
num_chunks_taken_from_freelist: 1501.
num_chunk_merges: 3.
num_chunk_splits: 1057.
num_chunks_enlarged: 827.
num_inconsistent_stats: 0.

CodeHeap 'non-profiled nmethods': size=120064Kb used=2415Kb max_used=2642Kb free=117649Kb
 bounds [0x000001ac07ac0000, 0x000001ac07d60000, 0x000001ac0f000000]
CodeHeap 'profiled nmethods': size=120000Kb used=11136Kb max_used=13768Kb free=108863Kb
 bounds [0x000001ac00000000, 0x000001ac00d80000, 0x000001ac07530000]
CodeHeap 'non-nmethods': size=5696Kb used=1636Kb max_used=1717Kb free=4059Kb
 bounds [0x000001ac07530000, 0x000001ac077a0000, 0x000001ac07ac0000]
 total_blobs=6500 nmethods=5552 adapters=857
 compilation: enabled
              stopped_count=0, restarted_count=0
 full_count=0

Compilation events (20 events):
Event: 11.593 Thread 0x000001ac0f356aa0 6629       3       com.sun.scenario.effect.impl.state.BoxRenderState::getPassResultBounds (82 bytes)
Event: 11.593 Thread 0x000001ac0f356aa0 nmethod 6629 0x000001ac00085a90 code [0x000001ac00085cc0, 0x000001ac00086208]
Event: 11.594 Thread 0x000001ac0f356aa0 6632       3       com.sun.scenario.effect.impl.prism.ps.PPSLinearConvolveShadowPeer::updateShader (80 bytes)
Event: 11.595 Thread 0x000001ac0f356aa0 nmethod 6632 0x000001ac000ceb90 code [0x000001ac000cee80, 0x000001ac000d0168]
Event: 11.595 Thread 0x000001ac0f356aa0 6633       3       com.sun.prism.impl.BaseGraphics::drawTextureRaw (148 bytes)
Event: 11.596 Thread 0x000001ac0f356aa0 nmethod 6633 0x000001ac00000010 code [0x000001ac00000200, 0x000001ac000008d8]
Event: 11.596 Thread 0x000001ac0f356aa0 6634  s    3       com.sun.scenario.effect.impl.Renderer::getPeerInstance (105 bytes)
Event: 11.598 Thread 0x000001ac0f356aa0 nmethod 6634 0x000001ac000b2f90 code [0x000001ac000b33c0, 0x000001ac000b53d8]
Event: 11.600 Thread 0x000001ac0f356aa0 6635       3       com.sun.javafx.sg.prism.NGRegion::getImageCache (77 bytes)
Event: 11.600 Thread 0x000001ac0f356aa0 nmethod 6635 0x000001ac003fb990 code [0x000001ac003fbbe0, 0x000001ac003fc978]
Event: 11.600 Thread 0x000001ac0f356aa0 6636       3       com.sun.javafx.sg.prism.RegionImageCache::isImageCachable (38 bytes)
Event: 11.600 Thread 0x000001ac0f356aa0 nmethod 6636 0x000001ac00353510 code [0x000001ac003536c0, 0x000001ac00353918]
Event: 11.609 Thread 0x000001ac0f356aa0 6637 %     3       com.sun.javafx.image.impl.BaseByteToByteConverter$ByteAnyToSameConverter::doConvert @ 0 (39 bytes)
Event: 11.609 Thread 0x000001ac0f356aa0 nmethod 6637% 0x000001ac0004f590 code [0x000001ac0004f740, 0x000001ac0004fb48]
Event: 11.609 Thread 0x000001ac0f356aa0 6638       3       com.sun.javafx.image.impl.BaseByteToByteConverter$ByteAnyToSameConverter::doConvert (39 bytes)
Event: 11.609 Thread 0x000001ac0f356aa0 nmethod 6638 0x000001ac003b1590 code [0x000001ac003b1740, 0x000001ac003b1a28]
Event: 11.612 Thread 0x000001ac0f356aa0 6639       3       com.sun.javafx.sg.prism.NGNode::clearDirtyTree (84 bytes)
Event: 11.613 Thread 0x000001ac0f356aa0 nmethod 6639 0x000001ac00054710 code [0x000001ac00054940, 0x000001ac000553c8]
Event: 11.629 Thread 0x000001ac0f356aa0 6640       2       com.sun.javafx.scene.shape.ShapeHelper::configShape (12 bytes)
Event: 11.629 Thread 0x000001ac0f356aa0 nmethod 6640 0x000001ac001c6010 code [0x000001ac001c61c0, 0x000001ac001c6338]

GC Heap History (20 events):
Event: 6.569 GC heap before
{Heap before GC invocations=4 (full 0):
 garbage-first heap   total 65536K, used 41253K [0x00000000c0000000, 0x0000000100000000)
  region size 1024K, 25 young (25600K), 4 survivors (4096K)
 Metaspace       used 20547K, committed 20928K, reserved 1114112K
  class space    used 2705K, committed 2880K, reserved 1048576K
}
Event: 6.578 GC heap after
{Heap after GC invocations=5 (full 0):
 garbage-first heap   total 65536K, used 23374K [0x00000000c0000000, 0x0000000100000000)
  region size 1024K, 3 young (3072K), 3 survivors (3072K)
 Metaspace       used 20547K, committed 20928K, reserved 1114112K
  class space    used 2705K, committed 2880K, reserved 1048576K
}
Event: 6.639 GC heap before
{Heap before GC invocations=5 (full 0):
 garbage-first heap   total 65536K, used 23374K [0x00000000c0000000, 0x0000000100000000)
  region size 1024K, 5 young (5120K), 3 survivors (3072K)
 Metaspace       used 21181K, committed 21504K, reserved 1114112K
  class space    used 2774K, committed 2944K, reserved 1048576K
}
Event: 6.643 GC heap after
{Heap after GC invocations=6 (full 0):
 garbage-first heap   total 65536K, used 23758K [0x00000000c0000000, 0x0000000100000000)
  region size 1024K, 1 young (1024K), 1 survivors (1024K)
 Metaspace       used 21181K, committed 21504K, reserved 1114112K
  class space    used 2774K, committed 2944K, reserved 1048576K
}
Event: 7.647 GC heap before
{Heap before GC invocations=7 (full 0):
 garbage-first heap   total 105472K, used 84174K [0x00000000c0000000, 0x0000000100000000)
  region size 1024K, 22 young (22528K), 1 survivors (1024K)
 Metaspace       used 28432K, committed 28864K, reserved 1114112K
  class space    used 3714K, committed 3904K, reserved 1048576K
}
Event: 7.653 GC heap after
{Heap after GC invocations=8 (full 0):
 garbage-first heap   total 105472K, used 68930K [0x00000000c0000000, 0x0000000100000000)
  region size 1024K, 3 young (3072K), 3 survivors (3072K)
 Metaspace       used 28432K, committed 28864K, reserved 1114112K
  class space    used 3714K, committed 3904K, reserved 1048576K
}
Event: 7.711 GC heap before
{Heap before GC invocations=8 (full 0):
 garbage-first heap   total 105472K, used 70978K [0x00000000c0000000, 0x0000000100000000)
  region size 1024K, 5 young (5120K), 3 survivors (3072K)
 Metaspace       used 28872K, committed 29248K, reserved 1114112K
  class space    used 3790K, committed 3968K, reserved 1048576K
}
Event: 7.715 GC heap after
{Heap after GC invocations=9 (full 0):
 garbage-first heap   total 105472K, used 69027K [0x00000000c0000000, 0x0000000100000000)
  region size 1024K, 1 young (1024K), 1 survivors (1024K)
 Metaspace       used 28872K, committed 29248K, reserved 1114112K
  class space    used 3790K, committed 3968K, reserved 1048576K
}
Event: 7.801 GC heap before
{Heap before GC invocations=9 (full 0):
 garbage-first heap   total 105472K, used 71075K [0x00000000c0000000, 0x0000000100000000)
  region size 1024K, 4 young (4096K), 1 survivors (1024K)
 Metaspace       used 29021K, committed 29440K, reserved 1114112K
  class space    used 3806K, committed 4032K, reserved 1048576K
}
Event: 7.803 GC heap after
{Heap after GC invocations=10 (full 0):
 garbage-first heap   total 105472K, used 69264K [0x00000000c0000000, 0x0000000100000000)
  region size 1024K, 1 young (1024K), 1 survivors (1024K)
 Metaspace       used 29021K, committed 29440K, reserved 1114112K
  class space    used 3806K, committed 4032K, reserved 1048576K
}
Event: 8.624 GC heap before
{Heap before GC invocations=11 (full 0):
 garbage-first heap   total 117760K, used 85648K [0x00000000c0000000, 0x0000000100000000)
  region size 1024K, 15 young (15360K), 1 survivors (1024K)
 Metaspace       used 31004K, committed 31488K, reserved 1114112K
  class space    used 4124K, committed 4352K, reserved 1048576K
}
Event: 8.629 GC heap after
{Heap after GC invocations=12 (full 0):
 garbage-first heap   total 117760K, used 73536K [0x00000000c0000000, 0x0000000100000000)
  region size 1024K, 2 young (2048K), 2 survivors (2048K)
 Metaspace       used 31004K, committed 31488K, reserved 1114112K
  class space    used 4124K, committed 4352K, reserved 1048576K
}
Event: 8.722 GC heap before
{Heap before GC invocations=12 (full 0):
 garbage-first heap   total 117760K, used 76608K [0x00000000c0000000, 0x0000000100000000)
  region size 1024K, 5 young (5120K), 2 survivors (2048K)
 Metaspace       used 31576K, committed 32000K, reserved 1114112K
  class space    used 4228K, committed 4416K, reserved 1048576K
}
Event: 8.731 GC heap after
{Heap after GC invocations=13 (full 0):
 garbage-first heap   total 117760K, used 73608K [0x00000000c0000000, 0x0000000100000000)
  region size 1024K, 1 young (1024K), 1 survivors (1024K)
 Metaspace       used 31576K, committed 32000K, reserved 1114112K
  class space    used 4228K, committed 4416K, reserved 1048576K
}
Event: 9.155 GC heap before
{Heap before GC invocations=13 (full 0):
 garbage-first heap   total 117760K, used 94088K [0x00000000c0000000, 0x0000000100000000)
  region size 1024K, 21 young (21504K), 1 survivors (1024K)
 Metaspace       used 32041K, committed 32384K, reserved 1114112K
  class space    used 4234K, committed 4416K, reserved 1048576K
}
Event: 9.166 GC heap after
{Heap after GC invocations=14 (full 0):
 garbage-first heap   total 161792K, used 80058K [0x00000000c0000000, 0x0000000100000000)
  region size 1024K, 3 young (3072K), 3 survivors (3072K)
 Metaspace       used 32041K, committed 32384K, reserved 1114112K
  class space    used 4234K, committed 4416K, reserved 1048576K
}
Event: 9.832 GC heap before
{Heap before GC invocations=15 (full 0):
 garbage-first heap   total 161792K, used 122042K [0x00000000c0000000, 0x0000000100000000)
  region size 1024K, 44 young (45056K), 3 survivors (3072K)
 Metaspace       used 32249K, committed 32640K, reserved 1114112K
  class space    used 4236K, committed 4416K, reserved 1048576K
}
Event: 9.859 GC heap after
{Heap after GC invocations=16 (full 0):
 garbage-first heap   total 161792K, used 96196K [0x00000000c0000000, 0x0000000100000000)
  region size 1024K, 6 young (6144K), 6 survivors (6144K)
 Metaspace       used 32249K, committed 32640K, reserved 1114112K
  class space    used 4236K, committed 4416K, reserved 1048576K
}
Event: 9.864 GC heap before
{Heap before GC invocations=16 (full 0):
 garbage-first heap   total 161792K, used 97220K [0x00000000c0000000, 0x0000000100000000)
  region size 1024K, 7 young (7168K), 6 survivors (6144K)
 Metaspace       used 32249K, committed 32640K, reserved 1114112K
  class space    used 4236K, committed 4416K, reserved 1048576K
}
Event: 9.873 GC heap after
{Heap after GC invocations=17 (full 0):
 garbage-first heap   total 161792K, used 97262K [0x00000000c0000000, 0x0000000100000000)
  region size 1024K, 1 young (1024K), 1 survivors (1024K)
 Metaspace       used 32249K, committed 32640K, reserved 1114112K
  class space    used 4236K, committed 4416K, reserved 1048576K
}

Dll operation events (20 events):
Event: 0.724 Loaded shared library C:\Program Files\Java\javafx-sdk-19\bin\api-ms-win-crt-process-l1-1-0.dll
Event: 0.726 Loaded shared library C:\Program Files\Java\javafx-sdk-19\bin\api-ms-win-crt-runtime-l1-1-0.dll
Event: 0.728 Loaded shared library C:\Program Files\Java\javafx-sdk-19\bin\api-ms-win-crt-stdio-l1-1-0.dll
Event: 0.731 Loaded shared library C:\Program Files\Java\javafx-sdk-19\bin\api-ms-win-crt-string-l1-1-0.dll
Event: 0.733 Loaded shared library C:\Program Files\Java\javafx-sdk-19\bin\api-ms-win-crt-time-l1-1-0.dll
Event: 0.734 Loaded shared library C:\Program Files\Java\javafx-sdk-19\bin\api-ms-win-crt-utility-l1-1-0.dll
Event: 0.736 Loaded shared library C:\Program Files\Java\javafx-sdk-19\bin\ucrtbase.dll
Event: 0.738 Loaded shared library C:\Program Files\Java\javafx-sdk-19\bin\vcruntime140.dll
Event: 0.741 Loaded shared library C:\Program Files\Java\javafx-sdk-19\bin\vcruntime140_1.dll
Event: 0.744 Loaded shared library C:\Program Files\Java\javafx-sdk-19\bin\msvcp140.dll
Event: 0.746 Loaded shared library C:\Program Files\Java\javafx-sdk-19\bin\msvcp140_1.dll
Event: 0.749 Loaded shared library C:\Program Files\Java\javafx-sdk-19\bin\msvcp140_2.dll
Event: 0.805 Loaded shared library C:\Program Files\Java\jdk-19\bin\jimage.dll
Event: 0.860 Loaded shared library C:\Program Files\Java\javafx-sdk-19\bin\prism_d3d.dll
Event: 0.973 Loaded shared library C:\Program Files\Java\javafx-sdk-19\bin\glass.dll
Event: 1.685 Loaded shared library C:\Program Files\Java\javafx-sdk-19\bin\javafx_font.dll
Event: 6.317 Loaded shared library C:\Program Files\Java\jdk-19\bin\management.dll
Event: 6.368 Loaded shared library C:\Program Files\Java\jdk-19\bin\management_ext.dll
Event: 6.637 Loaded shared library C:\Program Files\Java\jdk-19\bin\verify.dll
Event: 7.435 Loaded shared library C:\Program Files\Java\javafx-sdk-19\bin\javafx_iio.dll

Deoptimization events (20 events):
Event: 10.969 Thread 0x000001ac13e9a9d0 DEOPT PACKING pc=0x000001ac00c747d7 sp=0x000000a9dbffc410
Event: 10.969 Thread 0x000001ac13e9a9d0 DEOPT UNPACKING pc=0x000001ac07597543 sp=0x000000a9dbffb908 mode 0
Event: 11.569 Thread 0x000001ac13f445a0 DEOPT PACKING pc=0x000001ac00b40611 sp=0x000000a9dc0fd9c0
Event: 11.569 Thread 0x000001ac13f445a0 DEOPT UNPACKING pc=0x000001ac07597543 sp=0x000000a9dc0fcf98 mode 0
Event: 11.575 Thread 0x000001ac13f445a0 DEOPT PACKING pc=0x000001ac00b40611 sp=0x000000a9dc0fd980
Event: 11.575 Thread 0x000001ac13f445a0 DEOPT UNPACKING pc=0x000001ac07597543 sp=0x000000a9dc0fcf58 mode 0
Event: 11.583 Thread 0x000001ac13f445a0 Uncommon trap: trap_request=0xffffff45 fr.pc=0x000001ac07cfb670 relative=0x0000000000001ed0
Event: 11.583 Thread 0x000001ac13f445a0 Uncommon trap: reason=unstable_if action=reinterpret pc=0x000001ac07cfb670 method=javafx.scene.Node.updateBounds()V @ 47 c2
Event: 11.583 Thread 0x000001ac13f445a0 DEOPT PACKING pc=0x000001ac07cfb670 sp=0x000000a9dc0fe360
Event: 11.583 Thread 0x000001ac13f445a0 DEOPT UNPACKING pc=0x000001ac07596da3 sp=0x000000a9dc0fe370 mode 2
Event: 11.588 Thread 0x000001ac13e9a9d0 Uncommon trap: trap_request=0xffffff45 fr.pc=0x000001ac07c72744 relative=0x00000000000006e4
Event: 11.588 Thread 0x000001ac13e9a9d0 Uncommon trap: reason=unstable_if action=reinterpret pc=0x000001ac07c72744 method=com.sun.scenario.effect.impl.ImagePool.checkOut(Lcom/sun/scenario/effect/impl/Renderer;II)Lcom/sun/scenario/effect/impl/PoolFilterable; @ 201 c2
Event: 11.588 Thread 0x000001ac13e9a9d0 DEOPT PACKING pc=0x000001ac07c72744 sp=0x000000a9dbffe310
Event: 11.588 Thread 0x000001ac13e9a9d0 DEOPT UNPACKING pc=0x000001ac07596da3 sp=0x000000a9dbffe2b0 mode 2
Event: 11.610 Thread 0x000001ac13e9a9d0 DEOPT PACKING pc=0x000001ac00c088a5 sp=0x000000a9dbffe2d0
Event: 11.610 Thread 0x000001ac13e9a9d0 DEOPT UNPACKING pc=0x000001ac07597543 sp=0x000000a9dbffd770 mode 0
Event: 11.612 Thread 0x000001ac13e9a9d0 Uncommon trap: trap_request=0xffffff45 fr.pc=0x000001ac07d3eed4 relative=0x0000000000000414
Event: 11.612 Thread 0x000001ac13e9a9d0 Uncommon trap: reason=unstable_if action=reinterpret pc=0x000001ac07d3eed4 method=com.sun.javafx.sg.prism.NGNode.clearDirtyTree()V @ 63 c2
Event: 11.612 Thread 0x000001ac13e9a9d0 DEOPT PACKING pc=0x000001ac07d3eed4 sp=0x000000a9dbffe490
Event: 11.612 Thread 0x000001ac13e9a9d0 DEOPT UNPACKING pc=0x000001ac07596da3 sp=0x000000a9dbffe438 mode 2

Classes loaded (20 events):
Event: 11.495 Loading class java/util/stream/ReferencePipeline$StatefulOp done
Event: 11.495 Loading class java/util/stream/DistinctOps$1 done
Event: 11.551 Loading class java/util/stream/ReferencePipeline$15
Event: 11.552 Loading class java/util/stream/ReferencePipeline$15 done
Event: 11.552 Loading class java/util/stream/ReferencePipeline$15$1
Event: 11.552 Loading class java/util/stream/ReferencePipeline$15$1 done
Event: 11.552 Loading class java/util/stream/ReferencePipeline$4$1
Event: 11.552 Loading class java/util/stream/ReferencePipeline$4$1 done
Event: 11.552 Loading class java/util/stream/DistinctOps$1$2
Event: 11.552 Loading class java/util/stream/DistinctOps$1$2 done
Event: 11.553 Loading class java/util/stream/IntPipeline$11
Event: 11.554 Loading class java/util/stream/IntPipeline$11 done
Event: 11.554 Loading class java/util/stream/ReduceOps$9
Event: 11.554 Loading class java/util/stream/ReduceOps$9 done
Event: 11.554 Loading class java/util/stream/ReduceOps$CountingSink$OfInt
Event: 11.555 Loading class java/util/stream/ReduceOps$CountingSink
Event: 11.556 Loading class java/util/stream/ReduceOps$CountingSink done
Event: 11.556 Loading class java/util/stream/ReduceOps$CountingSink$OfInt done
Event: 11.556 Loading class java/util/stream/IntPipeline$11$1
Event: 11.556 Loading class java/util/stream/IntPipeline$11$1 done

Classes unloaded (0 events):
No events

Classes redefined (0 events):
No events

Internal exceptions (20 events):
Event: 7.323 Thread 0x000001ac13f445a0 Exception <a 'java/lang/NoSuchMethodError'{0x00000000c2d7f890}: 'java.lang.Object java.lang.invoke.DirectMethodHandle$Holder.newInvokeSpecial(java.lang.Object, double)'> (0x00000000c2d7f890) 
thrown [s\open\src\hotspot\share\interpreter\linkResolver.cpp, line 774]
Event: 8.078 Thread 0x000001ac13f445a0 Exception <a 'java/lang/NoSuchMethodError'{0x00000000c6fcaae8}: 'java.lang.Object java.lang.invoke.DirectMethodHandle$Holder.newInvokeSpecial(java.lang.Object, java.lang.Object, java.lang.Object, int)'> (0x00000000c6fcaae8) 
thrown [s\open\src\hotspot\share\interpreter\linkResolver.cpp, line 774]
Event: 8.079 Thread 0x000001ac13f445a0 Exception <a 'java/lang/NoSuchMethodError'{0x00000000c6fceeb8}: 'java.lang.Object java.lang.invoke.DirectMethodHandle$Holder.invokeSpecial(java.lang.Object, java.lang.Object, java.lang.Object, java.lang.Object, int)'> (0x00000000c6fceeb8) 
thrown [s\open\src\hotspot\share\interpreter\linkResolver.cpp, line 774]
Event: 8.079 Thread 0x000001ac13f445a0 Exception <a 'java/lang/NoSuchMethodError'{0x00000000c6fd2880}: 'java.lang.Object java.lang.invoke.Invokers$Holder.linkToTargetMethod(java.lang.Object, java.lang.Object, int, java.lang.Object)'> (0x00000000c6fd2880) 
thrown [s\open\src\hotspot\share\interpreter\linkResolver.cpp, line 774]
Event: 8.118 Thread 0x000001ac13f445a0 Implicit null exception at 0x000001ac07c17080 to 0x000001ac07c179f0
Event: 8.119 Thread 0x000001ac13f445a0 Implicit null exception at 0x000001ac07c2c557 to 0x000001ac07c2c844
Event: 8.255 Thread 0x000001ac13f445a0 Exception <a 'java/io/FileNotFoundException'{0x00000000c6c1cff8}> (0x00000000c6c1cff8) 
thrown [s\open\src\hotspot\share\prims\jni.cpp, line 517]
Event: 8.270 Thread 0x000001ac13f445a0 Exception <a 'java/io/FileNotFoundException'{0x00000000c6c416b8}> (0x00000000c6c416b8) 
thrown [s\open\src\hotspot\share\prims\jni.cpp, line 517]
Event: 8.531 Thread 0x000001ac13f445a0 Exception <a 'java/lang/NoSuchMethodError'{0x00000000c68e3f08}: 'void java.lang.invoke.DirectMethodHandle$Holder.invokeSpecialIFC(java.lang.Object, java.lang.Object, java.lang.Object, java.lang.Object)'> (0x00000000c68e3f08) 
thrown [s\open\src\hotspot\share\interpreter\linkResolver.cpp, line 774]
Event: 8.883 Thread 0x000001ac13f445a0 Implicit null exception at 0x000001ac07c70ed4 to 0x000001ac07c74694
Event: 8.883 Thread 0x000001ac13f445a0 Implicit null exception at 0x000001ac07c70ed4 to 0x000001ac07c74694
Event: 8.883 Thread 0x000001ac13f445a0 Implicit null exception at 0x000001ac07c70ed4 to 0x000001ac07c74694
Event: 8.883 Thread 0x000001ac13f445a0 Implicit null exception at 0x000001ac07c70ed4 to 0x000001ac07c74694
Event: 9.196 Thread 0x000001ac13f445a0 Exception <a 'java/io/FileNotFoundException'{0x00000000c9d34400}> (0x00000000c9d34400) 
thrown [s\open\src\hotspot\share\prims\jni.cpp, line 517]
Event: 9.196 Thread 0x000001ac13f445a0 Exception <a 'java/io/FileNotFoundException'{0x00000000c9d36270}> (0x00000000c9d36270) 
thrown [s\open\src\hotspot\share\prims\jni.cpp, line 517]
Event: 9.197 Thread 0x000001ac13f445a0 Exception <a 'java/io/FileNotFoundException'{0x00000000c9d3a7c0}> (0x00000000c9d3a7c0) 
thrown [s\open\src\hotspot\share\prims\jni.cpp, line 517]
Event: 9.197 Thread 0x000001ac13f445a0 Exception <a 'java/io/FileNotFoundException'{0x00000000c9d3c0a0}> (0x00000000c9d3c0a0) 
thrown [s\open\src\hotspot\share\prims\jni.cpp, line 517]
Event: 10.082 Thread 0x000001ac13e9a9d0 Exception <a 'java/lang/NoSuchMethodError'{0x00000000c972acd8}: 'java.lang.Object java.lang.invoke.DirectMethodHandle$Holder.invokeStaticInit(java.lang.Object, int)'> (0x00000000c972acd8) 
thrown [s\open\src\hotspot\share\interpreter\linkResolver.cpp, line 774]
Event: 11.461 Thread 0x000001ac13f445a0 Exception <a 'java/lang/NoSuchMethodError'{0x00000000c91e8b00}: 'int java.lang.invoke.DirectMethodHandle$Holder.invokeVirtual(java.lang.Object, java.lang.Object)'> (0x00000000c91e8b00) 
thrown [s\open\src\hotspot\share\interpreter\linkResolver.cpp, line 774]
Event: 11.550 Thread 0x000001ac13f445a0 Exception <a 'java/lang/NoSuchMethodError'{0x00000000c8d65a30}: 'void java.lang.invoke.DirectMethodHandle$Holder.invokeVirtual(java.lang.Object, java.lang.Object, int)'> (0x00000000c8d65a30) 
thrown [s\open\src\hotspot\share\interpreter\linkResolver.cpp, line 774]

VM Operations (20 events):
Event: 9.832 Executing VM operation: G1CollectForAllocation
Event: 9.859 Executing VM operation: G1CollectForAllocation done
Event: 9.864 Executing VM operation: G1CollectForAllocation
Event: 9.874 Executing VM operation: G1CollectForAllocation done
Event: 10.394 Executing VM operation: ICBufferFull
Event: 10.394 Executing VM operation: ICBufferFull done
Event: 11.274 Executing VM operation: HandshakeAllThreads
Event: 11.284 Executing VM operation: HandshakeAllThreads done
Event: 11.290 Executing VM operation: ICBufferFull
Event: 11.290 Executing VM operation: ICBufferFull done
Event: 11.301 Executing VM operation: HandshakeAllThreads
Event: 11.302 Executing VM operation: HandshakeAllThreads done
Event: 11.334 Executing VM operation: HandshakeAllThreads
Event: 11.424 Executing VM operation: HandshakeAllThreads done
Event: 11.455 Executing VM operation: ICBufferFull
Event: 11.455 Executing VM operation: ICBufferFull done
Event: 11.496 Executing VM operation: HandshakeAllThreads
Event: 11.513 Executing VM operation: HandshakeAllThreads done
Event: 11.560 Executing VM operation: HandshakeAllThreads
Event: 11.560 Executing VM operation: HandshakeAllThreads done

Events (20 events):
Event: 11.431 Thread 0x000001ac0f35cc80 flushing nmethod 0x000001ac00c55010
Event: 11.431 Thread 0x000001ac0f35cc80 flushing nmethod 0x000001ac00c55c10
Event: 11.431 Thread 0x000001ac0f35cc80 flushing nmethod 0x000001ac00c56310
Event: 11.431 Thread 0x000001ac0f35cc80 flushing nmethod 0x000001ac00c57510
Event: 11.431 Thread 0x000001ac0f35cc80 flushing nmethod 0x000001ac00c61a90
Event: 11.431 Thread 0x000001ac0f35cc80 flushing nmethod 0x000001ac00c6c390
Event: 11.431 Thread 0x000001ac0f35cc80 flushing nmethod 0x000001ac00c73210
Event: 11.431 Thread 0x000001ac0f35cc80 flushing nmethod 0x000001ac00c7bc90
Event: 11.431 Thread 0x000001ac0f35cc80 flushing nmethod 0x000001ac00c7c090
Event: 11.431 Thread 0x000001ac0f35cc80 flushing nmethod 0x000001ac00c7da10
Event: 11.431 Thread 0x000001ac0f35cc80 flushing nmethod 0x000001ac00c7df10
Event: 11.431 Thread 0x000001ac0f35cc80 flushing nmethod 0x000001ac00c7e410
Event: 11.431 Thread 0x000001ac0f35cc80 flushing nmethod 0x000001ac00c83110
Event: 11.431 Thread 0x000001ac0f35cc80 flushing nmethod 0x000001ac00c83a10
Event: 11.431 Thread 0x000001ac0f35cc80 flushing nmethod 0x000001ac00c87d90
Event: 11.431 Thread 0x000001ac0f35cc80 flushing nmethod 0x000001ac00c96e90
Event: 11.431 Thread 0x000001ac0f35cc80 flushing nmethod 0x000001ac00ca4f90
Event: 11.431 Thread 0x000001ac0f35cc80 flushing nmethod 0x000001ac00ca9e90
Event: 11.431 Thread 0x000001ac0f35cc80 flushing nmethod 0x000001ac00caac90
Event: 11.431 Thread 0x000001ac0f35cc80 flushing nmethod 0x000001ac00cb9790


Dynamic libraries:
0x00007ff7188a0000 - 0x00007ff7188b0000 	C:\Program Files\Java\jdk-19\bin\java.exe
0x00007ffe51210000 - 0x00007ffe51408000 	C:\Windows\SYSTEM32\ntdll.dll
0x00007ffe505e0000 - 0x00007ffe5069f000 	C:\Windows\System32\KERNEL32.DLL
0x00007ffe4eb10000 - 0x00007ffe4ede2000 	C:\Windows\System32\KERNELBASE.dll
0x00007ffe4edf0000 - 0x00007ffe4eef0000 	C:\Windows\System32\ucrtbase.dll
0x00007ffe37c20000 - 0x00007ffe37c38000 	C:\Program Files\Java\jdk-19\bin\jli.dll
0x00007ffe50ff0000 - 0x00007ffe5109e000 	C:\Windows\System32\ADVAPI32.dll
0x00007ffe504b0000 - 0x00007ffe5054e000 	C:\Windows\System32\msvcrt.dll
0x00007ffe4f260000 - 0x00007ffe4f2fc000 	C:\Windows\System32\sechost.dll
0x00007ffe4fe90000 - 0x00007ffe4ffb5000 	C:\Windows\System32\RPCRT4.dll
0x00007ffe4f7c0000 - 0x00007ffe4f95d000 	C:\Windows\System32\USER32.dll
0x00007ffe4e940000 - 0x00007ffe4e962000 	C:\Windows\System32\win32u.dll
0x00007ffe4f5a0000 - 0x00007ffe4f5cb000 	C:\Windows\System32\GDI32.dll
0x00007ffe4eef0000 - 0x00007ffe4efff000 	C:\Windows\System32\gdi32full.dll
0x00007ffe4e970000 - 0x00007ffe4ea0d000 	C:\Windows\System32\msvcp_win.dll
0x00007ffe35bb0000 - 0x00007ffe35bcb000 	C:\Program Files\Java\jdk-19\bin\VCRUNTIME140.dll
0x00007ffe344f0000 - 0x00007ffe3478a000 	C:\Windows\WinSxS\amd64_microsoft.windows.common-controls_6595b64144ccf1df_6.0.19041.1110_none_60b5254171f9507e\COMCTL32.dll
0x00007ffe479e0000 - 0x00007ffe479ea000 	C:\Windows\SYSTEM32\VERSION.dll
0x00007ffe4f780000 - 0x00007ffe4f7b2000 	C:\Windows\System32\IMM32.DLL
0x00007ffe37e70000 - 0x00007ffe37e7c000 	C:\Program Files\Java\jdk-19\bin\vcruntime140_1.dll
0x00007ffe30fa0000 - 0x00007ffe3102e000 	C:\Program Files\Java\jdk-19\bin\msvcp140.dll
0x00007ffe131e0000 - 0x00007ffe13ea0000 	C:\Program Files\Java\jdk-19\bin\server\jvm.dll
0x00007ffe40780000 - 0x00007ffe40789000 	C:\Windows\SYSTEM32\WSOCK32.dll
0x00007ffe506a0000 - 0x00007ffe5070b000 	C:\Windows\System32\WS2_32.dll
0x00007ffe479f0000 - 0x00007ffe47a17000 	C:\Windows\SYSTEM32\WINMM.dll
0x00007ffe4c710000 - 0x00007ffe4c722000 	C:\Windows\SYSTEM32\kernel.appcore.dll
0x00007ffe37cf0000 - 0x00007ffe37cfa000 	C:\Program Files\Java\jdk-19\bin\jimage.dll
0x00007ffe475b0000 - 0x00007ffe47794000 	C:\Windows\SYSTEM32\DBGHELP.DLL
0x00007ffe479b0000 - 0x00007ffe479dc000 	C:\Windows\SYSTEM32\dbgcore.DLL
0x00007ffe4ea10000 - 0x00007ffe4ea92000 	C:\Windows\System32\bcryptPrimitives.dll
0x00007ffe37c10000 - 0x00007ffe37c1e000 	C:\Program Files\Java\jdk-19\bin\instrument.dll
0x00007ffe32730000 - 0x00007ffe32756000 	C:\Program Files\Java\jdk-19\bin\java.dll
0x00007ffe20d00000 - 0x00007ffe20dd7000 	C:\Program Files\Java\jdk-19\bin\jsvml.dll
0x00007ffe50710000 - 0x00007ffe50e53000 	C:\Windows\System32\SHELL32.dll
0x00007ffe4c9f0000 - 0x00007ffe4d182000 	C:\Windows\SYSTEM32\windows.storage.dll
0x00007ffe50030000 - 0x00007ffe50384000 	C:\Windows\System32\combase.dll
0x00007ffe4e290000 - 0x00007ffe4e2c0000 	C:\Windows\SYSTEM32\Wldp.dll
0x00007ffe4fde0000 - 0x00007ffe4fe8d000 	C:\Windows\System32\SHCORE.dll
0x00007ffe4ffd0000 - 0x00007ffe50025000 	C:\Windows\System32\shlwapi.dll
0x00007ffe4e850000 - 0x00007ffe4e86f000 	C:\Windows\SYSTEM32\profapi.dll
0x00007ffe34060000 - 0x00007ffe34073000 	C:\Program Files\Java\jdk-19\bin\net.dll
0x00007ffe44b10000 - 0x00007ffe44c1c000 	C:\Windows\SYSTEM32\WINHTTP.dll
0x00007ffe4dff0000 - 0x00007ffe4e05a000 	C:\Windows\system32\mswsock.dll
0x00007ffe32290000 - 0x00007ffe322a6000 	C:\Program Files\Java\jdk-19\bin\nio.dll
0x00007ffe32270000 - 0x00007ffe32288000 	C:\Program Files\Java\jdk-19\bin\zip.dll
0x00007ffe32d10000 - 0x00007ffe32d2a000 	C:\Program Files\JetBrains\IntelliJ IDEA 2022.3\bin\breakgen64.dll
0x00007ffe37720000 - 0x00007ffe37728000 	C:\Program Files\Java\jdk-19\bin\extnet.dll
0x000001ac0f540000 - 0x000001ac0f543000 	C:\Program Files\Java\javafx-sdk-19\bin\api-ms-win-core-console-l1-1-0.dll
0x000001ac0f550000 - 0x000001ac0f553000 	C:\Program Files\Java\javafx-sdk-19\bin\api-ms-win-core-console-l1-2-0.dll
0x000001ac0f560000 - 0x000001ac0f563000 	C:\Program Files\Java\javafx-sdk-19\bin\api-ms-win-core-datetime-l1-1-0.dll
0x000001ac0f570000 - 0x000001ac0f573000 	C:\Program Files\Java\javafx-sdk-19\bin\api-ms-win-core-debug-l1-1-0.dll
0x000001ac0f580000 - 0x000001ac0f583000 	C:\Program Files\Java\javafx-sdk-19\bin\api-ms-win-core-errorhandling-l1-1-0.dll
0x000001ac0f590000 - 0x000001ac0f594000 	C:\Program Files\Java\javafx-sdk-19\bin\api-ms-win-core-file-l1-1-0.dll
0x000001ac0f5a0000 - 0x000001ac0f5a3000 	C:\Program Files\Java\javafx-sdk-19\bin\api-ms-win-core-file-l1-2-0.dll
0x000001ac0f5b0000 - 0x000001ac0f5b3000 	C:\Program Files\Java\javafx-sdk-19\bin\api-ms-win-core-file-l2-1-0.dll
0x000001ac0f5c0000 - 0x000001ac0f5c3000 	C:\Program Files\Java\javafx-sdk-19\bin\api-ms-win-core-handle-l1-1-0.dll
0x000001ac0f5d0000 - 0x000001ac0f5d3000 	C:\Program Files\Java\javafx-sdk-19\bin\api-ms-win-core-heap-l1-1-0.dll
0x000001ac0f5e0000 - 0x000001ac0f5e3000 	C:\Program Files\Java\javafx-sdk-19\bin\api-ms-win-core-interlocked-l1-1-0.dll
0x000001ac0f5f0000 - 0x000001ac0f5f3000 	C:\Program Files\Java\javafx-sdk-19\bin\api-ms-win-core-libraryloader-l1-1-0.dll
0x000001ac0f600000 - 0x000001ac0f603000 	C:\Program Files\Java\javafx-sdk-19\bin\api-ms-win-core-localization-l1-2-0.dll
0x000001ac0f610000 - 0x000001ac0f613000 	C:\Program Files\Java\javafx-sdk-19\bin\api-ms-win-core-memory-l1-1-0.dll
0x000001ac0f620000 - 0x000001ac0f623000 	C:\Program Files\Java\javafx-sdk-19\bin\api-ms-win-core-namedpipe-l1-1-0.dll
0x000001ac0f630000 - 0x000001ac0f633000 	C:\Program Files\Java\javafx-sdk-19\bin\api-ms-win-core-processenvironment-l1-1-0.dll
0x000001ac0f640000 - 0x000001ac0f643000 	C:\Program Files\Java\javafx-sdk-19\bin\api-ms-win-core-processthreads-l1-1-0.dll
0x000001ac0f650000 - 0x000001ac0f653000 	C:\Program Files\Java\javafx-sdk-19\bin\api-ms-win-core-processthreads-l1-1-1.dll
0x000001ac0f660000 - 0x000001ac0f663000 	C:\Program Files\Java\javafx-sdk-19\bin\api-ms-win-core-profile-l1-1-0.dll
0x000001ac0f670000 - 0x000001ac0f673000 	C:\Program Files\Java\javafx-sdk-19\bin\api-ms-win-core-rtlsupport-l1-1-0.dll
0x000001ac0f680000 - 0x000001ac0f683000 	C:\Program Files\Java\javafx-sdk-19\bin\api-ms-win-core-string-l1-1-0.dll
0x000001ac0f690000 - 0x000001ac0f693000 	C:\Program Files\Java\javafx-sdk-19\bin\api-ms-win-core-synch-l1-1-0.dll
0x000001ac0f6a0000 - 0x000001ac0f6a3000 	C:\Program Files\Java\javafx-sdk-19\bin\api-ms-win-core-synch-l1-2-0.dll
0x000001ac0f6b0000 - 0x000001ac0f6b3000 	C:\Program Files\Java\javafx-sdk-19\bin\api-ms-win-core-sysinfo-l1-1-0.dll
0x000001ac0f6c0000 - 0x000001ac0f6c3000 	C:\Program Files\Java\javafx-sdk-19\bin\api-ms-win-core-timezone-l1-1-0.dll
0x000001ac0f6d0000 - 0x000001ac0f6d3000 	C:\Program Files\Java\javafx-sdk-19\bin\api-ms-win-core-util-l1-1-0.dll
0x000001ac0f6e0000 - 0x000001ac0f6e3000 	C:\Program Files\Java\javafx-sdk-19\bin\api-ms-win-crt-conio-l1-1-0.dll
0x000001ac0f6f0000 - 0x000001ac0f6f4000 	C:\Program Files\Java\javafx-sdk-19\bin\api-ms-win-crt-convert-l1-1-0.dll
0x000001ac0f700000 - 0x000001ac0f703000 	C:\Program Files\Java\javafx-sdk-19\bin\api-ms-win-crt-environment-l1-1-0.dll
0x000001ac0f710000 - 0x000001ac0f713000 	C:\Program Files\Java\javafx-sdk-19\bin\api-ms-win-crt-filesystem-l1-1-0.dll
0x000001ac0f720000 - 0x000001ac0f723000 	C:\Program Files\Java\javafx-sdk-19\bin\api-ms-win-crt-heap-l1-1-0.dll
0x000001ac0f730000 - 0x000001ac0f733000 	C:\Program Files\Java\javafx-sdk-19\bin\api-ms-win-crt-locale-l1-1-0.dll
0x000001ac0f740000 - 0x000001ac0f745000 	C:\Program Files\Java\javafx-sdk-19\bin\api-ms-win-crt-math-l1-1-0.dll
0x000001ac0f750000 - 0x000001ac0f755000 	C:\Program Files\Java\javafx-sdk-19\bin\api-ms-win-crt-multibyte-l1-1-0.dll
0x000001ac0f760000 - 0x000001ac0f770000 	C:\Program Files\Java\javafx-sdk-19\bin\api-ms-win-crt-private-l1-1-0.dll
0x000001ac0f770000 - 0x000001ac0f773000 	C:\Program Files\Java\javafx-sdk-19\bin\api-ms-win-crt-process-l1-1-0.dll
0x000001ac0f780000 - 0x000001ac0f784000 	C:\Program Files\Java\javafx-sdk-19\bin\api-ms-win-crt-runtime-l1-1-0.dll
0x000001ac0f790000 - 0x000001ac0f794000 	C:\Program Files\Java\javafx-sdk-19\bin\api-ms-win-crt-stdio-l1-1-0.dll
0x000001ac0f7a0000 - 0x000001ac0f7a4000 	C:\Program Files\Java\javafx-sdk-19\bin\api-ms-win-crt-string-l1-1-0.dll
0x000001ac0f7b0000 - 0x000001ac0f7b3000 	C:\Program Files\Java\javafx-sdk-19\bin\api-ms-win-crt-time-l1-1-0.dll
0x000001ac0f7c0000 - 0x000001ac0f7c3000 	C:\Program Files\Java\javafx-sdk-19\bin\api-ms-win-crt-utility-l1-1-0.dll
0x00007ffe30b80000 - 0x00007ffe30c7c000 	C:\Program Files\Java\javafx-sdk-19\bin\ucrtbase.dll
0x00007ffe32780000 - 0x00007ffe3279b000 	C:\Program Files\Java\javafx-sdk-19\bin\vcruntime140.dll
0x00007ffe35840000 - 0x00007ffe3584c000 	C:\Program Files\Java\javafx-sdk-19\bin\vcruntime140_1.dll
0x00007ffe26290000 - 0x00007ffe2631e000 	C:\Program Files\Java\javafx-sdk-19\bin\msvcp140.dll
0x00007ffe35800000 - 0x00007ffe35809000 	C:\Program Files\Java\javafx-sdk-19\bin\msvcp140_1.dll
0x00007ffe32640000 - 0x00007ffe32670000 	C:\Program Files\Java\javafx-sdk-19\bin\msvcp140_2.dll
0x00007ffe320c0000 - 0x00007ffe320ec000 	C:\Program Files\Java\javafx-sdk-19\bin\prism_d3d.dll
0x00007ffe31e90000 - 0x00007ffe3205f000 	C:\Windows\system32\d3d9.dll
0x00007ffe4c6e0000 - 0x00007ffe4c70f000 	C:\Windows\SYSTEM32\dwmapi.dll
0x00007ffe4c320000 - 0x00007ffe4c3be000 	C:\Windows\system32\uxtheme.dll
0x00007ffe47c90000 - 0x00007ffe47ca9000 	C:\Windows\SYSTEM32\vm3dum64_loader.dll
0x00007ffe510a0000 - 0x00007ffe511ca000 	C:\Windows\System32\ole32.dll
0x00007ffe4e200000 - 0x00007ffe4e20c000 	C:\Windows\SYSTEM32\CRYPTBASE.DLL
0x00007ffe325b0000 - 0x00007ffe32620000 	C:\Windows\system32\vm3dum64.dll
0x00007ffe31c90000 - 0x00007ffe31cd2000 	C:\Program Files\Java\javafx-sdk-19\bin\glass.dll
0x00007ffe4f360000 - 0x00007ffe4f43a000 	C:\Windows\System32\COMDLG32.dll
0x00007ffe50e60000 - 0x00007ffe50f2d000 	C:\Windows\System32\OLEAUT32.dll
0x00007ffe50390000 - 0x00007ffe504a5000 	C:\Windows\System32\MSCTF.dll
0x00007ffe32760000 - 0x00007ffe32774000 	C:\Program Files\Java\javafx-sdk-19\bin\javafx_font.dll
0x00007ffe439e0000 - 0x00007ffe43c5f000 	C:\Windows\SYSTEM32\dwrite.dll
0x00007ffe4f440000 - 0x00007ffe4f4ef000 	C:\Windows\System32\clbcatq.dll
0x00007ffe49850000 - 0x00007ffe49a04000 	C:\Windows\SYSTEM32\WindowsCodecs.dll
0x00007ffe4e910000 - 0x00007ffe4e937000 	C:\Windows\System32\bcrypt.dll
0x00007ffe29150000 - 0x00007ffe2918e000 	C:\Windows\system32\dataexchange.dll
0x00007ffe4ac90000 - 0x00007ffe4aef3000 	C:\Windows\system32\d3d11.dll
0x00007ffe4b4c0000 - 0x00007ffe4b6a3000 	C:\Windows\system32\dcomp.dll
0x00007ffe4d1d0000 - 0x00007ffe4d2c3000 	C:\Windows\system32\dxgi.dll
0x00007ffe49ad0000 - 0x00007ffe49cd0000 	C:\Windows\system32\twinapi.appcore.dll
0x00007ffe322e0000 - 0x00007ffe32314000 	C:\Program Files\Common Files\Microsoft Shared\Ink\rtscom.dll
0x00007ffe45f10000 - 0x00007ffe46009000 	C:\Windows\SYSTEM32\textinputframework.dll
0x00007ffe4bb60000 - 0x00007ffe4bc52000 	C:\Windows\System32\CoreMessaging.dll
0x00007ffe4b800000 - 0x00007ffe4bb5e000 	C:\Windows\System32\CoreUIComponents.dll
0x00007ffe4da30000 - 0x00007ffe4da63000 	C:\Windows\SYSTEM32\ntmarta.dll
0x00007ffe4a680000 - 0x00007ffe4a7d4000 	C:\Windows\SYSTEM32\wintypes.dll
0x00007ffe35270000 - 0x00007ffe352d6000 	C:\Windows\system32\Oleacc.dll
0x00007ffe35750000 - 0x00007ffe3575a000 	C:\Program Files\Java\jdk-19\bin\management.dll
0x00007ffe34100000 - 0x00007ffe3410b000 	C:\Program Files\Java\jdk-19\bin\management_ext.dll
0x00007ffe50550000 - 0x00007ffe50558000 	C:\Windows\System32\PSAPI.DLL
0x00007ffe35870000 - 0x00007ffe35880000 	C:\Program Files\Java\jdk-19\bin\verify.dll
0x00007ffe4e1e0000 - 0x00007ffe4e1f8000 	C:\Windows\SYSTEM32\CRYPTSP.dll

dbghelp: loaded successfully - version: 4.0.5 - missing functions: none
symbol engine: initialized successfully - sym options: 0x614 - pdb path: .;C:\Program Files\Java\jdk-19\bin;C:\Windows\SYSTEM32;C:\Windows\WinSxS\amd64_microsoft.windows.common-controls_6595b64144ccf1df_6.0.19041.1110_none_60b5254171f9507e;C:\Program Files\Java\jdk-19\bin\server;C:\Program Files\JetBrains\IntelliJ IDEA 2022.3\bin;C:\Program Files\Java\javafx-sdk-19\bin;C:\Program Files\Common Files\Microsoft Shared\Ink

VM Arguments:
jvm_args: --module-path=C:\Program Files\Java\javafx-sdk-19\lib --add-modules=javafx.controls,javafx.fxml -javaagent:C:\Program Files\JetBrains\IntelliJ IDEA 2022.3\lib\idea_rt.jar=54466:C:\Program Files\JetBrains\IntelliJ IDEA 2022.3\bin -Dfile.encoding=UTF-8 -Dsun.stdout.encoding=UTF-8 -Dsun.stderr.encoding=UTF-8 
java_command: com.example.projectfx.HelloApplication
java_class_path (initial): C:\Users\MohammadRehan\IdeaProjects\ProjectFX\target\classes;C:\Program Files\Java\javafx-sdk-19\lib\javafx-swt.jar;C:\Program Files\Java\javafx-sdk-19\lib\javafx.web.jar;C:\Program Files\Java\javafx-sdk-19\lib\javafx.base.jar;C:\Program Files\Java\javafx-sdk-19\lib\javafx.fxml.jar;C:\Program Files\Java\javafx-sdk-19\lib\javafx.media.jar;C:\Program Files\Java\javafx-sdk-19\lib\javafx.swing.jar;C:\Program Files\Java\javafx-sdk-19\lib\javafx.controls.jar;C:\Program Files\Java\javafx-sdk-19\lib\javafx.graphics.jar;C:\Users\MohammadRehan\IdeaProjects\ProjectFX\lib\ojdbc11-21.7.0.0.jar;C:\Users\MohammadRehan\IdeaProjects\ProjectFX\lib\spring-jdbc-5.3.24.jar;C:\Users\MohammadRehan\IdeaProjects\ProjectFX\lib\spring-beans-5.3.24.jar;C:\Users\MohammadRehan\IdeaProjects\ProjectFX\lib\spring-core-5.3.24.jar;C:\Users\MohammadRehan\IdeaProjects\ProjectFX\lib\spring-jcl-5.3.24.jar;C:\Users\MohammadRehan\IdeaProjects\ProjectFX\lib\spring-tx-5.3.24.jar;C:\Users\MohammadRehan\IdeaProjects\ProjectFX\lib\AnimateFX-1.2.3.jar;C:\Users\MohammadRehan\Desktop\jasperreports-6.7.1\dist\jasperreports-6.7.1.jar;C:\Users\MohammadRehan\Desktop\jasperreports-6.7.1\dist\jasperreports-javaflow-6.7.1.jar;C:\Users\MohammadRehan\Desktop\jasperreports-6.2.0\lib\ant-1.7.1.jar;C:\Users\MohammadRehan\Desktop\jasperreports-6.2.0\lib\antlr-2.7.5.jar;C:\Users\MohammadRehan\Desktop\jasperreports-6.2.0\lib\barbecue-1.5-beta1.jar;C:\Users\MohammadRehan\Desktop\jasperreports-6.2.0\lib\barcode4j-2.1.jar;C:\Users\MohammadRehan\Desktop\jasperreports-6.2.0\lib\batik-anim.jar;C:\Users\MohammadRehan\Desktop\jasperreports-6.2.0\lib\batik-awt-util.jar;C:\Users\MohammadRehan\Desktop\jasperreports-6.2.0\lib\batik-bridge.jar;C:\Users\MohammadRehan\Desktop\jasperreports-6.2.0\lib\batik-css.jar;C:\Users\MohammadRehan\Desktop\jasperreports-6.2.0\lib\batik-dom.jar;C:\Users\MohammadRehan\Desktop\jasperreports-6.2.0\lib\batik-ext.jar;C:\Users\MohammadRehan\Desktop\jasperreports-6.2.0\lib\batik-gvt.jar;C:\Users\MohammadRehan\Desktop\jasperreports-6.2.0\lib\batik-parser.jar;C:\Users\MohammadRehan\Desktop\jasperreports-6.2.0\lib\batik-script.jar;C:\Users\MohammadRehan\Desktop\jasperreports-6.2.0\lib\batik-svg-dom.jar;C:\Users\MohammadRehan\Desktop\jasperreports-6.2.0\lib\batik-svggen.jar;C:\Users\MohammadRehan\Desktop\jasperreports-6.2.0\lib\batik-util.jar;C:\Users\MohammadRehan\Desktop\jasperreports-6.2.0\lib\batik-xml.jar;C:\Users\MohammadRehan\Desktop\jasperreports-6.2.0\lib\bcel-5.2.jar;C:\Users\MohammadRehan\Desktop\jasperreports-6.2.0\lib\bsh-2.0b4.jar;C:\Users\MohammadRehan\Desktop\jasperreports-6.2.0\lib\castor-core-1.3.3.jar;C:\Users\MohammadRehan\Desktop\jasperreports-6.2.0\lib\castor-xml-1.3.3.jar;C:\Users\MohammadRehan\Desktop\jasperreports-6.2.0\lib\commons-beanutils-1.9.0.jar;C:\Users\MohammadRehan\Desktop\jasperreports-6.2.0\lib\commons-codec-1.5.jar;C:\Users\MohammadRehan\Desktop\jasperreports-6.2.0\lib\commons-collections-3.2.1.jar;C:\Users\MohammadRehan\Desktop\jasperreports-6.2.0\lib\commons-digester-2.1.jar;C:\Users\MohammadRehan\Desktop\jasperreports-6.2.0\lib\commons-javaflow-20060411.jar;C:\Users\MohammadRehan\Desktop\jasperreports-6.2.0\lib\commons-logging-1.1.1.jar;C:\Users\MohammadRehan\Desktop\jasperreports-6.2.0\lib\core-2.3.0.jar;C:\Users\MohammadRehan\Desktop\jasperreports-6.2.0\lib\dom4j-1.6.1.jar;C:\Users\MohammadRehan\Desktop\jasperreports-6.2.0\lib\ecj-4.3.1.jar;C:\Users\MohammadRehan\Desktop\jasperreports-6.2.0\lib\groovy-all-2.4.3.jar;C:\Users\MohammadRehan\Desktop\jasperreports-6.2.0\lib\hibernate-core-3.3.2.GA.jar;C:\Users\MohammadRehan\Desktop\jasperreports-6.2.0\lib\hsqldb-1.8.0-10.jar;C:\Users\MohammadRehan\Desktop\jasperreports-6.2.0\lib\httpclient-4.3.4.jar;C:\Users\MohammadRehan\Desktop\jasperreports-6.2.0\lib\httpcore-4.3.2.jar;C:\Users\MohammadRehan\Desktop\jasperreports-6.2.0\lib\itext-2.1.7.js4.jar;C:\Users\MohammadRehan\Desktop\jasperreports-6.2.0\lib\jackson-annotations-2.1.4.jar;C:\Users\MohammadRehan\Desktop\jasperreports-6.2.0\lib\jackson-core-2.1.4.jar;C:\Users\MohammadRehan\Desktop\jasperreports-6.2.0\lib\jackson-databind-2.1.4.jar;C:\Users\MohammadRehan\Desktop\jasperreports-6.2.0\lib\jaxen-1.1.1.jar;C:\Users\MohammadRehan\Desktop\jasperreports-6.2.0\lib\jcommon-1.0.23.jar;C:\Users\MohammadRehan\Desktop\jasperreports-6.2.0\lib\jfreechart-1.0.19.jar;C:\Users\MohammadRehan\Desktop\jasperreports-6.2.0\lib\jpa.jar;C:\Users\MohammadRehan\Desktop\jasperreports-6.2.0\lib\jxl-2.6.10.jar;C:\Users\MohammadRehan\Desktop\jasperreports-6.2.0\lib\log4j-1.2.15.jar;C:\Users\MohammadRehan\Desktop\jasperreports-6.2.0\lib\lucene-analyzers-common-4.5.1.jar;C:\Users\MohammadRehan\Desktop\jasperreports-6.2.0\lib\lucene-core-4.5.1.jar;C:\Users\MohammadRehan\Desktop\jasperreports-6.2.0\lib\lucene-queryparser-4.5.1.jar;C:\Users\MohammadRehan\Desktop\jasperreports-6.2.0\lib\mondrian-3.1.1.12687.jar;C:\Users\MohammadRehan\Desktop\jasperreports-6.2.0\lib\olap4j-0.9.7.309-JS-3.jar;C:\Users\MohammadRehan\Desktop\jasperreports-6.2.0\lib\png-encoder-1.5.jar;C:\Users\MohammadRehan\Desktop\jasperreports-6.2.0\lib\poi-3.10.1.jar;C:\Users\MohammadRehan\Desktop\jasperreports-6.2.0\lib\poi-ooxml-3.10.1.jar;C:\Users\MohammadRehan\Desktop\jasperreports-6.2.0\lib\poi-ooxml-schemas-3.10.1.jar;C:\Users\MohammadRehan\Desktop\jasperreports-6.2.0\lib\rhino-1.7.6.jar;C:\Users\MohammadRehan\Desktop\jasperreports-6.2.0\lib\saaj-api-1.3.jar;C:\Users\MohammadRehan\Desktop\jasperreports-6.2.0\lib\serializer.jar;C:\Users\MohammadRehan\Desktop\jasperreports-6.2.0\lib\servlet-api-2.4.jar;C:\Users\MohammadRehan\Desktop\jasperreports-6.2.0\lib\spring-beans-2.5.5.jar;C:\Users\MohammadRehan\Desktop\jasperreports-6.2.0\lib\spring-core-2.5.5.jar;C:\Users\MohammadRehan\Desktop\jasperreports-6.2.0\lib\velocity-1.7-dep.jar;C:\Users\MohammadRehan\Desktop\jasperreports-6.2.0\lib\xalan-2.7.1.jar;C:\Users\MohammadRehan\Desktop\jasperreports-6.2.0\lib\xercesImpl-2.10.0.jar;C:\Users\MohammadRehan\Desktop\jasperreports-6.2.0\lib\xml-apis-ext.jar;C:\Users\MohammadRehan\Desktop\jasperreports-6.2.0\lib\xml-apis.jar;C:\Users\MohammadRehan\Desktop\jasperreports-6.2.0\lib\xmlbeans-2.5.0.jar;C:\Users\MohammadRehan\Desktop\jasperreports-6.2.0\lib\xmpcore-5.1.1.jar
Launcher Type: SUN_STANDARD

[Global flags]
     intx CICompilerCount                          = 2                                         {product} {ergonomic}
     uint ConcGCThreads                            = 1                                         {product} {ergonomic}
     uint G1ConcRefinementThreads                  = 2                                         {product} {ergonomic}
   size_t G1HeapRegionSize                         = 1048576                                   {product} {ergonomic}
    uintx GCDrainStackTargetSize                   = 64                                        {product} {ergonomic}
   size_t InitialHeapSize                          = 67108864                                  {product} {ergonomic}
   size_t MarkStackSize                            = 4194304                                   {product} {ergonomic}
   size_t MaxHeapSize                              = 1073741824                                {product} {ergonomic}
   size_t MaxNewSize                               = 643825664                                 {product} {ergonomic}
   size_t MinHeapDeltaBytes                        = 1048576                                   {product} {ergonomic}
   size_t MinHeapSize                              = 8388608                                   {product} {ergonomic}
    uintx NonNMethodCodeHeapSize                   = 5826188                                {pd product} {ergonomic}
    uintx NonProfiledCodeHeapSize                  = 122916026                              {pd product} {ergonomic}
    uintx ProfiledCodeHeapSize                     = 122916026                              {pd product} {ergonomic}
    uintx ReservedCodeCacheSize                    = 251658240                              {pd product} {ergonomic}
     bool SegmentedCodeCache                       = true                                      {product} {ergonomic}
   size_t SoftMaxHeapSize                          = 1073741824                             {manageable} {ergonomic}
     bool UseCompressedClassPointers               = true                           {product lp64_product} {ergonomic}
     bool UseCompressedOops                        = true                           {product lp64_product} {ergonomic}
     bool UseG1GC                                  = true                                      {product} {ergonomic}
     bool UseLargePagesIndividualAllocation        = false                                  {pd product} {ergonomic}

Logging:
Log output configuration:
 #0: stdout all=warning uptime,level,tags foldmultilines=false
 #1: stderr all=off uptime,level,tags foldmultilines=false

Environment Variables:
PATH=C:\app\MohammadRehan\product\21c\dbhomeXE\bin;C:\Program Files\Common Files\Oracle\Java\javapath;C:\Windows\system32;C:\Windows;C:\Windows\System32\Wbem;C:\Windows\System32\WindowsPowerShell\v1.0\;C:\Windows\System32\OpenSSH\;C:\app\MohammadRehan\product\21c\dbhomeXE\jdbc\lib\ojdbc11.jar;C:\Program Files\Git\cmd;C:\Users\MohammadRehan\AppData\Local\Microsoft\WindowsApps;
USERNAME=MohammadRehan
OS=Windows_NT
PROCESSOR_IDENTIFIER=Intel64 Family 6 Model 158 Stepping 10, GenuineIntel
TMP=C:\Users\MOHAMM~1\AppData\Local\Temp
TEMP=C:\Users\MOHAMM~1\AppData\Local\Temp



---------------  S Y S T E M  ---------------

OS:
 Windows 10 , 64 bit Build 19041 (10.0.19041.2251)
OS uptime: 1 days 8:30 hours
VMWare virtualization detected

CPU: total 2 (initial active 2) (2 cores per cpu, 1 threads per core) family 6 model 158 stepping 10 microcode 0xb4, cx8, cmov, fxsr, mmx, 3dnowpref, sse, sse2, sse3, ssse3, sse4.1, sse4.2, popcnt, lzcnt, tsc, tscinvbit, avx, avx2, aes, erms, clmul, bmi1, bmi2, adx, fma, vzeroupper, clflush, clflushopt, hv, rdtscp

Memory: 4k page, system-wide physical 4095M (335M free)
TotalPageFile size 11705M (AvailPageFile size 3M)
current process WorkingSet (physical memory assigned to process): 392M, peak: 393M
current process commit charge ("private bytes"): 429M, peak: 462M

vm_info: Java HotSpot(TM) 64-Bit Server VM (19.0.1+10-21) for windows-amd64 JRE (19.0.1+10-21), built on 2022-09-14T12:45:06Z by "mach5one" with MS VC++ 17.1 (VS2022)

END.
