#
# There is insufficient memory for the Java Runtime Environment to continue.
# Native memory allocation (malloc) failed to allocate 2381824 bytes for Chunk::new
# Possible reasons:
#   The system is out of physical RAM or swap space
#   The process is running with CompressedOops enabled, and the Java Heap may be blocking the growth of the native heap
# Possible solutions:
#   Reduce memory load on the system
#   Increase physical memory or swap space
#   Check if swap backing store is full
#   Decrease Java heap size (-Xmx/-Xms)
#   Decrease number of Java threads
#   Decrease Java thread stack sizes (-Xss)
#   Set larger code cache with -XX:ReservedCodeCacheSize=
#   JVM is running with Unscaled Compressed Oops mode in which the Java heap is
#     placed in the first 4GB address space. The Java Heap base address is the
#     maximum limit for the native heap growth. Please use -XX:HeapBaseMinAddress
#     to set the Java Heap base and to place the Java Heap above 4GB virtual address.
# This output file may be truncated or incomplete.
#
#  Out of Memory Error (arena.cpp:184), pid=3424, tid=8500
#
# JRE version: Java(TM) SE Runtime Environment (19.0.1+10) (build 19.0.1+10-21)
# Java VM: Java HotSpot(TM) 64-Bit Server VM (19.0.1+10-21, mixed mode, sharing, tiered, compressed oops, compressed class ptrs, g1 gc, windows-amd64)
# No core dump will be written. Minidumps are not enabled by default on client versions of Windows
#

---------------  S U M M A R Y ------------

Command Line: --module-path=C:\Program Files\Java\javafx-sdk-19\lib --add-modules=javafx.controls,javafx.fxml -javaagent:C:\Program Files\JetBrains\IntelliJ IDEA 2022.3\lib\idea_rt.jar=54454:C:\Program Files\JetBrains\IntelliJ IDEA 2022.3\bin -Dfile.encoding=UTF-8 -Dsun.stdout.encoding=UTF-8 -Dsun.stderr.encoding=UTF-8 com.example.projectfx.HelloApplication

Host: Intel(R) Core(TM) i7-9750H CPU @ 2.60GHz, 2 cores, 3G,  Windows 10 , 64 bit Build 19041 (10.0.19041.2251)
Time: Wed Dec 14 21:14:27 2022 West Bank Gaza Standard Time elapsed time: 95.272301 seconds (0d 0h 1m 35s)

---------------  T H R E A D  ---------------

Current thread (0x000002341c7e5420):  JavaThread "C2 CompilerThread0" daemon [_thread_in_native, id=8500, stack(0x00000066f4100000,0x00000066f4200000)]


Current CompileTask:
C2:  95272 5814   !   4       com.sun.javafx.css.StyleManager::findMatchingStyles (1267 bytes)

Stack: [0x00000066f4100000,0x00000066f4200000]
Native frames: (J=compiled Java code, j=interpreted, Vv=VM code, C=native code)
V  [jvm.dll+0x6ee8fa]
V  [jvm.dll+0x857a1e]
V  [jvm.dll+0x85940e]
V  [jvm.dll+0x859ac3]
V  [jvm.dll+0x28291f]
V  [jvm.dll+0xc9b5f]
V  [jvm.dll+0xc9ee5]
V  [jvm.dll+0x3bcbac]
V  [jvm.dll+0x386201]
V  [jvm.dll+0x38567a]
V  [jvm.dll+0x24c2c9]
V  [jvm.dll+0x24b671]
V  [jvm.dll+0x1d6d61]
V  [jvm.dll+0x25b0fa]
V  [jvm.dll+0x259588]
V  [jvm.dll+0x807928]
V  [jvm.dll+0x8015fa]
V  [jvm.dll+0x6ed5eb]
C  [ucrtbase.dll+0x21bb2]
C  [KERNEL32.DLL+0x174b4]
C  [ntdll.dll+0x526a1]


---------------  P R O C E S S  ---------------

Threads class SMR info:
_java_thread_list=0x0000023423893a10, length=23, elements={
0x000002347fd74f20, 0x000002341c7dc5b0, 0x000002341c7dd440, 0x000002341c7e1c20,
0x000002341c7e3560, 0x000002341c7e3e90, 0x000002341c7e47c0, 0x000002341c7e5420,
0x000002341c853bc0, 0x000002341c856a90, 0x000002341c89e580, 0x0000023420dac2d0,
0x0000023420eefce0, 0x0000023421316350, 0x000002342135ec40, 0x00000234213620a0,
0x0000023421419dc0, 0x00000234214832b0, 0x000002342171ab10, 0x000002342171a5c0,
0x000002342171a070, 0x0000023420e56680, 0x0000023420e57120
}

Java Threads: ( => current thread )
  0x000002347fd74f20 JavaThread "main" [_thread_blocked, id=11836, stack(0x00000066f3400000,0x00000066f3500000)]
  0x000002341c7dc5b0 JavaThread "Reference Handler" daemon [_thread_blocked, id=9364, stack(0x00000066f3b00000,0x00000066f3c00000)]
  0x000002341c7dd440 JavaThread "Finalizer" daemon [_thread_blocked, id=6620, stack(0x00000066f3c00000,0x00000066f3d00000)]
  0x000002341c7e1c20 JavaThread "Signal Dispatcher" daemon [_thread_blocked, id=8392, stack(0x00000066f3d00000,0x00000066f3e00000)]
  0x000002341c7e3560 JavaThread "Attach Listener" daemon [_thread_blocked, id=4200, stack(0x00000066f3e00000,0x00000066f3f00000)]
  0x000002341c7e3e90 JavaThread "Service Thread" daemon [_thread_blocked, id=1720, stack(0x00000066f3f00000,0x00000066f4000000)]
  0x000002341c7e47c0 JavaThread "Monitor Deflation Thread" daemon [_thread_blocked, id=7144, stack(0x00000066f4000000,0x00000066f4100000)]
=>0x000002341c7e5420 JavaThread "C2 CompilerThread0" daemon [_thread_in_native, id=8500, stack(0x00000066f4100000,0x00000066f4200000)]
  0x000002341c853bc0 JavaThread "C1 CompilerThread0" daemon [_thread_blocked, id=4952, stack(0x00000066f4200000,0x00000066f4300000)]
  0x000002341c856a90 JavaThread "Sweeper thread" daemon [_thread_blocked, id=10256, stack(0x00000066f4300000,0x00000066f4400000)]
  0x000002341c89e580 JavaThread "Common-Cleaner" daemon [_thread_blocked, id=1156, stack(0x00000066f4400000,0x00000066f4500000)]
  0x0000023420dac2d0 JavaThread "Monitor Ctrl-Break" daemon [_thread_in_native, id=9836, stack(0x00000066f4600000,0x00000066f4700000)]
  0x0000023420eefce0 JavaThread "Notification Thread" daemon [_thread_blocked, id=4064, stack(0x00000066f4700000,0x00000066f4800000)]
  0x0000023421316350 JavaThread "QuantumRenderer-0" daemon [_thread_blocked, id=10084, stack(0x00000066f4900000,0x00000066f4a00000)]
  0x000002342135ec40 JavaThread "InvokeLaterDispatcher" daemon [_thread_blocked, id=9012, stack(0x00000066f4a00000,0x00000066f4b00000)]
  0x00000234213620a0 JavaThread "JavaFX Application Thread" [_thread_in_Java, id=5184, stack(0x00000066f4b00000,0x00000066f4c00000)]
  0x0000023421419dc0 JavaThread "JavaFX-Launcher" [_thread_blocked, id=4720, stack(0x00000066f4d00000,0x00000066f4e00000)]
  0x00000234214832b0 JavaThread "Thread-2" daemon [_thread_in_native, id=9940, stack(0x00000066f4c00000,0x00000066f4d00000)]
  0x000002342171ab10 JavaThread "Prism Font Disposer" daemon [_thread_blocked, id=8448, stack(0x00000066f5100000,0x00000066f5200000)]
  0x000002342171a5c0 JavaThread "Cleaner-0" daemon [_thread_blocked, id=1132, stack(0x00000066f5200000,0x00000066f5300000)]
  0x000002342171a070 JavaThread "oracle.jdbc.driver.BlockSource.ThreadedCachingBlockSource.BlockReleaser" daemon [_thread_blocked, id=9588, stack(0x00000066f3200000,0x00000066f3300000)]
  0x0000023420e56680 JavaThread "InterruptTimer" daemon [_thread_blocked, id=10856, stack(0x00000066f5300000,0x00000066f5400000)]
  0x0000023420e57120 JavaThread "OJDBC-WORKER-THREAD-1" daemon [_thread_blocked, id=4288, stack(0x00000066f5400000,0x00000066f5500000)]

Other Threads:
  0x000002347fe30660 VMThread "VM Thread" [stack: 0x00000066f3a00000,0x00000066f3b00000] [id=10164]
  0x0000023420dac810 WatcherThread "VM Periodic Task Thread" [stack: 0x00000066f4800000,0x00000066f4900000] [id=11236]
  0x000002347fdb5ce0 WorkerThread "GC Thread#0" [stack: 0x00000066f3500000,0x00000066f3600000] [id=6312]
  0x0000023420c52e60 WorkerThread "GC Thread#1" [stack: 0x00000066f4500000,0x00000066f4600000] [id=6712]
  0x000002347fdc0b70 ConcurrentGCThread "G1 Main Marker" [stack: 0x00000066f3600000,0x00000066f3700000] [id=11992]
  0x000002347fdc2660 WorkerThread "G1 Conc#0" [stack: 0x00000066f3700000,0x00000066f3800000] [id=1196]
  0x000002347fe0b000 ConcurrentGCThread "G1 Refine#0" [stack: 0x00000066f3800000,0x00000066f3900000] [id=6892]
  0x000002347fe0bbf0 ConcurrentGCThread "G1 Service" [stack: 0x00000066f3900000,0x00000066f3a00000] [id=8840]

Threads with active compile tasks:
C2 CompilerThread0    95318 5814   !   4       com.sun.javafx.css.StyleManager::findMatchingStyles (1267 bytes)
C1 CompilerThread0    95318 5898       3       javafx.scene.shape.Shape$StyleableProperties$2::isSettable (9 bytes)

VM state: not at safepoint (normal execution)

VM Mutex/Monitor currently owned by a thread: None

Heap address: 0x00000000c0000000, size: 1024 MB, Compressed Oops mode: 32-bit

CDS archive(s) mapped at: [0x0000000800000000-0x0000000800c40000-0x0000000800c40000), size 12845056, SharedBaseAddress: 0x0000000800000000, ArchiveRelocationMode: 0.
Compressed class space mapped at: 0x0000000801000000-0x0000000841000000, reserved size: 1073741824
Narrow klass base: 0x0000000800000000, Narrow klass shift: 0, Narrow klass range: 0x100000000

GC Precious Log:
 CardTable entry size: 512
 Card Set container configuration: InlinePtr #cards 5 size 8 Array Of Cards #cards 12 size 40 Howl #buckets 4 coarsen threshold 1843 Howl Bitmap #cards 512 size 80 coarsen threshold 460 Card regions per heap region 1 cards per card region 2048
 CPUs: 2 total, 2 available
 Memory: 4095M
 Large Page Support: Disabled
 NUMA Support: Disabled
 Compressed Oops: Enabled (32-bit)
 Heap Region Size: 1M
 Heap Min Capacity: 8M
 Heap Initial Capacity: 64M
 Heap Max Capacity: 1G
 Pre-touch: Disabled
 Parallel Workers: 2
 Concurrent Workers: 1
 Concurrent Refinement Workers: 2
 Periodic GC: Disabled

Heap:
 garbage-first heap   total 164864K, used 110212K [0x00000000c0000000, 0x0000000100000000)
  region size 1024K, 23 young (23552K), 1 survivors (1024K)
 Metaspace       used 32279K, committed 32704K, reserved 1114112K
  class space    used 4211K, committed 4416K, reserved 1048576K

Heap Regions: E=young(eden), S=young(survivor), O=old, HS=humongous(starts), HC=humongous(continues), CS=collection set, F=free, OA=open archive, CA=closed archive, TAMS=top-at-mark-start (previous, next)
|   0|0x00000000c0000000, 0x00000000c0100000, 0x00000000c0100000|100%|HS|  |TAMS 0x00000000c0100000, 0x00000000c0000000| Complete 
|   1|0x00000000c0100000, 0x00000000c0200000, 0x00000000c0200000|100%| O|  |TAMS 0x00000000c0200000, 0x00000000c0100000| Untracked 
|   2|0x00000000c0200000, 0x00000000c0300000, 0x00000000c0300000|100%| O|  |TAMS 0x00000000c0300000, 0x00000000c0200000| Untracked 
|   3|0x00000000c0300000, 0x00000000c0400000, 0x00000000c0400000|100%| O|  |TAMS 0x00000000c0400000, 0x00000000c0300000| Untracked 
|   4|0x00000000c0400000, 0x00000000c0500000, 0x00000000c0500000|100%| O|  |TAMS 0x00000000c0500000, 0x00000000c0400000| Untracked 
|   5|0x00000000c0500000, 0x00000000c0600000, 0x00000000c0600000|100%| O|  |TAMS 0x00000000c0600000, 0x00000000c0500000| Untracked 
|   6|0x00000000c0600000, 0x00000000c0700000, 0x00000000c0700000|100%| O|  |TAMS 0x00000000c0700000, 0x00000000c0600000| Untracked 
|   7|0x00000000c0700000, 0x00000000c0800000, 0x00000000c0800000|100%| O|  |TAMS 0x00000000c0800000, 0x00000000c0700000| Untracked 
|   8|0x00000000c0800000, 0x00000000c0900000, 0x00000000c0900000|100%|HS|  |TAMS 0x00000000c0900000, 0x00000000c0800000| Complete 
|   9|0x00000000c0900000, 0x00000000c0a00000, 0x00000000c0a00000|100%|HC|  |TAMS 0x00000000c0a00000, 0x00000000c0900000| Complete 
|  10|0x00000000c0a00000, 0x00000000c0b00000, 0x00000000c0b00000|100%|HC|  |TAMS 0x00000000c0b00000, 0x00000000c0a00000| Complete 
|  11|0x00000000c0b00000, 0x00000000c0c00000, 0x00000000c0c00000|100%|HC|  |TAMS 0x00000000c0c00000, 0x00000000c0b00000| Complete 
|  12|0x00000000c0c00000, 0x00000000c0d00000, 0x00000000c0d00000|100%|HC|  |TAMS 0x00000000c0d00000, 0x00000000c0c00000| Complete 
|  13|0x00000000c0d00000, 0x00000000c0e00000, 0x00000000c0e00000|100%| O|  |TAMS 0x00000000c0e00000, 0x00000000c0d00000| Untracked 
|  14|0x00000000c0e00000, 0x00000000c0f00000, 0x00000000c0f00000|100%|HS|  |TAMS 0x00000000c0f00000, 0x00000000c0e00000| Complete 
|  15|0x00000000c0f00000, 0x00000000c1000000, 0x00000000c1000000|100%|HC|  |TAMS 0x00000000c1000000, 0x00000000c0f00000| Complete 
|  16|0x00000000c1000000, 0x00000000c1100000, 0x00000000c1100000|100%| O|  |TAMS 0x00000000c1100000, 0x00000000c1000000| Untracked 
|  17|0x00000000c1100000, 0x00000000c1200000, 0x00000000c1200000|100%| O|  |TAMS 0x00000000c1200000, 0x00000000c1100000| Untracked 
|  18|0x00000000c1200000, 0x00000000c1300000, 0x00000000c1300000|100%| O|  |TAMS 0x00000000c1300000, 0x00000000c1200000| Untracked 
|  19|0x00000000c1300000, 0x00000000c1400000, 0x00000000c1400000|100%| O|  |TAMS 0x00000000c1400000, 0x00000000c1300000| Untracked 
|  20|0x00000000c1400000, 0x00000000c1500000, 0x00000000c1500000|100%| O|  |TAMS 0x00000000c1500000, 0x00000000c1400000| Untracked 
|  21|0x00000000c1500000, 0x00000000c1500000, 0x00000000c1600000|  0%| F|  |TAMS 0x00000000c1500000, 0x00000000c1500000| Untracked 
|  22|0x00000000c1600000, 0x00000000c1700000, 0x00000000c1700000|100%| O|  |TAMS 0x00000000c1700000, 0x00000000c1600000| Untracked 
|  23|0x00000000c1700000, 0x00000000c1800000, 0x00000000c1800000|100%| O|  |TAMS 0x00000000c1700000, 0x00000000c1700000| Untracked 
|  24|0x00000000c1800000, 0x00000000c1900000, 0x00000000c1900000|100%| O|  |TAMS 0x00000000c1900000, 0x00000000c1800000| Untracked 
|  25|0x00000000c1900000, 0x00000000c1a00000, 0x00000000c1a00000|100%| O|  |TAMS 0x00000000c1a00000, 0x00000000c1900000| Untracked 
|  26|0x00000000c1a00000, 0x00000000c1b00000, 0x00000000c1b00000|100%| O|  |TAMS 0x00000000c1b00000, 0x00000000c1a00000| Untracked 
|  27|0x00000000c1b00000, 0x00000000c1c00000, 0x00000000c1c00000|100%| O|  |TAMS 0x00000000c1c00000, 0x00000000c1b00000| Untracked 
|  28|0x00000000c1c00000, 0x00000000c1d00000, 0x00000000c1d00000|100%| O|  |TAMS 0x00000000c1d00000, 0x00000000c1c00000| Untracked 
|  29|0x00000000c1d00000, 0x00000000c1e00000, 0x00000000c1e00000|100%|HS|  |TAMS 0x00000000c1e00000, 0x00000000c1d00000| Complete 
|  30|0x00000000c1e00000, 0x00000000c1f00000, 0x00000000c1f00000|100%|HC|  |TAMS 0x00000000c1f00000, 0x00000000c1e00000| Complete 
|  31|0x00000000c1f00000, 0x00000000c2000000, 0x00000000c2000000|100%| O|  |TAMS 0x00000000c2000000, 0x00000000c1f00000| Untracked 
|  32|0x00000000c2000000, 0x00000000c2100000, 0x00000000c2100000|100%| O|  |TAMS 0x00000000c2100000, 0x00000000c2000000| Untracked 
|  33|0x00000000c2100000, 0x00000000c2200000, 0x00000000c2200000|100%| O|  |TAMS 0x00000000c2154e00, 0x00000000c2100000| Untracked 
|  34|0x00000000c2200000, 0x00000000c2300000, 0x00000000c2300000|100%| O|  |TAMS 0x00000000c2200000, 0x00000000c2200000| Untracked 
|  35|0x00000000c2300000, 0x00000000c2400000, 0x00000000c2400000|100%| O|  |TAMS 0x00000000c2300000, 0x00000000c2300000| Untracked 
|  36|0x00000000c2400000, 0x00000000c2500000, 0x00000000c2500000|100%| O|  |TAMS 0x00000000c2400000, 0x00000000c2400000| Untracked 
|  37|0x00000000c2500000, 0x00000000c2600000, 0x00000000c2600000|100%| O|  |TAMS 0x00000000c2500000, 0x00000000c2500000| Untracked 
|  38|0x00000000c2600000, 0x00000000c2700000, 0x00000000c2700000|100%| O|  |TAMS 0x00000000c2600000, 0x00000000c2600000| Untracked 
|  39|0x00000000c2700000, 0x00000000c2800000, 0x00000000c2800000|100%| O|  |TAMS 0x00000000c2700000, 0x00000000c2700000| Untracked 
|  40|0x00000000c2800000, 0x00000000c2900000, 0x00000000c2900000|100%| O|  |TAMS 0x00000000c2800000, 0x00000000c2800000| Untracked 
|  41|0x00000000c2900000, 0x00000000c2a00000, 0x00000000c2a00000|100%| O|  |TAMS 0x00000000c2900000, 0x00000000c2900000| Untracked 
|  42|0x00000000c2a00000, 0x00000000c2b00000, 0x00000000c2b00000|100%| O|  |TAMS 0x00000000c2a00000, 0x00000000c2a00000| Untracked 
|  43|0x00000000c2b00000, 0x00000000c2c00000, 0x00000000c2c00000|100%| O|  |TAMS 0x00000000c2b00000, 0x00000000c2b00000| Untracked 
|  44|0x00000000c2c00000, 0x00000000c2d00000, 0x00000000c2d00000|100%| O|  |TAMS 0x00000000c2c00000, 0x00000000c2c00000| Untracked 
|  45|0x00000000c2d00000, 0x00000000c2e00000, 0x00000000c2e00000|100%| O|  |TAMS 0x00000000c2d00000, 0x00000000c2d00000| Untracked 
|  46|0x00000000c2e00000, 0x00000000c2f00000, 0x00000000c2f00000|100%| O|  |TAMS 0x00000000c2e00000, 0x00000000c2e00000| Untracked 
|  47|0x00000000c2f00000, 0x00000000c2fa1200, 0x00000000c3000000| 62%| O|  |TAMS 0x00000000c2f00000, 0x00000000c2f00000| Untracked 
|  48|0x00000000c3000000, 0x00000000c3000000, 0x00000000c3100000|  0%| F|  |TAMS 0x00000000c3000000, 0x00000000c3000000| Untracked 
|  49|0x00000000c3100000, 0x00000000c3100000, 0x00000000c3200000|  0%| F|  |TAMS 0x00000000c3100000, 0x00000000c3100000| Untracked 
|  50|0x00000000c3200000, 0x00000000c3200000, 0x00000000c3300000|  0%| F|  |TAMS 0x00000000c3200000, 0x00000000c3200000| Untracked 
|  51|0x00000000c3300000, 0x00000000c3300000, 0x00000000c3400000|  0%| F|  |TAMS 0x00000000c3300000, 0x00000000c3300000| Untracked 
|  52|0x00000000c3400000, 0x00000000c3400000, 0x00000000c3500000|  0%| F|  |TAMS 0x00000000c3400000, 0x00000000c3400000| Untracked 
|  53|0x00000000c3500000, 0x00000000c3500000, 0x00000000c3600000|  0%| F|  |TAMS 0x00000000c3500000, 0x00000000c3500000| Untracked 
|  54|0x00000000c3600000, 0x00000000c3600000, 0x00000000c3700000|  0%| F|  |TAMS 0x00000000c3600000, 0x00000000c3600000| Untracked 
|  55|0x00000000c3700000, 0x00000000c3700000, 0x00000000c3800000|  0%| F|  |TAMS 0x00000000c3700000, 0x00000000c3700000| Untracked 
|  56|0x00000000c3800000, 0x00000000c3800000, 0x00000000c3900000|  0%| F|  |TAMS 0x00000000c3800000, 0x00000000c3800000| Untracked 
|  57|0x00000000c3900000, 0x00000000c3900000, 0x00000000c3a00000|  0%| F|  |TAMS 0x00000000c3900000, 0x00000000c3900000| Untracked 
|  58|0x00000000c3a00000, 0x00000000c3a00000, 0x00000000c3b00000|  0%| F|  |TAMS 0x00000000c3a00000, 0x00000000c3a00000| Untracked 
|  59|0x00000000c3b00000, 0x00000000c3b00000, 0x00000000c3c00000|  0%| F|  |TAMS 0x00000000c3b00000, 0x00000000c3b00000| Untracked 
|  60|0x00000000c3c00000, 0x00000000c3c00000, 0x00000000c3d00000|  0%| F|  |TAMS 0x00000000c3c00000, 0x00000000c3c00000| Untracked 
|  61|0x00000000c3d00000, 0x00000000c3d00000, 0x00000000c3e00000|  0%| F|  |TAMS 0x00000000c3d00000, 0x00000000c3d00000| Untracked 
|  62|0x00000000c3e00000, 0x00000000c3e00000, 0x00000000c3f00000|  0%| F|  |TAMS 0x00000000c3e00000, 0x00000000c3e00000| Untracked 
|  63|0x00000000c3f00000, 0x00000000c3f00000, 0x00000000c4000000|  0%| F|  |TAMS 0x00000000c3f00000, 0x00000000c3f00000| Untracked 
|  64|0x00000000c4000000, 0x00000000c4100000, 0x00000000c4100000|100%|HS|  |TAMS 0x00000000c4100000, 0x00000000c4000000| Complete 
|  65|0x00000000c4100000, 0x00000000c4200000, 0x00000000c4200000|100%|HC|  |TAMS 0x00000000c4200000, 0x00000000c4100000| Complete 
|  66|0x00000000c4200000, 0x00000000c4300000, 0x00000000c4300000|100%|HC|  |TAMS 0x00000000c4300000, 0x00000000c4200000| Complete 
|  67|0x00000000c4300000, 0x00000000c4400000, 0x00000000c4400000|100%|HC|  |TAMS 0x00000000c4400000, 0x00000000c4300000| Complete 
|  68|0x00000000c4400000, 0x00000000c4500000, 0x00000000c4500000|100%|HC|  |TAMS 0x00000000c4500000, 0x00000000c4400000| Complete 
|  69|0x00000000c4500000, 0x00000000c4600000, 0x00000000c4600000|100%|HC|  |TAMS 0x00000000c4600000, 0x00000000c4500000| Complete 
|  70|0x00000000c4600000, 0x00000000c4700000, 0x00000000c4700000|100%|HC|  |TAMS 0x00000000c4700000, 0x00000000c4600000| Complete 
|  71|0x00000000c4700000, 0x00000000c4800000, 0x00000000c4800000|100%|HC|  |TAMS 0x00000000c4800000, 0x00000000c4700000| Complete 
|  72|0x00000000c4800000, 0x00000000c4900000, 0x00000000c4900000|100%|HC|  |TAMS 0x00000000c4900000, 0x00000000c4800000| Complete 
|  73|0x00000000c4900000, 0x00000000c4a00000, 0x00000000c4a00000|100%|HC|  |TAMS 0x00000000c4a00000, 0x00000000c4900000| Complete 
|  74|0x00000000c4a00000, 0x00000000c4b00000, 0x00000000c4b00000|100%|HC|  |TAMS 0x00000000c4b00000, 0x00000000c4a00000| Complete 
|  75|0x00000000c4b00000, 0x00000000c4c00000, 0x00000000c4c00000|100%|HC|  |TAMS 0x00000000c4c00000, 0x00000000c4b00000| Complete 
|  76|0x00000000c4c00000, 0x00000000c4d00000, 0x00000000c4d00000|100%|HC|  |TAMS 0x00000000c4d00000, 0x00000000c4c00000| Complete 
|  77|0x00000000c4d00000, 0x00000000c4e00000, 0x00000000c4e00000|100%|HC|  |TAMS 0x00000000c4e00000, 0x00000000c4d00000| Complete 
|  78|0x00000000c4e00000, 0x00000000c4f00000, 0x00000000c4f00000|100%|HC|  |TAMS 0x00000000c4f00000, 0x00000000c4e00000| Complete 
|  79|0x00000000c4f00000, 0x00000000c5000000, 0x00000000c5000000|100%|HC|  |TAMS 0x00000000c5000000, 0x00000000c4f00000| Complete 
|  80|0x00000000c5000000, 0x00000000c5100000, 0x00000000c5100000|100%|HC|  |TAMS 0x00000000c5100000, 0x00000000c5000000| Complete 
|  81|0x00000000c5100000, 0x00000000c5200000, 0x00000000c5200000|100%|HC|  |TAMS 0x00000000c5200000, 0x00000000c5100000| Complete 
|  82|0x00000000c5200000, 0x00000000c5300000, 0x00000000c5300000|100%|HC|  |TAMS 0x00000000c5300000, 0x00000000c5200000| Complete 
|  83|0x00000000c5300000, 0x00000000c5400000, 0x00000000c5400000|100%|HC|  |TAMS 0x00000000c5400000, 0x00000000c5300000| Complete 
|  84|0x00000000c5400000, 0x00000000c5500000, 0x00000000c5500000|100%|HC|  |TAMS 0x00000000c5500000, 0x00000000c5400000| Complete 
|  85|0x00000000c5500000, 0x00000000c5600000, 0x00000000c5600000|100%|HC|  |TAMS 0x00000000c5600000, 0x00000000c5500000| Complete 
|  86|0x00000000c5600000, 0x00000000c5700000, 0x00000000c5700000|100%|HC|  |TAMS 0x00000000c5700000, 0x00000000c5600000| Complete 
|  87|0x00000000c5700000, 0x00000000c5800000, 0x00000000c5800000|100%|HC|  |TAMS 0x00000000c5800000, 0x00000000c5700000| Complete 
|  88|0x00000000c5800000, 0x00000000c5900000, 0x00000000c5900000|100%|HC|  |TAMS 0x00000000c5900000, 0x00000000c5800000| Complete 
|  89|0x00000000c5900000, 0x00000000c5a00000, 0x00000000c5a00000|100%|HC|  |TAMS 0x00000000c5a00000, 0x00000000c5900000| Complete 
|  90|0x00000000c5a00000, 0x00000000c5b00000, 0x00000000c5b00000|100%|HC|  |TAMS 0x00000000c5b00000, 0x00000000c5a00000| Complete 
|  91|0x00000000c5b00000, 0x00000000c5c00000, 0x00000000c5c00000|100%|HC|  |TAMS 0x00000000c5c00000, 0x00000000c5b00000| Complete 
|  92|0x00000000c5c00000, 0x00000000c5d00000, 0x00000000c5d00000|100%|HC|  |TAMS 0x00000000c5d00000, 0x00000000c5c00000| Complete 
|  93|0x00000000c5d00000, 0x00000000c5e00000, 0x00000000c5e00000|100%|HC|  |TAMS 0x00000000c5e00000, 0x00000000c5d00000| Complete 
|  94|0x00000000c5e00000, 0x00000000c5f00000, 0x00000000c5f00000|100%|HC|  |TAMS 0x00000000c5f00000, 0x00000000c5e00000| Complete 
|  95|0x00000000c5f00000, 0x00000000c6000000, 0x00000000c6000000|100%|HC|  |TAMS 0x00000000c6000000, 0x00000000c5f00000| Complete 
|  96|0x00000000c6000000, 0x00000000c6100000, 0x00000000c6100000|100%|HC|  |TAMS 0x00000000c6100000, 0x00000000c6000000| Complete 
|  97|0x00000000c6100000, 0x00000000c6200000, 0x00000000c6200000|100%|HC|  |TAMS 0x00000000c6200000, 0x00000000c6100000| Complete 
|  98|0x00000000c6200000, 0x00000000c6300000, 0x00000000c6300000|100%|HC|  |TAMS 0x00000000c6300000, 0x00000000c6200000| Complete 
|  99|0x00000000c6300000, 0x00000000c6400000, 0x00000000c6400000|100%|HC|  |TAMS 0x00000000c6400000, 0x00000000c6300000| Complete 
| 100|0x00000000c6400000, 0x00000000c6500000, 0x00000000c6500000|100%|HC|  |TAMS 0x00000000c6500000, 0x00000000c6400000| Complete 
| 101|0x00000000c6500000, 0x00000000c6600000, 0x00000000c6600000|100%|HC|  |TAMS 0x00000000c6600000, 0x00000000c6500000| Complete 
| 102|0x00000000c6600000, 0x00000000c6700000, 0x00000000c6700000|100%|HC|  |TAMS 0x00000000c6700000, 0x00000000c6600000| Complete 
| 103|0x00000000c6700000, 0x00000000c6700000, 0x00000000c6800000|  0%| F|  |TAMS 0x00000000c6700000, 0x00000000c6700000| Untracked 
| 104|0x00000000c6800000, 0x00000000c6800000, 0x00000000c6900000|  0%| F|  |TAMS 0x00000000c6800000, 0x00000000c6800000| Untracked 
| 105|0x00000000c6900000, 0x00000000c6900000, 0x00000000c6a00000|  0%| F|  |TAMS 0x00000000c6900000, 0x00000000c6900000| Untracked 
| 106|0x00000000c6a00000, 0x00000000c6a00000, 0x00000000c6b00000|  0%| F|  |TAMS 0x00000000c6a00000, 0x00000000c6a00000| Untracked 
| 107|0x00000000c6b00000, 0x00000000c6b00000, 0x00000000c6c00000|  0%| F|  |TAMS 0x00000000c6b00000, 0x00000000c6b00000| Untracked 
| 108|0x00000000c6c00000, 0x00000000c6c00000, 0x00000000c6d00000|  0%| F|  |TAMS 0x00000000c6c00000, 0x00000000c6c00000| Untracked 
| 109|0x00000000c6d00000, 0x00000000c6d00000, 0x00000000c6e00000|  0%| F|  |TAMS 0x00000000c6d00000, 0x00000000c6d00000| Untracked 
| 110|0x00000000c6e00000, 0x00000000c6e00000, 0x00000000c6f00000|  0%| F|  |TAMS 0x00000000c6e00000, 0x00000000c6e00000| Untracked 
| 111|0x00000000c6f00000, 0x00000000c6f00000, 0x00000000c7000000|  0%| F|  |TAMS 0x00000000c6f00000, 0x00000000c6f00000| Untracked 
| 112|0x00000000c7000000, 0x00000000c7000000, 0x00000000c7100000|  0%| F|  |TAMS 0x00000000c7000000, 0x00000000c7000000| Untracked 
| 113|0x00000000c7100000, 0x00000000c7100000, 0x00000000c7200000|  0%| F|  |TAMS 0x00000000c7100000, 0x00000000c7100000| Untracked 
| 114|0x00000000c7200000, 0x00000000c7200000, 0x00000000c7300000|  0%| F|  |TAMS 0x00000000c7200000, 0x00000000c7200000| Untracked 
| 115|0x00000000c7300000, 0x00000000c7300000, 0x00000000c7400000|  0%| F|  |TAMS 0x00000000c7300000, 0x00000000c7300000| Untracked 
| 116|0x00000000c7400000, 0x00000000c7400000, 0x00000000c7500000|  0%| F|  |TAMS 0x00000000c7400000, 0x00000000c7400000| Untracked 
| 117|0x00000000c7500000, 0x00000000c7500000, 0x00000000c7600000|  0%| F|  |TAMS 0x00000000c7500000, 0x00000000c7500000| Untracked 
| 118|0x00000000c7600000, 0x00000000c7600000, 0x00000000c7700000|  0%| F|  |TAMS 0x00000000c7600000, 0x00000000c7600000| Untracked 
| 119|0x00000000c7700000, 0x00000000c7700000, 0x00000000c7800000|  0%| F|  |TAMS 0x00000000c7700000, 0x00000000c7700000| Untracked 
| 120|0x00000000c7800000, 0x00000000c7800000, 0x00000000c7900000|  0%| F|  |TAMS 0x00000000c7800000, 0x00000000c7800000| Untracked 
| 121|0x00000000c7900000, 0x00000000c7900000, 0x00000000c7a00000|  0%| F|  |TAMS 0x00000000c7900000, 0x00000000c7900000| Untracked 
| 122|0x00000000c7a00000, 0x00000000c7a00000, 0x00000000c7b00000|  0%| F|  |TAMS 0x00000000c7a00000, 0x00000000c7a00000| Untracked 
| 123|0x00000000c7b00000, 0x00000000c7b00000, 0x00000000c7c00000|  0%| F|  |TAMS 0x00000000c7b00000, 0x00000000c7b00000| Untracked 
| 124|0x00000000c7c00000, 0x00000000c7c00000, 0x00000000c7d00000|  0%| F|  |TAMS 0x00000000c7c00000, 0x00000000c7c00000| Untracked 
| 125|0x00000000c7d00000, 0x00000000c7d00000, 0x00000000c7e00000|  0%| F|  |TAMS 0x00000000c7d00000, 0x00000000c7d00000| Untracked 
| 126|0x00000000c7e00000, 0x00000000c7e00000, 0x00000000c7f00000|  0%| F|  |TAMS 0x00000000c7e00000, 0x00000000c7e00000| Untracked 
| 127|0x00000000c7f00000, 0x00000000c7f00000, 0x00000000c8000000|  0%| F|  |TAMS 0x00000000c7f00000, 0x00000000c7f00000| Untracked 
| 128|0x00000000c8000000, 0x00000000c8000000, 0x00000000c8100000|  0%| F|  |TAMS 0x00000000c8000000, 0x00000000c8000000| Untracked 
| 129|0x00000000c8100000, 0x00000000c8100000, 0x00000000c8200000|  0%| F|  |TAMS 0x00000000c8100000, 0x00000000c8100000| Untracked 
| 130|0x00000000c8200000, 0x00000000c8200000, 0x00000000c8300000|  0%| F|  |TAMS 0x00000000c8200000, 0x00000000c8200000| Untracked 
| 131|0x00000000c8300000, 0x00000000c8300000, 0x00000000c8400000|  0%| F|  |TAMS 0x00000000c8300000, 0x00000000c8300000| Untracked 
| 132|0x00000000c8400000, 0x00000000c8400000, 0x00000000c8500000|  0%| F|  |TAMS 0x00000000c8400000, 0x00000000c8400000| Untracked 
| 133|0x00000000c8500000, 0x00000000c8500000, 0x00000000c8600000|  0%| F|  |TAMS 0x00000000c8500000, 0x00000000c8500000| Untracked 
| 134|0x00000000c8600000, 0x00000000c8600000, 0x00000000c8700000|  0%| F|  |TAMS 0x00000000c8600000, 0x00000000c8600000| Untracked 
| 135|0x00000000c8700000, 0x00000000c8700000, 0x00000000c8800000|  0%| F|  |TAMS 0x00000000c8700000, 0x00000000c8700000| Untracked 
| 136|0x00000000c8800000, 0x00000000c8800000, 0x00000000c8900000|  0%| F|  |TAMS 0x00000000c8800000, 0x00000000c8800000| Untracked 
| 137|0x00000000c8900000, 0x00000000c8900000, 0x00000000c8a00000|  0%| F|  |TAMS 0x00000000c8900000, 0x00000000c8900000| Untracked 
| 138|0x00000000c8a00000, 0x00000000c8b00000, 0x00000000c8b00000|100%| E|  |TAMS 0x00000000c8a00000, 0x00000000c8a00000| Complete 
| 139|0x00000000c8b00000, 0x00000000c8c00000, 0x00000000c8c00000|100%| E|CS|TAMS 0x00000000c8b00000, 0x00000000c8b00000| Complete 
| 140|0x00000000c8c00000, 0x00000000c8d00000, 0x00000000c8d00000|100%| E|CS|TAMS 0x00000000c8c00000, 0x00000000c8c00000| Complete 
| 141|0x00000000c8d00000, 0x00000000c8e00000, 0x00000000c8e00000|100%| E|CS|TAMS 0x00000000c8d00000, 0x00000000c8d00000| Complete 
| 142|0x00000000c8e00000, 0x00000000c8f00000, 0x00000000c8f00000|100%| E|CS|TAMS 0x00000000c8e00000, 0x00000000c8e00000| Complete 
| 143|0x00000000c8f00000, 0x00000000c9000000, 0x00000000c9000000|100%| E|CS|TAMS 0x00000000c8f00000, 0x00000000c8f00000| Complete 
| 144|0x00000000c9000000, 0x00000000c9100000, 0x00000000c9100000|100%| E|CS|TAMS 0x00000000c9000000, 0x00000000c9000000| Complete 
| 145|0x00000000c9100000, 0x00000000c9200000, 0x00000000c9200000|100%| E|CS|TAMS 0x00000000c9100000, 0x00000000c9100000| Complete 
| 146|0x00000000c9200000, 0x00000000c9300000, 0x00000000c9300000|100%| E|CS|TAMS 0x00000000c9200000, 0x00000000c9200000| Complete 
| 147|0x00000000c9300000, 0x00000000c9400000, 0x00000000c9400000|100%| E|CS|TAMS 0x00000000c9300000, 0x00000000c9300000| Complete 
| 148|0x00000000c9400000, 0x00000000c9500000, 0x00000000c9500000|100%| E|CS|TAMS 0x00000000c9400000, 0x00000000c9400000| Complete 
| 149|0x00000000c9500000, 0x00000000c9600000, 0x00000000c9600000|100%| E|CS|TAMS 0x00000000c9500000, 0x00000000c9500000| Complete 
| 150|0x00000000c9600000, 0x00000000c9700000, 0x00000000c9700000|100%| E|CS|TAMS 0x00000000c9600000, 0x00000000c9600000| Complete 
| 151|0x00000000c9700000, 0x00000000c9800000, 0x00000000c9800000|100%| E|CS|TAMS 0x00000000c9700000, 0x00000000c9700000| Complete 
| 152|0x00000000c9800000, 0x00000000c9900000, 0x00000000c9900000|100%| E|CS|TAMS 0x00000000c9800000, 0x00000000c9800000| Complete 
| 153|0x00000000c9900000, 0x00000000c9a00000, 0x00000000c9a00000|100%| E|CS|TAMS 0x00000000c9900000, 0x00000000c9900000| Complete 
| 154|0x00000000c9a00000, 0x00000000c9b00000, 0x00000000c9b00000|100%| E|CS|TAMS 0x00000000c9a00000, 0x00000000c9a00000| Complete 
| 155|0x00000000c9b00000, 0x00000000c9c00000, 0x00000000c9c00000|100%| S|CS|TAMS 0x00000000c9b00000, 0x00000000c9b00000| Complete 
| 156|0x00000000c9c00000, 0x00000000c9d00000, 0x00000000c9d00000|100%| E|CS|TAMS 0x00000000c9c00000, 0x00000000c9c00000| Complete 
| 157|0x00000000c9d00000, 0x00000000c9e00000, 0x00000000c9e00000|100%| E|CS|TAMS 0x00000000c9d00000, 0x00000000c9d00000| Complete 
| 158|0x00000000c9e00000, 0x00000000c9f00000, 0x00000000c9f00000|100%| E|CS|TAMS 0x00000000c9e00000, 0x00000000c9e00000| Complete 
| 159|0x00000000c9f00000, 0x00000000ca000000, 0x00000000ca000000|100%| E|CS|TAMS 0x00000000c9f00000, 0x00000000c9f00000| Complete 
| 160|0x00000000ca000000, 0x00000000ca100000, 0x00000000ca100000|100%| E|CS|TAMS 0x00000000ca000000, 0x00000000ca000000| Complete 

Card table byte_map: [0x00000234182b0000,0x00000234184b0000] _byte_map_base: 0x0000023417cb0000

Marking Bits (Prev, Next): (CMBitMap*) 0x000002347fdb8280, (CMBitMap*) 0x000002347fdb8240
 Prev Bits: [0x00000234196b0000, 0x000002341a6b0000)
 Next Bits: [0x00000234186b0000, 0x00000234196b0000)

Polling page: 0x000002347f090000

Metaspace:

Usage:
  Non-class:     27.41 MB used.
      Class:      4.11 MB used.
       Both:     31.52 MB used.

Virtual space:
  Non-class space:       64.00 MB reserved,      27.62 MB ( 43%) committed,  1 nodes.
      Class space:        1.00 GB reserved,       4.31 MB ( <1%) committed,  1 nodes.
             Both:        1.06 GB reserved,      31.94 MB (  3%) committed. 

Chunk freelists:
   Non-Class:  3.97 MB
       Class:  3.66 MB
        Both:  7.62 MB

MaxMetaspaceSize: unlimited
CompressedClassSpaceSize: 1.00 GB
Initial GC threshold: 21.00 MB
Current GC threshold: 52.94 MB
CDS: on
MetaspaceReclaimPolicy: balanced
 - commit_granule_bytes: 65536.
 - commit_granule_words: 8192.
 - virtual_space_node_default_size: 8388608.
 - enlarge_chunks_in_place: 1.
 - new_chunks_are_fully_committed: 0.
 - uncommit_free_chunks: 1.
 - use_allocation_guard: 0.


Internal statistics:

num_allocs_failed_limit: 3.
num_arena_births: 442.
num_arena_deaths: 0.
num_vsnodes_births: 2.
num_vsnodes_deaths: 0.
num_space_committed: 511.
num_space_uncommitted: 0.
num_chunks_returned_to_freelist: 3.
num_chunks_taken_from_freelist: 1422.
num_chunk_merges: 3.
num_chunk_splits: 1009.
num_chunks_enlarged: 813.
num_inconsistent_stats: 0.

CodeHeap 'non-profiled nmethods': size=120064Kb used=2389Kb max_used=2389Kb free=117674Kb
 bounds [0x0000023410d70000, 0x0000023410fe0000, 0x00000234182b0000]
CodeHeap 'profiled nmethods': size=120000Kb used=12304Kb max_used=12304Kb free=107695Kb
 bounds [0x00000234092b0000, 0x0000023409ec0000, 0x00000234107e0000]
CodeHeap 'non-nmethods': size=5696Kb used=1624Kb max_used=1715Kb free=4071Kb
 bounds [0x00000234107e0000, 0x0000023410a50000, 0x0000023410d70000]
 total_blobs=6826 nmethods=5892 adapters=844
 compilation: enabled
              stopped_count=0, restarted_count=0
 full_count=0

Compilation events (20 events):
Event: 95.248 Thread 0x000002341c853bc0 5847       3       javafx.scene.Node$13::computeBounds (8 bytes)
Event: 95.248 Thread 0x000002341c853bc0 nmethod 5847 0x0000023409e7fa90 code [0x0000023409e7fc60, 0x0000023409e7fed8]
Event: 95.249 Thread 0x000002341c853bc0 5848       2       javafx.scene.control.skin.LabeledSkinBase::updateDisplayedText (996 bytes)
Event: 95.257 Thread 0x000002341c853bc0 nmethod 5848 0x0000023409e80010 code [0x0000023409e80c20, 0x0000023409e848a8]
Event: 95.261 Thread 0x000002341c853bc0 5849       3       java.lang.Math::min (45 bytes)
Event: 95.261 Thread 0x000002341c853bc0 nmethod 5849 0x0000023409e87e90 code [0x0000023409e88040, 0x0000023409e88398]
Event: 95.261 Thread 0x000002341c853bc0 5850       3       javafx.scene.Node::layoutYProperty (25 bytes)
Event: 95.262 Thread 0x000002341c853bc0 nmethod 5850 0x0000023409e88410 code [0x0000023409e885e0, 0x0000023409e88af8]
Event: 95.262 Thread 0x000002341c853bc0 5851       3       javafx.scene.Node::relocate (59 bytes)
Event: 95.263 Thread 0x000002341c853bc0 nmethod 5851 0x0000023409e88d10 code [0x0000023409e89000, 0x0000023409e8a1d8]
Event: 95.263 Thread 0x000002341c853bc0 5852       3       javafx.beans.property.ReadOnlyDoubleWrapper::fireValueChangedEvent (19 bytes)
Event: 95.263 Thread 0x000002341c853bc0 nmethod 5852 0x0000023409e8a790 code [0x0000023409e8a980, 0x0000023409e8aed8]
Event: 95.263 Thread 0x000002341c853bc0 5853       3       java.lang.Double::equals (34 bytes)
Event: 95.264 Thread 0x000002341c853bc0 nmethod 5853 0x0000023409e8b090 code [0x0000023409e8b280, 0x0000023409e8b958]
Event: 95.264 Thread 0x000002341c853bc0 5854       3       javafx.scene.control.Labeled::alignmentProperty (27 bytes)
Event: 95.264 Thread 0x000002341c853bc0 nmethod 5854 0x0000023409e8ba90 code [0x0000023409e8bc60, 0x0000023409e8c028]
Event: 95.265 Thread 0x000002341c853bc0 5855       3       javafx.scene.control.Control::computePrefWidth (51 bytes)
Event: 95.266 Thread 0x000002341c853bc0 nmethod 5855 0x0000023409e8c190 code [0x0000023409e8c620, 0x0000023409e8eaa8]
Event: 95.266 Thread 0x000002341c853bc0 5856       3       javafx.scene.Node$11::invalidated (57 bytes)
Event: 95.267 Thread 0x000002341c853bc0 nmethod 5856 0x0000023409e8f410 code [0x0000023409e8f6a0, 0x0000023409e906e8]

GC Heap History (20 events):
Event: 91.245 GC heap before
{Heap before GC invocations=4 (full 0):
 garbage-first heap   total 65536K, used 41665K [0x00000000c0000000, 0x0000000100000000)
  region size 1024K, 26 young (26624K), 4 survivors (4096K)
 Metaspace       used 18463K, committed 18816K, reserved 1114112K
  class space    used 2456K, committed 2624K, reserved 1048576K
}
Event: 91.253 GC heap after
{Heap after GC invocations=5 (full 0):
 garbage-first heap   total 65536K, used 22531K [0x00000000c0000000, 0x0000000100000000)
  region size 1024K, 3 young (3072K), 3 survivors (3072K)
 Metaspace       used 18463K, committed 18816K, reserved 1114112K
  class space    used 2456K, committed 2624K, reserved 1048576K
}
Event: 91.504 GC heap before
{Heap before GC invocations=5 (full 0):
 garbage-first heap   total 65536K, used 27651K [0x00000000c0000000, 0x0000000100000000)
  region size 1024K, 10 young (10240K), 3 survivors (3072K)
 Metaspace       used 21113K, committed 21504K, reserved 1114112K
  class space    used 2726K, committed 2944K, reserved 1048576K
}
Event: 91.510 GC heap after
{Heap after GC invocations=6 (full 0):
 garbage-first heap   total 65536K, used 23676K [0x00000000c0000000, 0x0000000100000000)
  region size 1024K, 2 young (2048K), 2 survivors (2048K)
 Metaspace       used 21113K, committed 21504K, reserved 1114112K
  class space    used 2726K, committed 2944K, reserved 1048576K
}
Event: 92.501 GC heap before
{Heap before GC invocations=7 (full 0):
 garbage-first heap   total 65536K, used 43132K [0x00000000c0000000, 0x0000000100000000)
  region size 1024K, 22 young (22528K), 2 survivors (2048K)
 Metaspace       used 28398K, committed 28864K, reserved 1114112K
  class space    used 3680K, committed 3904K, reserved 1048576K
}
Event: 92.506 GC heap after
{Heap after GC invocations=8 (full 0):
 garbage-first heap   total 65536K, used 28152K [0x00000000c0000000, 0x0000000100000000)
  region size 1024K, 3 young (3072K), 3 survivors (3072K)
 Metaspace       used 28398K, committed 28864K, reserved 1114112K
  class space    used 3680K, committed 3904K, reserved 1048576K
}
Event: 92.715 GC heap before
{Heap before GC invocations=8 (full 0):
 garbage-first heap   total 105472K, used 69112K [0x00000000c0000000, 0x0000000100000000)
  region size 1024K, 4 young (4096K), 3 survivors (3072K)
 Metaspace       used 28439K, committed 28864K, reserved 1114112K
  class space    used 3682K, committed 3904K, reserved 1048576K
}
Event: 92.723 GC heap after
{Heap after GC invocations=9 (full 0):
 garbage-first heap   total 105472K, used 68506K [0x00000000c0000000, 0x0000000100000000)
  region size 1024K, 1 young (1024K), 1 survivors (1024K)
 Metaspace       used 28439K, committed 28864K, reserved 1114112K
  class space    used 3682K, committed 3904K, reserved 1048576K
}
Event: 92.840 GC heap before
{Heap before GC invocations=9 (full 0):
 garbage-first heap   total 105472K, used 72602K [0x00000000c0000000, 0x0000000100000000)
  region size 1024K, 6 young (6144K), 1 survivors (1024K)
 Metaspace       used 29032K, committed 29376K, reserved 1114112K
  class space    used 3781K, committed 3968K, reserved 1048576K
}
Event: 92.843 GC heap after
{Heap after GC invocations=10 (full 0):
 garbage-first heap   total 105472K, used 68935K [0x00000000c0000000, 0x0000000100000000)
  region size 1024K, 1 young (1024K), 1 survivors (1024K)
 Metaspace       used 29032K, committed 29376K, reserved 1114112K
  class space    used 3781K, committed 3968K, reserved 1048576K
}
Event: 93.585 GC heap before
{Heap before GC invocations=11 (full 0):
 garbage-first heap   total 121856K, used 85319K [0x00000000c0000000, 0x0000000100000000)
  region size 1024K, 15 young (15360K), 1 survivors (1024K)
 Metaspace       used 30912K, committed 31296K, reserved 1114112K
  class space    used 4098K, committed 4288K, reserved 1048576K
}
Event: 93.592 GC heap after
{Heap after GC invocations=12 (full 0):
 garbage-first heap   total 121856K, used 73254K [0x00000000c0000000, 0x0000000100000000)
  region size 1024K, 2 young (2048K), 2 survivors (2048K)
 Metaspace       used 30912K, committed 31296K, reserved 1114112K
  class space    used 4098K, committed 4288K, reserved 1048576K
}
Event: 93.892 GC heap before
{Heap before GC invocations=12 (full 0):
 garbage-first heap   total 121856K, used 76326K [0x00000000c0000000, 0x0000000100000000)
  region size 1024K, 5 young (5120K), 2 survivors (2048K)
 Metaspace       used 31503K, committed 31872K, reserved 1114112K
  class space    used 4202K, committed 4416K, reserved 1048576K
}
Event: 93.900 GC heap after
{Heap after GC invocations=13 (full 0):
 garbage-first heap   total 121856K, used 73700K [0x00000000c0000000, 0x0000000100000000)
  region size 1024K, 1 young (1024K), 1 survivors (1024K)
 Metaspace       used 31503K, committed 31872K, reserved 1114112K
  class space    used 4202K, committed 4416K, reserved 1048576K
}
Event: 94.469 GC heap before
{Heap before GC invocations=13 (full 0):
 garbage-first heap   total 121856K, used 95204K [0x00000000c0000000, 0x0000000100000000)
  region size 1024K, 23 young (23552K), 1 survivors (1024K)
 Metaspace       used 32095K, committed 32512K, reserved 1114112K
  class space    used 4210K, committed 4416K, reserved 1048576K
}
Event: 94.490 GC heap after
{Heap after GC invocations=14 (full 0):
 garbage-first heap   total 121856K, used 80896K [0x00000000c0000000, 0x0000000100000000)
  region size 1024K, 3 young (3072K), 3 survivors (3072K)
 Metaspace       used 32095K, committed 32512K, reserved 1114112K
  class space    used 4210K, committed 4416K, reserved 1048576K
}
Event: 94.939 GC heap before
{Heap before GC invocations=15 (full 0):
 garbage-first heap   total 137216K, used 96256K [0x00000000c0000000, 0x0000000100000000)
  region size 1024K, 18 young (18432K), 3 survivors (3072K)
 Metaspace       used 32176K, committed 32576K, reserved 1114112K
  class space    used 4210K, committed 4416K, reserved 1048576K
}
Event: 94.954 GC heap after
{Heap after GC invocations=16 (full 0):
 garbage-first heap   total 164864K, used 86774K [0x00000000c0000000, 0x0000000100000000)
  region size 1024K, 3 young (3072K), 3 survivors (3072K)
 Metaspace       used 32176K, committed 32576K, reserved 1114112K
  class space    used 4210K, committed 4416K, reserved 1048576K
}
Event: 95.043 GC heap before
{Heap before GC invocations=16 (full 0):
 garbage-first heap   total 164864K, used 91894K [0x00000000c0000000, 0x0000000100000000)
  region size 1024K, 8 young (8192K), 3 survivors (3072K)
 Metaspace       used 32219K, committed 32640K, reserved 1114112K
  class space    used 4210K, committed 4416K, reserved 1048576K
}
Event: 95.067 GC heap after
{Heap after GC invocations=17 (full 0):
 garbage-first heap   total 164864K, used 88708K [0x00000000c0000000, 0x0000000100000000)
  region size 1024K, 1 young (1024K), 1 survivors (1024K)
 Metaspace       used 32219K, committed 32640K, reserved 1114112K
  class space    used 4210K, committed 4416K, reserved 1048576K
}

Dll operation events (20 events):
Event: 1.005 Loaded shared library C:\Program Files\Java\javafx-sdk-19\bin\api-ms-win-crt-process-l1-1-0.dll
Event: 1.007 Loaded shared library C:\Program Files\Java\javafx-sdk-19\bin\api-ms-win-crt-runtime-l1-1-0.dll
Event: 1.009 Loaded shared library C:\Program Files\Java\javafx-sdk-19\bin\api-ms-win-crt-stdio-l1-1-0.dll
Event: 1.012 Loaded shared library C:\Program Files\Java\javafx-sdk-19\bin\api-ms-win-crt-string-l1-1-0.dll
Event: 1.014 Loaded shared library C:\Program Files\Java\javafx-sdk-19\bin\api-ms-win-crt-time-l1-1-0.dll
Event: 1.017 Loaded shared library C:\Program Files\Java\javafx-sdk-19\bin\api-ms-win-crt-utility-l1-1-0.dll
Event: 1.027 Loaded shared library C:\Program Files\Java\javafx-sdk-19\bin\ucrtbase.dll
Event: 1.031 Loaded shared library C:\Program Files\Java\javafx-sdk-19\bin\vcruntime140.dll
Event: 1.035 Loaded shared library C:\Program Files\Java\javafx-sdk-19\bin\vcruntime140_1.dll
Event: 1.044 Loaded shared library C:\Program Files\Java\javafx-sdk-19\bin\msvcp140.dll
Event: 1.050 Loaded shared library C:\Program Files\Java\javafx-sdk-19\bin\msvcp140_1.dll
Event: 1.056 Loaded shared library C:\Program Files\Java\javafx-sdk-19\bin\msvcp140_2.dll
Event: 1.122 Loaded shared library C:\Program Files\Java\jdk-19\bin\jimage.dll
Event: 1.258 Loaded shared library C:\Program Files\Java\javafx-sdk-19\bin\prism_d3d.dll
Event: 1.320 Loaded shared library C:\Program Files\Java\javafx-sdk-19\bin\glass.dll
Event: 2.006 Loaded shared library C:\Program Files\Java\javafx-sdk-19\bin\javafx_font.dll
Event: 91.272 Loaded shared library C:\Program Files\Java\jdk-19\bin\management.dll
Event: 91.286 Loaded shared library C:\Program Files\Java\jdk-19\bin\management_ext.dll
Event: 91.535 Loaded shared library C:\Program Files\Java\jdk-19\bin\verify.dll
Event: 92.525 Loaded shared library C:\Program Files\Java\javafx-sdk-19\bin\javafx_iio.dll

Deoptimization events (20 events):
Event: 94.879 Thread 0x00000234213620a0 Uncommon trap: trap_request=0xffffffd6 fr.pc=0x0000023410fb1b28 relative=0x0000000000000448
Event: 94.879 Thread 0x00000234213620a0 Uncommon trap: reason=array_check action=maybe_recompile pc=0x0000023410fb1b28 method=javafx.css.CompoundSelector.applies(Ljavafx/css/Styleable;[Ljava/util/Set;I)Z @ 128 c2
Event: 94.879 Thread 0x00000234213620a0 DEOPT PACKING pc=0x0000023410fb1b28 sp=0x00000066f4bfb2b0
Event: 94.879 Thread 0x00000234213620a0 DEOPT UNPACKING pc=0x0000023410846da3 sp=0x00000066f4bfb238 mode 2
Event: 95.095 Thread 0x00000234213620a0 Uncommon trap: trap_request=0xffffffbe fr.pc=0x0000023410fbbde4 relative=0x00000000000044c4
Event: 95.095 Thread 0x00000234213620a0 Uncommon trap: reason=profile_predicate action=maybe_recompile pc=0x0000023410fbbde4 method=javafx.scene.CssStyleHelper$CacheContainer.<init>(Ljavafx/scene/Node;Lcom/sun/javafx/css/StyleMap;I)V @ 164 c2
Event: 95.095 Thread 0x00000234213620a0 DEOPT PACKING pc=0x0000023410fbbde4 sp=0x00000066f4bfb100
Event: 95.095 Thread 0x00000234213620a0 DEOPT UNPACKING pc=0x0000023410846da3 sp=0x00000066f4bfb010 mode 2
Event: 95.095 Thread 0x00000234213620a0 Uncommon trap: trap_request=0xffffffbe fr.pc=0x0000023410fbbde4 relative=0x00000000000044c4
Event: 95.095 Thread 0x00000234213620a0 Uncommon trap: reason=profile_predicate action=maybe_recompile pc=0x0000023410fbbde4 method=javafx.scene.CssStyleHelper$CacheContainer.<init>(Ljavafx/scene/Node;Lcom/sun/javafx/css/StyleMap;I)V @ 164 c2
Event: 95.095 Thread 0x00000234213620a0 DEOPT PACKING pc=0x0000023410fbbde4 sp=0x00000066f4bfb100
Event: 95.095 Thread 0x00000234213620a0 DEOPT UNPACKING pc=0x0000023410846da3 sp=0x00000066f4bfb010 mode 2
Event: 95.095 Thread 0x00000234213620a0 Uncommon trap: trap_request=0xffffffbe fr.pc=0x0000023410fbbde4 relative=0x00000000000044c4
Event: 95.095 Thread 0x00000234213620a0 Uncommon trap: reason=profile_predicate action=maybe_recompile pc=0x0000023410fbbde4 method=javafx.scene.CssStyleHelper$CacheContainer.<init>(Ljavafx/scene/Node;Lcom/sun/javafx/css/StyleMap;I)V @ 164 c2
Event: 95.095 Thread 0x00000234213620a0 DEOPT PACKING pc=0x0000023410fbbde4 sp=0x00000066f4bfb100
Event: 95.095 Thread 0x00000234213620a0 DEOPT UNPACKING pc=0x0000023410846da3 sp=0x00000066f4bfb010 mode 2
Event: 95.096 Thread 0x00000234213620a0 Uncommon trap: trap_request=0xffffffbe fr.pc=0x0000023410fbbde4 relative=0x00000000000044c4
Event: 95.096 Thread 0x00000234213620a0 Uncommon trap: reason=profile_predicate action=maybe_recompile pc=0x0000023410fbbde4 method=javafx.scene.CssStyleHelper$CacheContainer.<init>(Ljavafx/scene/Node;Lcom/sun/javafx/css/StyleMap;I)V @ 164 c2
Event: 95.096 Thread 0x00000234213620a0 DEOPT PACKING pc=0x0000023410fbbde4 sp=0x00000066f4bfb100
Event: 95.096 Thread 0x00000234213620a0 DEOPT UNPACKING pc=0x0000023410846da3 sp=0x00000066f4bfb010 mode 2

Classes loaded (20 events):
Event: 92.391 Loading class java/lang/Short$ShortCache
Event: 92.391 Loading class java/lang/Short$ShortCache done
Event: 92.746 Loading class jdk/internal/math/FDBigInteger
Event: 92.747 Loading class jdk/internal/math/FDBigInteger done
Event: 93.011 Loading class java/math/MathContext
Event: 93.011 Loading class java/math/MathContext done
Event: 93.058 Loading class sun/text/resources/cldr/FormatData_en
Event: 93.059 Loading class sun/text/resources/cldr/FormatData_en done
Event: 93.059 Loading class sun/text/resources/cldr/FormatData_en_US
Event: 93.059 Loading class sun/text/resources/cldr/FormatData_en_US done
Event: 93.367 Loading class java/security/DigestInputStream
Event: 93.368 Loading class java/security/DigestInputStream done
Event: 93.368 Loading class sun/security/provider/ByteArrayAccess$LE
Event: 93.368 Loading class sun/security/provider/ByteArrayAccess$LE done
Event: 93.503 Loading class java/util/BitSet$1BitSetSpliterator
Event: 93.503 Loading class java/util/BitSet$1BitSetSpliterator done
Event: 93.504 Loading class java/util/stream/IntPipeline$1
Event: 93.504 Loading class java/util/stream/IntPipeline$1 done
Event: 93.504 Loading class java/util/stream/IntPipeline$1$1
Event: 93.505 Loading class java/util/stream/IntPipeline$1$1 done

Classes unloaded (0 events):
No events

Classes redefined (0 events):
No events

Internal exceptions (20 events):
Event: 92.395 Thread 0x00000234213620a0 Exception <a 'java/lang/NoSuchMethodError'{0x00000000c2d89630}: 'java.lang.Object java.lang.invoke.DirectMethodHandle$Holder.invokeStatic(java.lang.Object, java.lang.Object, int)'> (0x00000000c2d89630) 
thrown [s\open\src\hotspot\share\interpreter\linkResolver.cpp, line 774]
Event: 92.395 Thread 0x00000234213620a0 Exception <a 'java/lang/NoSuchMethodError'{0x00000000c2d8d8c8}: 'void java.lang.invoke.DirectMethodHandle$Holder.invokeStatic(java.lang.Object, java.lang.Object, int, java.lang.Object)'> (0x00000000c2d8d8c8) 
thrown [s\open\src\hotspot\share\interpreter\linkResolver.cpp, line 774]
Event: 92.395 Thread 0x00000234213620a0 Exception <a 'java/lang/NoSuchMethodError'{0x00000000c2d94e40}: 'void java.lang.invoke.DelegatingMethodHandle$Holder.delegate(java.lang.Object, java.lang.Object, int, java.lang.Object)'> (0x00000000c2d94e40) 
thrown [s\open\src\hotspot\share\interpreter\linkResolver.cpp, line 774]
Event: 92.447 Thread 0x00000234213620a0 Exception <a 'java/lang/NoSuchMethodError'{0x00000000c2cb4e80}: 'java.lang.Object java.lang.invoke.DirectMethodHandle$Holder.newInvokeSpecial(java.lang.Object, double)'> (0x00000000c2cb4e80) 
thrown [s\open\src\hotspot\share\interpreter\linkResolver.cpp, line 774]
Event: 93.140 Thread 0x00000234213620a0 Implicit null exception at 0x0000023410f1ad80 to 0x0000023410f1b6f0
Event: 93.140 Thread 0x00000234213620a0 Implicit null exception at 0x0000023410f2e1d7 to 0x0000023410f2e4c4
Event: 93.174 Thread 0x00000234213620a0 Exception <a 'java/lang/NoSuchMethodError'{0x00000000c74c5ef8}: 'java.lang.Object java.lang.invoke.DirectMethodHandle$Holder.newInvokeSpecial(java.lang.Object, java.lang.Object, java.lang.Object, int)'> (0x00000000c74c5ef8) 
thrown [s\open\src\hotspot\share\interpreter\linkResolver.cpp, line 774]
Event: 93.174 Thread 0x00000234213620a0 Exception <a 'java/lang/NoSuchMethodError'{0x00000000c74ca2c8}: 'java.lang.Object java.lang.invoke.DirectMethodHandle$Holder.invokeSpecial(java.lang.Object, java.lang.Object, java.lang.Object, java.lang.Object, int)'> (0x00000000c74ca2c8) 
thrown [s\open\src\hotspot\share\interpreter\linkResolver.cpp, line 774]
Event: 93.174 Thread 0x00000234213620a0 Exception <a 'java/lang/NoSuchMethodError'{0x00000000c74cdc90}: 'java.lang.Object java.lang.invoke.Invokers$Holder.linkToTargetMethod(java.lang.Object, java.lang.Object, int, java.lang.Object)'> (0x00000000c74cdc90) 
thrown [s\open\src\hotspot\share\interpreter\linkResolver.cpp, line 774]
Event: 93.359 Thread 0x00000234213620a0 Exception <a 'java/io/FileNotFoundException'{0x00000000c711f718}> (0x00000000c711f718) 
thrown [s\open\src\hotspot\share\prims\jni.cpp, line 517]
Event: 93.370 Thread 0x00000234213620a0 Exception <a 'java/io/FileNotFoundException'{0x00000000c7143e00}> (0x00000000c7143e00) 
thrown [s\open\src\hotspot\share\prims\jni.cpp, line 517]
Event: 93.513 Thread 0x00000234213620a0 Exception <a 'java/lang/NoSuchMethodError'{0x00000000c6dd9ae0}: 'void java.lang.invoke.DirectMethodHandle$Holder.invokeSpecialIFC(java.lang.Object, java.lang.Object, java.lang.Object, java.lang.Object)'> (0x00000000c6dd9ae0) 
thrown [s\open\src\hotspot\share\interpreter\linkResolver.cpp, line 774]
Event: 93.552 Thread 0x00000234213620a0 Implicit null exception at 0x0000023410f55fc2 to 0x0000023410f56618
Event: 93.552 Thread 0x00000234213620a0 Implicit null exception at 0x0000023410f55fc2 to 0x0000023410f56618
Event: 93.559 Thread 0x00000234213620a0 Implicit null exception at 0x0000023410f55fc2 to 0x0000023410f56618
Event: 93.559 Thread 0x00000234213620a0 Implicit null exception at 0x0000023410f55fc2 to 0x0000023410f56618
Event: 94.422 Thread 0x00000234213620a0 Exception <a 'java/io/FileNotFoundException'{0x00000000c3bf8e48}> (0x00000000c3bf8e48) 
thrown [s\open\src\hotspot\share\prims\jni.cpp, line 517]
Event: 94.422 Thread 0x00000234213620a0 Exception <a 'java/io/FileNotFoundException'{0x00000000c3bfacb8}> (0x00000000c3bfacb8) 
thrown [s\open\src\hotspot\share\prims\jni.cpp, line 517]
Event: 94.427 Thread 0x00000234213620a0 Exception <a 'java/io/FileNotFoundException'{0x00000000c3bff478}> (0x00000000c3bff478) 
thrown [s\open\src\hotspot\share\prims\jni.cpp, line 517]
Event: 94.428 Thread 0x00000234213620a0 Exception <a 'java/io/FileNotFoundException'{0x00000000c3a29b70}> (0x00000000c3a29b70) 
thrown [s\open\src\hotspot\share\prims\jni.cpp, line 517]

VM Operations (20 events):
Event: 93.497 Executing VM operation: HandshakeAllThreads
Event: 93.497 Executing VM operation: HandshakeAllThreads done
Event: 93.585 Executing VM operation: G1CollectForAllocation
Event: 93.596 Executing VM operation: G1CollectForAllocation done
Event: 93.892 Executing VM operation: G1CollectForAllocation
Event: 93.901 Executing VM operation: G1CollectForAllocation done
Event: 94.093 Executing VM operation: ICBufferFull
Event: 94.093 Executing VM operation: ICBufferFull done
Event: 94.447 Executing VM operation: ICBufferFull
Event: 94.447 Executing VM operation: ICBufferFull done
Event: 94.469 Executing VM operation: G1CollectForAllocation
Event: 94.520 Executing VM operation: G1CollectForAllocation done
Event: 94.521 Executing VM operation: G1PauseRemark
Event: 94.538 Executing VM operation: G1PauseRemark done
Event: 94.555 Executing VM operation: G1PauseCleanup
Event: 94.555 Executing VM operation: G1PauseCleanup done
Event: 94.939 Executing VM operation: G1CollectForAllocation
Event: 94.960 Executing VM operation: G1CollectForAllocation done
Event: 95.043 Executing VM operation: G1CollectForAllocation
Event: 95.072 Executing VM operation: G1CollectForAllocation done

Events (20 events):
Event: 0.144 Thread 0x000002341c7e1c20 Thread added: 0x000002341c7e1c20
Event: 0.144 Thread 0x000002341c7e3560 Thread added: 0x000002341c7e3560
Event: 0.144 Thread 0x000002341c7e3e90 Thread added: 0x000002341c7e3e90
Event: 0.144 Thread 0x000002341c7e47c0 Thread added: 0x000002341c7e47c0
Event: 0.144 Thread 0x000002341c7e5420 Thread added: 0x000002341c7e5420
Event: 0.149 Thread 0x000002341c853bc0 Thread added: 0x000002341c853bc0
Event: 0.150 Thread 0x000002341c856a90 Thread added: 0x000002341c856a90
Event: 0.248 Thread 0x000002341c89e580 Thread added: 0x000002341c89e580
Event: 0.724 Thread 0x0000023420dac2d0 Thread added: 0x0000023420dac2d0
Event: 0.724 Thread 0x0000023420eefce0 Thread added: 0x0000023420eefce0
Event: 1.236 Thread 0x0000023421316350 Thread added: 0x0000023421316350
Event: 1.322 Thread 0x000002342135ec40 Thread added: 0x000002342135ec40
Event: 1.326 Thread 0x00000234213620a0 Thread added: 0x00000234213620a0
Event: 1.411 Thread 0x0000023421419dc0 Thread added: 0x0000023421419dc0
Event: 1.420 Thread 0x00000234214832b0 Thread added: 0x00000234214832b0
Event: 2.463 Thread 0x000002342171ab10 Thread added: 0x000002342171ab10
Event: 3.096 Thread 0x000002342171a5c0 Thread added: 0x000002342171a5c0
Event: 91.607 Thread 0x000002342171a070 Thread added: 0x000002342171a070
Event: 91.768 Thread 0x0000023420e56680 Thread added: 0x0000023420e56680
Event: 92.195 Thread 0x0000023420e57120 Thread added: 0x0000023420e57120


Dynamic libraries:
0x00007ff7188a0000 - 0x00007ff7188b0000 	C:\Program Files\Java\jdk-19\bin\java.exe
0x00007ffe51210000 - 0x00007ffe51408000 	C:\Windows\SYSTEM32\ntdll.dll
0x00007ffe505e0000 - 0x00007ffe5069f000 	C:\Windows\System32\KERNEL32.DLL
0x00007ffe4eb10000 - 0x00007ffe4ede2000 	C:\Windows\System32\KERNELBASE.dll
0x00007ffe4edf0000 - 0x00007ffe4eef0000 	C:\Windows\System32\ucrtbase.dll
0x00007ffe37c20000 - 0x00007ffe37c38000 	C:\Program Files\Java\jdk-19\bin\jli.dll
0x00007ffe35bb0000 - 0x00007ffe35bcb000 	C:\Program Files\Java\jdk-19\bin\VCRUNTIME140.dll
0x00007ffe50ff0000 - 0x00007ffe5109e000 	C:\Windows\System32\ADVAPI32.dll
0x00007ffe504b0000 - 0x00007ffe5054e000 	C:\Windows\System32\msvcrt.dll
0x00007ffe4f260000 - 0x00007ffe4f2fc000 	C:\Windows\System32\sechost.dll
0x00007ffe4fe90000 - 0x00007ffe4ffb5000 	C:\Windows\System32\RPCRT4.dll
0x00007ffe4f7c0000 - 0x00007ffe4f95d000 	C:\Windows\System32\USER32.dll
0x00007ffe4e940000 - 0x00007ffe4e962000 	C:\Windows\System32\win32u.dll
0x00007ffe4f5a0000 - 0x00007ffe4f5cb000 	C:\Windows\System32\GDI32.dll
0x00007ffe4eef0000 - 0x00007ffe4efff000 	C:\Windows\System32\gdi32full.dll
0x00007ffe4e970000 - 0x00007ffe4ea0d000 	C:\Windows\System32\msvcp_win.dll
0x00007ffe344f0000 - 0x00007ffe3478a000 	C:\Windows\WinSxS\amd64_microsoft.windows.common-controls_6595b64144ccf1df_6.0.19041.1110_none_60b5254171f9507e\COMCTL32.dll
0x00007ffe479e0000 - 0x00007ffe479ea000 	C:\Windows\SYSTEM32\VERSION.dll
0x00007ffe4f780000 - 0x00007ffe4f7b2000 	C:\Windows\System32\IMM32.DLL
0x00007ffe37e70000 - 0x00007ffe37e7c000 	C:\Program Files\Java\jdk-19\bin\vcruntime140_1.dll
0x00007ffe30fa0000 - 0x00007ffe3102e000 	C:\Program Files\Java\jdk-19\bin\msvcp140.dll
0x00007ffe131e0000 - 0x00007ffe13ea0000 	C:\Program Files\Java\jdk-19\bin\server\jvm.dll
0x00007ffe40780000 - 0x00007ffe40789000 	C:\Windows\SYSTEM32\WSOCK32.dll
0x00007ffe506a0000 - 0x00007ffe5070b000 	C:\Windows\System32\WS2_32.dll
0x00007ffe479f0000 - 0x00007ffe47a17000 	C:\Windows\SYSTEM32\WINMM.dll
0x00007ffe4c710000 - 0x00007ffe4c722000 	C:\Windows\SYSTEM32\kernel.appcore.dll
0x00007ffe37cf0000 - 0x00007ffe37cfa000 	C:\Program Files\Java\jdk-19\bin\jimage.dll
0x00007ffe475b0000 - 0x00007ffe47794000 	C:\Windows\SYSTEM32\DBGHELP.DLL
0x00007ffe479b0000 - 0x00007ffe479dc000 	C:\Windows\SYSTEM32\dbgcore.DLL
0x00007ffe4ea10000 - 0x00007ffe4ea92000 	C:\Windows\System32\bcryptPrimitives.dll
0x00007ffe37c10000 - 0x00007ffe37c1e000 	C:\Program Files\Java\jdk-19\bin\instrument.dll
0x00007ffe32730000 - 0x00007ffe32756000 	C:\Program Files\Java\jdk-19\bin\java.dll
0x00007ffe20d00000 - 0x00007ffe20dd7000 	C:\Program Files\Java\jdk-19\bin\jsvml.dll
0x00007ffe50710000 - 0x00007ffe50e53000 	C:\Windows\System32\SHELL32.dll
0x00007ffe4c9f0000 - 0x00007ffe4d182000 	C:\Windows\SYSTEM32\windows.storage.dll
0x00007ffe50030000 - 0x00007ffe50384000 	C:\Windows\System32\combase.dll
0x00007ffe4e290000 - 0x00007ffe4e2c0000 	C:\Windows\SYSTEM32\Wldp.dll
0x00007ffe4fde0000 - 0x00007ffe4fe8d000 	C:\Windows\System32\SHCORE.dll
0x00007ffe4ffd0000 - 0x00007ffe50025000 	C:\Windows\System32\shlwapi.dll
0x00007ffe4e850000 - 0x00007ffe4e86f000 	C:\Windows\SYSTEM32\profapi.dll
0x00007ffe34060000 - 0x00007ffe34073000 	C:\Program Files\Java\jdk-19\bin\net.dll
0x00007ffe44b10000 - 0x00007ffe44c1c000 	C:\Windows\SYSTEM32\WINHTTP.dll
0x00007ffe4dff0000 - 0x00007ffe4e05a000 	C:\Windows\system32\mswsock.dll
0x00007ffe32290000 - 0x00007ffe322a6000 	C:\Program Files\Java\jdk-19\bin\nio.dll
0x00007ffe32270000 - 0x00007ffe32288000 	C:\Program Files\Java\jdk-19\bin\zip.dll
0x00007ffe32d10000 - 0x00007ffe32d2a000 	C:\Program Files\JetBrains\IntelliJ IDEA 2022.3\bin\breakgen64.dll
0x00007ffe37720000 - 0x00007ffe37728000 	C:\Program Files\Java\jdk-19\bin\extnet.dll
0x000002341c9d0000 - 0x000002341c9d3000 	C:\Program Files\Java\javafx-sdk-19\bin\api-ms-win-core-console-l1-1-0.dll
0x000002341c9e0000 - 0x000002341c9e3000 	C:\Program Files\Java\javafx-sdk-19\bin\api-ms-win-core-console-l1-2-0.dll
0x000002341c9f0000 - 0x000002341c9f3000 	C:\Program Files\Java\javafx-sdk-19\bin\api-ms-win-core-datetime-l1-1-0.dll
0x000002341ca00000 - 0x000002341ca03000 	C:\Program Files\Java\javafx-sdk-19\bin\api-ms-win-core-debug-l1-1-0.dll
0x000002341ca10000 - 0x000002341ca13000 	C:\Program Files\Java\javafx-sdk-19\bin\api-ms-win-core-errorhandling-l1-1-0.dll
0x000002341ca20000 - 0x000002341ca24000 	C:\Program Files\Java\javafx-sdk-19\bin\api-ms-win-core-file-l1-1-0.dll
0x000002341ca30000 - 0x000002341ca33000 	C:\Program Files\Java\javafx-sdk-19\bin\api-ms-win-core-file-l1-2-0.dll
0x000002341ca40000 - 0x000002341ca43000 	C:\Program Files\Java\javafx-sdk-19\bin\api-ms-win-core-file-l2-1-0.dll
0x000002341ca50000 - 0x000002341ca53000 	C:\Program Files\Java\javafx-sdk-19\bin\api-ms-win-core-handle-l1-1-0.dll
0x000002341ca60000 - 0x000002341ca63000 	C:\Program Files\Java\javafx-sdk-19\bin\api-ms-win-core-heap-l1-1-0.dll
0x000002341ca70000 - 0x000002341ca73000 	C:\Program Files\Java\javafx-sdk-19\bin\api-ms-win-core-interlocked-l1-1-0.dll
0x000002341ca80000 - 0x000002341ca83000 	C:\Program Files\Java\javafx-sdk-19\bin\api-ms-win-core-libraryloader-l1-1-0.dll
0x000002341ca90000 - 0x000002341ca93000 	C:\Program Files\Java\javafx-sdk-19\bin\api-ms-win-core-localization-l1-2-0.dll
0x000002341caa0000 - 0x000002341caa3000 	C:\Program Files\Java\javafx-sdk-19\bin\api-ms-win-core-memory-l1-1-0.dll
0x000002341cab0000 - 0x000002341cab3000 	C:\Program Files\Java\javafx-sdk-19\bin\api-ms-win-core-namedpipe-l1-1-0.dll
0x000002341cac0000 - 0x000002341cac3000 	C:\Program Files\Java\javafx-sdk-19\bin\api-ms-win-core-processenvironment-l1-1-0.dll
0x000002341cad0000 - 0x000002341cad3000 	C:\Program Files\Java\javafx-sdk-19\bin\api-ms-win-core-processthreads-l1-1-0.dll
0x000002341cae0000 - 0x000002341cae3000 	C:\Program Files\Java\javafx-sdk-19\bin\api-ms-win-core-processthreads-l1-1-1.dll
0x000002341caf0000 - 0x000002341caf3000 	C:\Program Files\Java\javafx-sdk-19\bin\api-ms-win-core-profile-l1-1-0.dll
0x000002341cb00000 - 0x000002341cb03000 	C:\Program Files\Java\javafx-sdk-19\bin\api-ms-win-core-rtlsupport-l1-1-0.dll
0x000002341cb10000 - 0x000002341cb13000 	C:\Program Files\Java\javafx-sdk-19\bin\api-ms-win-core-string-l1-1-0.dll
0x000002341cb20000 - 0x000002341cb23000 	C:\Program Files\Java\javafx-sdk-19\bin\api-ms-win-core-synch-l1-1-0.dll
0x000002341cb30000 - 0x000002341cb33000 	C:\Program Files\Java\javafx-sdk-19\bin\api-ms-win-core-synch-l1-2-0.dll
0x000002341cb40000 - 0x000002341cb43000 	C:\Program Files\Java\javafx-sdk-19\bin\api-ms-win-core-sysinfo-l1-1-0.dll
0x000002341cb50000 - 0x000002341cb53000 	C:\Program Files\Java\javafx-sdk-19\bin\api-ms-win-core-timezone-l1-1-0.dll
0x000002341cb60000 - 0x000002341cb63000 	C:\Program Files\Java\javafx-sdk-19\bin\api-ms-win-core-util-l1-1-0.dll
0x000002341cb70000 - 0x000002341cb73000 	C:\Program Files\Java\javafx-sdk-19\bin\api-ms-win-crt-conio-l1-1-0.dll
0x000002341cb80000 - 0x000002341cb84000 	C:\Program Files\Java\javafx-sdk-19\bin\api-ms-win-crt-convert-l1-1-0.dll
0x000002341cb90000 - 0x000002341cb93000 	C:\Program Files\Java\javafx-sdk-19\bin\api-ms-win-crt-environment-l1-1-0.dll
0x000002341cba0000 - 0x000002341cba3000 	C:\Program Files\Java\javafx-sdk-19\bin\api-ms-win-crt-filesystem-l1-1-0.dll
0x000002341cbb0000 - 0x000002341cbb3000 	C:\Program Files\Java\javafx-sdk-19\bin\api-ms-win-crt-heap-l1-1-0.dll
0x000002341cbc0000 - 0x000002341cbc3000 	C:\Program Files\Java\javafx-sdk-19\bin\api-ms-win-crt-locale-l1-1-0.dll
0x000002341cbd0000 - 0x000002341cbd5000 	C:\Program Files\Java\javafx-sdk-19\bin\api-ms-win-crt-math-l1-1-0.dll
0x000002341cbe0000 - 0x000002341cbe5000 	C:\Program Files\Java\javafx-sdk-19\bin\api-ms-win-crt-multibyte-l1-1-0.dll
0x000002341cbf0000 - 0x000002341cc00000 	C:\Program Files\Java\javafx-sdk-19\bin\api-ms-win-crt-private-l1-1-0.dll
0x0000023421800000 - 0x0000023421803000 	C:\Program Files\Java\javafx-sdk-19\bin\api-ms-win-crt-process-l1-1-0.dll
0x0000023421810000 - 0x0000023421814000 	C:\Program Files\Java\javafx-sdk-19\bin\api-ms-win-crt-runtime-l1-1-0.dll
0x0000023421820000 - 0x0000023421824000 	C:\Program Files\Java\javafx-sdk-19\bin\api-ms-win-crt-stdio-l1-1-0.dll
0x0000023421830000 - 0x0000023421834000 	C:\Program Files\Java\javafx-sdk-19\bin\api-ms-win-crt-string-l1-1-0.dll
0x0000023421840000 - 0x0000023421843000 	C:\Program Files\Java\javafx-sdk-19\bin\api-ms-win-crt-time-l1-1-0.dll
0x0000023421850000 - 0x0000023421853000 	C:\Program Files\Java\javafx-sdk-19\bin\api-ms-win-crt-utility-l1-1-0.dll
0x00007ffe30b80000 - 0x00007ffe30c7c000 	C:\Program Files\Java\javafx-sdk-19\bin\ucrtbase.dll
0x00007ffe32780000 - 0x00007ffe3279b000 	C:\Program Files\Java\javafx-sdk-19\bin\vcruntime140.dll
0x00007ffe35840000 - 0x00007ffe3584c000 	C:\Program Files\Java\javafx-sdk-19\bin\vcruntime140_1.dll
0x00007ffe26290000 - 0x00007ffe2631e000 	C:\Program Files\Java\javafx-sdk-19\bin\msvcp140.dll
0x00007ffe35800000 - 0x00007ffe35809000 	C:\Program Files\Java\javafx-sdk-19\bin\msvcp140_1.dll
0x00007ffe32640000 - 0x00007ffe32670000 	C:\Program Files\Java\javafx-sdk-19\bin\msvcp140_2.dll
0x00007ffe320c0000 - 0x00007ffe320ec000 	C:\Program Files\Java\javafx-sdk-19\bin\prism_d3d.dll
0x00007ffe31e90000 - 0x00007ffe3205f000 	C:\Windows\system32\d3d9.dll
0x00007ffe4c6e0000 - 0x00007ffe4c70f000 	C:\Windows\SYSTEM32\dwmapi.dll
0x00007ffe4c320000 - 0x00007ffe4c3be000 	C:\Windows\system32\uxtheme.dll
0x00007ffe47c90000 - 0x00007ffe47ca9000 	C:\Windows\SYSTEM32\vm3dum64_loader.dll
0x00007ffe510a0000 - 0x00007ffe511ca000 	C:\Windows\System32\ole32.dll
0x00007ffe4e200000 - 0x00007ffe4e20c000 	C:\Windows\SYSTEM32\CRYPTBASE.DLL
0x00007ffe325b0000 - 0x00007ffe32620000 	C:\Windows\system32\vm3dum64.dll
0x00007ffe31c90000 - 0x00007ffe31cd2000 	C:\Program Files\Java\javafx-sdk-19\bin\glass.dll
0x00007ffe4f360000 - 0x00007ffe4f43a000 	C:\Windows\System32\COMDLG32.dll
0x00007ffe50e60000 - 0x00007ffe50f2d000 	C:\Windows\System32\OLEAUT32.dll
0x00007ffe50390000 - 0x00007ffe504a5000 	C:\Windows\System32\MSCTF.dll
0x00007ffe32760000 - 0x00007ffe32774000 	C:\Program Files\Java\javafx-sdk-19\bin\javafx_font.dll
0x00007ffe439e0000 - 0x00007ffe43c5f000 	C:\Windows\SYSTEM32\dwrite.dll
0x00007ffe4f440000 - 0x00007ffe4f4ef000 	C:\Windows\System32\clbcatq.dll
0x00007ffe49850000 - 0x00007ffe49a04000 	C:\Windows\SYSTEM32\WindowsCodecs.dll
0x00007ffe4e910000 - 0x00007ffe4e937000 	C:\Windows\System32\bcrypt.dll
0x00007ffe29150000 - 0x00007ffe2918e000 	C:\Windows\system32\dataexchange.dll
0x00007ffe4ac90000 - 0x00007ffe4aef3000 	C:\Windows\system32\d3d11.dll
0x00007ffe4b4c0000 - 0x00007ffe4b6a3000 	C:\Windows\system32\dcomp.dll
0x00007ffe4d1d0000 - 0x00007ffe4d2c3000 	C:\Windows\system32\dxgi.dll
0x00007ffe49ad0000 - 0x00007ffe49cd0000 	C:\Windows\system32\twinapi.appcore.dll
0x00007ffe322e0000 - 0x00007ffe32314000 	C:\Program Files\Common Files\Microsoft Shared\Ink\rtscom.dll
0x00007ffe45f10000 - 0x00007ffe46009000 	C:\Windows\SYSTEM32\textinputframework.dll
0x00007ffe4b800000 - 0x00007ffe4bb5e000 	C:\Windows\System32\CoreUIComponents.dll
0x00007ffe4da30000 - 0x00007ffe4da63000 	C:\Windows\SYSTEM32\ntmarta.dll
0x00007ffe4bb60000 - 0x00007ffe4bc52000 	C:\Windows\System32\CoreMessaging.dll
0x00007ffe4a680000 - 0x00007ffe4a7d4000 	C:\Windows\SYSTEM32\wintypes.dll
0x00007ffe35270000 - 0x00007ffe352d6000 	C:\Windows\system32\Oleacc.dll
0x00007ffe35750000 - 0x00007ffe3575a000 	C:\Program Files\Java\jdk-19\bin\management.dll
0x00007ffe34100000 - 0x00007ffe3410b000 	C:\Program Files\Java\jdk-19\bin\management_ext.dll
0x00007ffe50550000 - 0x00007ffe50558000 	C:\Windows\System32\PSAPI.DLL
0x00007ffe35870000 - 0x00007ffe35880000 	C:\Program Files\Java\jdk-19\bin\verify.dll
0x00007ffe4e1e0000 - 0x00007ffe4e1f8000 	C:\Windows\SYSTEM32\CRYPTSP.dll

dbghelp: loaded successfully - version: 4.0.5 - missing functions: none
symbol engine: initialized successfully - sym options: 0x614 - pdb path: .;C:\Program Files\Java\jdk-19\bin;C:\Windows\SYSTEM32;C:\Windows\WinSxS\amd64_microsoft.windows.common-controls_6595b64144ccf1df_6.0.19041.1110_none_60b5254171f9507e;C:\Program Files\Java\jdk-19\bin\server;C:\Program Files\JetBrains\IntelliJ IDEA 2022.3\bin;C:\Program Files\Java\javafx-sdk-19\bin;C:\Program Files\Common Files\Microsoft Shared\Ink

VM Arguments:
jvm_args: --module-path=C:\Program Files\Java\javafx-sdk-19\lib --add-modules=javafx.controls,javafx.fxml -javaagent:C:\Program Files\JetBrains\IntelliJ IDEA 2022.3\lib\idea_rt.jar=54454:C:\Program Files\JetBrains\IntelliJ IDEA 2022.3\bin -Dfile.encoding=UTF-8 -Dsun.stdout.encoding=UTF-8 -Dsun.stderr.encoding=UTF-8 
java_command: com.example.projectfx.HelloApplication
java_class_path (initial): C:\Users\MohammadRehan\IdeaProjects\ProjectFX\target\classes;C:\Program Files\Java\javafx-sdk-19\lib\javafx-swt.jar;C:\Program Files\Java\javafx-sdk-19\lib\javafx.web.jar;C:\Program Files\Java\javafx-sdk-19\lib\javafx.base.jar;C:\Program Files\Java\javafx-sdk-19\lib\javafx.fxml.jar;C:\Program Files\Java\javafx-sdk-19\lib\javafx.media.jar;C:\Program Files\Java\javafx-sdk-19\lib\javafx.swing.jar;C:\Program Files\Java\javafx-sdk-19\lib\javafx.controls.jar;C:\Program Files\Java\javafx-sdk-19\lib\javafx.graphics.jar;C:\Users\MohammadRehan\IdeaProjects\ProjectFX\lib\ojdbc11-21.7.0.0.jar;C:\Users\MohammadRehan\IdeaProjects\ProjectFX\lib\spring-jdbc-5.3.24.jar;C:\Users\MohammadRehan\IdeaProjects\ProjectFX\lib\spring-beans-5.3.24.jar;C:\Users\MohammadRehan\IdeaProjects\ProjectFX\lib\spring-core-5.3.24.jar;C:\Users\MohammadRehan\IdeaProjects\ProjectFX\lib\spring-jcl-5.3.24.jar;C:\Users\MohammadRehan\IdeaProjects\ProjectFX\lib\spring-tx-5.3.24.jar;C:\Users\MohammadRehan\IdeaProjects\ProjectFX\lib\AnimateFX-1.2.3.jar;C:\Users\MohammadRehan\Desktop\jasperreports-6.7.1\dist\jasperreports-6.7.1.jar;C:\Users\MohammadRehan\Desktop\jasperreports-6.7.1\dist\jasperreports-javaflow-6.7.1.jar;C:\Users\MohammadRehan\Desktop\jasperreports-6.2.0\lib\ant-1.7.1.jar;C:\Users\MohammadRehan\Desktop\jasperreports-6.2.0\lib\antlr-2.7.5.jar;C:\Users\MohammadRehan\Desktop\jasperreports-6.2.0\lib\barbecue-1.5-beta1.jar;C:\Users\MohammadRehan\Desktop\jasperreports-6.2.0\lib\barcode4j-2.1.jar;C:\Users\MohammadRehan\Desktop\jasperreports-6.2.0\lib\batik-anim.jar;C:\Users\MohammadRehan\Desktop\jasperreports-6.2.0\lib\batik-awt-util.jar;C:\Users\MohammadRehan\Desktop\jasperreports-6.2.0\lib\batik-bridge.jar;C:\Users\MohammadRehan\Desktop\jasperreports-6.2.0\lib\batik-css.jar;C:\Users\MohammadRehan\Desktop\jasperreports-6.2.0\lib\batik-dom.jar;C:\Users\MohammadRehan\Desktop\jasperreports-6.2.0\lib\batik-ext.jar;C:\Users\MohammadRehan\Desktop\jasperreports-6.2.0\lib\batik-gvt.jar;C:\Users\MohammadRehan\Desktop\jasperreports-6.2.0\lib\batik-parser.jar;C:\Users\MohammadRehan\Desktop\jasperreports-6.2.0\lib\batik-script.jar;C:\Users\MohammadRehan\Desktop\jasperreports-6.2.0\lib\batik-svg-dom.jar;C:\Users\MohammadRehan\Desktop\jasperreports-6.2.0\lib\batik-svggen.jar;C:\Users\MohammadRehan\Desktop\jasperreports-6.2.0\lib\batik-util.jar;C:\Users\MohammadRehan\Desktop\jasperreports-6.2.0\lib\batik-xml.jar;C:\Users\MohammadRehan\Desktop\jasperreports-6.2.0\lib\bcel-5.2.jar;C:\Users\MohammadRehan\Desktop\jasperreports-6.2.0\lib\bsh-2.0b4.jar;C:\Users\MohammadRehan\Desktop\jasperreports-6.2.0\lib\castor-core-1.3.3.jar;C:\Users\MohammadRehan\Desktop\jasperreports-6.2.0\lib\castor-xml-1.3.3.jar;C:\Users\MohammadRehan\Desktop\jasperreports-6.2.0\lib\commons-beanutils-1.9.0.jar;C:\Users\MohammadRehan\Desktop\jasperreports-6.2.0\lib\commons-codec-1.5.jar;C:\Users\MohammadRehan\Desktop\jasperreports-6.2.0\lib\commons-collections-3.2.1.jar;C:\Users\MohammadRehan\Desktop\jasperreports-6.2.0\lib\commons-digester-2.1.jar;C:\Users\MohammadRehan\Desktop\jasperreports-6.2.0\lib\commons-javaflow-20060411.jar;C:\Users\MohammadRehan\Desktop\jasperreports-6.2.0\lib\commons-logging-1.1.1.jar;C:\Users\MohammadRehan\Desktop\jasperreports-6.2.0\lib\core-2.3.0.jar;C:\Users\MohammadRehan\Desktop\jasperreports-6.2.0\lib\dom4j-1.6.1.jar;C:\Users\MohammadRehan\Desktop\jasperreports-6.2.0\lib\ecj-4.3.1.jar;C:\Users\MohammadRehan\Desktop\jasperreports-6.2.0\lib\groovy-all-2.4.3.jar;C:\Users\MohammadRehan\Desktop\jasperreports-6.2.0\lib\hibernate-core-3.3.2.GA.jar;C:\Users\MohammadRehan\Desktop\jasperreports-6.2.0\lib\hsqldb-1.8.0-10.jar;C:\Users\MohammadRehan\Desktop\jasperreports-6.2.0\lib\httpclient-4.3.4.jar;C:\Users\MohammadRehan\Desktop\jasperreports-6.2.0\lib\httpcore-4.3.2.jar;C:\Users\MohammadRehan\Desktop\jasperreports-6.2.0\lib\itext-2.1.7.js4.jar;C:\Users\MohammadRehan\Desktop\jasperreports-6.2.0\lib\jackson-annotations-2.1.4.jar;C:\Users\MohammadRehan\Desktop\jasperreports-6.2.0\lib\jackson-core-2.1.4.jar;C:\Users\MohammadRehan\Desktop\jasperreports-6.2.0\lib\jackson-databind-2.1.4.jar;C:\Users\MohammadRehan\Desktop\jasperreports-6.2.0\lib\jaxen-1.1.1.jar;C:\Users\MohammadRehan\Desktop\jasperreports-6.2.0\lib\jcommon-1.0.23.jar;C:\Users\MohammadRehan\Desktop\jasperreports-6.2.0\lib\jfreechart-1.0.19.jar;C:\Users\MohammadRehan\Desktop\jasperreports-6.2.0\lib\jpa.jar;C:\Users\MohammadRehan\Desktop\jasperreports-6.2.0\lib\jxl-2.6.10.jar;C:\Users\MohammadRehan\Desktop\jasperreports-6.2.0\lib\log4j-1.2.15.jar;C:\Users\MohammadRehan\Desktop\jasperreports-6.2.0\lib\lucene-analyzers-common-4.5.1.jar;C:\Users\MohammadRehan\Desktop\jasperreports-6.2.0\lib\lucene-core-4.5.1.jar;C:\Users\MohammadRehan\Desktop\jasperreports-6.2.0\lib\lucene-queryparser-4.5.1.jar;C:\Users\MohammadRehan\Desktop\jasperreports-6.2.0\lib\mondrian-3.1.1.12687.jar;C:\Users\MohammadRehan\Desktop\jasperreports-6.2.0\lib\olap4j-0.9.7.309-JS-3.jar;C:\Users\MohammadRehan\Desktop\jasperreports-6.2.0\lib\png-encoder-1.5.jar;C:\Users\MohammadRehan\Desktop\jasperreports-6.2.0\lib\poi-3.10.1.jar;C:\Users\MohammadRehan\Desktop\jasperreports-6.2.0\lib\poi-ooxml-3.10.1.jar;C:\Users\MohammadRehan\Desktop\jasperreports-6.2.0\lib\poi-ooxml-schemas-3.10.1.jar;C:\Users\MohammadRehan\Desktop\jasperreports-6.2.0\lib\rhino-1.7.6.jar;C:\Users\MohammadRehan\Desktop\jasperreports-6.2.0\lib\saaj-api-1.3.jar;C:\Users\MohammadRehan\Desktop\jasperreports-6.2.0\lib\serializer.jar;C:\Users\MohammadRehan\Desktop\jasperreports-6.2.0\lib\servlet-api-2.4.jar;C:\Users\MohammadRehan\Desktop\jasperreports-6.2.0\lib\spring-beans-2.5.5.jar;C:\Users\MohammadRehan\Desktop\jasperreports-6.2.0\lib\spring-core-2.5.5.jar;C:\Users\MohammadRehan\Desktop\jasperreports-6.2.0\lib\velocity-1.7-dep.jar;C:\Users\MohammadRehan\Desktop\jasperreports-6.2.0\lib\xalan-2.7.1.jar;C:\Users\MohammadRehan\Desktop\jasperreports-6.2.0\lib\xercesImpl-2.10.0.jar;C:\Users\MohammadRehan\Desktop\jasperreports-6.2.0\lib\xml-apis-ext.jar;C:\Users\MohammadRehan\Desktop\jasperreports-6.2.0\lib\xml-apis.jar;C:\Users\MohammadRehan\Desktop\jasperreports-6.2.0\lib\xmlbeans-2.5.0.jar;C:\Users\MohammadRehan\Desktop\jasperreports-6.2.0\lib\xmpcore-5.1.1.jar
Launcher Type: SUN_STANDARD

[Global flags]
     intx CICompilerCount                          = 2                                         {product} {ergonomic}
     uint ConcGCThreads                            = 1                                         {product} {ergonomic}
     uint G1ConcRefinementThreads                  = 2                                         {product} {ergonomic}
   size_t G1HeapRegionSize                         = 1048576                                   {product} {ergonomic}
    uintx GCDrainStackTargetSize                   = 64                                        {product} {ergonomic}
   size_t InitialHeapSize                          = 67108864                                  {product} {ergonomic}
   size_t MarkStackSize                            = 4194304                                   {product} {ergonomic}
   size_t MaxHeapSize                              = 1073741824                                {product} {ergonomic}
   size_t MaxNewSize                               = 643825664                                 {product} {ergonomic}
   size_t MinHeapDeltaBytes                        = 1048576                                   {product} {ergonomic}
   size_t MinHeapSize                              = 8388608                                   {product} {ergonomic}
    uintx NonNMethodCodeHeapSize                   = 5826188                                {pd product} {ergonomic}
    uintx NonProfiledCodeHeapSize                  = 122916026                              {pd product} {ergonomic}
    uintx ProfiledCodeHeapSize                     = 122916026                              {pd product} {ergonomic}
    uintx ReservedCodeCacheSize                    = 251658240                              {pd product} {ergonomic}
     bool SegmentedCodeCache                       = true                                      {product} {ergonomic}
   size_t SoftMaxHeapSize                          = 1073741824                             {manageable} {ergonomic}
     bool UseCompressedClassPointers               = true                           {product lp64_product} {ergonomic}
     bool UseCompressedOops                        = true                           {product lp64_product} {ergonomic}
     bool UseG1GC                                  = true                                      {product} {ergonomic}
     bool UseLargePagesIndividualAllocation        = false                                  {pd product} {ergonomic}

Logging:
Log output configuration:
 #0: stdout all=warning uptime,level,tags foldmultilines=false
 #1: stderr all=off uptime,level,tags foldmultilines=false

Environment Variables:
PATH=C:\app\MohammadRehan\product\21c\dbhomeXE\bin;C:\Program Files\Common Files\Oracle\Java\javapath;C:\Windows\system32;C:\Windows;C:\Windows\System32\Wbem;C:\Windows\System32\WindowsPowerShell\v1.0\;C:\Windows\System32\OpenSSH\;C:\app\MohammadRehan\product\21c\dbhomeXE\jdbc\lib\ojdbc11.jar;C:\Program Files\Git\cmd;C:\Users\MohammadRehan\AppData\Local\Microsoft\WindowsApps;
USERNAME=MohammadRehan
OS=Windows_NT
PROCESSOR_IDENTIFIER=Intel64 Family 6 Model 158 Stepping 10, GenuineIntel
TMP=C:\Users\MOHAMM~1\AppData\Local\Temp
TEMP=C:\Users\MOHAMM~1\AppData\Local\Temp



---------------  S Y S T E M  ---------------

OS:
 Windows 10 , 64 bit Build 19041 (10.0.19041.2251)
OS uptime: 1 days 8:29 hours
VMWare virtualization detected

CPU: total 2 (initial active 2) (2 cores per cpu, 1 threads per core) family 6 model 158 stepping 10 microcode 0xb4, cx8, cmov, fxsr, mmx, 3dnowpref, sse, sse2, sse3, ssse3, sse4.1, sse4.2, popcnt, lzcnt, tsc, tscinvbit, avx, avx2, aes, erms, clmul, bmi1, bmi2, adx, fma, vzeroupper, clflush, clflushopt, hv, rdtscp

Memory: 4k page, system-wide physical 4095M (248M free)
TotalPageFile size 11704M (AvailPageFile size 18M)
current process WorkingSet (physical memory assigned to process): 320M, peak: 320M
current process commit charge ("private bytes"): 360M, peak: 363M

vm_info: Java HotSpot(TM) 64-Bit Server VM (19.0.1+10-21) for windows-amd64 JRE (19.0.1+10-21), built on 2022-09-14T12:45:06Z by "mach5one" with MS VC++ 17.1 (VS2022)

END.
