#
# There is insufficient memory for the Java Runtime Environment to continue.
# Native memory allocation (malloc) failed to allocate 2171504 bytes for Chunk::new
# Possible reasons:
#   The system is out of physical RAM or swap space
#   The process is running with CompressedOops enabled, and the Java Heap may be blocking the growth of the native heap
# Possible solutions:
#   Reduce memory load on the system
#   Increase physical memory or swap space
#   Check if swap backing store is full
#   Decrease Java heap size (-Xmx/-Xms)
#   Decrease number of Java threads
#   Decrease Java thread stack sizes (-Xss)
#   Set larger code cache with -XX:ReservedCodeCacheSize=
#   JVM is running with Unscaled Compressed Oops mode in which the Java heap is
#     placed in the first 4GB address space. The Java Heap base address is the
#     maximum limit for the native heap growth. Please use -XX:HeapBaseMinAddress
#     to set the Java Heap base and to place the Java Heap above 4GB virtual address.
# This output file may be truncated or incomplete.
#
#  Out of Memory Error (arena.cpp:184), pid=14044, tid=11712
#
# JRE version: Java(TM) SE Runtime Environment (19.0.1+10) (build 19.0.1+10-21)
# Java VM: Java HotSpot(TM) 64-Bit Server VM (19.0.1+10-21, mixed mode, sharing, tiered, compressed oops, compressed class ptrs, g1 gc, windows-amd64)
# No core dump will be written. Minidumps are not enabled by default on client versions of Windows
#

---------------  S U M M A R Y ------------

Command Line: --module-path=C:\Program Files\Java\javafx-sdk-19\lib --add-modules=javafx.controls,javafx.fxml -javaagent:C:\Program Files\JetBrains\IntelliJ IDEA 2022.3\lib\idea_rt.jar=61015:C:\Program Files\JetBrains\IntelliJ IDEA 2022.3\bin -Dfile.encoding=UTF-8 -Dsun.stdout.encoding=UTF-8 -Dsun.stderr.encoding=UTF-8 com.example.projectfx.HelloApplication

Host: Intel(R) Core(TM) i7-9750H CPU @ 2.60GHz, 2 cores, 3G,  Windows 10 , 64 bit Build 19041 (10.0.19041.2251)
Time: Sun Dec 11 15:22:28 2022 West Bank Gaza Standard Time elapsed time: 20.475208 seconds (0d 0h 0m 20s)

---------------  T H R E A D  ---------------

Current thread (0x0000017b5a31c700):  JavaThread "C2 CompilerThread0" daemon [_thread_in_native, id=11712, stack(0x0000005690700000,0x0000005690800000)]


Current CompileTask:
C2:  20475 7020   !   4       javafx.scene.CssStyleHelper::transitionToState (1033 bytes)

Stack: [0x0000005690700000,0x0000005690800000]
Native frames: (J=compiled Java code, j=interpreted, Vv=VM code, C=native code)
V  [jvm.dll+0x6ee8fa]
V  [jvm.dll+0x857a1e]
V  [jvm.dll+0x85940e]
V  [jvm.dll+0x859ac3]
V  [jvm.dll+0x28291f]
V  [jvm.dll+0xc9b5f]
V  [jvm.dll+0xc9ee5]
V  [jvm.dll+0x3bcbac]
V  [jvm.dll+0x386201]
V  [jvm.dll+0x38567a]
V  [jvm.dll+0x24c2c9]
V  [jvm.dll+0x24b671]
V  [jvm.dll+0x1d6d61]
V  [jvm.dll+0x25b0fa]
V  [jvm.dll+0x259588]
V  [jvm.dll+0x807928]
V  [jvm.dll+0x8015fa]
V  [jvm.dll+0x6ed5eb]
C  [ucrtbase.dll+0x21bb2]
C  [KERNEL32.DLL+0x174b4]
C  [ntdll.dll+0x526a1]


---------------  P R O C E S S  ---------------

Threads class SMR info:
_java_thread_list=0x0000017b5e907f20, length=23, elements={
0x0000017b3ee2de60, 0x0000017b5a314400, 0x0000017b5a315290, 0x0000017b5a317f90,
0x0000017b5a3198d0, 0x0000017b5a31a200, 0x0000017b5a31b690, 0x0000017b5a31c700,
0x0000017b5a36be90, 0x0000017b5a392850, 0x0000017b5a3dfb40, 0x0000017b5ec314c0,
0x0000017b5ec7dee0, 0x0000017b5ec0bdf0, 0x0000017b5ef92950, 0x0000017b5f07dea0,
0x0000017b5e97fa10, 0x0000017b5f55f020, 0x0000017b5f9ec060, 0x0000017b5f9ecb00,
0x0000017b5f9eeae0, 0x0000017b5f9ee590, 0x0000017b5f9ee040
}

Java Threads: ( => current thread )
  0x0000017b3ee2de60 JavaThread "main" [_thread_blocked, id=13996, stack(0x000000568fa00000,0x000000568fb00000)]
  0x0000017b5a314400 JavaThread "Reference Handler" daemon [_thread_blocked, id=444, stack(0x0000005690100000,0x0000005690200000)]
  0x0000017b5a315290 JavaThread "Finalizer" daemon [_thread_blocked, id=11908, stack(0x0000005690200000,0x0000005690300000)]
  0x0000017b5a317f90 JavaThread "Signal Dispatcher" daemon [_thread_blocked, id=10004, stack(0x0000005690300000,0x0000005690400000)]
  0x0000017b5a3198d0 JavaThread "Attach Listener" daemon [_thread_blocked, id=8796, stack(0x0000005690400000,0x0000005690500000)]
  0x0000017b5a31a200 JavaThread "Service Thread" daemon [_thread_blocked, id=13004, stack(0x0000005690500000,0x0000005690600000)]
  0x0000017b5a31b690 JavaThread "Monitor Deflation Thread" daemon [_thread_blocked, id=15204, stack(0x0000005690600000,0x0000005690700000)]
=>0x0000017b5a31c700 JavaThread "C2 CompilerThread0" daemon [_thread_in_native, id=11712, stack(0x0000005690700000,0x0000005690800000)]
  0x0000017b5a36be90 JavaThread "C1 CompilerThread0" daemon [_thread_blocked, id=1436, stack(0x0000005690800000,0x0000005690900000)]
  0x0000017b5a392850 JavaThread "Sweeper thread" daemon [_thread_blocked, id=14032, stack(0x0000005690900000,0x0000005690a00000)]
  0x0000017b5a3dfb40 JavaThread "Common-Cleaner" daemon [_thread_blocked, id=11968, stack(0x0000005690a00000,0x0000005690b00000)]
  0x0000017b5ec314c0 JavaThread "Monitor Ctrl-Break" daemon [_thread_in_native, id=11176, stack(0x0000005690c00000,0x0000005690d00000)]
  0x0000017b5ec7dee0 JavaThread "Notification Thread" daemon [_thread_blocked, id=12088, stack(0x0000005690d00000,0x0000005690e00000)]
  0x0000017b5ec0bdf0 JavaThread "QuantumRenderer-0" daemon [_thread_blocked, id=3308, stack(0x0000005690f00000,0x0000005691000000)]
  0x0000017b5ef92950 JavaThread "InvokeLaterDispatcher" daemon [_thread_blocked, id=11456, stack(0x0000005691000000,0x0000005691100000)]
  0x0000017b5f07dea0 JavaThread "JavaFX Application Thread" [_thread_in_native, id=3928, stack(0x0000005691100000,0x0000005691200000)]
  0x0000017b5e97fa10 JavaThread "JavaFX-Launcher" [_thread_blocked, id=3772, stack(0x0000005691300000,0x0000005691400000)]
  0x0000017b5f55f020 JavaThread "Thread-2" daemon [_thread_in_native, id=2800, stack(0x0000005691200000,0x0000005691300000)]
  0x0000017b5f9ec060 JavaThread "Prism Font Disposer" daemon [_thread_blocked, id=13176, stack(0x0000005691700000,0x0000005691800000)]
  0x0000017b5f9ecb00 JavaThread "Cleaner-0" daemon [_thread_blocked, id=7932, stack(0x0000005691800000,0x0000005691900000)]
  0x0000017b5f9eeae0 JavaThread "oracle.jdbc.driver.BlockSource.ThreadedCachingBlockSource.BlockReleaser" daemon [_thread_blocked, id=10620, stack(0x0000005691900000,0x0000005691a00000)]
  0x0000017b5f9ee590 JavaThread "InterruptTimer" daemon [_thread_blocked, id=10292, stack(0x0000005691a00000,0x0000005691b00000)]
  0x0000017b5f9ee040 JavaThread "OJDBC-WORKER-THREAD-1" daemon [_thread_blocked, id=13944, stack(0x0000005691b00000,0x0000005691c00000)]

Other Threads:
  0x0000017b3eee9d30 VMThread "VM Thread" [stack: 0x0000005690000000,0x0000005690100000] [id=6936]
  0x0000017b5ebd20f0 WatcherThread "VM Periodic Task Thread" [stack: 0x0000005690e00000,0x0000005690f00000] [id=14096]
  0x0000017b3ee6fd60 WorkerThread "GC Thread#0" [stack: 0x000000568fb00000,0x000000568fc00000] [id=1056]
  0x0000017b5e6759a0 WorkerThread "GC Thread#1" [stack: 0x0000005690b00000,0x0000005690c00000] [id=14460]
  0x0000017b3ee79cd0 ConcurrentGCThread "G1 Main Marker" [stack: 0x000000568fc00000,0x000000568fd00000] [id=14784]
  0x0000017b3ee7c1f0 WorkerThread "G1 Conc#0" [stack: 0x000000568fd00000,0x000000568fe00000] [id=12424]
  0x0000017b3eec60a0 ConcurrentGCThread "G1 Refine#0" [stack: 0x000000568fe00000,0x000000568ff00000] [id=12652]
  0x0000017b3eec6be0 ConcurrentGCThread "G1 Service" [stack: 0x000000568ff00000,0x0000005690000000] [id=14108]

Threads with active compile tasks:
C2 CompilerThread0    20552 7020   !   4       javafx.scene.CssStyleHelper::transitionToState (1033 bytes)

VM state: not at safepoint (normal execution)

VM Mutex/Monitor currently owned by a thread: None

Heap address: 0x00000000c0000000, size: 1024 MB, Compressed Oops mode: 32-bit

CDS archive(s) mapped at: [0x0000000800000000-0x0000000800c40000-0x0000000800c40000), size 12845056, SharedBaseAddress: 0x0000000800000000, ArchiveRelocationMode: 0.
Compressed class space mapped at: 0x0000000801000000-0x0000000841000000, reserved size: 1073741824
Narrow klass base: 0x0000000800000000, Narrow klass shift: 0, Narrow klass range: 0x100000000

GC Precious Log:
 CardTable entry size: 512
 Card Set container configuration: InlinePtr #cards 5 size 8 Array Of Cards #cards 12 size 40 Howl #buckets 4 coarsen threshold 1843 Howl Bitmap #cards 512 size 80 coarsen threshold 460 Card regions per heap region 1 cards per card region 2048
 CPUs: 2 total, 2 available
 Memory: 4095M
 Large Page Support: Disabled
 NUMA Support: Disabled
 Compressed Oops: Enabled (32-bit)
 Heap Region Size: 1M
 Heap Min Capacity: 8M
 Heap Initial Capacity: 64M
 Heap Max Capacity: 1G
 Pre-touch: Disabled
 Parallel Workers: 2
 Concurrent Workers: 1
 Concurrent Refinement Workers: 2
 Periodic GC: Disabled

Heap:
 garbage-first heap   total 235520K, used 155206K [0x00000000c0000000, 0x0000000100000000)
  region size 1024K, 76 young (77824K), 3 survivors (3072K)
 Metaspace       used 33115K, committed 33472K, reserved 1114112K
  class space    used 4263K, committed 4416K, reserved 1048576K

Heap Regions: E=young(eden), S=young(survivor), O=old, HS=humongous(starts), HC=humongous(continues), CS=collection set, F=free, OA=open archive, CA=closed archive, TAMS=top-at-mark-start (previous, next)
|   0|0x00000000c0000000, 0x00000000c0100000, 0x00000000c0100000|100%| O|  |TAMS 0x00000000c0100000, 0x00000000c0000000| Untracked 
|   1|0x00000000c0100000, 0x00000000c0200000, 0x00000000c0200000|100%| O|  |TAMS 0x00000000c0200000, 0x00000000c0100000| Complete 
|   2|0x00000000c0200000, 0x00000000c0300000, 0x00000000c0300000|100%| O|  |TAMS 0x00000000c0300000, 0x00000000c0200000| Untracked 
|   3|0x00000000c0300000, 0x00000000c0400000, 0x00000000c0400000|100%| O|  |TAMS 0x00000000c0400000, 0x00000000c0300000| Untracked 
|   4|0x00000000c0400000, 0x00000000c0500000, 0x00000000c0500000|100%| O|  |TAMS 0x00000000c0500000, 0x00000000c0400000| Untracked 
|   5|0x00000000c0500000, 0x00000000c0600000, 0x00000000c0600000|100%|HS|  |TAMS 0x00000000c0600000, 0x00000000c0500000| Complete 
|   6|0x00000000c0600000, 0x00000000c0700000, 0x00000000c0700000|100%|HC|  |TAMS 0x00000000c0700000, 0x00000000c0600000| Complete 
|   7|0x00000000c0700000, 0x00000000c0800000, 0x00000000c0800000|100%|HC|  |TAMS 0x00000000c0800000, 0x00000000c0700000| Complete 
|   8|0x00000000c0800000, 0x00000000c0900000, 0x00000000c0900000|100%|HC|  |TAMS 0x00000000c0900000, 0x00000000c0800000| Complete 
|   9|0x00000000c0900000, 0x00000000c0a00000, 0x00000000c0a00000|100%|HC|  |TAMS 0x00000000c0a00000, 0x00000000c0900000| Complete 
|  10|0x00000000c0a00000, 0x00000000c0b00000, 0x00000000c0b00000|100%|HS|  |TAMS 0x00000000c0b00000, 0x00000000c0a00000| Complete 
|  11|0x00000000c0b00000, 0x00000000c0c00000, 0x00000000c0c00000|100%|HC|  |TAMS 0x00000000c0c00000, 0x00000000c0b00000| Complete 
|  12|0x00000000c0c00000, 0x00000000c0d00000, 0x00000000c0d00000|100%| O|  |TAMS 0x00000000c0d00000, 0x00000000c0c00000| Untracked 
|  13|0x00000000c0d00000, 0x00000000c0e00000, 0x00000000c0e00000|100%| O|  |TAMS 0x00000000c0e00000, 0x00000000c0d00000| Untracked 
|  14|0x00000000c0e00000, 0x00000000c0f00000, 0x00000000c0f00000|100%| O|  |TAMS 0x00000000c0f00000, 0x00000000c0e00000| Untracked 
|  15|0x00000000c0f00000, 0x00000000c1000000, 0x00000000c1000000|100%| O|  |TAMS 0x00000000c1000000, 0x00000000c0f00000| Untracked 
|  16|0x00000000c1000000, 0x00000000c1100000, 0x00000000c1100000|100%| O|  |TAMS 0x00000000c1100000, 0x00000000c1000000| Untracked 
|  17|0x00000000c1100000, 0x00000000c1200000, 0x00000000c1200000|100%| O|  |TAMS 0x00000000c1200000, 0x00000000c1100000| Untracked 
|  18|0x00000000c1200000, 0x00000000c1300000, 0x00000000c1300000|100%| O|  |TAMS 0x00000000c1300000, 0x00000000c1200000| Untracked 
|  19|0x00000000c1300000, 0x00000000c1400000, 0x00000000c1400000|100%| O|  |TAMS 0x00000000c1400000, 0x00000000c1300000| Untracked 
|  20|0x00000000c1400000, 0x00000000c1500000, 0x00000000c1500000|100%| O|  |TAMS 0x00000000c1500000, 0x00000000c1400000| Untracked 
|  21|0x00000000c1500000, 0x00000000c1600000, 0x00000000c1600000|100%| O|  |TAMS 0x00000000c1500000, 0x00000000c1500000| Untracked 
|  22|0x00000000c1600000, 0x00000000c1700000, 0x00000000c1700000|100%| O|  |TAMS 0x00000000c1700000, 0x00000000c1600000| Untracked 
|  23|0x00000000c1700000, 0x00000000c1800000, 0x00000000c1800000|100%| O|  |TAMS 0x00000000c1800000, 0x00000000c1700000| Untracked 
|  24|0x00000000c1800000, 0x00000000c1900000, 0x00000000c1900000|100%| O|  |TAMS 0x00000000c1900000, 0x00000000c1800000| Untracked 
|  25|0x00000000c1900000, 0x00000000c1a00000, 0x00000000c1a00000|100%| O|  |TAMS 0x00000000c1a00000, 0x00000000c1900000| Untracked 
|  26|0x00000000c1a00000, 0x00000000c1b00000, 0x00000000c1b00000|100%| O|  |TAMS 0x00000000c1b00000, 0x00000000c1a00000| Untracked 
|  27|0x00000000c1b00000, 0x00000000c1c00000, 0x00000000c1c00000|100%| O|  |TAMS 0x00000000c1c00000, 0x00000000c1b00000| Untracked 
|  28|0x00000000c1c00000, 0x00000000c1d00000, 0x00000000c1d00000|100%| O|  |TAMS 0x00000000c1d00000, 0x00000000c1c00000| Untracked 
|  29|0x00000000c1d00000, 0x00000000c1e00000, 0x00000000c1e00000|100%| O|  |TAMS 0x00000000c1e00000, 0x00000000c1d00000| Untracked 
|  30|0x00000000c1e00000, 0x00000000c1f00000, 0x00000000c1f00000|100%| O|  |TAMS 0x00000000c1f00000, 0x00000000c1e00000| Untracked 
|  31|0x00000000c1f00000, 0x00000000c2000000, 0x00000000c2000000|100%| O|  |TAMS 0x00000000c2000000, 0x00000000c1f00000| Untracked 
|  32|0x00000000c2000000, 0x00000000c2100000, 0x00000000c2100000|100%| O|  |TAMS 0x00000000c2100000, 0x00000000c2000000| Untracked 
|  33|0x00000000c2100000, 0x00000000c2200000, 0x00000000c2200000|100%| O|  |TAMS 0x00000000c2200000, 0x00000000c2100000| Untracked 
|  34|0x00000000c2200000, 0x00000000c2300000, 0x00000000c2300000|100%| O|  |TAMS 0x00000000c2254c00, 0x00000000c2200000| Untracked 
|  35|0x00000000c2300000, 0x00000000c2400000, 0x00000000c2400000|100%| O|  |TAMS 0x00000000c2300000, 0x00000000c2300000| Untracked 
|  36|0x00000000c2400000, 0x00000000c2500000, 0x00000000c2500000|100%| O|  |TAMS 0x00000000c2400000, 0x00000000c2400000| Untracked 
|  37|0x00000000c2500000, 0x00000000c2591800, 0x00000000c2600000| 56%| O|  |TAMS 0x00000000c2500000, 0x00000000c2500000| Untracked 
|  38|0x00000000c2600000, 0x00000000c2600000, 0x00000000c2700000|  0%| F|  |TAMS 0x00000000c2600000, 0x00000000c2600000| Untracked 
|  39|0x00000000c2700000, 0x00000000c2700000, 0x00000000c2800000|  0%| F|  |TAMS 0x00000000c2700000, 0x00000000c2700000| Untracked 
|  40|0x00000000c2800000, 0x00000000c2800000, 0x00000000c2900000|  0%| F|  |TAMS 0x00000000c2800000, 0x00000000c2800000| Untracked 
|  41|0x00000000c2900000, 0x00000000c2900000, 0x00000000c2a00000|  0%| F|  |TAMS 0x00000000c2900000, 0x00000000c2900000| Untracked 
|  42|0x00000000c2a00000, 0x00000000c2a00000, 0x00000000c2b00000|  0%| F|  |TAMS 0x00000000c2a00000, 0x00000000c2a00000| Untracked 
|  43|0x00000000c2b00000, 0x00000000c2b00000, 0x00000000c2c00000|  0%| F|  |TAMS 0x00000000c2b00000, 0x00000000c2b00000| Untracked 
|  44|0x00000000c2c00000, 0x00000000c2c00000, 0x00000000c2d00000|  0%| F|  |TAMS 0x00000000c2c00000, 0x00000000c2c00000| Untracked 
|  45|0x00000000c2d00000, 0x00000000c2d00000, 0x00000000c2e00000|  0%| F|  |TAMS 0x00000000c2d00000, 0x00000000c2d00000| Untracked 
|  46|0x00000000c2e00000, 0x00000000c2e00000, 0x00000000c2f00000|  0%| F|  |TAMS 0x00000000c2e00000, 0x00000000c2e00000| Untracked 
|  47|0x00000000c2f00000, 0x00000000c2f00000, 0x00000000c3000000|  0%| F|  |TAMS 0x00000000c2f00000, 0x00000000c2f00000| Untracked 
|  48|0x00000000c3000000, 0x00000000c3000000, 0x00000000c3100000|  0%| F|  |TAMS 0x00000000c3000000, 0x00000000c3000000| Untracked 
|  49|0x00000000c3100000, 0x00000000c3100000, 0x00000000c3200000|  0%| F|  |TAMS 0x00000000c3100000, 0x00000000c3100000| Untracked 
|  50|0x00000000c3200000, 0x00000000c3200000, 0x00000000c3300000|  0%| F|  |TAMS 0x00000000c3200000, 0x00000000c3200000| Untracked 
|  51|0x00000000c3300000, 0x00000000c3300000, 0x00000000c3400000|  0%| F|  |TAMS 0x00000000c3300000, 0x00000000c3300000| Untracked 
|  52|0x00000000c3400000, 0x00000000c3400000, 0x00000000c3500000|  0%| F|  |TAMS 0x00000000c3400000, 0x00000000c3400000| Untracked 
|  53|0x00000000c3500000, 0x00000000c3500000, 0x00000000c3600000|  0%| F|  |TAMS 0x00000000c3500000, 0x00000000c3500000| Untracked 
|  54|0x00000000c3600000, 0x00000000c3600000, 0x00000000c3700000|  0%| F|  |TAMS 0x00000000c3600000, 0x00000000c3600000| Untracked 
|  55|0x00000000c3700000, 0x00000000c3800000, 0x00000000c3800000|100%| S|CS|TAMS 0x00000000c3700000, 0x00000000c3700000| Complete 
|  56|0x00000000c3800000, 0x00000000c3900000, 0x00000000c3900000|100%| S|CS|TAMS 0x00000000c3800000, 0x00000000c3800000| Complete 
|  57|0x00000000c3900000, 0x00000000c3a00000, 0x00000000c3a00000|100%| S|CS|TAMS 0x00000000c3900000, 0x00000000c3900000| Complete 
|  58|0x00000000c3a00000, 0x00000000c3a00000, 0x00000000c3b00000|  0%| F|  |TAMS 0x00000000c3a00000, 0x00000000c3a00000| Untracked 
|  59|0x00000000c3b00000, 0x00000000c3b00000, 0x00000000c3c00000|  0%| F|  |TAMS 0x00000000c3b00000, 0x00000000c3b00000| Untracked 
|  60|0x00000000c3c00000, 0x00000000c3c00000, 0x00000000c3d00000|  0%| F|  |TAMS 0x00000000c3c00000, 0x00000000c3c00000| Untracked 
|  61|0x00000000c3d00000, 0x00000000c3d00000, 0x00000000c3e00000|  0%| F|  |TAMS 0x00000000c3d00000, 0x00000000c3d00000| Untracked 
|  62|0x00000000c3e00000, 0x00000000c3e00000, 0x00000000c3f00000|  0%| F|  |TAMS 0x00000000c3e00000, 0x00000000c3e00000| Untracked 
|  63|0x00000000c3f00000, 0x00000000c3f00000, 0x00000000c4000000|  0%| F|  |TAMS 0x00000000c3f00000, 0x00000000c3f00000| Untracked 
|  64|0x00000000c4000000, 0x00000000c4100000, 0x00000000c4100000|100%|HS|  |TAMS 0x00000000c4100000, 0x00000000c4000000| Complete 
|  65|0x00000000c4100000, 0x00000000c4200000, 0x00000000c4200000|100%|HC|  |TAMS 0x00000000c4200000, 0x00000000c4100000| Complete 
|  66|0x00000000c4200000, 0x00000000c4300000, 0x00000000c4300000|100%|HC|  |TAMS 0x00000000c4300000, 0x00000000c4200000| Complete 
|  67|0x00000000c4300000, 0x00000000c4400000, 0x00000000c4400000|100%|HC|  |TAMS 0x00000000c4400000, 0x00000000c4300000| Complete 
|  68|0x00000000c4400000, 0x00000000c4500000, 0x00000000c4500000|100%|HC|  |TAMS 0x00000000c4500000, 0x00000000c4400000| Complete 
|  69|0x00000000c4500000, 0x00000000c4600000, 0x00000000c4600000|100%|HC|  |TAMS 0x00000000c4600000, 0x00000000c4500000| Complete 
|  70|0x00000000c4600000, 0x00000000c4700000, 0x00000000c4700000|100%|HC|  |TAMS 0x00000000c4700000, 0x00000000c4600000| Complete 
|  71|0x00000000c4700000, 0x00000000c4800000, 0x00000000c4800000|100%|HC|  |TAMS 0x00000000c4800000, 0x00000000c4700000| Complete 
|  72|0x00000000c4800000, 0x00000000c4900000, 0x00000000c4900000|100%|HC|  |TAMS 0x00000000c4900000, 0x00000000c4800000| Complete 
|  73|0x00000000c4900000, 0x00000000c4a00000, 0x00000000c4a00000|100%|HC|  |TAMS 0x00000000c4a00000, 0x00000000c4900000| Complete 
|  74|0x00000000c4a00000, 0x00000000c4b00000, 0x00000000c4b00000|100%|HC|  |TAMS 0x00000000c4b00000, 0x00000000c4a00000| Complete 
|  75|0x00000000c4b00000, 0x00000000c4c00000, 0x00000000c4c00000|100%|HC|  |TAMS 0x00000000c4c00000, 0x00000000c4b00000| Complete 
|  76|0x00000000c4c00000, 0x00000000c4d00000, 0x00000000c4d00000|100%|HC|  |TAMS 0x00000000c4d00000, 0x00000000c4c00000| Complete 
|  77|0x00000000c4d00000, 0x00000000c4e00000, 0x00000000c4e00000|100%|HC|  |TAMS 0x00000000c4e00000, 0x00000000c4d00000| Complete 
|  78|0x00000000c4e00000, 0x00000000c4f00000, 0x00000000c4f00000|100%|HC|  |TAMS 0x00000000c4f00000, 0x00000000c4e00000| Complete 
|  79|0x00000000c4f00000, 0x00000000c5000000, 0x00000000c5000000|100%|HC|  |TAMS 0x00000000c5000000, 0x00000000c4f00000| Complete 
|  80|0x00000000c5000000, 0x00000000c5100000, 0x00000000c5100000|100%|HC|  |TAMS 0x00000000c5100000, 0x00000000c5000000| Complete 
|  81|0x00000000c5100000, 0x00000000c5200000, 0x00000000c5200000|100%|HC|  |TAMS 0x00000000c5200000, 0x00000000c5100000| Complete 
|  82|0x00000000c5200000, 0x00000000c5300000, 0x00000000c5300000|100%|HC|  |TAMS 0x00000000c5300000, 0x00000000c5200000| Complete 
|  83|0x00000000c5300000, 0x00000000c5400000, 0x00000000c5400000|100%|HC|  |TAMS 0x00000000c5400000, 0x00000000c5300000| Complete 
|  84|0x00000000c5400000, 0x00000000c5500000, 0x00000000c5500000|100%|HC|  |TAMS 0x00000000c5500000, 0x00000000c5400000| Complete 
|  85|0x00000000c5500000, 0x00000000c5600000, 0x00000000c5600000|100%|HC|  |TAMS 0x00000000c5600000, 0x00000000c5500000| Complete 
|  86|0x00000000c5600000, 0x00000000c5700000, 0x00000000c5700000|100%|HC|  |TAMS 0x00000000c5700000, 0x00000000c5600000| Complete 
|  87|0x00000000c5700000, 0x00000000c5800000, 0x00000000c5800000|100%|HC|  |TAMS 0x00000000c5800000, 0x00000000c5700000| Complete 
|  88|0x00000000c5800000, 0x00000000c5900000, 0x00000000c5900000|100%|HC|  |TAMS 0x00000000c5900000, 0x00000000c5800000| Complete 
|  89|0x00000000c5900000, 0x00000000c5a00000, 0x00000000c5a00000|100%|HC|  |TAMS 0x00000000c5a00000, 0x00000000c5900000| Complete 
|  90|0x00000000c5a00000, 0x00000000c5b00000, 0x00000000c5b00000|100%|HC|  |TAMS 0x00000000c5b00000, 0x00000000c5a00000| Complete 
|  91|0x00000000c5b00000, 0x00000000c5c00000, 0x00000000c5c00000|100%|HC|  |TAMS 0x00000000c5c00000, 0x00000000c5b00000| Complete 
|  92|0x00000000c5c00000, 0x00000000c5d00000, 0x00000000c5d00000|100%|HC|  |TAMS 0x00000000c5d00000, 0x00000000c5c00000| Complete 
|  93|0x00000000c5d00000, 0x00000000c5e00000, 0x00000000c5e00000|100%|HC|  |TAMS 0x00000000c5e00000, 0x00000000c5d00000| Complete 
|  94|0x00000000c5e00000, 0x00000000c5f00000, 0x00000000c5f00000|100%|HC|  |TAMS 0x00000000c5f00000, 0x00000000c5e00000| Complete 
|  95|0x00000000c5f00000, 0x00000000c6000000, 0x00000000c6000000|100%|HC|  |TAMS 0x00000000c6000000, 0x00000000c5f00000| Complete 
|  96|0x00000000c6000000, 0x00000000c6100000, 0x00000000c6100000|100%|HC|  |TAMS 0x00000000c6100000, 0x00000000c6000000| Complete 
|  97|0x00000000c6100000, 0x00000000c6200000, 0x00000000c6200000|100%|HC|  |TAMS 0x00000000c6200000, 0x00000000c6100000| Complete 
|  98|0x00000000c6200000, 0x00000000c6300000, 0x00000000c6300000|100%|HC|  |TAMS 0x00000000c6300000, 0x00000000c6200000| Complete 
|  99|0x00000000c6300000, 0x00000000c6400000, 0x00000000c6400000|100%|HC|  |TAMS 0x00000000c6400000, 0x00000000c6300000| Complete 
| 100|0x00000000c6400000, 0x00000000c6500000, 0x00000000c6500000|100%|HC|  |TAMS 0x00000000c6500000, 0x00000000c6400000| Complete 
| 101|0x00000000c6500000, 0x00000000c6600000, 0x00000000c6600000|100%|HC|  |TAMS 0x00000000c6600000, 0x00000000c6500000| Complete 
| 102|0x00000000c6600000, 0x00000000c6700000, 0x00000000c6700000|100%|HC|  |TAMS 0x00000000c6700000, 0x00000000c6600000| Complete 
| 103|0x00000000c6700000, 0x00000000c6700000, 0x00000000c6800000|  0%| F|  |TAMS 0x00000000c6700000, 0x00000000c6700000| Untracked 
| 104|0x00000000c6800000, 0x00000000c6800000, 0x00000000c6900000|  0%| F|  |TAMS 0x00000000c6800000, 0x00000000c6800000| Untracked 
| 105|0x00000000c6900000, 0x00000000c6900000, 0x00000000c6a00000|  0%| F|  |TAMS 0x00000000c6900000, 0x00000000c6900000| Untracked 
| 106|0x00000000c6a00000, 0x00000000c6a00000, 0x00000000c6b00000|  0%| F|  |TAMS 0x00000000c6a00000, 0x00000000c6a00000| Untracked 
| 107|0x00000000c6b00000, 0x00000000c6b00000, 0x00000000c6c00000|  0%| F|  |TAMS 0x00000000c6b00000, 0x00000000c6b00000| Untracked 
| 108|0x00000000c6c00000, 0x00000000c6c00000, 0x00000000c6d00000|  0%| F|  |TAMS 0x00000000c6c00000, 0x00000000c6c00000| Untracked 
| 109|0x00000000c6d00000, 0x00000000c6d00000, 0x00000000c6e00000|  0%| F|  |TAMS 0x00000000c6d00000, 0x00000000c6d00000| Untracked 
| 110|0x00000000c6e00000, 0x00000000c6e00000, 0x00000000c6f00000|  0%| F|  |TAMS 0x00000000c6e00000, 0x00000000c6e00000| Untracked 
| 111|0x00000000c6f00000, 0x00000000c6f00000, 0x00000000c7000000|  0%| F|  |TAMS 0x00000000c6f00000, 0x00000000c6f00000| Untracked 
| 112|0x00000000c7000000, 0x00000000c7000000, 0x00000000c7100000|  0%| F|  |TAMS 0x00000000c7000000, 0x00000000c7000000| Untracked 
| 113|0x00000000c7100000, 0x00000000c7100000, 0x00000000c7200000|  0%| F|  |TAMS 0x00000000c7100000, 0x00000000c7100000| Untracked 
| 114|0x00000000c7200000, 0x00000000c7200000, 0x00000000c7300000|  0%| F|  |TAMS 0x00000000c7200000, 0x00000000c7200000| Untracked 
| 115|0x00000000c7300000, 0x00000000c7300000, 0x00000000c7400000|  0%| F|  |TAMS 0x00000000c7300000, 0x00000000c7300000| Untracked 
| 116|0x00000000c7400000, 0x00000000c7400000, 0x00000000c7500000|  0%| F|  |TAMS 0x00000000c7400000, 0x00000000c7400000| Untracked 
| 117|0x00000000c7500000, 0x00000000c7500000, 0x00000000c7600000|  0%| F|  |TAMS 0x00000000c7500000, 0x00000000c7500000| Untracked 
| 118|0x00000000c7600000, 0x00000000c7600000, 0x00000000c7700000|  0%| F|  |TAMS 0x00000000c7600000, 0x00000000c7600000| Untracked 
| 119|0x00000000c7700000, 0x00000000c7700000, 0x00000000c7800000|  0%| F|  |TAMS 0x00000000c7700000, 0x00000000c7700000| Untracked 
| 120|0x00000000c7800000, 0x00000000c7800000, 0x00000000c7900000|  0%| F|  |TAMS 0x00000000c7800000, 0x00000000c7800000| Untracked 
| 121|0x00000000c7900000, 0x00000000c7900000, 0x00000000c7a00000|  0%| F|  |TAMS 0x00000000c7900000, 0x00000000c7900000| Untracked 
| 122|0x00000000c7a00000, 0x00000000c7a00000, 0x00000000c7b00000|  0%| F|  |TAMS 0x00000000c7a00000, 0x00000000c7a00000| Untracked 
| 123|0x00000000c7b00000, 0x00000000c7b00000, 0x00000000c7c00000|  0%| F|  |TAMS 0x00000000c7b00000, 0x00000000c7b00000| Untracked 
| 124|0x00000000c7c00000, 0x00000000c7c00000, 0x00000000c7d00000|  0%| F|  |TAMS 0x00000000c7c00000, 0x00000000c7c00000| Untracked 
| 125|0x00000000c7d00000, 0x00000000c7d00000, 0x00000000c7e00000|  0%| F|  |TAMS 0x00000000c7d00000, 0x00000000c7d00000| Untracked 
| 126|0x00000000c7e00000, 0x00000000c7e00000, 0x00000000c7f00000|  0%| F|  |TAMS 0x00000000c7e00000, 0x00000000c7e00000| Untracked 
| 127|0x00000000c7f00000, 0x00000000c7f00000, 0x00000000c8000000|  0%| F|  |TAMS 0x00000000c7f00000, 0x00000000c7f00000| Untracked 
| 128|0x00000000c8000000, 0x00000000c8000000, 0x00000000c8100000|  0%| F|  |TAMS 0x00000000c8000000, 0x00000000c8000000| Untracked 
| 129|0x00000000c8100000, 0x00000000c8100000, 0x00000000c8200000|  0%| F|  |TAMS 0x00000000c8100000, 0x00000000c8100000| Untracked 
| 130|0x00000000c8200000, 0x00000000c8200000, 0x00000000c8300000|  0%| F|  |TAMS 0x00000000c8200000, 0x00000000c8200000| Untracked 
| 131|0x00000000c8300000, 0x00000000c8300000, 0x00000000c8400000|  0%| F|  |TAMS 0x00000000c8300000, 0x00000000c8300000| Untracked 
| 132|0x00000000c8400000, 0x00000000c8400000, 0x00000000c8500000|  0%| F|  |TAMS 0x00000000c8400000, 0x00000000c8400000| Untracked 
| 133|0x00000000c8500000, 0x00000000c8500000, 0x00000000c8600000|  0%| F|  |TAMS 0x00000000c8500000, 0x00000000c8500000| Untracked 
| 134|0x00000000c8600000, 0x00000000c8600000, 0x00000000c8700000|  0%| F|  |TAMS 0x00000000c8600000, 0x00000000c8600000| Untracked 
| 135|0x00000000c8700000, 0x00000000c8700000, 0x00000000c8800000|  0%| F|  |TAMS 0x00000000c8700000, 0x00000000c8700000| Untracked 
| 136|0x00000000c8800000, 0x00000000c8800000, 0x00000000c8900000|  0%| F|  |TAMS 0x00000000c8800000, 0x00000000c8800000| Untracked 
| 137|0x00000000c8900000, 0x00000000c8900000, 0x00000000c8a00000|  0%| F|  |TAMS 0x00000000c8900000, 0x00000000c8900000| Untracked 
| 138|0x00000000c8a00000, 0x00000000c8a00000, 0x00000000c8b00000|  0%| F|  |TAMS 0x00000000c8a00000, 0x00000000c8a00000| Untracked 
| 139|0x00000000c8b00000, 0x00000000c8b00000, 0x00000000c8c00000|  0%| F|  |TAMS 0x00000000c8b00000, 0x00000000c8b00000| Untracked 
| 140|0x00000000c8c00000, 0x00000000c8c00000, 0x00000000c8d00000|  0%| F|  |TAMS 0x00000000c8c00000, 0x00000000c8c00000| Untracked 
| 141|0x00000000c8d00000, 0x00000000c8d00000, 0x00000000c8e00000|  0%| F|  |TAMS 0x00000000c8d00000, 0x00000000c8d00000| Untracked 
| 142|0x00000000c8e00000, 0x00000000c8e00000, 0x00000000c8f00000|  0%| F|  |TAMS 0x00000000c8e00000, 0x00000000c8e00000| Untracked 
| 143|0x00000000c8f00000, 0x00000000c8f00000, 0x00000000c9000000|  0%| F|  |TAMS 0x00000000c8f00000, 0x00000000c8f00000| Untracked 
| 144|0x00000000c9000000, 0x00000000c9000000, 0x00000000c9100000|  0%| F|  |TAMS 0x00000000c9000000, 0x00000000c9000000| Untracked 
| 145|0x00000000c9100000, 0x00000000c9100000, 0x00000000c9200000|  0%| F|  |TAMS 0x00000000c9100000, 0x00000000c9100000| Untracked 
| 146|0x00000000c9200000, 0x00000000c9200000, 0x00000000c9300000|  0%| F|  |TAMS 0x00000000c9200000, 0x00000000c9200000| Untracked 
| 147|0x00000000c9300000, 0x00000000c9300000, 0x00000000c9400000|  0%| F|  |TAMS 0x00000000c9300000, 0x00000000c9300000| Untracked 
| 148|0x00000000c9400000, 0x00000000c9400000, 0x00000000c9500000|  0%| F|  |TAMS 0x00000000c9400000, 0x00000000c9400000| Untracked 
| 149|0x00000000c9500000, 0x00000000c9500000, 0x00000000c9600000|  0%| F|  |TAMS 0x00000000c9500000, 0x00000000c9500000| Untracked 
| 150|0x00000000c9600000, 0x00000000c9600000, 0x00000000c9700000|  0%| F|  |TAMS 0x00000000c9600000, 0x00000000c9600000| Untracked 
| 151|0x00000000c9700000, 0x00000000c9700000, 0x00000000c9800000|  0%| F|  |TAMS 0x00000000c9700000, 0x00000000c9700000| Untracked 
| 152|0x00000000c9800000, 0x00000000c9800000, 0x00000000c9900000|  0%| F|  |TAMS 0x00000000c9800000, 0x00000000c9800000| Untracked 
| 153|0x00000000c9900000, 0x00000000c9900000, 0x00000000c9a00000|  0%| F|  |TAMS 0x00000000c9900000, 0x00000000c9900000| Untracked 
| 154|0x00000000c9a00000, 0x00000000c9a00000, 0x00000000c9b00000|  0%| F|  |TAMS 0x00000000c9a00000, 0x00000000c9a00000| Untracked 
| 155|0x00000000c9b00000, 0x00000000c9b00000, 0x00000000c9c00000|  0%| F|  |TAMS 0x00000000c9b00000, 0x00000000c9b00000| Untracked 
| 156|0x00000000c9c00000, 0x00000000c9c00000, 0x00000000c9d00000|  0%| F|  |TAMS 0x00000000c9c00000, 0x00000000c9c00000| Untracked 
| 157|0x00000000c9d00000, 0x00000000c9d46700, 0x00000000c9e00000| 27%| E|  |TAMS 0x00000000c9d00000, 0x00000000c9d00000| Complete 
| 158|0x00000000c9e00000, 0x00000000c9f00000, 0x00000000c9f00000|100%| E|CS|TAMS 0x00000000c9e00000, 0x00000000c9e00000| Complete 
| 159|0x00000000c9f00000, 0x00000000ca000000, 0x00000000ca000000|100%| E|CS|TAMS 0x00000000c9f00000, 0x00000000c9f00000| Complete 
| 160|0x00000000ca000000, 0x00000000ca100000, 0x00000000ca100000|100%| E|CS|TAMS 0x00000000ca000000, 0x00000000ca000000| Complete 
| 161|0x00000000ca100000, 0x00000000ca200000, 0x00000000ca200000|100%| E|CS|TAMS 0x00000000ca100000, 0x00000000ca100000| Complete 
| 162|0x00000000ca200000, 0x00000000ca300000, 0x00000000ca300000|100%| E|CS|TAMS 0x00000000ca200000, 0x00000000ca200000| Complete 
| 163|0x00000000ca300000, 0x00000000ca400000, 0x00000000ca400000|100%| E|CS|TAMS 0x00000000ca300000, 0x00000000ca300000| Complete 
| 164|0x00000000ca400000, 0x00000000ca500000, 0x00000000ca500000|100%| E|CS|TAMS 0x00000000ca400000, 0x00000000ca400000| Complete 
| 165|0x00000000ca500000, 0x00000000ca600000, 0x00000000ca600000|100%| E|CS|TAMS 0x00000000ca500000, 0x00000000ca500000| Complete 
| 166|0x00000000ca600000, 0x00000000ca700000, 0x00000000ca700000|100%| E|CS|TAMS 0x00000000ca600000, 0x00000000ca600000| Complete 
| 167|0x00000000ca700000, 0x00000000ca800000, 0x00000000ca800000|100%| E|CS|TAMS 0x00000000ca700000, 0x00000000ca700000| Complete 
| 168|0x00000000ca800000, 0x00000000ca900000, 0x00000000ca900000|100%| E|CS|TAMS 0x00000000ca800000, 0x00000000ca800000| Complete 
| 169|0x00000000ca900000, 0x00000000caa00000, 0x00000000caa00000|100%| E|CS|TAMS 0x00000000ca900000, 0x00000000ca900000| Complete 
| 170|0x00000000caa00000, 0x00000000cab00000, 0x00000000cab00000|100%| E|CS|TAMS 0x00000000caa00000, 0x00000000caa00000| Complete 
| 171|0x00000000cab00000, 0x00000000cac00000, 0x00000000cac00000|100%| E|CS|TAMS 0x00000000cab00000, 0x00000000cab00000| Complete 
| 172|0x00000000cac00000, 0x00000000cad00000, 0x00000000cad00000|100%| E|CS|TAMS 0x00000000cac00000, 0x00000000cac00000| Complete 
| 173|0x00000000cad00000, 0x00000000cae00000, 0x00000000cae00000|100%| E|CS|TAMS 0x00000000cad00000, 0x00000000cad00000| Complete 
| 174|0x00000000cae00000, 0x00000000caf00000, 0x00000000caf00000|100%| E|CS|TAMS 0x00000000cae00000, 0x00000000cae00000| Complete 
| 175|0x00000000caf00000, 0x00000000cb000000, 0x00000000cb000000|100%| E|CS|TAMS 0x00000000caf00000, 0x00000000caf00000| Complete 
| 176|0x00000000cb000000, 0x00000000cb100000, 0x00000000cb100000|100%| E|CS|TAMS 0x00000000cb000000, 0x00000000cb000000| Complete 
| 177|0x00000000cb100000, 0x00000000cb200000, 0x00000000cb200000|100%| E|CS|TAMS 0x00000000cb100000, 0x00000000cb100000| Complete 
| 178|0x00000000cb200000, 0x00000000cb300000, 0x00000000cb300000|100%| E|CS|TAMS 0x00000000cb200000, 0x00000000cb200000| Complete 
| 179|0x00000000cb300000, 0x00000000cb400000, 0x00000000cb400000|100%| E|CS|TAMS 0x00000000cb300000, 0x00000000cb300000| Complete 
| 180|0x00000000cb400000, 0x00000000cb500000, 0x00000000cb500000|100%| E|CS|TAMS 0x00000000cb400000, 0x00000000cb400000| Complete 
| 181|0x00000000cb500000, 0x00000000cb600000, 0x00000000cb600000|100%| E|CS|TAMS 0x00000000cb500000, 0x00000000cb500000| Complete 
| 182|0x00000000cb600000, 0x00000000cb700000, 0x00000000cb700000|100%| E|CS|TAMS 0x00000000cb600000, 0x00000000cb600000| Complete 
| 183|0x00000000cb700000, 0x00000000cb800000, 0x00000000cb800000|100%| E|CS|TAMS 0x00000000cb700000, 0x00000000cb700000| Complete 
| 184|0x00000000cb800000, 0x00000000cb900000, 0x00000000cb900000|100%| E|CS|TAMS 0x00000000cb800000, 0x00000000cb800000| Complete 
| 185|0x00000000cb900000, 0x00000000cba00000, 0x00000000cba00000|100%| E|CS|TAMS 0x00000000cb900000, 0x00000000cb900000| Complete 
| 186|0x00000000cba00000, 0x00000000cbb00000, 0x00000000cbb00000|100%| E|CS|TAMS 0x00000000cba00000, 0x00000000cba00000| Complete 
| 187|0x00000000cbb00000, 0x00000000cbc00000, 0x00000000cbc00000|100%| E|CS|TAMS 0x00000000cbb00000, 0x00000000cbb00000| Complete 
| 188|0x00000000cbc00000, 0x00000000cbd00000, 0x00000000cbd00000|100%| E|CS|TAMS 0x00000000cbc00000, 0x00000000cbc00000| Complete 
| 189|0x00000000cbd00000, 0x00000000cbe00000, 0x00000000cbe00000|100%| E|CS|TAMS 0x00000000cbd00000, 0x00000000cbd00000| Complete 
| 190|0x00000000cbe00000, 0x00000000cbf00000, 0x00000000cbf00000|100%| E|CS|TAMS 0x00000000cbe00000, 0x00000000cbe00000| Complete 
| 191|0x00000000cbf00000, 0x00000000cc000000, 0x00000000cc000000|100%| E|CS|TAMS 0x00000000cbf00000, 0x00000000cbf00000| Complete 
| 192|0x00000000cc000000, 0x00000000cc100000, 0x00000000cc100000|100%| E|CS|TAMS 0x00000000cc000000, 0x00000000cc000000| Complete 
| 193|0x00000000cc100000, 0x00000000cc200000, 0x00000000cc200000|100%| E|CS|TAMS 0x00000000cc100000, 0x00000000cc100000| Complete 
| 194|0x00000000cc200000, 0x00000000cc300000, 0x00000000cc300000|100%| E|CS|TAMS 0x00000000cc200000, 0x00000000cc200000| Complete 
| 195|0x00000000cc300000, 0x00000000cc400000, 0x00000000cc400000|100%| E|CS|TAMS 0x00000000cc300000, 0x00000000cc300000| Complete 
| 196|0x00000000cc400000, 0x00000000cc500000, 0x00000000cc500000|100%| E|CS|TAMS 0x00000000cc400000, 0x00000000cc400000| Complete 
| 197|0x00000000cc500000, 0x00000000cc600000, 0x00000000cc600000|100%| E|CS|TAMS 0x00000000cc500000, 0x00000000cc500000| Complete 
| 198|0x00000000cc600000, 0x00000000cc700000, 0x00000000cc700000|100%| E|CS|TAMS 0x00000000cc600000, 0x00000000cc600000| Complete 
| 199|0x00000000cc700000, 0x00000000cc800000, 0x00000000cc800000|100%| E|CS|TAMS 0x00000000cc700000, 0x00000000cc700000| Complete 
| 200|0x00000000cc800000, 0x00000000cc900000, 0x00000000cc900000|100%| E|CS|TAMS 0x00000000cc800000, 0x00000000cc800000| Complete 
| 201|0x00000000cc900000, 0x00000000cca00000, 0x00000000cca00000|100%| E|CS|TAMS 0x00000000cc900000, 0x00000000cc900000| Complete 
| 202|0x00000000cca00000, 0x00000000ccb00000, 0x00000000ccb00000|100%| E|CS|TAMS 0x00000000cca00000, 0x00000000cca00000| Complete 
| 203|0x00000000ccb00000, 0x00000000ccc00000, 0x00000000ccc00000|100%| E|CS|TAMS 0x00000000ccb00000, 0x00000000ccb00000| Complete 
| 204|0x00000000ccc00000, 0x00000000ccd00000, 0x00000000ccd00000|100%| E|CS|TAMS 0x00000000ccc00000, 0x00000000ccc00000| Complete 
| 205|0x00000000ccd00000, 0x00000000cce00000, 0x00000000cce00000|100%| E|CS|TAMS 0x00000000ccd00000, 0x00000000ccd00000| Complete 
| 206|0x00000000cce00000, 0x00000000ccf00000, 0x00000000ccf00000|100%| E|CS|TAMS 0x00000000cce00000, 0x00000000cce00000| Complete 
| 207|0x00000000ccf00000, 0x00000000cd000000, 0x00000000cd000000|100%| E|CS|TAMS 0x00000000ccf00000, 0x00000000ccf00000| Complete 
| 208|0x00000000cd000000, 0x00000000cd100000, 0x00000000cd100000|100%| E|CS|TAMS 0x00000000cd000000, 0x00000000cd000000| Complete 
| 209|0x00000000cd100000, 0x00000000cd200000, 0x00000000cd200000|100%| E|CS|TAMS 0x00000000cd100000, 0x00000000cd100000| Complete 
| 210|0x00000000cd200000, 0x00000000cd300000, 0x00000000cd300000|100%| E|CS|TAMS 0x00000000cd200000, 0x00000000cd200000| Complete 
| 211|0x00000000cd300000, 0x00000000cd400000, 0x00000000cd400000|100%| E|CS|TAMS 0x00000000cd300000, 0x00000000cd300000| Complete 
| 212|0x00000000cd400000, 0x00000000cd500000, 0x00000000cd500000|100%| E|CS|TAMS 0x00000000cd400000, 0x00000000cd400000| Complete 
| 213|0x00000000cd500000, 0x00000000cd600000, 0x00000000cd600000|100%| E|CS|TAMS 0x00000000cd500000, 0x00000000cd500000| Complete 
| 214|0x00000000cd600000, 0x00000000cd700000, 0x00000000cd700000|100%| E|CS|TAMS 0x00000000cd600000, 0x00000000cd600000| Complete 
| 215|0x00000000cd700000, 0x00000000cd800000, 0x00000000cd800000|100%| E|CS|TAMS 0x00000000cd700000, 0x00000000cd700000| Complete 
| 216|0x00000000cd800000, 0x00000000cd900000, 0x00000000cd900000|100%| E|CS|TAMS 0x00000000cd800000, 0x00000000cd800000| Complete 
| 217|0x00000000cd900000, 0x00000000cda00000, 0x00000000cda00000|100%| E|CS|TAMS 0x00000000cd900000, 0x00000000cd900000| Complete 
| 218|0x00000000cda00000, 0x00000000cdb00000, 0x00000000cdb00000|100%| E|CS|TAMS 0x00000000cda00000, 0x00000000cda00000| Complete 
| 219|0x00000000cdb00000, 0x00000000cdc00000, 0x00000000cdc00000|100%| E|CS|TAMS 0x00000000cdb00000, 0x00000000cdb00000| Complete 
| 220|0x00000000cdc00000, 0x00000000cdd00000, 0x00000000cdd00000|100%| E|CS|TAMS 0x00000000cdc00000, 0x00000000cdc00000| Complete 
| 221|0x00000000cdd00000, 0x00000000cde00000, 0x00000000cde00000|100%| E|CS|TAMS 0x00000000cdd00000, 0x00000000cdd00000| Complete 
| 222|0x00000000cde00000, 0x00000000cdf00000, 0x00000000cdf00000|100%| E|CS|TAMS 0x00000000cde00000, 0x00000000cde00000| Complete 
| 223|0x00000000cdf00000, 0x00000000ce000000, 0x00000000ce000000|100%| E|CS|TAMS 0x00000000cdf00000, 0x00000000cdf00000| Complete 
| 224|0x00000000ce000000, 0x00000000ce100000, 0x00000000ce100000|100%| E|CS|TAMS 0x00000000ce000000, 0x00000000ce000000| Complete 
| 225|0x00000000ce100000, 0x00000000ce200000, 0x00000000ce200000|100%| E|CS|TAMS 0x00000000ce100000, 0x00000000ce100000| Complete 
| 226|0x00000000ce200000, 0x00000000ce300000, 0x00000000ce300000|100%| E|CS|TAMS 0x00000000ce200000, 0x00000000ce200000| Complete 
| 227|0x00000000ce300000, 0x00000000ce400000, 0x00000000ce400000|100%| E|CS|TAMS 0x00000000ce300000, 0x00000000ce300000| Complete 
| 228|0x00000000ce400000, 0x00000000ce500000, 0x00000000ce500000|100%| E|CS|TAMS 0x00000000ce400000, 0x00000000ce400000| Complete 
| 229|0x00000000ce500000, 0x00000000ce600000, 0x00000000ce600000|100%| E|CS|TAMS 0x00000000ce500000, 0x00000000ce500000| Complete 

Card table byte_map: [0x0000017b3ec00000,0x0000017b3ee00000] _byte_map_base: 0x0000017b3e600000

Marking Bits (Prev, Next): (CMBitMap*) 0x0000017b3ee713e0, (CMBitMap*) 0x0000017b3ee713a0
 Prev Bits: [0x0000017b56fa0000, 0x0000017b57fa0000)
 Next Bits: [0x0000017b55fa0000, 0x0000017b56fa0000)

Polling page: 0x0000017b3ce00000

Metaspace:

Usage:
  Non-class:     28.18 MB used.
      Class:      4.16 MB used.
       Both:     32.34 MB used.

Virtual space:
  Non-class space:       64.00 MB reserved,      28.38 MB ( 44%) committed,  1 nodes.
      Class space:        1.00 GB reserved,       4.31 MB ( <1%) committed,  1 nodes.
             Both:        1.06 GB reserved,      32.69 MB (  3%) committed. 

Chunk freelists:
   Non-Class:  3.42 MB
       Class:  3.58 MB
        Both:  7.00 MB

MaxMetaspaceSize: unlimited
CompressedClassSpaceSize: 1.00 GB
Initial GC threshold: 21.00 MB
Current GC threshold: 52.19 MB
CDS: on
MetaspaceReclaimPolicy: balanced
 - commit_granule_bytes: 65536.
 - commit_granule_words: 8192.
 - virtual_space_node_default_size: 8388608.
 - enlarge_chunks_in_place: 1.
 - new_chunks_are_fully_committed: 0.
 - uncommit_free_chunks: 1.
 - use_allocation_guard: 0.


Internal statistics:

num_allocs_failed_limit: 3.
num_arena_births: 454.
num_arena_deaths: 0.
num_vsnodes_births: 2.
num_vsnodes_deaths: 0.
num_space_committed: 523.
num_space_uncommitted: 0.
num_chunks_returned_to_freelist: 3.
num_chunks_taken_from_freelist: 1509.
num_chunk_merges: 3.
num_chunk_splits: 1080.
num_chunks_enlarged: 854.
num_inconsistent_stats: 0.

CodeHeap 'non-profiled nmethods': size=120064Kb used=2678Kb max_used=2678Kb free=117385Kb
 bounds [0x0000017b4e860000, 0x0000017b4eb10000, 0x0000017b55da0000]
CodeHeap 'profiled nmethods': size=120000Kb used=12609Kb max_used=14393Kb free=107390Kb
 bounds [0x0000017b46da0000, 0x0000017b47bb0000, 0x0000017b4e2d0000]
CodeHeap 'non-nmethods': size=5696Kb used=1640Kb max_used=1720Kb free=4055Kb
 bounds [0x0000017b4e2d0000, 0x0000017b4e540000, 0x0000017b4e860000]
 total_blobs=6854 nmethods=5905 adapters=856
 compilation: enabled
              stopped_count=0, restarted_count=0
 full_count=0

Compilation events (20 events):
Event: 20.333 Thread 0x0000017b5a36be90 7019       2       javafx.scene.control.skin.VirtualFlow::addToPile (27 bytes)
Event: 20.333 Thread 0x0000017b5a36be90 nmethod 7019 0x0000017b47182a90 code [0x0000017b47182c40, 0x0000017b47182d68]
Event: 20.333 Thread 0x0000017b5a36be90 7021       2       com.sun.javafx.geom.PickRay::<init> (39 bytes)
Event: 20.333 Thread 0x0000017b5a36be90 nmethod 7021 0x0000017b476f6210 code [0x0000017b476f63c0, 0x0000017b476f6658]
Event: 20.385 Thread 0x0000017b5a36be90 7022       2       javafx.css.converter.PaintConverter$SequenceConverter::convert (50 bytes)
Event: 20.385 Thread 0x0000017b5a36be90 nmethod 7022 0x0000017b47623d90 code [0x0000017b47623f60, 0x0000017b47624348]
Event: 20.388 Thread 0x0000017b5a36be90 7023       2       com.sun.javafx.geom.Path2D$TxIterator::currentSegment (45 bytes)
Event: 20.388 Thread 0x0000017b5a36be90 nmethod 7023 0x0000017b4771ee10 code [0x0000017b4771efc0, 0x0000017b4771f1a8]
Event: 20.388 Thread 0x0000017b5a36be90 7024       2       com.sun.javafx.geom.Path2D$Iterator::next (35 bytes)
Event: 20.388 Thread 0x0000017b5a36be90 nmethod 7024 0x0000017b47735f10 code [0x0000017b477360c0, 0x0000017b47736238]
Event: 20.389 Thread 0x0000017b5a36be90 7025       2       com.sun.javafx.geom.transform.Identity::transform (24 bytes)
Event: 20.389 Thread 0x0000017b5a36be90 nmethod 7025 0x0000017b47736790 code [0x0000017b47736940, 0x0000017b47736b08]
Event: 20.395 Thread 0x0000017b5a36be90 7026       2       com.sun.javafx.geom.Vec3d::normalize (38 bytes)
Event: 20.395 Thread 0x0000017b5a36be90 nmethod 7026 0x0000017b47737010 code [0x0000017b477371e0, 0x0000017b47737348]
Event: 20.395 Thread 0x0000017b5a36be90 7027       2       com.sun.javafx.scene.input.PickResultChooser::toPickResult (41 bytes)
Event: 20.395 Thread 0x0000017b5a36be90 nmethod 7027 0x0000017b47737890 code [0x0000017b47737a40, 0x0000017b47737c48]
Event: 20.410 Thread 0x0000017b5a36be90 7028       2       com.sun.javafx.geom.transform.Affine3D::deltaTransform (126 bytes)
Event: 20.410 Thread 0x0000017b5a36be90 nmethod 7028 0x0000017b4774dc90 code [0x0000017b4774de40, 0x0000017b4774e0c8]
Event: 20.411 Thread 0x0000017b5a36be90 7029       2       com.sun.javafx.geom.transform.AffineBase::deltaTransform (204 bytes)
Event: 20.411 Thread 0x0000017b5a36be90 nmethod 7029 0x0000017b473a2d10 code [0x0000017b473a2ee0, 0x0000017b473a32e8]

GC Heap History (20 events):
Event: 0.476 GC heap before
{Heap before GC invocations=1 (full 0):
 garbage-first heap   total 65536K, used 7872K [0x00000000c0000000, 0x0000000100000000)
  region size 1024K, 8 young (8192K), 1 survivors (1024K)
 Metaspace       used 1845K, committed 2048K, reserved 1114112K
  class space    used 176K, committed 256K, reserved 1048576K
}
Event: 0.479 GC heap after
{Heap after GC invocations=2 (full 0):
 garbage-first heap   total 65536K, used 4262K [0x00000000c0000000, 0x0000000100000000)
  region size 1024K, 1 young (1024K), 1 survivors (1024K)
 Metaspace       used 1845K, committed 2048K, reserved 1114112K
  class space    used 176K, committed 256K, reserved 1048576K
}
Event: 0.884 GC heap before
{Heap before GC invocations=2 (full 0):
 garbage-first heap   total 65536K, used 13478K [0x00000000c0000000, 0x0000000100000000)
  region size 1024K, 11 young (11264K), 1 survivors (1024K)
 Metaspace       used 5316K, committed 5568K, reserved 1114112K
  class space    used 583K, committed 704K, reserved 1048576K
}
Event: 0.886 GC heap after
{Heap after GC invocations=3 (full 0):
 garbage-first heap   total 65536K, used 5222K [0x00000000c0000000, 0x0000000100000000)
  region size 1024K, 2 young (2048K), 2 survivors (2048K)
 Metaspace       used 5316K, committed 5568K, reserved 1114112K
  class space    used 583K, committed 704K, reserved 1048576K
}
Event: 4.987 GC heap before
{Heap before GC invocations=3 (full 0):
 garbage-first heap   total 65536K, used 48230K [0x00000000c0000000, 0x0000000100000000)
  region size 1024K, 38 young (38912K), 2 survivors (2048K)
 Metaspace       used 15727K, committed 16064K, reserved 1114112K
  class space    used 2273K, committed 2432K, reserved 1048576K
}
Event: 4.997 GC heap after
{Heap after GC invocations=4 (full 0):
 garbage-first heap   total 65536K, used 17116K [0x00000000c0000000, 0x0000000100000000)
  region size 1024K, 5 young (5120K), 5 survivors (5120K)
 Metaspace       used 15727K, committed 16064K, reserved 1114112K
  class space    used 2273K, committed 2432K, reserved 1048576K
}
Event: 5.454 GC heap before
{Heap before GC invocations=4 (full 0):
 garbage-first heap   total 65536K, used 30428K [0x00000000c0000000, 0x0000000100000000)
  region size 1024K, 20 young (20480K), 5 survivors (5120K)
 Metaspace       used 21191K, committed 21504K, reserved 1114112K
  class space    used 2773K, committed 2944K, reserved 1048576K
}
Event: 5.471 GC heap after
{Heap after GC invocations=5 (full 0):
 garbage-first heap   total 65536K, used 19414K [0x00000000c0000000, 0x0000000100000000)
  region size 1024K, 2 young (2048K), 2 survivors (2048K)
 Metaspace       used 21191K, committed 21504K, reserved 1114112K
  class space    used 2773K, committed 2944K, reserved 1048576K
}
Event: 7.066 GC heap before
{Heap before GC invocations=6 (full 0):
 garbage-first heap   total 105472K, used 84950K [0x00000000c0000000, 0x0000000100000000)
  region size 1024K, 28 young (28672K), 2 survivors (2048K)
 Metaspace       used 29008K, committed 29376K, reserved 1114112K
  class space    used 3823K, committed 3968K, reserved 1048576K
}
Event: 7.074 GC heap after
{Heap after GC invocations=7 (full 0):
 garbage-first heap   total 105472K, used 65093K [0x00000000c0000000, 0x0000000100000000)
  region size 1024K, 4 young (4096K), 4 survivors (4096K)
 Metaspace       used 29008K, committed 29376K, reserved 1114112K
  class space    used 3823K, committed 3968K, reserved 1048576K
}
Event: 7.114 GC heap before
{Heap before GC invocations=7 (full 0):
 garbage-first heap   total 105472K, used 66117K [0x00000000c0000000, 0x0000000100000000)
  region size 1024K, 5 young (5120K), 4 survivors (4096K)
 Metaspace       used 29114K, committed 29504K, reserved 1114112K
  class space    used 3829K, committed 4032K, reserved 1048576K
}
Event: 7.122 GC heap after
{Heap after GC invocations=8 (full 0):
 garbage-first heap   total 105472K, used 65766K [0x00000000c0000000, 0x0000000100000000)
  region size 1024K, 1 young (1024K), 1 survivors (1024K)
 Metaspace       used 29114K, committed 29504K, reserved 1114112K
  class space    used 3829K, committed 4032K, reserved 1048576K
}
Event: 7.888 GC heap before
{Heap before GC invocations=8 (full 0):
 garbage-first heap   total 105472K, used 84198K [0x00000000c0000000, 0x0000000100000000)
  region size 1024K, 19 young (19456K), 1 survivors (1024K)
 Metaspace       used 31200K, committed 31552K, reserved 1114112K
  class space    used 4199K, committed 4352K, reserved 1048576K
}
Event: 7.895 GC heap after
{Heap after GC invocations=9 (full 0):
 garbage-first heap   total 105472K, used 69625K [0x00000000c0000000, 0x0000000100000000)
  region size 1024K, 3 young (3072K), 3 survivors (3072K)
 Metaspace       used 31200K, committed 31552K, reserved 1114112K
  class space    used 4199K, committed 4352K, reserved 1048576K
}
Event: 8.358 GC heap before
{Heap before GC invocations=10 (full 0):
 garbage-first heap   total 117760K, used 82937K [0x00000000c0000000, 0x0000000100000000)
  region size 1024K, 17 young (17408K), 3 survivors (3072K)
 Metaspace       used 31557K, committed 31936K, reserved 1114112K
  class space    used 4207K, committed 4352K, reserved 1048576K
}
Event: 8.369 GC heap after
{Heap after GC invocations=11 (full 0):
 garbage-first heap   total 117760K, used 73728K [0x00000000c0000000, 0x0000000100000000)
  region size 1024K, 3 young (3072K), 3 survivors (3072K)
 Metaspace       used 31557K, committed 31936K, reserved 1114112K
  class space    used 4207K, committed 4352K, reserved 1048576K
}
Event: 8.408 GC heap before
{Heap before GC invocations=11 (full 0):
 garbage-first heap   total 117760K, used 75776K [0x00000000c0000000, 0x0000000100000000)
  region size 1024K, 5 young (5120K), 3 survivors (3072K)
 Metaspace       used 31615K, committed 32000K, reserved 1114112K
  class space    used 4208K, committed 4352K, reserved 1048576K
}
Event: 8.420 GC heap after
{Heap after GC invocations=12 (full 0):
 garbage-first heap   total 117760K, used 75053K [0x00000000c0000000, 0x0000000100000000)
  region size 1024K, 1 young (1024K), 1 survivors (1024K)
 Metaspace       used 31615K, committed 32000K, reserved 1114112K
  class space    used 4208K, committed 4352K, reserved 1048576K
}
Event: 8.731 GC heap before
{Heap before GC invocations=12 (full 0):
 garbage-first heap   total 117760K, used 92461K [0x00000000c0000000, 0x0000000100000000)
  region size 1024K, 18 young (18432K), 1 survivors (1024K)
 Metaspace       used 31738K, committed 32064K, reserved 1114112K
  class space    used 4208K, committed 4352K, reserved 1048576K
}
Event: 8.754 GC heap after
{Heap after GC invocations=13 (full 0):
 garbage-first heap   total 235520K, used 81478K [0x00000000c0000000, 0x0000000100000000)
  region size 1024K, 3 young (3072K), 3 survivors (3072K)
 Metaspace       used 31738K, committed 32064K, reserved 1114112K
  class space    used 4208K, committed 4352K, reserved 1048576K
}

Dll operation events (20 events):
Event: 0.540 Loaded shared library C:\Program Files\Java\javafx-sdk-19\bin\api-ms-win-crt-private-l1-1-0.dll
Event: 0.542 Loaded shared library C:\Program Files\Java\javafx-sdk-19\bin\api-ms-win-crt-process-l1-1-0.dll
Event: 0.543 Loaded shared library C:\Program Files\Java\javafx-sdk-19\bin\api-ms-win-crt-runtime-l1-1-0.dll
Event: 0.544 Loaded shared library C:\Program Files\Java\javafx-sdk-19\bin\api-ms-win-crt-stdio-l1-1-0.dll
Event: 0.546 Loaded shared library C:\Program Files\Java\javafx-sdk-19\bin\api-ms-win-crt-string-l1-1-0.dll
Event: 0.548 Loaded shared library C:\Program Files\Java\javafx-sdk-19\bin\api-ms-win-crt-time-l1-1-0.dll
Event: 0.549 Loaded shared library C:\Program Files\Java\javafx-sdk-19\bin\api-ms-win-crt-utility-l1-1-0.dll
Event: 0.565 Loaded shared library C:\Program Files\Java\javafx-sdk-19\bin\ucrtbase.dll
Event: 0.568 Loaded shared library C:\Program Files\Java\javafx-sdk-19\bin\vcruntime140.dll
Event: 0.573 Loaded shared library C:\Program Files\Java\javafx-sdk-19\bin\vcruntime140_1.dll
Event: 0.579 Loaded shared library C:\Program Files\Java\javafx-sdk-19\bin\msvcp140.dll
Event: 0.584 Loaded shared library C:\Program Files\Java\javafx-sdk-19\bin\msvcp140_1.dll
Event: 0.588 Loaded shared library C:\Program Files\Java\javafx-sdk-19\bin\msvcp140_2.dll
Event: 0.646 Loaded shared library C:\Program Files\Java\javafx-sdk-19\bin\prism_d3d.dll
Event: 0.683 Loaded shared library C:\Program Files\Java\javafx-sdk-19\bin\glass.dll
Event: 0.798 Loaded shared library C:\Program Files\Java\jdk-19\bin\jimage.dll
Event: 1.320 Loaded shared library C:\Program Files\Java\javafx-sdk-19\bin\javafx_font.dll
Event: 5.207 Loaded shared library C:\Program Files\Java\jdk-19\bin\management.dll
Event: 5.227 Loaded shared library C:\Program Files\Java\jdk-19\bin\management_ext.dll
Event: 6.268 Loaded shared library C:\Program Files\Java\javafx-sdk-19\bin\javafx_iio.dll

Deoptimization events (20 events):
Event: 20.171 Thread 0x0000017b5f07dea0 DEOPT PACKING pc=0x0000017b47677518 sp=0x00000056911fd230
Event: 20.171 Thread 0x0000017b5f07dea0 DEOPT UNPACKING pc=0x0000017b4e337543 sp=0x00000056911fc690 mode 0
Event: 20.174 Thread 0x0000017b5f07dea0 Uncommon trap: trap_request=0xffffff45 fr.pc=0x0000017b4eaafa80 relative=0x0000000000000b00
Event: 20.174 Thread 0x0000017b5f07dea0 Uncommon trap: reason=unstable_if action=reinterpret pc=0x0000017b4eaafa80 method=javafx.scene.Node.updateBounds()V @ 37 c2
Event: 20.174 Thread 0x0000017b5f07dea0 DEOPT PACKING pc=0x0000017b4eaafa80 sp=0x00000056911fe1f0
Event: 20.174 Thread 0x0000017b5f07dea0 DEOPT UNPACKING pc=0x0000017b4e336da3 sp=0x00000056911fe148 mode 2
Event: 20.182 Thread 0x0000017b5ec0bdf0 Uncommon trap: trap_request=0xffffff45 fr.pc=0x0000017b4eae3714 relative=0x0000000000000154
Event: 20.183 Thread 0x0000017b5ec0bdf0 Uncommon trap: reason=unstable_if action=reinterpret pc=0x0000017b4eae3714 method=com.sun.javafx.geom.transform.AffineBase.translate(DD)V @ 4 c2
Event: 20.183 Thread 0x0000017b5ec0bdf0 DEOPT PACKING pc=0x0000017b4eae3714 sp=0x0000005690ffdb70
Event: 20.183 Thread 0x0000017b5ec0bdf0 DEOPT UNPACKING pc=0x0000017b4e336da3 sp=0x0000005690ffdb20 mode 2
Event: 20.183 Thread 0x0000017b5ec0bdf0 Uncommon trap: trap_request=0xffffff45 fr.pc=0x0000017b4ea90724 relative=0x0000000000002704
Event: 20.183 Thread 0x0000017b5ec0bdf0 Uncommon trap: reason=unstable_if action=reinterpret pc=0x0000017b4ea90724 method=com.sun.marlin.Renderer._endRendering(IILcom/sun/marlin/MarlinAlphaConsumer;)V @ 1092 c2
Event: 20.183 Thread 0x0000017b5ec0bdf0 DEOPT PACKING pc=0x0000017b4ea90724 sp=0x0000005690ffd7c0
Event: 20.183 Thread 0x0000017b5ec0bdf0 DEOPT UNPACKING pc=0x0000017b4e336da3 sp=0x0000005690ffd610 mode 2
Event: 20.241 Thread 0x0000017b5f07dea0 DEOPT PACKING pc=0x0000017b47677518 sp=0x00000056911fdba0
Event: 20.241 Thread 0x0000017b5f07dea0 DEOPT UNPACKING pc=0x0000017b4e337543 sp=0x00000056911fd000 mode 0
Event: 20.281 Thread 0x0000017b5f07dea0 DEOPT PACKING pc=0x0000017b478b156c sp=0x00000056911fda00
Event: 20.281 Thread 0x0000017b5f07dea0 DEOPT UNPACKING pc=0x0000017b4e337543 sp=0x00000056911fce98 mode 0
Event: 20.388 Thread 0x0000017b5ec0bdf0 DEOPT PACKING pc=0x0000017b46e4a35a sp=0x0000005690ffd830
Event: 20.388 Thread 0x0000017b5ec0bdf0 DEOPT UNPACKING pc=0x0000017b4e337543 sp=0x0000005690ffcc68 mode 0

Classes loaded (20 events):
Event: 13.216 Loading class sun/util/locale/provider/BreakIteratorProviderImpl
Event: 13.216 Loading class sun/util/locale/provider/BreakIteratorProviderImpl done
Event: 13.218 Loading class sun/text/resources/BreakIteratorInfo
Event: 13.218 Loading class sun/text/resources/BreakIteratorInfo done
Event: 13.219 Loading class sun/text/resources/BreakIteratorResources
Event: 13.219 Loading class sun/util/resources/BreakIteratorResourceBundle
Event: 13.219 Loading class sun/util/resources/BreakIteratorResourceBundle done
Event: 13.220 Loading class sun/text/resources/BreakIteratorResources done
Event: 13.220 Loading class sun/text/resources/BreakIteratorResources_en
Event: 13.220 Loading class sun/text/resources/BreakIteratorResources_en done
Event: 13.220 Loading class sun/text/resources/BreakIteratorResources_en_US
Event: 13.220 Loading class sun/text/resources/BreakIteratorResources_en_US done
Event: 13.221 Loading class sun/text/RuleBasedBreakIterator
Event: 13.222 Loading class sun/text/RuleBasedBreakIterator done
Event: 13.222 Loading class sun/text/CompactByteArray
Event: 13.222 Loading class sun/text/CompactByteArray done
Event: 13.222 Loading class sun/text/SupplementaryCharacterData
Event: 13.222 Loading class sun/text/SupplementaryCharacterData done
Event: 13.223 Loading class java/text/BreakIterator$BreakIteratorCache
Event: 13.223 Loading class java/text/BreakIterator$BreakIteratorCache done

Classes unloaded (0 events):
No events

Classes redefined (0 events):
No events

Internal exceptions (20 events):
Event: 6.138 Thread 0x0000017b5f07dea0 Exception <a 'java/lang/NoSuchMethodError'{0x00000000c2e9fb48}: 'java.lang.Object java.lang.invoke.DelegatingMethodHandle$Holder.reinvoke_L(java.lang.Object, double, double, double, double)'> (0x00000000c2e9fb48) 
thrown [s\open\src\hotspot\share\interpreter\linkResolver.cpp, line 774]
Event: 6.139 Thread 0x0000017b5f07dea0 Exception <a 'java/lang/NoSuchMethodError'{0x00000000c2eab040}: 'java.lang.Object java.lang.invoke.DirectMethodHandle$Holder.invokeStatic(java.lang.Object, java.lang.Object, int)'> (0x00000000c2eab040) 
thrown [s\open\src\hotspot\share\interpreter\linkResolver.cpp, line 774]
Event: 6.139 Thread 0x0000017b5f07dea0 Exception <a 'java/lang/NoSuchMethodError'{0x00000000c2eaf028}: 'void java.lang.invoke.DirectMethodHandle$Holder.invokeStatic(java.lang.Object, java.lang.Object, int, java.lang.Object)'> (0x00000000c2eaf028) 
thrown [s\open\src\hotspot\share\interpreter\linkResolver.cpp, line 774]
Event: 6.139 Thread 0x0000017b5f07dea0 Exception <a 'java/lang/NoSuchMethodError'{0x00000000c2eb62f0}: 'void java.lang.invoke.DelegatingMethodHandle$Holder.delegate(java.lang.Object, java.lang.Object, int, java.lang.Object)'> (0x00000000c2eb62f0) 
thrown [s\open\src\hotspot\share\interpreter\linkResolver.cpp, line 774]
Event: 6.207 Thread 0x0000017b5f07dea0 Exception <a 'java/lang/NoSuchMethodError'{0x00000000c2c8efc0}: 'java.lang.Object java.lang.invoke.DirectMethodHandle$Holder.newInvokeSpecial(java.lang.Object, double)'> (0x00000000c2c8efc0) 
thrown [s\open\src\hotspot\share\interpreter\linkResolver.cpp, line 774]
Event: 7.105 Thread 0x0000017b5f07dea0 Exception <a 'java/lang/NoSuchMethodError'{0x00000000c3fe0e48}: 'java.lang.Object java.lang.invoke.DirectMethodHandle$Holder.newInvokeSpecial(java.lang.Object, java.lang.Object, int, int)'> (0x00000000c3fe0e48) 
thrown [s\open\src\hotspot\share\interpreter\linkResolver.cpp, line 774]
Event: 7.105 Thread 0x0000017b5f07dea0 Exception <a 'java/lang/NoSuchMethodError'{0x00000000c3fe5300}: 'java.lang.Object java.lang.invoke.DirectMethodHandle$Holder.invokeSpecial(java.lang.Object, java.lang.Object, java.lang.Object, int, int)'> (0x00000000c3fe5300) 
thrown [s\open\src\hotspot\share\interpreter\linkResolver.cpp, line 774]
Event: 7.153 Thread 0x0000017b5f07dea0 Implicit null exception at 0x0000017b4e9a5d80 to 0x0000017b4e9a66f0
Event: 7.153 Thread 0x0000017b5f07dea0 Implicit null exception at 0x0000017b4e9b2fd7 to 0x0000017b4e9b32c4
Event: 7.485 Thread 0x0000017b5f07dea0 Exception <a 'java/io/FileNotFoundException'{0x00000000c3cde930}> (0x00000000c3cde930) 
thrown [s\open\src\hotspot\share\prims\jni.cpp, line 517]
Event: 7.501 Thread 0x0000017b5f07dea0 Exception <a 'java/io/FileNotFoundException'{0x00000000c3b1f138}> (0x00000000c3b1f138) 
thrown [s\open\src\hotspot\share\prims\jni.cpp, line 517]
Event: 7.609 Thread 0x0000017b5f07dea0 Exception <a 'java/lang/NoSuchMethodError'{0x00000000c3734f60}: 'void java.lang.invoke.DirectMethodHandle$Holder.invokeSpecialIFC(java.lang.Object, java.lang.Object, java.lang.Object, java.lang.Object)'> (0x00000000c3734f60) 
thrown [s\open\src\hotspot\share\interpreter\linkResolver.cpp, line 774]
Event: 7.767 Thread 0x0000017b5f07dea0 Implicit null exception at 0x0000017b4e9ebd64 to 0x0000017b4e9ec4e8
Event: 8.345 Thread 0x0000017b5f07dea0 Exception <a 'java/io/FileNotFoundException'{0x00000000c3e81ea0}> (0x00000000c3e81ea0) 
thrown [s\open\src\hotspot\share\prims\jni.cpp, line 517]
Event: 8.345 Thread 0x0000017b5f07dea0 Exception <a 'java/io/FileNotFoundException'{0x00000000c3e83d10}> (0x00000000c3e83d10) 
thrown [s\open\src\hotspot\share\prims\jni.cpp, line 517]
Event: 8.352 Thread 0x0000017b5f07dea0 Exception <a 'java/io/FileNotFoundException'{0x00000000c3e91958}> (0x00000000c3e91958) 
thrown [s\open\src\hotspot\share\prims\jni.cpp, line 517]
Event: 8.352 Thread 0x0000017b5f07dea0 Exception <a 'java/io/FileNotFoundException'{0x00000000c3e93238}> (0x00000000c3e93238) 
thrown [s\open\src\hotspot\share\prims\jni.cpp, line 517]
Event: 9.365 Thread 0x0000017b5ec0bdf0 Exception <a 'java/lang/NoSuchMethodError'{0x00000000cc9426f0}: 'java.lang.Object java.lang.invoke.DirectMethodHandle$Holder.invokeStaticInit(java.lang.Object, int)'> (0x00000000cc9426f0) 
thrown [s\open\src\hotspot\share\interpreter\linkResolver.cpp, line 774]
Event: 14.947 Thread 0x0000017b5f07dea0 Implicit null exception at 0x0000017b4eaa3056 to 0x0000017b4eaa5b28
Event: 14.947 Thread 0x0000017b5f07dea0 Implicit null exception at 0x0000017b4eaaf0cd to 0x0000017b4eaafa78

VM Operations (20 events):
Event: 14.252 Executing VM operation: Cleanup
Event: 14.252 Executing VM operation: Cleanup done
Event: 15.252 Executing VM operation: Cleanup
Event: 15.252 Executing VM operation: Cleanup done
Event: 16.253 Executing VM operation: Cleanup
Event: 16.253 Executing VM operation: Cleanup done
Event: 17.254 Executing VM operation: Cleanup
Event: 17.254 Executing VM operation: Cleanup done
Event: 17.866 Executing VM operation: HandshakeAllThreads
Event: 17.866 Executing VM operation: HandshakeAllThreads done
Event: 17.875 Executing VM operation: ICBufferFull
Event: 17.878 Executing VM operation: ICBufferFull done
Event: 17.881 Executing VM operation: HandshakeAllThreads
Event: 17.900 Executing VM operation: HandshakeAllThreads done
Event: 17.940 Executing VM operation: HandshakeAllThreads
Event: 17.940 Executing VM operation: HandshakeAllThreads done
Event: 18.943 Executing VM operation: Cleanup
Event: 18.943 Executing VM operation: Cleanup done
Event: 19.943 Executing VM operation: Cleanup
Event: 19.943 Executing VM operation: Cleanup done

Events (20 events):
Event: 17.949 Thread 0x0000017b5a392850 flushing nmethod 0x0000017b47932490
Event: 17.949 Thread 0x0000017b5a392850 flushing nmethod 0x0000017b47933190
Event: 17.949 Thread 0x0000017b5a392850 flushing nmethod 0x0000017b4793c810
Event: 17.949 Thread 0x0000017b5a392850 flushing nmethod 0x0000017b4793fa90
Event: 17.949 Thread 0x0000017b5a392850 flushing nmethod 0x0000017b47953790
Event: 17.949 Thread 0x0000017b5a392850 flushing nmethod 0x0000017b4799a190
Event: 17.949 Thread 0x0000017b5a392850 flushing nmethod 0x0000017b479a9310
Event: 17.949 Thread 0x0000017b5a392850 flushing nmethod 0x0000017b479aa410
Event: 17.949 Thread 0x0000017b5a392850 flushing nmethod 0x0000017b479b2610
Event: 17.949 Thread 0x0000017b5a392850 flushing nmethod 0x0000017b479b6410
Event: 17.949 Thread 0x0000017b5a392850 flushing nmethod 0x0000017b479be090
Event: 17.949 Thread 0x0000017b5a392850 flushing nmethod 0x0000017b479de110
Event: 17.949 Thread 0x0000017b5a392850 flushing nmethod 0x0000017b479df610
Event: 17.949 Thread 0x0000017b5a392850 flushing nmethod 0x0000017b479e2d10
Event: 17.949 Thread 0x0000017b5a392850 flushing nmethod 0x0000017b47a14e10
Event: 17.949 Thread 0x0000017b5a392850 flushing nmethod 0x0000017b47a15290
Event: 17.949 Thread 0x0000017b5a392850 flushing nmethod 0x0000017b47aab510
Event: 17.950 Thread 0x0000017b5a392850 flushing nmethod 0x0000017b47affc90
Event: 17.950 Thread 0x0000017b5a392850 flushing nmethod 0x0000017b47b03290
Event: 17.950 Thread 0x0000017b5a392850 flushing nmethod 0x0000017b47b06490


Dynamic libraries:
0x00007ff6c6ef0000 - 0x00007ff6c6f00000 	C:\Program Files\Java\jdk-19\bin\java.exe
0x00007ff802750000 - 0x00007ff802948000 	C:\Windows\SYSTEM32\ntdll.dll
0x00007ff8007a0000 - 0x00007ff80085f000 	C:\Windows\System32\KERNEL32.DLL
0x00007fffffd10000 - 0x00007ffffffe2000 	C:\Windows\System32\KERNELBASE.dll
0x00007ff8001e0000 - 0x00007ff8002e0000 	C:\Windows\System32\ucrtbase.dll
0x00007fffe5bb0000 - 0x00007fffe5bc8000 	C:\Program Files\Java\jdk-19\bin\jli.dll
0x00007ff8024b0000 - 0x00007ff80255e000 	C:\Windows\System32\ADVAPI32.dll
0x00007ff802330000 - 0x00007ff8023ce000 	C:\Windows\System32\msvcrt.dll
0x00007ff801010000 - 0x00007ff8010ac000 	C:\Windows\System32\sechost.dll
0x00007ff8011e0000 - 0x00007ff801305000 	C:\Windows\System32\RPCRT4.dll
0x00007ff802570000 - 0x00007ff80270d000 	C:\Windows\System32\USER32.dll
0x00007fffe4e90000 - 0x00007fffe4eab000 	C:\Program Files\Java\jdk-19\bin\VCRUNTIME140.dll
0x00007ff800160000 - 0x00007ff800182000 	C:\Windows\System32\win32u.dll
0x00007ff801310000 - 0x00007ff80133b000 	C:\Windows\System32\GDI32.dll
0x00007ff800380000 - 0x00007ff80048f000 	C:\Windows\System32\gdi32full.dll
0x00007ff8002e0000 - 0x00007ff80037d000 	C:\Windows\System32\msvcp_win.dll
0x00007fffde700000 - 0x00007fffde99a000 	C:\Windows\WinSxS\amd64_microsoft.windows.common-controls_6595b64144ccf1df_6.0.19041.1110_none_60b5254171f9507e\COMCTL32.dll
0x00007ffff84c0000 - 0x00007ffff84ca000 	C:\Windows\SYSTEM32\VERSION.dll
0x00007ff801340000 - 0x00007ff801372000 	C:\Windows\System32\IMM32.DLL
0x00007ffffb950000 - 0x00007ffffb95c000 	C:\Program Files\Java\jdk-19\bin\vcruntime140_1.dll
0x00007fffd6bd0000 - 0x00007fffd6c5e000 	C:\Program Files\Java\jdk-19\bin\msvcp140.dll
0x00007fffa7f20000 - 0x00007fffa8be0000 	C:\Program Files\Java\jdk-19\bin\server\jvm.dll
0x00007ffff0e90000 - 0x00007ffff0e99000 	C:\Windows\SYSTEM32\WSOCK32.dll
0x00007ffff84d0000 - 0x00007ffff84f7000 	C:\Windows\SYSTEM32\WINMM.dll
0x00007ff801170000 - 0x00007ff8011db000 	C:\Windows\System32\WS2_32.dll
0x00007ffffdc40000 - 0x00007ffffdc52000 	C:\Windows\SYSTEM32\kernel.appcore.dll
0x00007fffe6090000 - 0x00007fffe609a000 	C:\Program Files\Java\jdk-19\bin\jimage.dll
0x00007ffff82d0000 - 0x00007ffff84b4000 	C:\Windows\SYSTEM32\DBGHELP.DLL
0x00007ffff82a0000 - 0x00007ffff82cc000 	C:\Windows\SYSTEM32\dbgcore.DLL
0x00007ff800660000 - 0x00007ff8006e2000 	C:\Windows\System32\bcryptPrimitives.dll
0x00007fffe5d90000 - 0x00007fffe5d9e000 	C:\Program Files\Java\jdk-19\bin\instrument.dll
0x00007fffe4e60000 - 0x00007fffe4e86000 	C:\Program Files\Java\jdk-19\bin\java.dll
0x00007fffd1c00000 - 0x00007fffd1cd7000 	C:\Program Files\Java\jdk-19\bin\jsvml.dll
0x00007ff8014b0000 - 0x00007ff801bf3000 	C:\Windows\System32\SHELL32.dll
0x00007ffffdf20000 - 0x00007ffffe6b2000 	C:\Windows\SYSTEM32\windows.storage.dll
0x00007ff800cb0000 - 0x00007ff801004000 	C:\Windows\System32\combase.dll
0x00007fffff7c0000 - 0x00007fffff7f0000 	C:\Windows\SYSTEM32\Wldp.dll
0x00007ff8010b0000 - 0x00007ff80115d000 	C:\Windows\System32\SHCORE.dll
0x00007ff800aa0000 - 0x00007ff800af5000 	C:\Windows\System32\shlwapi.dll
0x00007ff800070000 - 0x00007ff80008f000 	C:\Windows\SYSTEM32\profapi.dll
0x00007fffe4e40000 - 0x00007fffe4e53000 	C:\Program Files\Java\jdk-19\bin\net.dll
0x00007ffff6d10000 - 0x00007ffff6e1c000 	C:\Windows\SYSTEM32\WINHTTP.dll
0x00007fffff520000 - 0x00007fffff58a000 	C:\Windows\system32\mswsock.dll
0x00007fffe4bf0000 - 0x00007fffe4c06000 	C:\Program Files\Java\jdk-19\bin\nio.dll
0x00007fffe4b90000 - 0x00007fffe4ba8000 	C:\Program Files\Java\jdk-19\bin\zip.dll
0x00007fffe4670000 - 0x00007fffe468a000 	C:\Program Files\JetBrains\IntelliJ IDEA 2022.3\bin\breakgen64.dll
0x00007fffe5b70000 - 0x00007fffe5b78000 	C:\Program Files\Java\jdk-19\bin\extnet.dll
0x0000017b5a3f0000 - 0x0000017b5a3f3000 	C:\Program Files\Java\javafx-sdk-19\bin\api-ms-win-core-console-l1-1-0.dll
0x0000017b600d0000 - 0x0000017b600d3000 	C:\Program Files\Java\javafx-sdk-19\bin\api-ms-win-core-console-l1-2-0.dll
0x0000017b600e0000 - 0x0000017b600e3000 	C:\Program Files\Java\javafx-sdk-19\bin\api-ms-win-core-datetime-l1-1-0.dll
0x0000017b600f0000 - 0x0000017b600f3000 	C:\Program Files\Java\javafx-sdk-19\bin\api-ms-win-core-debug-l1-1-0.dll
0x0000017b60100000 - 0x0000017b60103000 	C:\Program Files\Java\javafx-sdk-19\bin\api-ms-win-core-errorhandling-l1-1-0.dll
0x0000017b60110000 - 0x0000017b60114000 	C:\Program Files\Java\javafx-sdk-19\bin\api-ms-win-core-file-l1-1-0.dll
0x0000017b60120000 - 0x0000017b60123000 	C:\Program Files\Java\javafx-sdk-19\bin\api-ms-win-core-file-l1-2-0.dll
0x0000017b60130000 - 0x0000017b60133000 	C:\Program Files\Java\javafx-sdk-19\bin\api-ms-win-core-file-l2-1-0.dll
0x0000017b60140000 - 0x0000017b60143000 	C:\Program Files\Java\javafx-sdk-19\bin\api-ms-win-core-handle-l1-1-0.dll
0x0000017b60150000 - 0x0000017b60153000 	C:\Program Files\Java\javafx-sdk-19\bin\api-ms-win-core-heap-l1-1-0.dll
0x0000017b60160000 - 0x0000017b60163000 	C:\Program Files\Java\javafx-sdk-19\bin\api-ms-win-core-interlocked-l1-1-0.dll
0x0000017b60170000 - 0x0000017b60173000 	C:\Program Files\Java\javafx-sdk-19\bin\api-ms-win-core-libraryloader-l1-1-0.dll
0x0000017b60180000 - 0x0000017b60183000 	C:\Program Files\Java\javafx-sdk-19\bin\api-ms-win-core-localization-l1-2-0.dll
0x0000017b60190000 - 0x0000017b60193000 	C:\Program Files\Java\javafx-sdk-19\bin\api-ms-win-core-memory-l1-1-0.dll
0x0000017b601a0000 - 0x0000017b601a3000 	C:\Program Files\Java\javafx-sdk-19\bin\api-ms-win-core-namedpipe-l1-1-0.dll
0x0000017b601b0000 - 0x0000017b601b3000 	C:\Program Files\Java\javafx-sdk-19\bin\api-ms-win-core-processenvironment-l1-1-0.dll
0x0000017b601c0000 - 0x0000017b601c3000 	C:\Program Files\Java\javafx-sdk-19\bin\api-ms-win-core-processthreads-l1-1-0.dll
0x0000017b601d0000 - 0x0000017b601d3000 	C:\Program Files\Java\javafx-sdk-19\bin\api-ms-win-core-processthreads-l1-1-1.dll
0x0000017b601e0000 - 0x0000017b601e3000 	C:\Program Files\Java\javafx-sdk-19\bin\api-ms-win-core-profile-l1-1-0.dll
0x0000017b601f0000 - 0x0000017b601f3000 	C:\Program Files\Java\javafx-sdk-19\bin\api-ms-win-core-rtlsupport-l1-1-0.dll
0x0000017b60200000 - 0x0000017b60203000 	C:\Program Files\Java\javafx-sdk-19\bin\api-ms-win-core-string-l1-1-0.dll
0x0000017b60210000 - 0x0000017b60213000 	C:\Program Files\Java\javafx-sdk-19\bin\api-ms-win-core-synch-l1-1-0.dll
0x0000017b60220000 - 0x0000017b60223000 	C:\Program Files\Java\javafx-sdk-19\bin\api-ms-win-core-synch-l1-2-0.dll
0x0000017b60230000 - 0x0000017b60233000 	C:\Program Files\Java\javafx-sdk-19\bin\api-ms-win-core-sysinfo-l1-1-0.dll
0x0000017b60240000 - 0x0000017b60243000 	C:\Program Files\Java\javafx-sdk-19\bin\api-ms-win-core-timezone-l1-1-0.dll
0x0000017b60250000 - 0x0000017b60253000 	C:\Program Files\Java\javafx-sdk-19\bin\api-ms-win-core-util-l1-1-0.dll
0x0000017b60260000 - 0x0000017b60263000 	C:\Program Files\Java\javafx-sdk-19\bin\api-ms-win-crt-conio-l1-1-0.dll
0x0000017b60270000 - 0x0000017b60274000 	C:\Program Files\Java\javafx-sdk-19\bin\api-ms-win-crt-convert-l1-1-0.dll
0x0000017b60280000 - 0x0000017b60283000 	C:\Program Files\Java\javafx-sdk-19\bin\api-ms-win-crt-environment-l1-1-0.dll
0x0000017b60290000 - 0x0000017b60293000 	C:\Program Files\Java\javafx-sdk-19\bin\api-ms-win-crt-filesystem-l1-1-0.dll
0x0000017b602a0000 - 0x0000017b602a3000 	C:\Program Files\Java\javafx-sdk-19\bin\api-ms-win-crt-heap-l1-1-0.dll
0x0000017b602b0000 - 0x0000017b602b3000 	C:\Program Files\Java\javafx-sdk-19\bin\api-ms-win-crt-locale-l1-1-0.dll
0x0000017b602c0000 - 0x0000017b602c5000 	C:\Program Files\Java\javafx-sdk-19\bin\api-ms-win-crt-math-l1-1-0.dll
0x0000017b602d0000 - 0x0000017b602d5000 	C:\Program Files\Java\javafx-sdk-19\bin\api-ms-win-crt-multibyte-l1-1-0.dll
0x0000017b602e0000 - 0x0000017b602f0000 	C:\Program Files\Java\javafx-sdk-19\bin\api-ms-win-crt-private-l1-1-0.dll
0x0000017b602f0000 - 0x0000017b602f3000 	C:\Program Files\Java\javafx-sdk-19\bin\api-ms-win-crt-process-l1-1-0.dll
0x0000017b60300000 - 0x0000017b60304000 	C:\Program Files\Java\javafx-sdk-19\bin\api-ms-win-crt-runtime-l1-1-0.dll
0x0000017b60310000 - 0x0000017b60314000 	C:\Program Files\Java\javafx-sdk-19\bin\api-ms-win-crt-stdio-l1-1-0.dll
0x0000017b60320000 - 0x0000017b60324000 	C:\Program Files\Java\javafx-sdk-19\bin\api-ms-win-crt-string-l1-1-0.dll
0x0000017b60330000 - 0x0000017b60333000 	C:\Program Files\Java\javafx-sdk-19\bin\api-ms-win-crt-time-l1-1-0.dll
0x0000017b60340000 - 0x0000017b60343000 	C:\Program Files\Java\javafx-sdk-19\bin\api-ms-win-crt-utility-l1-1-0.dll
0x00007fffd1990000 - 0x00007fffd1a8c000 	C:\Program Files\Java\javafx-sdk-19\bin\ucrtbase.dll
0x00007fffe4650000 - 0x00007fffe466b000 	C:\Program Files\Java\javafx-sdk-19\bin\vcruntime140.dll
0x00007fffe5ae0000 - 0x00007fffe5aec000 	C:\Program Files\Java\javafx-sdk-19\bin\vcruntime140_1.dll
0x00007fffd1900000 - 0x00007fffd198e000 	C:\Program Files\Java\javafx-sdk-19\bin\msvcp140.dll
0x00007fffe5760000 - 0x00007fffe5769000 	C:\Program Files\Java\javafx-sdk-19\bin\msvcp140_1.dll
0x00007fffe4620000 - 0x00007fffe4650000 	C:\Program Files\Java\javafx-sdk-19\bin\msvcp140_2.dll
0x00007fffe42b0000 - 0x00007fffe42dc000 	C:\Program Files\Java\javafx-sdk-19\bin\prism_d3d.dll
0x00007fffdd620000 - 0x00007fffdd7ef000 	C:\Windows\system32\d3d9.dll
0x00007ffffdc10000 - 0x00007ffffdc3f000 	C:\Windows\SYSTEM32\dwmapi.dll
0x00007ffffd850000 - 0x00007ffffd8ee000 	C:\Windows\system32\uxtheme.dll
0x00007ffff8690000 - 0x00007ffff86a9000 	C:\Windows\SYSTEM32\vm3dum64_loader.dll
0x00007ff801380000 - 0x00007ff8014aa000 	C:\Windows\System32\ole32.dll
0x00007fffff710000 - 0x00007fffff71c000 	C:\Windows\SYSTEM32\CRYPTBASE.DLL
0x00007fffe4eb0000 - 0x00007fffe4f20000 	C:\Windows\system32\vm3dum64.dll
0x00007fffe4040000 - 0x00007fffe4082000 	C:\Program Files\Java\javafx-sdk-19\bin\glass.dll
0x00007ff8023d0000 - 0x00007ff8024aa000 	C:\Windows\System32\COMDLG32.dll
0x00007ff800860000 - 0x00007ff80092d000 	C:\Windows\System32\OLEAUT32.dll
0x00007ff801d80000 - 0x00007ff801e95000 	C:\Windows\System32\MSCTF.dll
0x00007fffe43e0000 - 0x00007fffe43f4000 	C:\Program Files\Java\javafx-sdk-19\bin\javafx_font.dll
0x00007ffff46c0000 - 0x00007ffff493f000 	C:\Windows\SYSTEM32\dwrite.dll
0x00007ff800990000 - 0x00007ff800a3f000 	C:\Windows\System32\clbcatq.dll
0x00007ffffa3d0000 - 0x00007ffffa584000 	C:\Windows\SYSTEM32\WindowsCodecs.dll
0x00007ff800130000 - 0x00007ff800157000 	C:\Windows\System32\bcrypt.dll
0x00007fffda560000 - 0x00007fffda59e000 	C:\Windows\system32\dataexchange.dll
0x00007ffffca10000 - 0x00007ffffcbf3000 	C:\Windows\system32\dcomp.dll
0x00007ffffc140000 - 0x00007ffffc3a3000 	C:\Windows\system32\d3d11.dll
0x00007ffffe700000 - 0x00007ffffe7f3000 	C:\Windows\system32\dxgi.dll
0x00007ffffa630000 - 0x00007ffffa830000 	C:\Windows\system32\twinapi.appcore.dll
0x00007fffe56f0000 - 0x00007fffe5724000 	C:\Program Files\Common Files\Microsoft Shared\Ink\rtscom.dll
0x00007ffff78c0000 - 0x00007ffff79b9000 	C:\Windows\SYSTEM32\textinputframework.dll
0x00007ffffd0d0000 - 0x00007ffffd42e000 	C:\Windows\System32\CoreUIComponents.dll
0x00007ffffd430000 - 0x00007ffffd522000 	C:\Windows\System32\CoreMessaging.dll
0x00007ffffef60000 - 0x00007ffffef93000 	C:\Windows\SYSTEM32\ntmarta.dll
0x00007ffffc8b0000 - 0x00007ffffca04000 	C:\Windows\SYSTEM32\wintypes.dll
0x00007fffde090000 - 0x00007fffde0f6000 	C:\Windows\system32\Oleacc.dll
0x00007fffe4b80000 - 0x00007fffe4b8a000 	C:\Program Files\Java\jdk-19\bin\management.dll
0x00007fffe42a0000 - 0x00007fffe42ab000 	C:\Program Files\Java\jdk-19\bin\management_ext.dll
0x00007ff802560000 - 0x00007ff802568000 	C:\Windows\System32\PSAPI.DLL
0x00007fffff720000 - 0x00007fffff738000 	C:\Windows\SYSTEM32\CRYPTSP.dll
0x00007ffffee40000 - 0x00007ffffee74000 	C:\Windows\system32\rsaenh.dll

dbghelp: loaded successfully - version: 4.0.5 - missing functions: none
symbol engine: initialized successfully - sym options: 0x614 - pdb path: .;C:\Program Files\Java\jdk-19\bin;C:\Windows\SYSTEM32;C:\Windows\WinSxS\amd64_microsoft.windows.common-controls_6595b64144ccf1df_6.0.19041.1110_none_60b5254171f9507e;C:\Program Files\Java\jdk-19\bin\server;C:\Program Files\JetBrains\IntelliJ IDEA 2022.3\bin;C:\Program Files\Java\javafx-sdk-19\bin;C:\Program Files\Common Files\Microsoft Shared\Ink

VM Arguments:
jvm_args: --module-path=C:\Program Files\Java\javafx-sdk-19\lib --add-modules=javafx.controls,javafx.fxml -javaagent:C:\Program Files\JetBrains\IntelliJ IDEA 2022.3\lib\idea_rt.jar=61015:C:\Program Files\JetBrains\IntelliJ IDEA 2022.3\bin -Dfile.encoding=UTF-8 -Dsun.stdout.encoding=UTF-8 -Dsun.stderr.encoding=UTF-8 
java_command: com.example.projectfx.HelloApplication
java_class_path (initial): C:\Users\MohammadRehan\IdeaProjects\ProjectFX\target\classes;C:\Program Files\Java\javafx-sdk-19\lib\javafx-swt.jar;C:\Program Files\Java\javafx-sdk-19\lib\javafx.web.jar;C:\Program Files\Java\javafx-sdk-19\lib\javafx.base.jar;C:\Program Files\Java\javafx-sdk-19\lib\javafx.fxml.jar;C:\Program Files\Java\javafx-sdk-19\lib\javafx.media.jar;C:\Program Files\Java\javafx-sdk-19\lib\javafx.swing.jar;C:\Program Files\Java\javafx-sdk-19\lib\javafx.controls.jar;C:\Program Files\Java\javafx-sdk-19\lib\javafx.graphics.jar;C:\Users\MohammadRehan\IdeaProjects\ProjectFX\lib\ojdbc11-21.7.0.0.jar;C:\Users\MohammadRehan\IdeaProjects\ProjectFX\lib\spring-jdbc-5.3.24.jar;C:\Users\MohammadRehan\IdeaProjects\ProjectFX\lib\spring-beans-5.3.24.jar;C:\Users\MohammadRehan\IdeaProjects\ProjectFX\lib\spring-core-5.3.24.jar;C:\Users\MohammadRehan\IdeaProjects\ProjectFX\lib\spring-jcl-5.3.24.jar;C:\Users\MohammadRehan\IdeaProjects\ProjectFX\lib\spring-tx-5.3.24.jar;C:\Users\MohammadRehan\IdeaProjects\ProjectFX\lib\AnimateFX-1.2.3.jar;C:\Users\MohammadRehan\IdeaProjects\ProjectFX\lib\jasperreports-6.20.0.jar;C:\Users\MohammadRehan\IdeaProjects\ProjectFX\lib\commons-beanutils-1.9.4.jar;C:\Users\MohammadRehan\IdeaProjects\ProjectFX\lib\commons-collections-3.2.2.jar;C:\Users\MohammadRehan\IdeaProjects\ProjectFX\lib\commons-digester-2.1.jar;C:\Users\MohammadRehan\IdeaProjects\ProjectFX\lib\commons-logging-1.1.1.jar;C:\Users\MohammadRehan\IdeaProjects\ProjectFX\lib\commons-collections4-4.2.jar;C:\Users\MohammadRehan\IdeaProjects\ProjectFX\lib\itext-2.1.7.js10.jar;C:\Users\MohammadRehan\IdeaProjects\ProjectFX\lib\bcprov-jdk15on-1.70.jar;C:\Users\MohammadRehan\IdeaProjects\ProjectFX\lib\bcutil-jdk15on-1.70.jar;C:\Users\MohammadRehan\IdeaProjects\ProjectFX\lib\jcommon-1.0.23.jar;C:\Users\MohammadRehan\IdeaProjects\ProjectFX\lib\jfreechart-1.0.19.jar;C:\Users\MohammadRehan\IdeaProjects\ProjectFX\lib\ecj-3.21.0.jar;C:\Users\MohammadRehan\IdeaProjects\ProjectFX\lib\jackson-core-2.13.3.jar;C:\Users\MohammadRehan\IdeaProjects\ProjectFX\lib\jackson-databind-2.13.3.jar;C:\Users\MohammadRehan\IdeaProjects\ProjectFX\lib\jackson-annotations-2.13.3.jar;C:\Users\MohammadRehan\IdeaProjects\ProjectFX\lib\jackson-dataformat-xml-2.13.3.jar;C:\Users\MohammadRehan\IdeaProjects\ProjectFX\lib\stax2-api-4.2.1.jar;C:\Users\MohammadRehan\IdeaProjects\ProjectFX\lib\woodstox-core-6.2.7.jar
Launcher Type: SUN_STANDARD

[Global flags]
     intx CICompilerCount                          = 2                                         {product} {ergonomic}
     uint ConcGCThreads                            = 1                                         {product} {ergonomic}
     uint G1ConcRefinementThreads                  = 2                                         {product} {ergonomic}
   size_t G1HeapRegionSize                         = 1048576                                   {product} {ergonomic}
    uintx GCDrainStackTargetSize                   = 64                                        {product} {ergonomic}
   size_t InitialHeapSize                          = 67108864                                  {product} {ergonomic}
   size_t MarkStackSize                            = 4194304                                   {product} {ergonomic}
   size_t MaxHeapSize                              = 1073741824                                {product} {ergonomic}
   size_t MaxNewSize                               = 643825664                                 {product} {ergonomic}
   size_t MinHeapDeltaBytes                        = 1048576                                   {product} {ergonomic}
   size_t MinHeapSize                              = 8388608                                   {product} {ergonomic}
    uintx NonNMethodCodeHeapSize                   = 5826188                                {pd product} {ergonomic}
    uintx NonProfiledCodeHeapSize                  = 122916026                              {pd product} {ergonomic}
    uintx ProfiledCodeHeapSize                     = 122916026                              {pd product} {ergonomic}
    uintx ReservedCodeCacheSize                    = 251658240                              {pd product} {ergonomic}
     bool SegmentedCodeCache                       = true                                      {product} {ergonomic}
   size_t SoftMaxHeapSize                          = 1073741824                             {manageable} {ergonomic}
     bool UseCompressedClassPointers               = true                           {product lp64_product} {ergonomic}
     bool UseCompressedOops                        = true                           {product lp64_product} {ergonomic}
     bool UseG1GC                                  = true                                      {product} {ergonomic}
     bool UseLargePagesIndividualAllocation        = false                                  {pd product} {ergonomic}

Logging:
Log output configuration:
 #0: stdout all=warning uptime,level,tags foldmultilines=false
 #1: stderr all=off uptime,level,tags foldmultilines=false

Environment Variables:
PATH=C:\app\MohammadRehan\product\21c\dbhomeXE\bin;C:\Program Files\Common Files\Oracle\Java\javapath;C:\Windows\system32;C:\Windows;C:\Windows\System32\Wbem;C:\Windows\System32\WindowsPowerShell\v1.0\;C:\Windows\System32\OpenSSH\;C:\app\MohammadRehan\product\21c\dbhomeXE\jdbc\lib\ojdbc11.jar;C:\Program Files\Git\cmd;C:\Users\MohammadRehan\AppData\Local\Microsoft\WindowsApps;
USERNAME=MohammadRehan
OS=Windows_NT
PROCESSOR_IDENTIFIER=Intel64 Family 6 Model 158 Stepping 10, GenuineIntel
TMP=C:\Users\MOHAMM~1\AppData\Local\Temp
TEMP=C:\Users\MOHAMM~1\AppData\Local\Temp



---------------  S Y S T E M  ---------------

OS:
 Windows 10 , 64 bit Build 19041 (10.0.19041.2251)
OS uptime: 2 days 9:11 hours
VMWare virtualization detected

CPU: total 2 (initial active 2) (2 cores per cpu, 1 threads per core) family 6 model 158 stepping 10 microcode 0xb4, cx8, cmov, fxsr, mmx, 3dnowpref, sse, sse2, sse3, ssse3, sse4.1, sse4.2, popcnt, lzcnt, tsc, tscinvbit, avx, avx2, aes, erms, clmul, bmi1, bmi2, adx, fma, vzeroupper, clflush, clflushopt, hv, rdtscp

Memory: 4k page, system-wide physical 4095M (281M free)
TotalPageFile size 11705M (AvailPageFile size 6M)
current process WorkingSet (physical memory assigned to process): 374M, peak: 374M
current process commit charge ("private bytes"): 510M, peak: 537M

vm_info: Java HotSpot(TM) 64-Bit Server VM (19.0.1+10-21) for windows-amd64 JRE (19.0.1+10-21), built on 2022-09-14T12:45:06Z by "mach5one" with MS VC++ 17.1 (VS2022)

END.
